[2025-12-01T19:51:01.154+0000] {local_task_job_runner.py:120} INFO - ::group::Pre task execution logs
[2025-12-01T19:51:01.232+0000] {taskinstance.py:2076} INFO - Dependencies all met for dep_context=non-requeueable deps ti=<TaskInstance: streaming_pipeline_monitoring.generate_health_report scheduled__2025-12-01T19:40:00+00:00 [queued]>
[2025-12-01T19:51:01.280+0000] {taskinstance.py:2076} INFO - Dependencies all met for dep_context=requeueable deps ti=<TaskInstance: streaming_pipeline_monitoring.generate_health_report scheduled__2025-12-01T19:40:00+00:00 [queued]>
[2025-12-01T19:51:01.281+0000] {taskinstance.py:2306} INFO - Starting attempt 1 of 3
[2025-12-01T19:51:01.374+0000] {taskinstance.py:2330} INFO - Executing <Task(PythonOperator): generate_health_report> on 2025-12-01 19:40:00+00:00
[2025-12-01T19:51:01.385+0000] {standard_task_runner.py:63} INFO - Started process 375 to run task
[2025-12-01T19:51:01.390+0000] {standard_task_runner.py:90} INFO - Running: ['airflow', 'tasks', 'run', 'streaming_pipeline_monitoring', 'generate_health_report', 'scheduled__2025-12-01T19:40:00+00:00', '--job-id', '1630', '--raw', '--subdir', 'DAGS_FOLDER/streaming_pipeline_dag.py', '--cfg-path', '/tmp/tmpg6b99ofb']
[2025-12-01T19:51:01.395+0000] {standard_task_runner.py:91} INFO - Job 1630: Subtask generate_health_report
[2025-12-01T19:51:01.575+0000] {task_command.py:426} INFO - Running <TaskInstance: streaming_pipeline_monitoring.generate_health_report scheduled__2025-12-01T19:40:00+00:00 [running]> on host 3ad5ba232e74
[2025-12-01T19:51:01.910+0000] {taskinstance.py:2648} INFO - Exporting env vars: AIRFLOW_CTX_DAG_OWNER='airflow' AIRFLOW_CTX_DAG_ID='streaming_pipeline_monitoring' AIRFLOW_CTX_TASK_ID='generate_health_report' AIRFLOW_CTX_EXECUTION_DATE='2025-12-01T19:40:00+00:00' AIRFLOW_CTX_TRY_NUMBER='1' AIRFLOW_CTX_DAG_RUN_ID='scheduled__2025-12-01T19:40:00+00:00'
[2025-12-01T19:51:01.912+0000] {taskinstance.py:430} INFO - ::endgroup::
[2025-12-01T19:51:02.030+0000] {logging_mixin.py:188} INFO - 
============================================================
[2025-12-01T19:51:02.031+0000] {logging_mixin.py:188} INFO - RAPPORT DE SANTÉ DU PIPELINE
[2025-12-01T19:51:02.032+0000] {logging_mixin.py:188} INFO - ============================================================
[2025-12-01T19:51:02.033+0000] {logging_mixin.py:188} INFO - {
  "timestamp": "2025-12-01T19:51:02.030240",
  "status": "HEALTHY",
  "postgres": {
    "recent_predictions": 315,
    "latest_timestamp": "2025-12-01T19:50:34.810974"
  },
  "mongodb": {
    "total_aggregates": 18784,
    "recent_aggregates": 0
  }
}
[2025-12-01T19:51:02.033+0000] {logging_mixin.py:188} INFO - ============================================================
[2025-12-01T19:51:02.104+0000] {python.py:237} INFO - Done. Returned value was: HEALTHY
[2025-12-01T19:51:02.105+0000] {taskinstance.py:441} INFO - ::group::Post task execution logs
[2025-12-01T19:51:02.188+0000] {taskinstance.py:1206} INFO - Marking task as SUCCESS. dag_id=streaming_pipeline_monitoring, task_id=generate_health_report, run_id=scheduled__2025-12-01T19:40:00+00:00, execution_date=20251201T194000, start_date=20251201T195101, end_date=20251201T195102
[2025-12-01T19:51:02.299+0000] {local_task_job_runner.py:240} INFO - Task exited with return code 0
[2025-12-01T19:51:02.346+0000] {taskinstance.py:3498} INFO - 0 downstream tasks scheduled from follow-on schedule check
[2025-12-01T19:51:02.351+0000] {local_task_job_runner.py:222} INFO - ::endgroup::
