[2025-12-08T17:40:56.742+0000] {local_task_job_runner.py:120} INFO - ::group::Pre task execution logs
[2025-12-08T17:40:56.790+0000] {taskinstance.py:2076} INFO - Dependencies all met for dep_context=non-requeueable deps ti=<TaskInstance: streaming_pipeline_monitoring.generate_health_report scheduled__2025-12-08T17:30:00+00:00 [queued]>
[2025-12-08T17:40:56.828+0000] {taskinstance.py:2076} INFO - Dependencies all met for dep_context=requeueable deps ti=<TaskInstance: streaming_pipeline_monitoring.generate_health_report scheduled__2025-12-08T17:30:00+00:00 [queued]>
[2025-12-08T17:40:56.829+0000] {taskinstance.py:2306} INFO - Starting attempt 1 of 3
[2025-12-08T17:40:56.923+0000] {taskinstance.py:2330} INFO - Executing <Task(PythonOperator): generate_health_report> on 2025-12-08 17:30:00+00:00
[2025-12-08T17:40:56.949+0000] {standard_task_runner.py:63} INFO - Started process 1210 to run task
[2025-12-08T17:40:56.958+0000] {standard_task_runner.py:90} INFO - Running: ['airflow', 'tasks', 'run', 'streaming_pipeline_monitoring', 'generate_health_report', 'scheduled__2025-12-08T17:30:00+00:00', '--job-id', '2094', '--raw', '--subdir', 'DAGS_FOLDER/streaming_pipeline_dag.py', '--cfg-path', '/tmp/tmpknlo2ahe']
[2025-12-08T17:40:56.963+0000] {standard_task_runner.py:91} INFO - Job 2094: Subtask generate_health_report
[2025-12-08T17:40:57.189+0000] {task_command.py:426} INFO - Running <TaskInstance: streaming_pipeline_monitoring.generate_health_report scheduled__2025-12-08T17:30:00+00:00 [running]> on host 5d2fd13967cf
[2025-12-08T17:40:57.718+0000] {taskinstance.py:2648} INFO - Exporting env vars: AIRFLOW_CTX_DAG_OWNER='airflow' AIRFLOW_CTX_DAG_ID='streaming_pipeline_monitoring' AIRFLOW_CTX_TASK_ID='generate_health_report' AIRFLOW_CTX_EXECUTION_DATE='2025-12-08T17:30:00+00:00' AIRFLOW_CTX_TRY_NUMBER='1' AIRFLOW_CTX_DAG_RUN_ID='scheduled__2025-12-08T17:30:00+00:00'
[2025-12-08T17:40:57.720+0000] {taskinstance.py:430} INFO - ::endgroup::
[2025-12-08T17:40:57.837+0000] {logging_mixin.py:188} INFO - 
============================================================
[2025-12-08T17:40:57.838+0000] {logging_mixin.py:188} INFO - RAPPORT DE SANTÉ DU PIPELINE
[2025-12-08T17:40:57.838+0000] {logging_mixin.py:188} INFO - ============================================================
[2025-12-08T17:40:57.839+0000] {logging_mixin.py:188} INFO - {
  "timestamp": "2025-12-08T17:40:57.836915",
  "status": "HEALTHY",
  "postgres": {
    "recent_predictions": 311,
    "latest_timestamp": "2025-12-08T17:40:35.623842"
  },
  "mongodb": {
    "total_aggregates": 30783,
    "recent_aggregates": 552
  }
}
[2025-12-08T17:40:57.840+0000] {logging_mixin.py:188} INFO - ============================================================
[2025-12-08T17:40:57.910+0000] {python.py:237} INFO - Done. Returned value was: HEALTHY
[2025-12-08T17:40:57.913+0000] {taskinstance.py:441} INFO - ::group::Post task execution logs
[2025-12-08T17:40:57.994+0000] {taskinstance.py:1206} INFO - Marking task as SUCCESS. dag_id=streaming_pipeline_monitoring, task_id=generate_health_report, run_id=scheduled__2025-12-08T17:30:00+00:00, execution_date=20251208T173000, start_date=20251208T174056, end_date=20251208T174057
[2025-12-08T17:40:58.099+0000] {local_task_job_runner.py:240} INFO - Task exited with return code 0
[2025-12-08T17:40:58.143+0000] {taskinstance.py:3498} INFO - 0 downstream tasks scheduled from follow-on schedule check
[2025-12-08T17:40:58.146+0000] {local_task_job_runner.py:222} INFO - ::endgroup::
