[2025-11-27T14:10:46.420+0000] {local_task_job_runner.py:120} INFO - ::group::Pre task execution logs
[2025-11-27T14:10:46.716+0000] {taskinstance.py:2076} INFO - Dependencies all met for dep_context=non-requeueable deps ti=<TaskInstance: streaming_pipeline_monitoring.check_spark_streaming scheduled__2025-11-27T14:00:00+00:00 [queued]>
[2025-11-27T14:10:46.800+0000] {taskinstance.py:2076} INFO - Dependencies all met for dep_context=requeueable deps ti=<TaskInstance: streaming_pipeline_monitoring.check_spark_streaming scheduled__2025-11-27T14:00:00+00:00 [queued]>
[2025-11-27T14:10:46.801+0000] {taskinstance.py:2306} INFO - Starting attempt 1 of 3
[2025-11-27T14:10:47.090+0000] {taskinstance.py:2330} INFO - Executing <Task(BashOperator): check_spark_streaming> on 2025-11-27 14:00:00+00:00
[2025-11-27T14:10:47.133+0000] {standard_task_runner.py:90} INFO - Running: ['airflow', 'tasks', 'run', 'streaming_pipeline_monitoring', 'check_spark_streaming', 'scheduled__2025-11-27T14:00:00+00:00', '--job-id', '1295', '--raw', '--subdir', 'DAGS_FOLDER/streaming_pipeline_dag.py', '--cfg-path', '/tmp/tmpz6tlirod']
[2025-11-27T14:10:47.128+0000] {standard_task_runner.py:63} INFO - Started process 55 to run task
[2025-11-27T14:10:47.138+0000] {standard_task_runner.py:91} INFO - Job 1295: Subtask check_spark_streaming
[2025-11-27T14:10:47.564+0000] {task_command.py:426} INFO - Running <TaskInstance: streaming_pipeline_monitoring.check_spark_streaming scheduled__2025-11-27T14:00:00+00:00 [running]> on host 3ad5ba232e74
[2025-11-27T14:10:47.998+0000] {taskinstance.py:2648} INFO - Exporting env vars: AIRFLOW_CTX_DAG_OWNER='airflow' AIRFLOW_CTX_DAG_ID='streaming_pipeline_monitoring' AIRFLOW_CTX_TASK_ID='check_spark_streaming' AIRFLOW_CTX_EXECUTION_DATE='2025-11-27T14:00:00+00:00' AIRFLOW_CTX_TRY_NUMBER='1' AIRFLOW_CTX_DAG_RUN_ID='scheduled__2025-11-27T14:00:00+00:00'
[2025-11-27T14:10:48.002+0000] {taskinstance.py:430} INFO - ::endgroup::
[2025-11-27T14:10:48.029+0000] {subprocess.py:63} INFO - Tmp dir root location: /tmp
[2025-11-27T14:10:48.031+0000] {subprocess.py:75} INFO - Running command: ['/usr/bin/bash', '-c', '\n        echo "✓ Vérification indirecte de Spark (via données PostgreSQL dans la prochaine tâche)"\n        echo "  Si PostgreSQL reçoit des prédictions récentes, c\'est que Spark fonctionne"\n        exit 0\n        ']
[2025-11-27T14:10:48.055+0000] {subprocess.py:86} INFO - Output:
[2025-11-27T14:10:48.056+0000] {subprocess.py:93} INFO - ✓ Vérification indirecte de Spark (via données PostgreSQL dans la prochaine tâche)
[2025-11-27T14:10:48.057+0000] {subprocess.py:93} INFO -   Si PostgreSQL reçoit des prédictions récentes, c'est que Spark fonctionne
[2025-11-27T14:10:48.060+0000] {subprocess.py:97} INFO - Command exited with return code 0
[2025-11-27T14:10:48.061+0000] {taskinstance.py:441} INFO - ::group::Post task execution logs
[2025-11-27T14:10:48.178+0000] {taskinstance.py:1206} INFO - Marking task as SUCCESS. dag_id=streaming_pipeline_monitoring, task_id=check_spark_streaming, run_id=scheduled__2025-11-27T14:00:00+00:00, execution_date=20251127T140000, start_date=20251127T141046, end_date=20251127T141048
[2025-11-27T14:10:48.275+0000] {local_task_job_runner.py:240} INFO - Task exited with return code 0
[2025-11-27T14:10:48.412+0000] {taskinstance.py:3498} INFO - 2 downstream tasks scheduled from follow-on schedule check
[2025-11-27T14:10:48.475+0000] {local_task_job_runner.py:222} INFO - ::endgroup::
