[2025-12-08T13:40:51.137+0000] {local_task_job_runner.py:120} INFO - ::group::Pre task execution logs
[2025-12-08T13:40:51.179+0000] {taskinstance.py:2076} INFO - Dependencies all met for dep_context=non-requeueable deps ti=<TaskInstance: streaming_pipeline_monitoring.generate_health_report scheduled__2025-12-08T13:30:00+00:00 [queued]>
[2025-12-08T13:40:51.211+0000] {taskinstance.py:2076} INFO - Dependencies all met for dep_context=requeueable deps ti=<TaskInstance: streaming_pipeline_monitoring.generate_health_report scheduled__2025-12-08T13:30:00+00:00 [queued]>
[2025-12-08T13:40:51.211+0000] {taskinstance.py:2306} INFO - Starting attempt 1 of 3
[2025-12-08T13:40:51.278+0000] {taskinstance.py:2330} INFO - Executing <Task(PythonOperator): generate_health_report> on 2025-12-08 13:30:00+00:00
[2025-12-08T13:40:51.287+0000] {standard_task_runner.py:63} INFO - Started process 414 to run task
[2025-12-08T13:40:51.294+0000] {standard_task_runner.py:90} INFO - Running: ['airflow', 'tasks', 'run', 'streaming_pipeline_monitoring', 'generate_health_report', 'scheduled__2025-12-08T13:30:00+00:00', '--job-id', '1980', '--raw', '--subdir', 'DAGS_FOLDER/streaming_pipeline_dag.py', '--cfg-path', '/tmp/tmpyx_cfp7v']
[2025-12-08T13:40:51.301+0000] {standard_task_runner.py:91} INFO - Job 1980: Subtask generate_health_report
[2025-12-08T13:40:51.518+0000] {task_command.py:426} INFO - Running <TaskInstance: streaming_pipeline_monitoring.generate_health_report scheduled__2025-12-08T13:30:00+00:00 [running]> on host 5d2fd13967cf
[2025-12-08T13:40:51.876+0000] {taskinstance.py:2648} INFO - Exporting env vars: AIRFLOW_CTX_DAG_OWNER='airflow' AIRFLOW_CTX_DAG_ID='streaming_pipeline_monitoring' AIRFLOW_CTX_TASK_ID='generate_health_report' AIRFLOW_CTX_EXECUTION_DATE='2025-12-08T13:30:00+00:00' AIRFLOW_CTX_TRY_NUMBER='1' AIRFLOW_CTX_DAG_RUN_ID='scheduled__2025-12-08T13:30:00+00:00'
[2025-12-08T13:40:51.878+0000] {taskinstance.py:430} INFO - ::endgroup::
[2025-12-08T13:40:52.074+0000] {logging_mixin.py:188} INFO - 
============================================================
[2025-12-08T13:40:52.075+0000] {logging_mixin.py:188} INFO - RAPPORT DE SANTÉ DU PIPELINE
[2025-12-08T13:40:52.076+0000] {logging_mixin.py:188} INFO - ============================================================
[2025-12-08T13:40:52.077+0000] {logging_mixin.py:188} INFO - {
  "timestamp": "2025-12-08T13:40:52.074646",
  "status": "HEALTHY",
  "postgres": {
    "recent_predictions": 313,
    "latest_timestamp": "2025-12-08T13:40:32.851716"
  },
  "mongodb": {
    "total_aggregates": 22280,
    "recent_aggregates": 563
  }
}
[2025-12-08T13:40:52.078+0000] {logging_mixin.py:188} INFO - ============================================================
[2025-12-08T13:40:52.155+0000] {python.py:237} INFO - Done. Returned value was: HEALTHY
[2025-12-08T13:40:52.159+0000] {taskinstance.py:441} INFO - ::group::Post task execution logs
[2025-12-08T13:40:52.256+0000] {taskinstance.py:1206} INFO - Marking task as SUCCESS. dag_id=streaming_pipeline_monitoring, task_id=generate_health_report, run_id=scheduled__2025-12-08T13:30:00+00:00, execution_date=20251208T133000, start_date=20251208T134051, end_date=20251208T134052
[2025-12-08T13:40:52.359+0000] {local_task_job_runner.py:240} INFO - Task exited with return code 0
[2025-12-08T13:40:52.401+0000] {taskinstance.py:3498} INFO - 0 downstream tasks scheduled from follow-on schedule check
[2025-12-08T13:40:52.404+0000] {local_task_job_runner.py:222} INFO - ::endgroup::
