[2025-11-27T01:40:24.102+0000] {local_task_job_runner.py:120} INFO - ::group::Pre task execution logs
[2025-11-27T01:40:24.182+0000] {taskinstance.py:2076} INFO - Dependencies all met for dep_context=non-requeueable deps ti=<TaskInstance: streaming_pipeline_monitoring.check_spark_streaming scheduled__2025-11-27T01:30:00+00:00 [queued]>
[2025-11-27T01:40:24.233+0000] {taskinstance.py:2076} INFO - Dependencies all met for dep_context=requeueable deps ti=<TaskInstance: streaming_pipeline_monitoring.check_spark_streaming scheduled__2025-11-27T01:30:00+00:00 [queued]>
[2025-11-27T01:40:24.234+0000] {taskinstance.py:2306} INFO - Starting attempt 1 of 3
[2025-11-27T01:40:24.354+0000] {taskinstance.py:2330} INFO - Executing <Task(BashOperator): check_spark_streaming> on 2025-11-27 01:30:00+00:00
[2025-11-27T01:40:24.360+0000] {standard_task_runner.py:63} INFO - Started process 1665 to run task
[2025-11-27T01:40:24.367+0000] {standard_task_runner.py:90} INFO - Running: ['airflow', 'tasks', 'run', 'streaming_pipeline_monitoring', 'check_spark_streaming', 'scheduled__2025-11-27T01:30:00+00:00', '--job-id', '999', '--raw', '--subdir', 'DAGS_FOLDER/streaming_pipeline_dag.py', '--cfg-path', '/tmp/tmpnug77_bl']
[2025-11-27T01:40:24.372+0000] {standard_task_runner.py:91} INFO - Job 999: Subtask check_spark_streaming
[2025-11-27T01:40:24.623+0000] {task_command.py:426} INFO - Running <TaskInstance: streaming_pipeline_monitoring.check_spark_streaming scheduled__2025-11-27T01:30:00+00:00 [running]> on host ac78ca89de1e
[2025-11-27T01:40:25.097+0000] {taskinstance.py:2648} INFO - Exporting env vars: AIRFLOW_CTX_DAG_OWNER='airflow' AIRFLOW_CTX_DAG_ID='streaming_pipeline_monitoring' AIRFLOW_CTX_TASK_ID='check_spark_streaming' AIRFLOW_CTX_EXECUTION_DATE='2025-11-27T01:30:00+00:00' AIRFLOW_CTX_TRY_NUMBER='1' AIRFLOW_CTX_DAG_RUN_ID='scheduled__2025-11-27T01:30:00+00:00'
[2025-11-27T01:40:25.100+0000] {taskinstance.py:430} INFO - ::endgroup::
[2025-11-27T01:40:25.117+0000] {subprocess.py:63} INFO - Tmp dir root location: /tmp
[2025-11-27T01:40:25.119+0000] {subprocess.py:75} INFO - Running command: ['/usr/bin/bash', '-c', '\n        echo "✓ Vérification indirecte de Spark (via données PostgreSQL dans la prochaine tâche)"\n        echo "  Si PostgreSQL reçoit des prédictions récentes, c\'est que Spark fonctionne"\n        exit 0\n        ']
[2025-11-27T01:40:25.131+0000] {subprocess.py:86} INFO - Output:
[2025-11-27T01:40:25.133+0000] {subprocess.py:93} INFO - ✓ Vérification indirecte de Spark (via données PostgreSQL dans la prochaine tâche)
[2025-11-27T01:40:25.134+0000] {subprocess.py:93} INFO -   Si PostgreSQL reçoit des prédictions récentes, c'est que Spark fonctionne
[2025-11-27T01:40:25.135+0000] {subprocess.py:97} INFO - Command exited with return code 0
[2025-11-27T01:40:25.138+0000] {taskinstance.py:441} INFO - ::group::Post task execution logs
[2025-11-27T01:40:25.287+0000] {taskinstance.py:1206} INFO - Marking task as SUCCESS. dag_id=streaming_pipeline_monitoring, task_id=check_spark_streaming, run_id=scheduled__2025-11-27T01:30:00+00:00, execution_date=20251127T013000, start_date=20251127T014024, end_date=20251127T014025
[2025-11-27T01:40:25.452+0000] {local_task_job_runner.py:240} INFO - Task exited with return code 0
[2025-11-27T01:40:25.576+0000] {taskinstance.py:3498} INFO - 2 downstream tasks scheduled from follow-on schedule check
[2025-11-27T01:40:25.619+0000] {local_task_job_runner.py:222} INFO - ::endgroup::
