[2025-12-08T04:05:44.536+0000] {local_task_job_runner.py:120} INFO - ::group::Pre task execution logs
[2025-12-08T04:05:44.560+0000] {taskinstance.py:2076} INFO - Dependencies all met for dep_context=non-requeueable deps ti=<TaskInstance: streaming_pipeline_monitoring.generate_health_report scheduled__2025-12-08T03:50:00+00:00 [queued]>
[2025-12-08T04:05:44.575+0000] {taskinstance.py:2076} INFO - Dependencies all met for dep_context=requeueable deps ti=<TaskInstance: streaming_pipeline_monitoring.generate_health_report scheduled__2025-12-08T03:50:00+00:00 [queued]>
[2025-12-08T04:05:44.576+0000] {taskinstance.py:2306} INFO - Starting attempt 1 of 3
[2025-12-08T04:05:44.633+0000] {taskinstance.py:2330} INFO - Executing <Task(PythonOperator): generate_health_report> on 2025-12-08 03:50:00+00:00
[2025-12-08T04:05:44.638+0000] {standard_task_runner.py:63} INFO - Started process 55 to run task
[2025-12-08T04:05:44.642+0000] {standard_task_runner.py:90} INFO - Running: ['airflow', 'tasks', 'run', 'streaming_pipeline_monitoring', 'generate_health_report', 'scheduled__2025-12-08T03:50:00+00:00', '--job-id', '1901', '--raw', '--subdir', 'DAGS_FOLDER/streaming_pipeline_dag.py', '--cfg-path', '/tmp/tmpmmxhrewi']
[2025-12-08T04:05:44.652+0000] {standard_task_runner.py:91} INFO - Job 1901: Subtask generate_health_report
[2025-12-08T04:05:44.727+0000] {task_command.py:426} INFO - Running <TaskInstance: streaming_pipeline_monitoring.generate_health_report scheduled__2025-12-08T03:50:00+00:00 [running]> on host 3ad5ba232e74
[2025-12-08T04:05:44.989+0000] {taskinstance.py:2648} INFO - Exporting env vars: AIRFLOW_CTX_DAG_OWNER='airflow' AIRFLOW_CTX_DAG_ID='streaming_pipeline_monitoring' AIRFLOW_CTX_TASK_ID='generate_health_report' AIRFLOW_CTX_EXECUTION_DATE='2025-12-08T03:50:00+00:00' AIRFLOW_CTX_TRY_NUMBER='1' AIRFLOW_CTX_DAG_RUN_ID='scheduled__2025-12-08T03:50:00+00:00'
[2025-12-08T04:05:44.991+0000] {taskinstance.py:430} INFO - ::endgroup::
[2025-12-08T04:05:45.347+0000] {logging_mixin.py:188} INFO - 
============================================================
[2025-12-08T04:05:45.347+0000] {logging_mixin.py:188} INFO - RAPPORT DE SANTÉ DU PIPELINE
[2025-12-08T04:05:45.347+0000] {logging_mixin.py:188} INFO - ============================================================
[2025-12-08T04:05:45.348+0000] {logging_mixin.py:188} INFO - {
  "timestamp": "2025-12-08T04:05:45.347266",
  "status": "DEGRADED",
  "postgres": {
    "recent_predictions": 0,
    "latest_timestamp": "None"
  },
  "mongodb": {
    "total_aggregates": 18784,
    "recent_aggregates": 0
  }
}
[2025-12-08T04:05:45.348+0000] {logging_mixin.py:188} INFO - ============================================================
[2025-12-08T04:05:45.404+0000] {python.py:237} INFO - Done. Returned value was: DEGRADED
[2025-12-08T04:05:45.405+0000] {taskinstance.py:441} INFO - ::group::Post task execution logs
[2025-12-08T04:05:45.519+0000] {taskinstance.py:1206} INFO - Marking task as SUCCESS. dag_id=streaming_pipeline_monitoring, task_id=generate_health_report, run_id=scheduled__2025-12-08T03:50:00+00:00, execution_date=20251208T035000, start_date=20251208T040544, end_date=20251208T040545
[2025-12-08T04:05:45.586+0000] {local_task_job_runner.py:240} INFO - Task exited with return code 0
[2025-12-08T04:05:45.611+0000] {taskinstance.py:3498} INFO - 0 downstream tasks scheduled from follow-on schedule check
[2025-12-08T04:05:45.613+0000] {local_task_job_runner.py:222} INFO - ::endgroup::
