[2025-11-24T10:30:15.259+0000] {local_task_job_runner.py:120} INFO - ::group::Pre task execution logs
[2025-11-24T10:30:15.343+0000] {taskinstance.py:2076} INFO - Dependencies all met for dep_context=non-requeueable deps ti=<TaskInstance: streaming_pipeline_monitoring.check_bridge_tcp scheduled__2025-11-24T10:20:00+00:00 [queued]>
[2025-11-24T10:30:15.381+0000] {taskinstance.py:2076} INFO - Dependencies all met for dep_context=requeueable deps ti=<TaskInstance: streaming_pipeline_monitoring.check_bridge_tcp scheduled__2025-11-24T10:20:00+00:00 [queued]>
[2025-11-24T10:30:15.382+0000] {taskinstance.py:2306} INFO - Starting attempt 1 of 3
[2025-11-24T10:30:15.507+0000] {taskinstance.py:2330} INFO - Executing <Task(BashOperator): check_bridge_tcp> on 2025-11-24 10:20:00+00:00
[2025-11-24T10:30:15.521+0000] {standard_task_runner.py:63} INFO - Started process 576 to run task
[2025-11-24T10:30:15.530+0000] {standard_task_runner.py:90} INFO - Running: ['airflow', 'tasks', 'run', 'streaming_pipeline_monitoring', 'check_bridge_tcp', 'scheduled__2025-11-24T10:20:00+00:00', '--job-id', '153', '--raw', '--subdir', 'DAGS_FOLDER/streaming_pipeline_dag.py', '--cfg-path', '/tmp/tmpquvruxg0']
[2025-11-24T10:30:15.535+0000] {standard_task_runner.py:91} INFO - Job 153: Subtask check_bridge_tcp
[2025-11-24T10:30:15.841+0000] {task_command.py:426} INFO - Running <TaskInstance: streaming_pipeline_monitoring.check_bridge_tcp scheduled__2025-11-24T10:20:00+00:00 [running]> on host 44ce18cdf754
[2025-11-24T10:30:16.186+0000] {taskinstance.py:2648} INFO - Exporting env vars: AIRFLOW_CTX_DAG_OWNER='airflow' AIRFLOW_CTX_DAG_ID='streaming_pipeline_monitoring' AIRFLOW_CTX_TASK_ID='check_bridge_tcp' AIRFLOW_CTX_EXECUTION_DATE='2025-11-24T10:20:00+00:00' AIRFLOW_CTX_TRY_NUMBER='1' AIRFLOW_CTX_DAG_RUN_ID='scheduled__2025-11-24T10:20:00+00:00'
[2025-11-24T10:30:16.188+0000] {taskinstance.py:430} INFO - ::endgroup::
[2025-11-24T10:30:16.203+0000] {subprocess.py:63} INFO - Tmp dir root location: /tmp
[2025-11-24T10:30:16.205+0000] {subprocess.py:75} INFO - Running command: ['/usr/bin/bash', '-c', '\n        echo "Vérification du Bridge TCP..."\n        if nc -z -w 5 bridge 9999; then\n            echo "✓ Bridge TCP actif sur port 9999"\n            exit 0\n        else\n            echo "✗ Bridge TCP ne répond pas"\n            exit 1\n        fi\n        ']
[2025-11-24T10:30:16.218+0000] {subprocess.py:86} INFO - Output:
[2025-11-24T10:30:16.219+0000] {subprocess.py:93} INFO - Vérification du Bridge TCP...
[2025-11-24T10:30:16.223+0000] {subprocess.py:93} INFO - ✓ Bridge TCP actif sur port 9999
[2025-11-24T10:30:16.224+0000] {subprocess.py:97} INFO - Command exited with return code 0
[2025-11-24T10:30:16.225+0000] {taskinstance.py:441} INFO - ::group::Post task execution logs
[2025-11-24T10:30:16.343+0000] {taskinstance.py:1206} INFO - Marking task as SUCCESS. dag_id=streaming_pipeline_monitoring, task_id=check_bridge_tcp, run_id=scheduled__2025-11-24T10:20:00+00:00, execution_date=20251124T102000, start_date=20251124T103015, end_date=20251124T103016
[2025-11-24T10:30:16.463+0000] {local_task_job_runner.py:240} INFO - Task exited with return code 0
[2025-11-24T10:30:16.549+0000] {taskinstance.py:3498} INFO - 1 downstream tasks scheduled from follow-on schedule check
[2025-11-24T10:30:16.575+0000] {local_task_job_runner.py:222} INFO - ::endgroup::
