[2025-12-08T14:31:03.458+0000] {local_task_job_runner.py:120} INFO - ::group::Pre task execution logs
[2025-12-08T14:31:03.518+0000] {taskinstance.py:2076} INFO - Dependencies all met for dep_context=non-requeueable deps ti=<TaskInstance: streaming_pipeline_monitoring.generate_health_report scheduled__2025-12-08T14:20:00+00:00 [queued]>
[2025-12-08T14:31:03.558+0000] {taskinstance.py:2076} INFO - Dependencies all met for dep_context=requeueable deps ti=<TaskInstance: streaming_pipeline_monitoring.generate_health_report scheduled__2025-12-08T14:20:00+00:00 [queued]>
[2025-12-08T14:31:03.559+0000] {taskinstance.py:2306} INFO - Starting attempt 1 of 3
[2025-12-08T14:31:03.700+0000] {taskinstance.py:2330} INFO - Executing <Task(PythonOperator): generate_health_report> on 2025-12-08 14:20:00+00:00
[2025-12-08T14:31:03.721+0000] {standard_task_runner.py:63} INFO - Started process 642 to run task
[2025-12-08T14:31:03.734+0000] {standard_task_runner.py:90} INFO - Running: ['airflow', 'tasks', 'run', 'streaming_pipeline_monitoring', 'generate_health_report', 'scheduled__2025-12-08T14:20:00+00:00', '--job-id', '2010', '--raw', '--subdir', 'DAGS_FOLDER/streaming_pipeline_dag.py', '--cfg-path', '/tmp/tmplh0ag128']
[2025-12-08T14:31:03.738+0000] {standard_task_runner.py:91} INFO - Job 2010: Subtask generate_health_report
[2025-12-08T14:31:03.960+0000] {task_command.py:426} INFO - Running <TaskInstance: streaming_pipeline_monitoring.generate_health_report scheduled__2025-12-08T14:20:00+00:00 [running]> on host 5d2fd13967cf
[2025-12-08T14:31:04.377+0000] {taskinstance.py:2648} INFO - Exporting env vars: AIRFLOW_CTX_DAG_OWNER='airflow' AIRFLOW_CTX_DAG_ID='streaming_pipeline_monitoring' AIRFLOW_CTX_TASK_ID='generate_health_report' AIRFLOW_CTX_EXECUTION_DATE='2025-12-08T14:20:00+00:00' AIRFLOW_CTX_TRY_NUMBER='1' AIRFLOW_CTX_DAG_RUN_ID='scheduled__2025-12-08T14:20:00+00:00'
[2025-12-08T14:31:04.379+0000] {taskinstance.py:430} INFO - ::endgroup::
[2025-12-08T14:31:04.568+0000] {logging_mixin.py:188} INFO - 
============================================================
[2025-12-08T14:31:04.569+0000] {logging_mixin.py:188} INFO - RAPPORT DE SANTÉ DU PIPELINE
[2025-12-08T14:31:04.569+0000] {logging_mixin.py:188} INFO - ============================================================
[2025-12-08T14:31:04.570+0000] {logging_mixin.py:188} INFO - {
  "timestamp": "2025-12-08T14:31:04.568037",
  "status": "HEALTHY",
  "postgres": {
    "recent_predictions": 316,
    "latest_timestamp": "2025-12-08T14:30:40.475386"
  },
  "mongodb": {
    "total_aggregates": 25051,
    "recent_aggregates": 553
  }
}
[2025-12-08T14:31:04.570+0000] {logging_mixin.py:188} INFO - ============================================================
[2025-12-08T14:31:04.633+0000] {python.py:237} INFO - Done. Returned value was: HEALTHY
[2025-12-08T14:31:04.634+0000] {taskinstance.py:441} INFO - ::group::Post task execution logs
[2025-12-08T14:31:04.704+0000] {taskinstance.py:1206} INFO - Marking task as SUCCESS. dag_id=streaming_pipeline_monitoring, task_id=generate_health_report, run_id=scheduled__2025-12-08T14:20:00+00:00, execution_date=20251208T142000, start_date=20251208T143103, end_date=20251208T143104
[2025-12-08T14:31:04.814+0000] {local_task_job_runner.py:240} INFO - Task exited with return code 0
[2025-12-08T14:31:04.864+0000] {taskinstance.py:3498} INFO - 0 downstream tasks scheduled from follow-on schedule check
[2025-12-08T14:31:04.875+0000] {local_task_job_runner.py:222} INFO - ::endgroup::
