[2025-12-08T11:30:55.131+0000] {local_task_job_runner.py:120} INFO - ::group::Pre task execution logs
[2025-12-08T11:30:55.232+0000] {taskinstance.py:2076} INFO - Dependencies all met for dep_context=non-requeueable deps ti=<TaskInstance: streaming_pipeline_monitoring.generate_health_report scheduled__2025-12-08T11:20:00+00:00 [queued]>
[2025-12-08T11:30:55.296+0000] {taskinstance.py:2076} INFO - Dependencies all met for dep_context=requeueable deps ti=<TaskInstance: streaming_pipeline_monitoring.generate_health_report scheduled__2025-12-08T11:20:00+00:00 [queued]>
[2025-12-08T11:30:55.297+0000] {taskinstance.py:2306} INFO - Starting attempt 1 of 3
[2025-12-08T11:30:55.425+0000] {taskinstance.py:2330} INFO - Executing <Task(PythonOperator): generate_health_report> on 2025-12-08 11:20:00+00:00
[2025-12-08T11:30:55.439+0000] {standard_task_runner.py:63} INFO - Started process 202 to run task
[2025-12-08T11:30:55.452+0000] {standard_task_runner.py:90} INFO - Running: ['airflow', 'tasks', 'run', 'streaming_pipeline_monitoring', 'generate_health_report', 'scheduled__2025-12-08T11:20:00+00:00', '--job-id', '1950', '--raw', '--subdir', 'DAGS_FOLDER/streaming_pipeline_dag.py', '--cfg-path', '/tmp/tmp3f2zlp7i']
[2025-12-08T11:30:55.465+0000] {standard_task_runner.py:91} INFO - Job 1950: Subtask generate_health_report
[2025-12-08T11:30:55.659+0000] {task_command.py:426} INFO - Running <TaskInstance: streaming_pipeline_monitoring.generate_health_report scheduled__2025-12-08T11:20:00+00:00 [running]> on host 5d2fd13967cf
[2025-12-08T11:30:56.065+0000] {taskinstance.py:2648} INFO - Exporting env vars: AIRFLOW_CTX_DAG_OWNER='airflow' AIRFLOW_CTX_DAG_ID='streaming_pipeline_monitoring' AIRFLOW_CTX_TASK_ID='generate_health_report' AIRFLOW_CTX_EXECUTION_DATE='2025-12-08T11:20:00+00:00' AIRFLOW_CTX_TRY_NUMBER='1' AIRFLOW_CTX_DAG_RUN_ID='scheduled__2025-12-08T11:20:00+00:00'
[2025-12-08T11:30:56.068+0000] {taskinstance.py:430} INFO - ::endgroup::
[2025-12-08T11:30:56.258+0000] {logging_mixin.py:188} INFO - 
============================================================
[2025-12-08T11:30:56.259+0000] {logging_mixin.py:188} INFO - RAPPORT DE SANTÉ DU PIPELINE
[2025-12-08T11:30:56.261+0000] {logging_mixin.py:188} INFO - ============================================================
[2025-12-08T11:30:56.268+0000] {logging_mixin.py:188} INFO - {
  "timestamp": "2025-12-08T11:30:56.257828",
  "status": "HEALTHY",
  "postgres": {
    "recent_predictions": 310,
    "latest_timestamp": "2025-12-08T11:30:36.259533"
  },
  "mongodb": {
    "total_aggregates": 19944,
    "recent_aggregates": 290
  }
}
[2025-12-08T11:30:56.269+0000] {logging_mixin.py:188} INFO - ============================================================
[2025-12-08T11:30:56.336+0000] {python.py:237} INFO - Done. Returned value was: HEALTHY
[2025-12-08T11:30:56.337+0000] {taskinstance.py:441} INFO - ::group::Post task execution logs
[2025-12-08T11:30:56.479+0000] {taskinstance.py:1206} INFO - Marking task as SUCCESS. dag_id=streaming_pipeline_monitoring, task_id=generate_health_report, run_id=scheduled__2025-12-08T11:20:00+00:00, execution_date=20251208T112000, start_date=20251208T113055, end_date=20251208T113056
[2025-12-08T11:30:56.604+0000] {local_task_job_runner.py:240} INFO - Task exited with return code 0
[2025-12-08T11:30:56.646+0000] {taskinstance.py:3498} INFO - 0 downstream tasks scheduled from follow-on schedule check
[2025-12-08T11:30:56.648+0000] {local_task_job_runner.py:222} INFO - ::endgroup::
