[2025-11-28T14:20:58.120+0000] {local_task_job_runner.py:120} INFO - ::group::Pre task execution logs
[2025-11-28T14:20:58.200+0000] {taskinstance.py:2076} INFO - Dependencies all met for dep_context=non-requeueable deps ti=<TaskInstance: streaming_pipeline_monitoring.generate_health_report scheduled__2025-11-28T14:10:00+00:00 [queued]>
[2025-11-28T14:20:58.250+0000] {taskinstance.py:2076} INFO - Dependencies all met for dep_context=requeueable deps ti=<TaskInstance: streaming_pipeline_monitoring.generate_health_report scheduled__2025-11-28T14:10:00+00:00 [queued]>
[2025-11-28T14:20:58.251+0000] {taskinstance.py:2306} INFO - Starting attempt 1 of 3
[2025-11-28T14:20:58.343+0000] {taskinstance.py:2330} INFO - Executing <Task(PythonOperator): generate_health_report> on 2025-11-28 14:10:00+00:00
[2025-11-28T14:20:58.353+0000] {standard_task_runner.py:63} INFO - Started process 84 to run task
[2025-11-28T14:20:58.357+0000] {standard_task_runner.py:90} INFO - Running: ['airflow', 'tasks', 'run', 'streaming_pipeline_monitoring', 'generate_health_report', 'scheduled__2025-11-28T14:10:00+00:00', '--job-id', '1545', '--raw', '--subdir', 'DAGS_FOLDER/streaming_pipeline_dag.py', '--cfg-path', '/tmp/tmp4a2u_696']
[2025-11-28T14:20:58.360+0000] {standard_task_runner.py:91} INFO - Job 1545: Subtask generate_health_report
[2025-11-28T14:20:58.579+0000] {task_command.py:426} INFO - Running <TaskInstance: streaming_pipeline_monitoring.generate_health_report scheduled__2025-11-28T14:10:00+00:00 [running]> on host 3ad5ba232e74
[2025-11-28T14:20:59.047+0000] {taskinstance.py:2648} INFO - Exporting env vars: AIRFLOW_CTX_DAG_OWNER='airflow' AIRFLOW_CTX_DAG_ID='streaming_pipeline_monitoring' AIRFLOW_CTX_TASK_ID='generate_health_report' AIRFLOW_CTX_EXECUTION_DATE='2025-11-28T14:10:00+00:00' AIRFLOW_CTX_TRY_NUMBER='1' AIRFLOW_CTX_DAG_RUN_ID='scheduled__2025-11-28T14:10:00+00:00'
[2025-11-28T14:20:59.050+0000] {taskinstance.py:430} INFO - ::endgroup::
[2025-11-28T14:20:59.234+0000] {logging_mixin.py:188} INFO - 
============================================================
[2025-11-28T14:20:59.235+0000] {logging_mixin.py:188} INFO - RAPPORT DE SANTÉ DU PIPELINE
[2025-11-28T14:20:59.236+0000] {logging_mixin.py:188} INFO - ============================================================
[2025-11-28T14:20:59.237+0000] {logging_mixin.py:188} INFO - {
  "timestamp": "2025-11-28T14:20:59.234029",
  "status": "DEGRADED",
  "postgres": {
    "recent_predictions": 0,
    "latest_timestamp": "None"
  },
  "mongodb": {
    "total_aggregates": 18784,
    "recent_aggregates": 0
  }
}
[2025-11-28T14:20:59.238+0000] {logging_mixin.py:188} INFO - ============================================================
[2025-11-28T14:20:59.383+0000] {python.py:237} INFO - Done. Returned value was: DEGRADED
[2025-11-28T14:20:59.384+0000] {taskinstance.py:441} INFO - ::group::Post task execution logs
[2025-11-28T14:20:59.555+0000] {taskinstance.py:1206} INFO - Marking task as SUCCESS. dag_id=streaming_pipeline_monitoring, task_id=generate_health_report, run_id=scheduled__2025-11-28T14:10:00+00:00, execution_date=20251128T141000, start_date=20251128T142058, end_date=20251128T142059
[2025-11-28T14:20:59.697+0000] {local_task_job_runner.py:240} INFO - Task exited with return code 0
[2025-11-28T14:20:59.750+0000] {taskinstance.py:3498} INFO - 0 downstream tasks scheduled from follow-on schedule check
[2025-11-28T14:20:59.754+0000] {local_task_job_runner.py:222} INFO - ::endgroup::
