[2025-11-25T21:30:24.144+0000] {local_task_job_runner.py:120} INFO - ::group::Pre task execution logs
[2025-11-25T21:30:24.245+0000] {taskinstance.py:2076} INFO - Dependencies all met for dep_context=non-requeueable deps ti=<TaskInstance: streaming_pipeline_monitoring.generate_health_report scheduled__2025-11-25T21:10:00+00:00 [queued]>
[2025-11-25T21:30:24.307+0000] {taskinstance.py:2076} INFO - Dependencies all met for dep_context=requeueable deps ti=<TaskInstance: streaming_pipeline_monitoring.generate_health_report scheduled__2025-11-25T21:10:00+00:00 [queued]>
[2025-11-25T21:30:24.308+0000] {taskinstance.py:2306} INFO - Starting attempt 1 of 3
[2025-11-25T21:30:24.448+0000] {taskinstance.py:2330} INFO - Executing <Task(PythonOperator): generate_health_report> on 2025-11-25 21:10:00+00:00
[2025-11-25T21:30:24.460+0000] {standard_task_runner.py:63} INFO - Started process 778 to run task
[2025-11-25T21:30:24.467+0000] {standard_task_runner.py:90} INFO - Running: ['airflow', 'tasks', 'run', 'streaming_pipeline_monitoring', 'generate_health_report', 'scheduled__2025-11-25T21:10:00+00:00', '--job-id', '630', '--raw', '--subdir', 'DAGS_FOLDER/streaming_pipeline_dag.py', '--cfg-path', '/tmp/tmpohtj1_t5']
[2025-11-25T21:30:24.473+0000] {standard_task_runner.py:91} INFO - Job 630: Subtask generate_health_report
[2025-11-25T21:30:24.692+0000] {task_command.py:426} INFO - Running <TaskInstance: streaming_pipeline_monitoring.generate_health_report scheduled__2025-11-25T21:10:00+00:00 [running]> on host ac78ca89de1e
[2025-11-25T21:30:25.042+0000] {taskinstance.py:2648} INFO - Exporting env vars: AIRFLOW_CTX_DAG_OWNER='airflow' AIRFLOW_CTX_DAG_ID='streaming_pipeline_monitoring' AIRFLOW_CTX_TASK_ID='generate_health_report' AIRFLOW_CTX_EXECUTION_DATE='2025-11-25T21:10:00+00:00' AIRFLOW_CTX_TRY_NUMBER='1' AIRFLOW_CTX_DAG_RUN_ID='scheduled__2025-11-25T21:10:00+00:00'
[2025-11-25T21:30:25.044+0000] {taskinstance.py:430} INFO - ::endgroup::
[2025-11-25T21:30:25.179+0000] {logging_mixin.py:188} INFO - 
============================================================
[2025-11-25T21:30:25.180+0000] {logging_mixin.py:188} INFO - RAPPORT DE SANTÉ DU PIPELINE
[2025-11-25T21:30:25.181+0000] {logging_mixin.py:188} INFO - ============================================================
[2025-11-25T21:30:25.181+0000] {logging_mixin.py:188} INFO - {
  "timestamp": "2025-11-25T21:30:25.179526",
  "status": "HEALTHY",
  "postgres": {
    "recent_predictions": 115,
    "latest_timestamp": "2025-11-25T21:29:40.117139"
  },
  "mongodb": {
    "total_aggregates": 11475,
    "recent_aggregates": 109
  }
}
[2025-11-25T21:30:25.182+0000] {logging_mixin.py:188} INFO - ============================================================
[2025-11-25T21:30:25.259+0000] {python.py:237} INFO - Done. Returned value was: HEALTHY
[2025-11-25T21:30:25.260+0000] {taskinstance.py:441} INFO - ::group::Post task execution logs
[2025-11-25T21:30:25.348+0000] {taskinstance.py:1206} INFO - Marking task as SUCCESS. dag_id=streaming_pipeline_monitoring, task_id=generate_health_report, run_id=scheduled__2025-11-25T21:10:00+00:00, execution_date=20251125T211000, start_date=20251125T213024, end_date=20251125T213025
[2025-11-25T21:30:25.457+0000] {local_task_job_runner.py:240} INFO - Task exited with return code 0
[2025-11-25T21:30:25.498+0000] {taskinstance.py:3498} INFO - 0 downstream tasks scheduled from follow-on schedule check
[2025-11-25T21:30:25.503+0000] {local_task_job_runner.py:222} INFO - ::endgroup::
