[2025-12-08T13:10:47.956+0000] {local_task_job_runner.py:120} INFO - ::group::Pre task execution logs
[2025-12-08T13:10:48.030+0000] {taskinstance.py:2076} INFO - Dependencies all met for dep_context=non-requeueable deps ti=<TaskInstance: streaming_pipeline_monitoring.generate_health_report scheduled__2025-12-08T13:00:00+00:00 [queued]>
[2025-12-08T13:10:48.082+0000] {taskinstance.py:2076} INFO - Dependencies all met for dep_context=requeueable deps ti=<TaskInstance: streaming_pipeline_monitoring.generate_health_report scheduled__2025-12-08T13:00:00+00:00 [queued]>
[2025-12-08T13:10:48.083+0000] {taskinstance.py:2306} INFO - Starting attempt 1 of 3
[2025-12-08T13:10:48.163+0000] {taskinstance.py:2330} INFO - Executing <Task(PythonOperator): generate_health_report> on 2025-12-08 13:00:00+00:00
[2025-12-08T13:10:48.178+0000] {standard_task_runner.py:63} INFO - Started process 275 to run task
[2025-12-08T13:10:48.182+0000] {standard_task_runner.py:90} INFO - Running: ['airflow', 'tasks', 'run', 'streaming_pipeline_monitoring', 'generate_health_report', 'scheduled__2025-12-08T13:00:00+00:00', '--job-id', '1962', '--raw', '--subdir', 'DAGS_FOLDER/streaming_pipeline_dag.py', '--cfg-path', '/tmp/tmpofg71pwt']
[2025-12-08T13:10:48.185+0000] {standard_task_runner.py:91} INFO - Job 1962: Subtask generate_health_report
[2025-12-08T13:10:48.329+0000] {task_command.py:426} INFO - Running <TaskInstance: streaming_pipeline_monitoring.generate_health_report scheduled__2025-12-08T13:00:00+00:00 [running]> on host 5d2fd13967cf
[2025-12-08T13:10:48.689+0000] {taskinstance.py:2648} INFO - Exporting env vars: AIRFLOW_CTX_DAG_OWNER='airflow' AIRFLOW_CTX_DAG_ID='streaming_pipeline_monitoring' AIRFLOW_CTX_TASK_ID='generate_health_report' AIRFLOW_CTX_EXECUTION_DATE='2025-12-08T13:00:00+00:00' AIRFLOW_CTX_TRY_NUMBER='1' AIRFLOW_CTX_DAG_RUN_ID='scheduled__2025-12-08T13:00:00+00:00'
[2025-12-08T13:10:48.691+0000] {taskinstance.py:430} INFO - ::endgroup::
[2025-12-08T13:10:48.798+0000] {logging_mixin.py:188} INFO - 
============================================================
[2025-12-08T13:10:48.799+0000] {logging_mixin.py:188} INFO - RAPPORT DE SANTÉ DU PIPELINE
[2025-12-08T13:10:48.799+0000] {logging_mixin.py:188} INFO - ============================================================
[2025-12-08T13:10:48.800+0000] {logging_mixin.py:188} INFO - {
  "timestamp": "2025-12-08T13:10:48.798160",
  "status": "HEALTHY",
  "postgres": {
    "recent_predictions": 310,
    "latest_timestamp": "2025-12-08T13:10:32.029701"
  },
  "mongodb": {
    "total_aggregates": 20518,
    "recent_aggregates": 484
  }
}
[2025-12-08T13:10:48.801+0000] {logging_mixin.py:188} INFO - ============================================================
[2025-12-08T13:10:48.870+0000] {python.py:237} INFO - Done. Returned value was: HEALTHY
[2025-12-08T13:10:48.871+0000] {taskinstance.py:441} INFO - ::group::Post task execution logs
[2025-12-08T13:10:48.958+0000] {taskinstance.py:1206} INFO - Marking task as SUCCESS. dag_id=streaming_pipeline_monitoring, task_id=generate_health_report, run_id=scheduled__2025-12-08T13:00:00+00:00, execution_date=20251208T130000, start_date=20251208T131048, end_date=20251208T131048
[2025-12-08T13:10:49.085+0000] {local_task_job_runner.py:240} INFO - Task exited with return code 0
[2025-12-08T13:10:49.121+0000] {taskinstance.py:3498} INFO - 0 downstream tasks scheduled from follow-on schedule check
[2025-12-08T13:10:49.124+0000] {local_task_job_runner.py:222} INFO - ::endgroup::
