[2025-11-27T13:31:08.353+0000] {local_task_job_runner.py:120} INFO - ::group::Pre task execution logs
[2025-11-27T13:31:08.453+0000] {taskinstance.py:2076} INFO - Dependencies all met for dep_context=non-requeueable deps ti=<TaskInstance: streaming_pipeline_monitoring.generate_health_report scheduled__2025-11-27T13:20:00+00:00 [queued]>
[2025-11-27T13:31:08.565+0000] {taskinstance.py:2076} INFO - Dependencies all met for dep_context=requeueable deps ti=<TaskInstance: streaming_pipeline_monitoring.generate_health_report scheduled__2025-11-27T13:20:00+00:00 [queued]>
[2025-11-27T13:31:08.569+0000] {taskinstance.py:2306} INFO - Starting attempt 1 of 3
[2025-11-27T13:31:08.773+0000] {taskinstance.py:2330} INFO - Executing <Task(PythonOperator): generate_health_report> on 2025-11-27 13:20:00+00:00
[2025-11-27T13:31:08.795+0000] {standard_task_runner.py:63} INFO - Started process 195 to run task
[2025-11-27T13:31:08.803+0000] {standard_task_runner.py:90} INFO - Running: ['airflow', 'tasks', 'run', 'streaming_pipeline_monitoring', 'generate_health_report', 'scheduled__2025-11-27T13:20:00+00:00', '--job-id', '1273', '--raw', '--subdir', 'DAGS_FOLDER/streaming_pipeline_dag.py', '--cfg-path', '/tmp/tmps1_7j_pa']
[2025-11-27T13:31:08.810+0000] {standard_task_runner.py:91} INFO - Job 1273: Subtask generate_health_report
[2025-11-27T13:31:09.087+0000] {task_command.py:426} INFO - Running <TaskInstance: streaming_pipeline_monitoring.generate_health_report scheduled__2025-11-27T13:20:00+00:00 [running]> on host aa34447916d9
[2025-11-27T13:31:09.455+0000] {taskinstance.py:2648} INFO - Exporting env vars: AIRFLOW_CTX_DAG_OWNER='airflow' AIRFLOW_CTX_DAG_ID='streaming_pipeline_monitoring' AIRFLOW_CTX_TASK_ID='generate_health_report' AIRFLOW_CTX_EXECUTION_DATE='2025-11-27T13:20:00+00:00' AIRFLOW_CTX_TRY_NUMBER='1' AIRFLOW_CTX_DAG_RUN_ID='scheduled__2025-11-27T13:20:00+00:00'
[2025-11-27T13:31:09.457+0000] {taskinstance.py:430} INFO - ::endgroup::
[2025-11-27T13:31:09.618+0000] {logging_mixin.py:188} INFO - 
============================================================
[2025-11-27T13:31:09.620+0000] {logging_mixin.py:188} INFO - RAPPORT DE SANTÉ DU PIPELINE
[2025-11-27T13:31:09.624+0000] {logging_mixin.py:188} INFO - ============================================================
[2025-11-27T13:31:09.624+0000] {logging_mixin.py:188} INFO - {
  "timestamp": "2025-11-27T13:31:09.618152",
  "status": "HEALTHY",
  "postgres": {
    "recent_predictions": 310,
    "latest_timestamp": "2025-11-27T13:30:44.629047"
  },
  "mongodb": {
    "total_aggregates": 15265,
    "recent_aggregates": 549
  }
}
[2025-11-27T13:31:09.626+0000] {logging_mixin.py:188} INFO - ============================================================
[2025-11-27T13:31:09.734+0000] {python.py:237} INFO - Done. Returned value was: HEALTHY
[2025-11-27T13:31:09.735+0000] {taskinstance.py:441} INFO - ::group::Post task execution logs
[2025-11-27T13:31:09.912+0000] {taskinstance.py:1206} INFO - Marking task as SUCCESS. dag_id=streaming_pipeline_monitoring, task_id=generate_health_report, run_id=scheduled__2025-11-27T13:20:00+00:00, execution_date=20251127T132000, start_date=20251127T133108, end_date=20251127T133109
[2025-11-27T13:31:10.097+0000] {local_task_job_runner.py:240} INFO - Task exited with return code 0
[2025-11-27T13:31:10.227+0000] {taskinstance.py:3498} INFO - 0 downstream tasks scheduled from follow-on schedule check
[2025-11-27T13:31:10.234+0000] {local_task_job_runner.py:222} INFO - ::endgroup::
