[2025-11-23T17:01:01.795+0000] {local_task_job_runner.py:120} INFO - ::group::Pre task execution logs
[2025-11-23T17:01:01.855+0000] {taskinstance.py:2076} INFO - Dependencies all met for dep_context=non-requeueable deps ti=<TaskInstance: streaming_pipeline_monitoring.generate_health_report scheduled__2025-11-23T16:50:00+00:00 [queued]>
[2025-11-23T17:01:01.883+0000] {taskinstance.py:2076} INFO - Dependencies all met for dep_context=requeueable deps ti=<TaskInstance: streaming_pipeline_monitoring.generate_health_report scheduled__2025-11-23T16:50:00+00:00 [queued]>
[2025-11-23T17:01:01.884+0000] {taskinstance.py:2306} INFO - Starting attempt 1 of 3
[2025-11-23T17:01:01.976+0000] {taskinstance.py:2330} INFO - Executing <Task(PythonOperator): generate_health_report> on 2025-11-23 16:50:00+00:00
[2025-11-23T17:01:01.988+0000] {standard_task_runner.py:63} INFO - Started process 221 to run task
[2025-11-23T17:01:01.994+0000] {standard_task_runner.py:90} INFO - Running: ['airflow', 'tasks', 'run', 'streaming_pipeline_monitoring', 'generate_health_report', 'scheduled__2025-11-23T16:50:00+00:00', '--job-id', '60', '--raw', '--subdir', 'DAGS_FOLDER/streaming_pipeline_dag.py', '--cfg-path', '/tmp/tmpavcysbg0']
[2025-11-23T17:01:01.997+0000] {standard_task_runner.py:91} INFO - Job 60: Subtask generate_health_report
[2025-11-23T17:01:02.143+0000] {task_command.py:426} INFO - Running <TaskInstance: streaming_pipeline_monitoring.generate_health_report scheduled__2025-11-23T16:50:00+00:00 [running]> on host 44ce18cdf754
[2025-11-23T17:01:02.454+0000] {taskinstance.py:2648} INFO - Exporting env vars: AIRFLOW_CTX_DAG_OWNER='airflow' AIRFLOW_CTX_DAG_ID='streaming_pipeline_monitoring' AIRFLOW_CTX_TASK_ID='generate_health_report' AIRFLOW_CTX_EXECUTION_DATE='2025-11-23T16:50:00+00:00' AIRFLOW_CTX_TRY_NUMBER='1' AIRFLOW_CTX_DAG_RUN_ID='scheduled__2025-11-23T16:50:00+00:00'
[2025-11-23T17:01:02.456+0000] {taskinstance.py:430} INFO - ::endgroup::
[2025-11-23T17:01:02.609+0000] {logging_mixin.py:188} INFO - 
============================================================
[2025-11-23T17:01:02.614+0000] {logging_mixin.py:188} INFO - RAPPORT DE SANTÉ DU PIPELINE
[2025-11-23T17:01:02.615+0000] {logging_mixin.py:188} INFO - ============================================================
[2025-11-23T17:01:02.616+0000] {logging_mixin.py:188} INFO - {
  "timestamp": "2025-11-23T17:01:02.608974",
  "status": "HEALTHY",
  "postgres": {
    "recent_predictions": 298,
    "latest_timestamp": "2025-11-23T17:00:40.529993"
  },
  "mongodb": {
    "total_aggregates": 1711,
    "recent_aggregates": 530
  }
}
[2025-11-23T17:01:02.617+0000] {logging_mixin.py:188} INFO - ============================================================
[2025-11-23T17:01:02.676+0000] {python.py:237} INFO - Done. Returned value was: HEALTHY
[2025-11-23T17:01:02.677+0000] {taskinstance.py:441} INFO - ::group::Post task execution logs
[2025-11-23T17:01:02.774+0000] {taskinstance.py:1206} INFO - Marking task as SUCCESS. dag_id=streaming_pipeline_monitoring, task_id=generate_health_report, run_id=scheduled__2025-11-23T16:50:00+00:00, execution_date=20251123T165000, start_date=20251123T170101, end_date=20251123T170102
[2025-11-23T17:01:02.899+0000] {local_task_job_runner.py:240} INFO - Task exited with return code 0
[2025-11-23T17:01:02.943+0000] {taskinstance.py:3498} INFO - 0 downstream tasks scheduled from follow-on schedule check
[2025-11-23T17:01:02.945+0000] {local_task_job_runner.py:222} INFO - ::endgroup::
