[2025-11-27T00:00:29.218+0000] {local_task_job_runner.py:120} INFO - ::group::Pre task execution logs
[2025-11-27T00:00:29.239+0000] {taskinstance.py:2076} INFO - Dependencies all met for dep_context=non-requeueable deps ti=<TaskInstance: streaming_pipeline_monitoring.generate_health_report scheduled__2025-11-26T23:50:00+00:00 [queued]>
[2025-11-27T00:00:29.251+0000] {taskinstance.py:2076} INFO - Dependencies all met for dep_context=requeueable deps ti=<TaskInstance: streaming_pipeline_monitoring.generate_health_report scheduled__2025-11-26T23:50:00+00:00 [queued]>
[2025-11-27T00:00:29.252+0000] {taskinstance.py:2306} INFO - Starting attempt 1 of 3
[2025-11-27T00:00:29.280+0000] {taskinstance.py:2330} INFO - Executing <Task(PythonOperator): generate_health_report> on 2025-11-26 23:50:00+00:00
[2025-11-27T00:00:29.284+0000] {standard_task_runner.py:63} INFO - Started process 1239 to run task
[2025-11-27T00:00:29.288+0000] {standard_task_runner.py:90} INFO - Running: ['airflow', 'tasks', 'run', 'streaming_pipeline_monitoring', 'generate_health_report', 'scheduled__2025-11-26T23:50:00+00:00', '--job-id', '942', '--raw', '--subdir', 'DAGS_FOLDER/streaming_pipeline_dag.py', '--cfg-path', '/tmp/tmptdhmmveu']
[2025-11-27T00:00:29.289+0000] {standard_task_runner.py:91} INFO - Job 942: Subtask generate_health_report
[2025-11-27T00:00:29.345+0000] {task_command.py:426} INFO - Running <TaskInstance: streaming_pipeline_monitoring.generate_health_report scheduled__2025-11-26T23:50:00+00:00 [running]> on host ac78ca89de1e
[2025-11-27T00:00:29.532+0000] {taskinstance.py:2648} INFO - Exporting env vars: AIRFLOW_CTX_DAG_OWNER='airflow' AIRFLOW_CTX_DAG_ID='streaming_pipeline_monitoring' AIRFLOW_CTX_TASK_ID='generate_health_report' AIRFLOW_CTX_EXECUTION_DATE='2025-11-26T23:50:00+00:00' AIRFLOW_CTX_TRY_NUMBER='1' AIRFLOW_CTX_DAG_RUN_ID='scheduled__2025-11-26T23:50:00+00:00'
[2025-11-27T00:00:29.533+0000] {taskinstance.py:430} INFO - ::endgroup::
[2025-11-27T00:00:29.603+0000] {logging_mixin.py:188} INFO - 
============================================================
[2025-11-27T00:00:29.604+0000] {logging_mixin.py:188} INFO - RAPPORT DE SANTÉ DU PIPELINE
[2025-11-27T00:00:29.604+0000] {logging_mixin.py:188} INFO - ============================================================
[2025-11-27T00:00:29.604+0000] {logging_mixin.py:188} INFO - {
  "timestamp": "2025-11-27T00:00:29.603545",
  "status": "DEGRADED",
  "postgres": {
    "recent_predictions": 0,
    "latest_timestamp": "None"
  },
  "mongodb": {
    "total_aggregates": 13552,
    "recent_aggregates": 0
  }
}
[2025-11-27T00:00:29.605+0000] {logging_mixin.py:188} INFO - ============================================================
[2025-11-27T00:00:29.641+0000] {python.py:237} INFO - Done. Returned value was: DEGRADED
[2025-11-27T00:00:29.641+0000] {taskinstance.py:441} INFO - ::group::Post task execution logs
[2025-11-27T00:00:29.690+0000] {taskinstance.py:1206} INFO - Marking task as SUCCESS. dag_id=streaming_pipeline_monitoring, task_id=generate_health_report, run_id=scheduled__2025-11-26T23:50:00+00:00, execution_date=20251126T235000, start_date=20251127T000029, end_date=20251127T000029
[2025-11-27T00:00:29.783+0000] {local_task_job_runner.py:240} INFO - Task exited with return code 0
[2025-11-27T00:00:29.865+0000] {taskinstance.py:3498} INFO - 0 downstream tasks scheduled from follow-on schedule check
[2025-11-27T00:00:29.867+0000] {local_task_job_runner.py:222} INFO - ::endgroup::
