[2025-11-25T13:00:14.889+0000] {local_task_job_runner.py:120} INFO - ::group::Pre task execution logs
[2025-11-25T13:00:14.931+0000] {taskinstance.py:2076} INFO - Dependencies all met for dep_context=non-requeueable deps ti=<TaskInstance: streaming_pipeline_monitoring.check_spark_streaming scheduled__2025-11-25T12:50:00+00:00 [queued]>
[2025-11-25T13:00:14.956+0000] {taskinstance.py:2076} INFO - Dependencies all met for dep_context=requeueable deps ti=<TaskInstance: streaming_pipeline_monitoring.check_spark_streaming scheduled__2025-11-25T12:50:00+00:00 [queued]>
[2025-11-25T13:00:14.957+0000] {taskinstance.py:2306} INFO - Starting attempt 1 of 3
[2025-11-25T13:00:15.028+0000] {taskinstance.py:2330} INFO - Executing <Task(BashOperator): check_spark_streaming> on 2025-11-25 12:50:00+00:00
[2025-11-25T13:00:15.032+0000] {standard_task_runner.py:63} INFO - Started process 1102 to run task
[2025-11-25T13:00:15.035+0000] {standard_task_runner.py:90} INFO - Running: ['airflow', 'tasks', 'run', 'streaming_pipeline_monitoring', 'check_spark_streaming', 'scheduled__2025-11-25T12:50:00+00:00', '--job-id', '439', '--raw', '--subdir', 'DAGS_FOLDER/streaming_pipeline_dag.py', '--cfg-path', '/tmp/tmpwlvamrcn']
[2025-11-25T13:00:15.037+0000] {standard_task_runner.py:91} INFO - Job 439: Subtask check_spark_streaming
[2025-11-25T13:00:15.185+0000] {task_command.py:426} INFO - Running <TaskInstance: streaming_pipeline_monitoring.check_spark_streaming scheduled__2025-11-25T12:50:00+00:00 [running]> on host f385b52f68af
[2025-11-25T13:00:15.428+0000] {taskinstance.py:2648} INFO - Exporting env vars: AIRFLOW_CTX_DAG_OWNER='airflow' AIRFLOW_CTX_DAG_ID='streaming_pipeline_monitoring' AIRFLOW_CTX_TASK_ID='check_spark_streaming' AIRFLOW_CTX_EXECUTION_DATE='2025-11-25T12:50:00+00:00' AIRFLOW_CTX_TRY_NUMBER='1' AIRFLOW_CTX_DAG_RUN_ID='scheduled__2025-11-25T12:50:00+00:00'
[2025-11-25T13:00:15.429+0000] {taskinstance.py:430} INFO - ::endgroup::
[2025-11-25T13:00:15.441+0000] {subprocess.py:63} INFO - Tmp dir root location: /tmp
[2025-11-25T13:00:15.442+0000] {subprocess.py:75} INFO - Running command: ['/usr/bin/bash', '-c', '\n        echo "✓ Vérification indirecte de Spark (via données PostgreSQL dans la prochaine tâche)"\n        echo "  Si PostgreSQL reçoit des prédictions récentes, c\'est que Spark fonctionne"\n        exit 0\n        ']
[2025-11-25T13:00:15.449+0000] {subprocess.py:86} INFO - Output:
[2025-11-25T13:00:15.450+0000] {subprocess.py:93} INFO - ✓ Vérification indirecte de Spark (via données PostgreSQL dans la prochaine tâche)
[2025-11-25T13:00:15.450+0000] {subprocess.py:93} INFO -   Si PostgreSQL reçoit des prédictions récentes, c'est que Spark fonctionne
[2025-11-25T13:00:15.451+0000] {subprocess.py:97} INFO - Command exited with return code 0
[2025-11-25T13:00:15.452+0000] {taskinstance.py:441} INFO - ::group::Post task execution logs
[2025-11-25T13:00:15.541+0000] {taskinstance.py:1206} INFO - Marking task as SUCCESS. dag_id=streaming_pipeline_monitoring, task_id=check_spark_streaming, run_id=scheduled__2025-11-25T12:50:00+00:00, execution_date=20251125T125000, start_date=20251125T130014, end_date=20251125T130015
[2025-11-25T13:00:15.634+0000] {local_task_job_runner.py:240} INFO - Task exited with return code 0
[2025-11-25T13:00:15.701+0000] {taskinstance.py:3498} INFO - 2 downstream tasks scheduled from follow-on schedule check
[2025-11-25T13:00:15.721+0000] {local_task_job_runner.py:222} INFO - ::endgroup::
