[2025-11-27T14:11:46.603+0000] {local_task_job_runner.py:120} INFO - ::group::Pre task execution logs
[2025-11-27T14:11:46.686+0000] {taskinstance.py:2076} INFO - Dependencies all met for dep_context=non-requeueable deps ti=<TaskInstance: streaming_pipeline_monitoring.generate_health_report scheduled__2025-11-27T14:00:00+00:00 [queued]>
[2025-11-27T14:11:46.746+0000] {taskinstance.py:2076} INFO - Dependencies all met for dep_context=requeueable deps ti=<TaskInstance: streaming_pipeline_monitoring.generate_health_report scheduled__2025-11-27T14:00:00+00:00 [queued]>
[2025-11-27T14:11:46.747+0000] {taskinstance.py:2306} INFO - Starting attempt 1 of 3
[2025-11-27T14:11:46.861+0000] {taskinstance.py:2330} INFO - Executing <Task(PythonOperator): generate_health_report> on 2025-11-27 14:00:00+00:00
[2025-11-27T14:11:46.871+0000] {standard_task_runner.py:63} INFO - Started process 70 to run task
[2025-11-27T14:11:46.882+0000] {standard_task_runner.py:90} INFO - Running: ['airflow', 'tasks', 'run', 'streaming_pipeline_monitoring', 'generate_health_report', 'scheduled__2025-11-27T14:00:00+00:00', '--job-id', '1298', '--raw', '--subdir', 'DAGS_FOLDER/streaming_pipeline_dag.py', '--cfg-path', '/tmp/tmpy2di53ag']
[2025-11-27T14:11:46.887+0000] {standard_task_runner.py:91} INFO - Job 1298: Subtask generate_health_report
[2025-11-27T14:11:47.131+0000] {task_command.py:426} INFO - Running <TaskInstance: streaming_pipeline_monitoring.generate_health_report scheduled__2025-11-27T14:00:00+00:00 [running]> on host 3ad5ba232e74
[2025-11-27T14:11:47.687+0000] {taskinstance.py:2648} INFO - Exporting env vars: AIRFLOW_CTX_DAG_OWNER='airflow' AIRFLOW_CTX_DAG_ID='streaming_pipeline_monitoring' AIRFLOW_CTX_TASK_ID='generate_health_report' AIRFLOW_CTX_EXECUTION_DATE='2025-11-27T14:00:00+00:00' AIRFLOW_CTX_TRY_NUMBER='1' AIRFLOW_CTX_DAG_RUN_ID='scheduled__2025-11-27T14:00:00+00:00'
[2025-11-27T14:11:47.691+0000] {taskinstance.py:430} INFO - ::endgroup::
[2025-11-27T14:11:47.840+0000] {logging_mixin.py:188} INFO - 
============================================================
[2025-11-27T14:11:47.841+0000] {logging_mixin.py:188} INFO - RAPPORT DE SANTÉ DU PIPELINE
[2025-11-27T14:11:47.842+0000] {logging_mixin.py:188} INFO - ============================================================
[2025-11-27T14:11:47.843+0000] {logging_mixin.py:188} INFO - {
  "timestamp": "2025-11-27T14:11:47.840382",
  "status": "HEALTHY",
  "postgres": {
    "recent_predictions": 310,
    "latest_timestamp": "2025-11-27T14:11:02.433784"
  },
  "mongodb": {
    "total_aggregates": 17331,
    "recent_aggregates": 423
  }
}
[2025-11-27T14:11:47.843+0000] {logging_mixin.py:188} INFO - ============================================================
[2025-11-27T14:11:47.900+0000] {python.py:237} INFO - Done. Returned value was: HEALTHY
[2025-11-27T14:11:47.901+0000] {taskinstance.py:441} INFO - ::group::Post task execution logs
[2025-11-27T14:11:47.983+0000] {taskinstance.py:1206} INFO - Marking task as SUCCESS. dag_id=streaming_pipeline_monitoring, task_id=generate_health_report, run_id=scheduled__2025-11-27T14:00:00+00:00, execution_date=20251127T140000, start_date=20251127T141146, end_date=20251127T141147
[2025-11-27T14:11:48.069+0000] {local_task_job_runner.py:240} INFO - Task exited with return code 0
[2025-11-27T14:11:48.135+0000] {taskinstance.py:3498} INFO - 0 downstream tasks scheduled from follow-on schedule check
[2025-11-27T14:11:48.144+0000] {local_task_job_runner.py:222} INFO - ::endgroup::
