[2025-11-27T13:50:16.206+0000] {local_task_job_runner.py:120} INFO - ::group::Pre task execution logs
[2025-11-27T13:50:16.274+0000] {taskinstance.py:2076} INFO - Dependencies all met for dep_context=non-requeueable deps ti=<TaskInstance: streaming_pipeline_monitoring.check_fastapi_health scheduled__2025-11-27T13:40:00+00:00 [queued]>
[2025-11-27T13:50:16.311+0000] {taskinstance.py:2076} INFO - Dependencies all met for dep_context=requeueable deps ti=<TaskInstance: streaming_pipeline_monitoring.check_fastapi_health scheduled__2025-11-27T13:40:00+00:00 [queued]>
[2025-11-27T13:50:16.312+0000] {taskinstance.py:2306} INFO - Starting attempt 1 of 3
[2025-11-27T13:50:16.411+0000] {taskinstance.py:2330} INFO - Executing <Task(BashOperator): check_fastapi_health> on 2025-11-27 13:40:00+00:00
[2025-11-27T13:50:16.429+0000] {standard_task_runner.py:63} INFO - Started process 260 to run task
[2025-11-27T13:50:16.434+0000] {standard_task_runner.py:90} INFO - Running: ['airflow', 'tasks', 'run', 'streaming_pipeline_monitoring', 'check_fastapi_health', 'scheduled__2025-11-27T13:40:00+00:00', '--job-id', '1280', '--raw', '--subdir', 'DAGS_FOLDER/streaming_pipeline_dag.py', '--cfg-path', '/tmp/tmpc2cxdq4y']
[2025-11-27T13:50:16.446+0000] {standard_task_runner.py:91} INFO - Job 1280: Subtask check_fastapi_health
[2025-11-27T13:50:16.895+0000] {task_command.py:426} INFO - Running <TaskInstance: streaming_pipeline_monitoring.check_fastapi_health scheduled__2025-11-27T13:40:00+00:00 [running]> on host aa34447916d9
[2025-11-27T13:50:17.404+0000] {taskinstance.py:2648} INFO - Exporting env vars: AIRFLOW_CTX_DAG_OWNER='airflow' AIRFLOW_CTX_DAG_ID='streaming_pipeline_monitoring' AIRFLOW_CTX_TASK_ID='check_fastapi_health' AIRFLOW_CTX_EXECUTION_DATE='2025-11-27T13:40:00+00:00' AIRFLOW_CTX_TRY_NUMBER='1' AIRFLOW_CTX_DAG_RUN_ID='scheduled__2025-11-27T13:40:00+00:00'
[2025-11-27T13:50:17.407+0000] {taskinstance.py:430} INFO - ::endgroup::
[2025-11-27T13:50:17.435+0000] {subprocess.py:63} INFO - Tmp dir root location: /tmp
[2025-11-27T13:50:17.437+0000] {subprocess.py:75} INFO - Running command: ['/usr/bin/bash', '-c', '\n        echo "Vérification de FastAPI..."\n        response=$(curl -s -o /dev/null -w "%{http_code}" http://fastapi:8000)\n        if [ "$response" = "200" ]; then\n            echo "✓ FastAPI est actif (HTTP $response)"\n            exit 0\n        else\n            echo "✗ FastAPI ne répond pas (HTTP $response)"\n            exit 1\n        fi\n        ']
[2025-11-27T13:50:17.458+0000] {subprocess.py:86} INFO - Output:
[2025-11-27T13:50:17.460+0000] {subprocess.py:93} INFO - Vérification de FastAPI...
[2025-11-27T13:50:17.482+0000] {subprocess.py:93} INFO - ✓ FastAPI est actif (HTTP 200)
[2025-11-27T13:50:17.483+0000] {subprocess.py:97} INFO - Command exited with return code 0
[2025-11-27T13:50:17.485+0000] {taskinstance.py:441} INFO - ::group::Post task execution logs
[2025-11-27T13:50:17.597+0000] {taskinstance.py:1206} INFO - Marking task as SUCCESS. dag_id=streaming_pipeline_monitoring, task_id=check_fastapi_health, run_id=scheduled__2025-11-27T13:40:00+00:00, execution_date=20251127T134000, start_date=20251127T135016, end_date=20251127T135017
[2025-11-27T13:50:17.739+0000] {local_task_job_runner.py:240} INFO - Task exited with return code 0
[2025-11-27T13:50:17.877+0000] {taskinstance.py:3498} INFO - 1 downstream tasks scheduled from follow-on schedule check
[2025-11-27T13:50:17.909+0000] {local_task_job_runner.py:222} INFO - ::endgroup::
