[2025-12-08T13:03:39.362+0000] {local_task_job_runner.py:120} INFO - ::group::Pre task execution logs
[2025-12-08T13:03:39.600+0000] {taskinstance.py:2076} INFO - Dependencies all met for dep_context=non-requeueable deps ti=<TaskInstance: streaming_pipeline_monitoring.generate_health_report scheduled__2025-12-08T12:50:00+00:00 [queued]>
[2025-12-08T13:03:39.722+0000] {taskinstance.py:2076} INFO - Dependencies all met for dep_context=requeueable deps ti=<TaskInstance: streaming_pipeline_monitoring.generate_health_report scheduled__2025-12-08T12:50:00+00:00 [queued]>
[2025-12-08T13:03:39.723+0000] {taskinstance.py:2306} INFO - Starting attempt 1 of 3
[2025-12-08T13:03:39.924+0000] {taskinstance.py:2330} INFO - Executing <Task(PythonOperator): generate_health_report> on 2025-12-08 12:50:00+00:00
[2025-12-08T13:03:39.941+0000] {standard_task_runner.py:63} INFO - Started process 235 to run task
[2025-12-08T13:03:39.948+0000] {standard_task_runner.py:90} INFO - Running: ['airflow', 'tasks', 'run', 'streaming_pipeline_monitoring', 'generate_health_report', 'scheduled__2025-12-08T12:50:00+00:00', '--job-id', '1956', '--raw', '--subdir', 'DAGS_FOLDER/streaming_pipeline_dag.py', '--cfg-path', '/tmp/tmp5oqeg8jj']
[2025-12-08T13:03:39.953+0000] {standard_task_runner.py:91} INFO - Job 1956: Subtask generate_health_report
[2025-12-08T13:03:40.336+0000] {task_command.py:426} INFO - Running <TaskInstance: streaming_pipeline_monitoring.generate_health_report scheduled__2025-12-08T12:50:00+00:00 [running]> on host 5d2fd13967cf
[2025-12-08T13:03:41.173+0000] {taskinstance.py:2648} INFO - Exporting env vars: AIRFLOW_CTX_DAG_OWNER='airflow' AIRFLOW_CTX_DAG_ID='streaming_pipeline_monitoring' AIRFLOW_CTX_TASK_ID='generate_health_report' AIRFLOW_CTX_EXECUTION_DATE='2025-12-08T12:50:00+00:00' AIRFLOW_CTX_TRY_NUMBER='1' AIRFLOW_CTX_DAG_RUN_ID='scheduled__2025-12-08T12:50:00+00:00'
[2025-12-08T13:03:41.175+0000] {taskinstance.py:430} INFO - ::endgroup::
[2025-12-08T13:03:41.522+0000] {logging_mixin.py:188} INFO - 
============================================================
[2025-12-08T13:03:41.523+0000] {logging_mixin.py:188} INFO - RAPPORT DE SANTÉ DU PIPELINE
[2025-12-08T13:03:41.525+0000] {logging_mixin.py:188} INFO - ============================================================
[2025-12-08T13:03:41.527+0000] {logging_mixin.py:188} INFO - {
  "timestamp": "2025-12-08T13:03:41.521957",
  "status": "HEALTHY",
  "postgres": {
    "recent_predictions": 56,
    "latest_timestamp": "2025-12-08T13:03:05.632137"
  },
  "mongodb": {
    "total_aggregates": 20099,
    "recent_aggregates": 65
  }
}
[2025-12-08T13:03:41.536+0000] {logging_mixin.py:188} INFO - ============================================================
[2025-12-08T13:03:41.698+0000] {python.py:237} INFO - Done. Returned value was: HEALTHY
[2025-12-08T13:03:41.698+0000] {taskinstance.py:441} INFO - ::group::Post task execution logs
[2025-12-08T13:03:41.857+0000] {taskinstance.py:1206} INFO - Marking task as SUCCESS. dag_id=streaming_pipeline_monitoring, task_id=generate_health_report, run_id=scheduled__2025-12-08T12:50:00+00:00, execution_date=20251208T125000, start_date=20251208T130339, end_date=20251208T130341
[2025-12-08T13:03:41.966+0000] {local_task_job_runner.py:240} INFO - Task exited with return code 0
[2025-12-08T13:03:42.068+0000] {taskinstance.py:3498} INFO - 0 downstream tasks scheduled from follow-on schedule check
[2025-12-08T13:03:42.071+0000] {local_task_job_runner.py:222} INFO - ::endgroup::
