[2025-11-23T15:40:42.480+0000] {local_task_job_runner.py:120} INFO - ::group::Pre task execution logs
[2025-11-23T15:40:42.544+0000] {taskinstance.py:2076} INFO - Dependencies all met for dep_context=non-requeueable deps ti=<TaskInstance: streaming_pipeline_monitoring.generate_health_report scheduled__2025-11-23T15:30:00+00:00 [queued]>
[2025-11-23T15:40:42.570+0000] {taskinstance.py:2076} INFO - Dependencies all met for dep_context=requeueable deps ti=<TaskInstance: streaming_pipeline_monitoring.generate_health_report scheduled__2025-11-23T15:30:00+00:00 [queued]>
[2025-11-23T15:40:42.571+0000] {taskinstance.py:2306} INFO - Starting attempt 1 of 3
[2025-11-23T15:40:42.680+0000] {taskinstance.py:2330} INFO - Executing <Task(PythonOperator): generate_health_report> on 2025-11-23 15:30:00+00:00
[2025-11-23T15:40:42.688+0000] {standard_task_runner.py:63} INFO - Started process 924 to run task
[2025-11-23T15:40:42.693+0000] {standard_task_runner.py:90} INFO - Running: ['airflow', 'tasks', 'run', 'streaming_pipeline_monitoring', 'generate_health_report', 'scheduled__2025-11-23T15:30:00+00:00', '--job-id', '29', '--raw', '--subdir', 'DAGS_FOLDER/streaming_pipeline_dag.py', '--cfg-path', '/tmp/tmpt8x96jnw']
[2025-11-23T15:40:42.696+0000] {standard_task_runner.py:91} INFO - Job 29: Subtask generate_health_report
[2025-11-23T15:40:42.833+0000] {task_command.py:426} INFO - Running <TaskInstance: streaming_pipeline_monitoring.generate_health_report scheduled__2025-11-23T15:30:00+00:00 [running]> on host 53e08c058b38
[2025-11-23T15:40:43.026+0000] {taskinstance.py:2648} INFO - Exporting env vars: AIRFLOW_CTX_DAG_OWNER='airflow' AIRFLOW_CTX_DAG_ID='streaming_pipeline_monitoring' AIRFLOW_CTX_TASK_ID='generate_health_report' AIRFLOW_CTX_EXECUTION_DATE='2025-11-23T15:30:00+00:00' AIRFLOW_CTX_TRY_NUMBER='1' AIRFLOW_CTX_DAG_RUN_ID='scheduled__2025-11-23T15:30:00+00:00'
[2025-11-23T15:40:43.028+0000] {taskinstance.py:430} INFO - ::endgroup::
[2025-11-23T15:40:43.100+0000] {logging_mixin.py:188} INFO - 
============================================================
[2025-11-23T15:40:43.100+0000] {logging_mixin.py:188} INFO - RAPPORT DE SANTÉ DU PIPELINE
[2025-11-23T15:40:43.101+0000] {logging_mixin.py:188} INFO - ============================================================
[2025-11-23T15:40:43.101+0000] {logging_mixin.py:188} INFO - {
  "timestamp": "2025-11-23T15:40:43.100174",
  "status": "DEGRADED",
  "postgres": {
    "recent_predictions": 0,
    "latest_timestamp": "None"
  },
  "mongodb": {
    "total_aggregates": 83,
    "recent_aggregates": 0
  }
}
[2025-11-23T15:40:43.102+0000] {logging_mixin.py:188} INFO - ============================================================
[2025-11-23T15:40:43.141+0000] {python.py:237} INFO - Done. Returned value was: DEGRADED
[2025-11-23T15:40:43.142+0000] {taskinstance.py:441} INFO - ::group::Post task execution logs
[2025-11-23T15:40:43.190+0000] {taskinstance.py:1206} INFO - Marking task as SUCCESS. dag_id=streaming_pipeline_monitoring, task_id=generate_health_report, run_id=scheduled__2025-11-23T15:30:00+00:00, execution_date=20251123T153000, start_date=20251123T154042, end_date=20251123T154043
[2025-11-23T15:40:43.268+0000] {local_task_job_runner.py:240} INFO - Task exited with return code 0
[2025-11-23T15:40:43.311+0000] {taskinstance.py:3498} INFO - 0 downstream tasks scheduled from follow-on schedule check
[2025-11-23T15:40:43.315+0000] {local_task_job_runner.py:222} INFO - ::endgroup::
