[2025-11-25T21:31:04.877+0000] {local_task_job_runner.py:120} INFO - ::group::Pre task execution logs
[2025-11-25T21:31:04.940+0000] {taskinstance.py:2076} INFO - Dependencies all met for dep_context=non-requeueable deps ti=<TaskInstance: streaming_pipeline_monitoring.generate_health_report scheduled__2025-11-25T21:20:00+00:00 [queued]>
[2025-11-25T21:31:04.981+0000] {taskinstance.py:2076} INFO - Dependencies all met for dep_context=requeueable deps ti=<TaskInstance: streaming_pipeline_monitoring.generate_health_report scheduled__2025-11-25T21:20:00+00:00 [queued]>
[2025-11-25T21:31:04.982+0000] {taskinstance.py:2306} INFO - Starting attempt 1 of 3
[2025-11-25T21:31:05.052+0000] {taskinstance.py:2330} INFO - Executing <Task(PythonOperator): generate_health_report> on 2025-11-25 21:20:00+00:00
[2025-11-25T21:31:05.063+0000] {standard_task_runner.py:63} INFO - Started process 800 to run task
[2025-11-25T21:31:05.074+0000] {standard_task_runner.py:90} INFO - Running: ['airflow', 'tasks', 'run', 'streaming_pipeline_monitoring', 'generate_health_report', 'scheduled__2025-11-25T21:20:00+00:00', '--job-id', '635', '--raw', '--subdir', 'DAGS_FOLDER/streaming_pipeline_dag.py', '--cfg-path', '/tmp/tmpzrs4nqjc']
[2025-11-25T21:31:05.078+0000] {standard_task_runner.py:91} INFO - Job 635: Subtask generate_health_report
[2025-11-25T21:31:05.232+0000] {task_command.py:426} INFO - Running <TaskInstance: streaming_pipeline_monitoring.generate_health_report scheduled__2025-11-25T21:20:00+00:00 [running]> on host ac78ca89de1e
[2025-11-25T21:31:05.484+0000] {taskinstance.py:2648} INFO - Exporting env vars: AIRFLOW_CTX_DAG_OWNER='airflow' AIRFLOW_CTX_DAG_ID='streaming_pipeline_monitoring' AIRFLOW_CTX_TASK_ID='generate_health_report' AIRFLOW_CTX_EXECUTION_DATE='2025-11-25T21:20:00+00:00' AIRFLOW_CTX_TRY_NUMBER='1' AIRFLOW_CTX_DAG_RUN_ID='scheduled__2025-11-25T21:20:00+00:00'
[2025-11-25T21:31:05.485+0000] {taskinstance.py:430} INFO - ::endgroup::
[2025-11-25T21:31:05.567+0000] {logging_mixin.py:188} INFO - 
============================================================
[2025-11-25T21:31:05.568+0000] {logging_mixin.py:188} INFO - RAPPORT DE SANTÉ DU PIPELINE
[2025-11-25T21:31:05.568+0000] {logging_mixin.py:188} INFO - ============================================================
[2025-11-25T21:31:05.569+0000] {logging_mixin.py:188} INFO - {
  "timestamp": "2025-11-25T21:31:05.567409",
  "status": "HEALTHY",
  "postgres": {
    "recent_predictions": 189,
    "latest_timestamp": "2025-11-25T21:30:51.770421"
  },
  "mongodb": {
    "total_aggregates": 11536,
    "recent_aggregates": 170
  }
}
[2025-11-25T21:31:05.570+0000] {logging_mixin.py:188} INFO - ============================================================
[2025-11-25T21:31:05.627+0000] {python.py:237} INFO - Done. Returned value was: HEALTHY
[2025-11-25T21:31:05.627+0000] {taskinstance.py:441} INFO - ::group::Post task execution logs
[2025-11-25T21:31:05.726+0000] {taskinstance.py:1206} INFO - Marking task as SUCCESS. dag_id=streaming_pipeline_monitoring, task_id=generate_health_report, run_id=scheduled__2025-11-25T21:20:00+00:00, execution_date=20251125T212000, start_date=20251125T213104, end_date=20251125T213105
[2025-11-25T21:31:05.883+0000] {local_task_job_runner.py:240} INFO - Task exited with return code 0
[2025-11-25T21:31:05.917+0000] {taskinstance.py:3498} INFO - 0 downstream tasks scheduled from follow-on schedule check
[2025-11-25T21:31:05.921+0000] {local_task_job_runner.py:222} INFO - ::endgroup::
