[2025-11-25T16:00:55.915+0000] {local_task_job_runner.py:120} INFO - ::group::Pre task execution logs
[2025-11-25T16:00:55.990+0000] {taskinstance.py:2076} INFO - Dependencies all met for dep_context=non-requeueable deps ti=<TaskInstance: streaming_pipeline_monitoring.generate_health_report scheduled__2025-11-25T15:50:00+00:00 [queued]>
[2025-11-25T16:00:56.039+0000] {taskinstance.py:2076} INFO - Dependencies all met for dep_context=requeueable deps ti=<TaskInstance: streaming_pipeline_monitoring.generate_health_report scheduled__2025-11-25T15:50:00+00:00 [queued]>
[2025-11-25T16:00:56.040+0000] {taskinstance.py:2306} INFO - Starting attempt 1 of 3
[2025-11-25T16:00:56.165+0000] {taskinstance.py:2330} INFO - Executing <Task(PythonOperator): generate_health_report> on 2025-11-25 15:50:00+00:00
[2025-11-25T16:00:56.176+0000] {standard_task_runner.py:63} INFO - Started process 195 to run task
[2025-11-25T16:00:56.182+0000] {standard_task_runner.py:90} INFO - Running: ['airflow', 'tasks', 'run', 'streaming_pipeline_monitoring', 'generate_health_report', 'scheduled__2025-11-25T15:50:00+00:00', '--job-id', '545', '--raw', '--subdir', 'DAGS_FOLDER/streaming_pipeline_dag.py', '--cfg-path', '/tmp/tmp3u88sevp']
[2025-11-25T16:00:56.186+0000] {standard_task_runner.py:91} INFO - Job 545: Subtask generate_health_report
[2025-11-25T16:00:56.394+0000] {task_command.py:426} INFO - Running <TaskInstance: streaming_pipeline_monitoring.generate_health_report scheduled__2025-11-25T15:50:00+00:00 [running]> on host ac78ca89de1e
[2025-11-25T16:00:56.840+0000] {taskinstance.py:2648} INFO - Exporting env vars: AIRFLOW_CTX_DAG_OWNER='airflow' AIRFLOW_CTX_DAG_ID='streaming_pipeline_monitoring' AIRFLOW_CTX_TASK_ID='generate_health_report' AIRFLOW_CTX_EXECUTION_DATE='2025-11-25T15:50:00+00:00' AIRFLOW_CTX_TRY_NUMBER='1' AIRFLOW_CTX_DAG_RUN_ID='scheduled__2025-11-25T15:50:00+00:00'
[2025-11-25T16:00:56.841+0000] {taskinstance.py:430} INFO - ::endgroup::
[2025-11-25T16:00:56.949+0000] {logging_mixin.py:188} INFO - 
============================================================
[2025-11-25T16:00:56.950+0000] {logging_mixin.py:188} INFO - RAPPORT DE SANTÉ DU PIPELINE
[2025-11-25T16:00:56.950+0000] {logging_mixin.py:188} INFO - ============================================================
[2025-11-25T16:00:56.951+0000] {logging_mixin.py:188} INFO - {
  "timestamp": "2025-11-25T16:00:56.949272",
  "status": "HEALTHY",
  "postgres": {
    "recent_predictions": 311,
    "latest_timestamp": "2025-11-25T16:00:37.470583"
  },
  "mongodb": {
    "total_aggregates": 5582,
    "recent_aggregates": 566
  }
}
[2025-11-25T16:00:56.951+0000] {logging_mixin.py:188} INFO - ============================================================
[2025-11-25T16:00:57.026+0000] {python.py:237} INFO - Done. Returned value was: HEALTHY
[2025-11-25T16:00:57.027+0000] {taskinstance.py:441} INFO - ::group::Post task execution logs
[2025-11-25T16:00:57.127+0000] {taskinstance.py:1206} INFO - Marking task as SUCCESS. dag_id=streaming_pipeline_monitoring, task_id=generate_health_report, run_id=scheduled__2025-11-25T15:50:00+00:00, execution_date=20251125T155000, start_date=20251125T160055, end_date=20251125T160057
[2025-11-25T16:00:57.256+0000] {local_task_job_runner.py:240} INFO - Task exited with return code 0
[2025-11-25T16:00:57.323+0000] {taskinstance.py:3498} INFO - 0 downstream tasks scheduled from follow-on schedule check
[2025-11-25T16:00:57.327+0000] {local_task_job_runner.py:222} INFO - ::endgroup::
