[2025-11-25T21:40:08.580+0000] {local_task_job_runner.py:120} INFO - ::group::Pre task execution logs
[2025-11-25T21:40:08.640+0000] {taskinstance.py:2076} INFO - Dependencies all met for dep_context=non-requeueable deps ti=<TaskInstance: streaming_pipeline_monitoring.check_fastapi_health scheduled__2025-11-25T21:30:00+00:00 [queued]>
[2025-11-25T21:40:08.671+0000] {taskinstance.py:2076} INFO - Dependencies all met for dep_context=requeueable deps ti=<TaskInstance: streaming_pipeline_monitoring.check_fastapi_health scheduled__2025-11-25T21:30:00+00:00 [queued]>
[2025-11-25T21:40:08.673+0000] {taskinstance.py:2306} INFO - Starting attempt 1 of 3
[2025-11-25T21:40:08.779+0000] {taskinstance.py:2330} INFO - Executing <Task(BashOperator): check_fastapi_health> on 2025-11-25 21:30:00+00:00
[2025-11-25T21:40:08.787+0000] {standard_task_runner.py:63} INFO - Started process 821 to run task
[2025-11-25T21:40:08.791+0000] {standard_task_runner.py:90} INFO - Running: ['airflow', 'tasks', 'run', 'streaming_pipeline_monitoring', 'check_fastapi_health', 'scheduled__2025-11-25T21:30:00+00:00', '--job-id', '636', '--raw', '--subdir', 'DAGS_FOLDER/streaming_pipeline_dag.py', '--cfg-path', '/tmp/tmpdvsmxxir']
[2025-11-25T21:40:08.793+0000] {standard_task_runner.py:91} INFO - Job 636: Subtask check_fastapi_health
[2025-11-25T21:40:09.021+0000] {task_command.py:426} INFO - Running <TaskInstance: streaming_pipeline_monitoring.check_fastapi_health scheduled__2025-11-25T21:30:00+00:00 [running]> on host ac78ca89de1e
[2025-11-25T21:40:09.682+0000] {taskinstance.py:2648} INFO - Exporting env vars: AIRFLOW_CTX_DAG_OWNER='airflow' AIRFLOW_CTX_DAG_ID='streaming_pipeline_monitoring' AIRFLOW_CTX_TASK_ID='check_fastapi_health' AIRFLOW_CTX_EXECUTION_DATE='2025-11-25T21:30:00+00:00' AIRFLOW_CTX_TRY_NUMBER='1' AIRFLOW_CTX_DAG_RUN_ID='scheduled__2025-11-25T21:30:00+00:00'
[2025-11-25T21:40:09.684+0000] {taskinstance.py:430} INFO - ::endgroup::
[2025-11-25T21:40:09.703+0000] {subprocess.py:63} INFO - Tmp dir root location: /tmp
[2025-11-25T21:40:09.705+0000] {subprocess.py:75} INFO - Running command: ['/usr/bin/bash', '-c', '\n        echo "Vérification de FastAPI..."\n        response=$(curl -s -o /dev/null -w "%{http_code}" http://fastapi:8000)\n        if [ "$response" = "200" ]; then\n            echo "✓ FastAPI est actif (HTTP $response)"\n            exit 0\n        else\n            echo "✗ FastAPI ne répond pas (HTTP $response)"\n            exit 1\n        fi\n        ']
[2025-11-25T21:40:09.721+0000] {subprocess.py:86} INFO - Output:
[2025-11-25T21:40:09.722+0000] {subprocess.py:93} INFO - Vérification de FastAPI...
[2025-11-25T21:40:09.741+0000] {subprocess.py:93} INFO - ✓ FastAPI est actif (HTTP 200)
[2025-11-25T21:40:09.742+0000] {subprocess.py:97} INFO - Command exited with return code 0
[2025-11-25T21:40:09.744+0000] {taskinstance.py:441} INFO - ::group::Post task execution logs
[2025-11-25T21:40:09.854+0000] {taskinstance.py:1206} INFO - Marking task as SUCCESS. dag_id=streaming_pipeline_monitoring, task_id=check_fastapi_health, run_id=scheduled__2025-11-25T21:30:00+00:00, execution_date=20251125T213000, start_date=20251125T214008, end_date=20251125T214009
[2025-11-25T21:40:09.990+0000] {local_task_job_runner.py:240} INFO - Task exited with return code 0
[2025-11-25T21:40:10.089+0000] {taskinstance.py:3498} INFO - 1 downstream tasks scheduled from follow-on schedule check
[2025-11-25T21:40:10.118+0000] {local_task_job_runner.py:222} INFO - ::endgroup::
