[2025-11-25T11:41:10.983+0000] {local_task_job_runner.py:120} INFO - ::group::Pre task execution logs
[2025-11-25T11:41:11.078+0000] {taskinstance.py:2076} INFO - Dependencies all met for dep_context=non-requeueable deps ti=<TaskInstance: streaming_pipeline_monitoring.generate_health_report scheduled__2025-11-25T11:30:00+00:00 [queued]>
[2025-11-25T11:41:11.123+0000] {taskinstance.py:2076} INFO - Dependencies all met for dep_context=requeueable deps ti=<TaskInstance: streaming_pipeline_monitoring.generate_health_report scheduled__2025-11-25T11:30:00+00:00 [queued]>
[2025-11-25T11:41:11.124+0000] {taskinstance.py:2306} INFO - Starting attempt 1 of 3
[2025-11-25T11:41:11.227+0000] {taskinstance.py:2330} INFO - Executing <Task(PythonOperator): generate_health_report> on 2025-11-25 11:30:00+00:00
[2025-11-25T11:41:11.234+0000] {standard_task_runner.py:63} INFO - Started process 755 to run task
[2025-11-25T11:41:11.242+0000] {standard_task_runner.py:90} INFO - Running: ['airflow', 'tasks', 'run', 'streaming_pipeline_monitoring', 'generate_health_report', 'scheduled__2025-11-25T11:30:00+00:00', '--job-id', '394', '--raw', '--subdir', 'DAGS_FOLDER/streaming_pipeline_dag.py', '--cfg-path', '/tmp/tmp3dx1igi8']
[2025-11-25T11:41:11.246+0000] {standard_task_runner.py:91} INFO - Job 394: Subtask generate_health_report
[2025-11-25T11:41:11.473+0000] {task_command.py:426} INFO - Running <TaskInstance: streaming_pipeline_monitoring.generate_health_report scheduled__2025-11-25T11:30:00+00:00 [running]> on host f385b52f68af
[2025-11-25T11:41:11.800+0000] {taskinstance.py:2648} INFO - Exporting env vars: AIRFLOW_CTX_DAG_OWNER='airflow' AIRFLOW_CTX_DAG_ID='streaming_pipeline_monitoring' AIRFLOW_CTX_TASK_ID='generate_health_report' AIRFLOW_CTX_EXECUTION_DATE='2025-11-25T11:30:00+00:00' AIRFLOW_CTX_TRY_NUMBER='1' AIRFLOW_CTX_DAG_RUN_ID='scheduled__2025-11-25T11:30:00+00:00'
[2025-11-25T11:41:11.801+0000] {taskinstance.py:430} INFO - ::endgroup::
[2025-11-25T11:41:11.921+0000] {logging_mixin.py:188} INFO - 
============================================================
[2025-11-25T11:41:11.922+0000] {logging_mixin.py:188} INFO - RAPPORT DE SANTÉ DU PIPELINE
[2025-11-25T11:41:11.922+0000] {logging_mixin.py:188} INFO - ============================================================
[2025-11-25T11:41:11.923+0000] {logging_mixin.py:188} INFO - {
  "timestamp": "2025-11-25T11:41:11.921255",
  "status": "DEGRADED",
  "postgres": {
    "recent_predictions": 0,
    "latest_timestamp": "None"
  },
  "mongodb": {
    "total_aggregates": 3790,
    "recent_aggregates": 0
  }
}
[2025-11-25T11:41:11.923+0000] {logging_mixin.py:188} INFO - ============================================================
[2025-11-25T11:41:12.011+0000] {python.py:237} INFO - Done. Returned value was: DEGRADED
[2025-11-25T11:41:12.013+0000] {taskinstance.py:441} INFO - ::group::Post task execution logs
[2025-11-25T11:41:12.113+0000] {taskinstance.py:1206} INFO - Marking task as SUCCESS. dag_id=streaming_pipeline_monitoring, task_id=generate_health_report, run_id=scheduled__2025-11-25T11:30:00+00:00, execution_date=20251125T113000, start_date=20251125T114111, end_date=20251125T114112
[2025-11-25T11:41:12.220+0000] {local_task_job_runner.py:240} INFO - Task exited with return code 0
[2025-11-25T11:41:12.259+0000] {taskinstance.py:3498} INFO - 0 downstream tasks scheduled from follow-on schedule check
[2025-11-25T11:41:12.262+0000] {local_task_job_runner.py:222} INFO - ::endgroup::
