[2025-11-25T17:37:28.628+0000] {local_task_job_runner.py:120} INFO - ::group::Pre task execution logs
[2025-11-25T17:37:28.818+0000] {taskinstance.py:2076} INFO - Dependencies all met for dep_context=non-requeueable deps ti=<TaskInstance: streaming_pipeline_monitoring.generate_health_report scheduled__2025-11-25T17:20:00+00:00 [queued]>
[2025-11-25T17:37:28.903+0000] {taskinstance.py:2076} INFO - Dependencies all met for dep_context=requeueable deps ti=<TaskInstance: streaming_pipeline_monitoring.generate_health_report scheduled__2025-11-25T17:20:00+00:00 [queued]>
[2025-11-25T17:37:28.907+0000] {taskinstance.py:2306} INFO - Starting attempt 1 of 3
[2025-11-25T17:37:29.072+0000] {taskinstance.py:2330} INFO - Executing <Task(PythonOperator): generate_health_report> on 2025-11-25 17:20:00+00:00
[2025-11-25T17:37:29.103+0000] {standard_task_runner.py:63} INFO - Started process 333 to run task
[2025-11-25T17:37:29.110+0000] {standard_task_runner.py:90} INFO - Running: ['airflow', 'tasks', 'run', 'streaming_pipeline_monitoring', 'generate_health_report', 'scheduled__2025-11-25T17:20:00+00:00', '--job-id', '563', '--raw', '--subdir', 'DAGS_FOLDER/streaming_pipeline_dag.py', '--cfg-path', '/tmp/tmpa659q4ny']
[2025-11-25T17:37:29.181+0000] {standard_task_runner.py:91} INFO - Job 563: Subtask generate_health_report
[2025-11-25T17:37:29.645+0000] {task_command.py:426} INFO - Running <TaskInstance: streaming_pipeline_monitoring.generate_health_report scheduled__2025-11-25T17:20:00+00:00 [running]> on host ac78ca89de1e
[2025-11-25T17:37:30.330+0000] {taskinstance.py:2648} INFO - Exporting env vars: AIRFLOW_CTX_DAG_OWNER='airflow' AIRFLOW_CTX_DAG_ID='streaming_pipeline_monitoring' AIRFLOW_CTX_TASK_ID='generate_health_report' AIRFLOW_CTX_EXECUTION_DATE='2025-11-25T17:20:00+00:00' AIRFLOW_CTX_TRY_NUMBER='1' AIRFLOW_CTX_DAG_RUN_ID='scheduled__2025-11-25T17:20:00+00:00'
[2025-11-25T17:37:30.333+0000] {taskinstance.py:430} INFO - ::endgroup::
[2025-11-25T17:37:30.806+0000] {logging_mixin.py:188} INFO - 
============================================================
[2025-11-25T17:37:30.808+0000] {logging_mixin.py:188} INFO - RAPPORT DE SANTÉ DU PIPELINE
[2025-11-25T17:37:30.810+0000] {logging_mixin.py:188} INFO - ============================================================
[2025-11-25T17:37:30.813+0000] {logging_mixin.py:188} INFO - {
  "timestamp": "2025-11-25T17:37:30.806693",
  "status": "HEALTHY",
  "postgres": {
    "recent_predictions": 62,
    "latest_timestamp": "2025-11-25T17:36:59.920284"
  },
  "mongodb": {
    "total_aggregates": 7284,
    "recent_aggregates": 58
  }
}
[2025-11-25T17:37:30.814+0000] {logging_mixin.py:188} INFO - ============================================================
[2025-11-25T17:37:31.006+0000] {python.py:237} INFO - Done. Returned value was: HEALTHY
[2025-11-25T17:37:31.014+0000] {taskinstance.py:441} INFO - ::group::Post task execution logs
[2025-11-25T17:37:31.191+0000] {taskinstance.py:1206} INFO - Marking task as SUCCESS. dag_id=streaming_pipeline_monitoring, task_id=generate_health_report, run_id=scheduled__2025-11-25T17:20:00+00:00, execution_date=20251125T172000, start_date=20251125T173728, end_date=20251125T173731
[2025-11-25T17:37:31.397+0000] {local_task_job_runner.py:240} INFO - Task exited with return code 0
[2025-11-25T17:37:31.453+0000] {taskinstance.py:3498} INFO - 0 downstream tasks scheduled from follow-on schedule check
[2025-11-25T17:37:31.499+0000] {local_task_job_runner.py:222} INFO - ::endgroup::
