[2025-11-25T15:40:59.092+0000] {local_task_job_runner.py:120} INFO - ::group::Pre task execution logs
[2025-11-25T15:40:59.153+0000] {taskinstance.py:2076} INFO - Dependencies all met for dep_context=non-requeueable deps ti=<TaskInstance: streaming_pipeline_monitoring.generate_health_report scheduled__2025-11-25T15:30:00+00:00 [queued]>
[2025-11-25T15:40:59.178+0000] {taskinstance.py:2076} INFO - Dependencies all met for dep_context=requeueable deps ti=<TaskInstance: streaming_pipeline_monitoring.generate_health_report scheduled__2025-11-25T15:30:00+00:00 [queued]>
[2025-11-25T15:40:59.179+0000] {taskinstance.py:2306} INFO - Starting attempt 1 of 3
[2025-11-25T15:40:59.273+0000] {taskinstance.py:2330} INFO - Executing <Task(PythonOperator): generate_health_report> on 2025-11-25 15:30:00+00:00
[2025-11-25T15:40:59.282+0000] {standard_task_runner.py:63} INFO - Started process 103 to run task
[2025-11-25T15:40:59.286+0000] {standard_task_runner.py:90} INFO - Running: ['airflow', 'tasks', 'run', 'streaming_pipeline_monitoring', 'generate_health_report', 'scheduled__2025-11-25T15:30:00+00:00', '--job-id', '533', '--raw', '--subdir', 'DAGS_FOLDER/streaming_pipeline_dag.py', '--cfg-path', '/tmp/tmpzwodezqs']
[2025-11-25T15:40:59.288+0000] {standard_task_runner.py:91} INFO - Job 533: Subtask generate_health_report
[2025-11-25T15:40:59.432+0000] {task_command.py:426} INFO - Running <TaskInstance: streaming_pipeline_monitoring.generate_health_report scheduled__2025-11-25T15:30:00+00:00 [running]> on host ac78ca89de1e
[2025-11-25T15:40:59.866+0000] {taskinstance.py:2648} INFO - Exporting env vars: AIRFLOW_CTX_DAG_OWNER='airflow' AIRFLOW_CTX_DAG_ID='streaming_pipeline_monitoring' AIRFLOW_CTX_TASK_ID='generate_health_report' AIRFLOW_CTX_EXECUTION_DATE='2025-11-25T15:30:00+00:00' AIRFLOW_CTX_TRY_NUMBER='1' AIRFLOW_CTX_DAG_RUN_ID='scheduled__2025-11-25T15:30:00+00:00'
[2025-11-25T15:40:59.869+0000] {taskinstance.py:430} INFO - ::endgroup::
[2025-11-25T15:41:00.019+0000] {logging_mixin.py:188} INFO - 
============================================================
[2025-11-25T15:41:00.020+0000] {logging_mixin.py:188} INFO - RAPPORT DE SANTÉ DU PIPELINE
[2025-11-25T15:41:00.020+0000] {logging_mixin.py:188} INFO - ============================================================
[2025-11-25T15:41:00.021+0000] {logging_mixin.py:188} INFO - {
  "timestamp": "2025-11-25T15:41:00.019547",
  "status": "HEALTHY",
  "postgres": {
    "recent_predictions": 312,
    "latest_timestamp": "2025-11-25T15:40:40.203457"
  },
  "mongodb": {
    "total_aggregates": 4428,
    "recent_aggregates": 573
  }
}
[2025-11-25T15:41:00.022+0000] {logging_mixin.py:188} INFO - ============================================================
[2025-11-25T15:41:00.127+0000] {python.py:237} INFO - Done. Returned value was: HEALTHY
[2025-11-25T15:41:00.128+0000] {taskinstance.py:441} INFO - ::group::Post task execution logs
[2025-11-25T15:41:00.236+0000] {taskinstance.py:1206} INFO - Marking task as SUCCESS. dag_id=streaming_pipeline_monitoring, task_id=generate_health_report, run_id=scheduled__2025-11-25T15:30:00+00:00, execution_date=20251125T153000, start_date=20251125T154059, end_date=20251125T154100
[2025-11-25T15:41:00.351+0000] {local_task_job_runner.py:240} INFO - Task exited with return code 0
[2025-11-25T15:41:00.390+0000] {taskinstance.py:3498} INFO - 0 downstream tasks scheduled from follow-on schedule check
[2025-11-25T15:41:00.395+0000] {local_task_job_runner.py:222} INFO - ::endgroup::
