[2025-11-25T12:40:31.096+0000] {local_task_job_runner.py:120} INFO - ::group::Pre task execution logs
[2025-11-25T12:40:31.137+0000] {taskinstance.py:2076} INFO - Dependencies all met for dep_context=non-requeueable deps ti=<TaskInstance: streaming_pipeline_monitoring.generate_health_report scheduled__2025-11-25T12:30:00+00:00 [queued]>
[2025-11-25T12:40:31.161+0000] {taskinstance.py:2076} INFO - Dependencies all met for dep_context=requeueable deps ti=<TaskInstance: streaming_pipeline_monitoring.generate_health_report scheduled__2025-11-25T12:30:00+00:00 [queued]>
[2025-11-25T12:40:31.162+0000] {taskinstance.py:2306} INFO - Starting attempt 1 of 3
[2025-11-25T12:40:31.233+0000] {taskinstance.py:2330} INFO - Executing <Task(PythonOperator): generate_health_report> on 2025-11-25 12:30:00+00:00
[2025-11-25T12:40:31.237+0000] {standard_task_runner.py:63} INFO - Started process 1023 to run task
[2025-11-25T12:40:31.240+0000] {standard_task_runner.py:90} INFO - Running: ['airflow', 'tasks', 'run', 'streaming_pipeline_monitoring', 'generate_health_report', 'scheduled__2025-11-25T12:30:00+00:00', '--job-id', '430', '--raw', '--subdir', 'DAGS_FOLDER/streaming_pipeline_dag.py', '--cfg-path', '/tmp/tmp07i9lxqr']
[2025-11-25T12:40:31.242+0000] {standard_task_runner.py:91} INFO - Job 430: Subtask generate_health_report
[2025-11-25T12:40:31.377+0000] {task_command.py:426} INFO - Running <TaskInstance: streaming_pipeline_monitoring.generate_health_report scheduled__2025-11-25T12:30:00+00:00 [running]> on host f385b52f68af
[2025-11-25T12:40:31.615+0000] {taskinstance.py:2648} INFO - Exporting env vars: AIRFLOW_CTX_DAG_OWNER='airflow' AIRFLOW_CTX_DAG_ID='streaming_pipeline_monitoring' AIRFLOW_CTX_TASK_ID='generate_health_report' AIRFLOW_CTX_EXECUTION_DATE='2025-11-25T12:30:00+00:00' AIRFLOW_CTX_TRY_NUMBER='1' AIRFLOW_CTX_DAG_RUN_ID='scheduled__2025-11-25T12:30:00+00:00'
[2025-11-25T12:40:31.616+0000] {taskinstance.py:430} INFO - ::endgroup::
[2025-11-25T12:40:31.696+0000] {logging_mixin.py:188} INFO - 
============================================================
[2025-11-25T12:40:31.697+0000] {logging_mixin.py:188} INFO - RAPPORT DE SANTÉ DU PIPELINE
[2025-11-25T12:40:31.697+0000] {logging_mixin.py:188} INFO - ============================================================
[2025-11-25T12:40:31.698+0000] {logging_mixin.py:188} INFO - {
  "timestamp": "2025-11-25T12:40:31.696402",
  "status": "DEGRADED",
  "postgres": {
    "recent_predictions": 0,
    "latest_timestamp": "None"
  },
  "mongodb": {
    "total_aggregates": 3790,
    "recent_aggregates": 0
  }
}
[2025-11-25T12:40:31.699+0000] {logging_mixin.py:188} INFO - ============================================================
[2025-11-25T12:40:31.757+0000] {python.py:237} INFO - Done. Returned value was: DEGRADED
[2025-11-25T12:40:31.758+0000] {taskinstance.py:441} INFO - ::group::Post task execution logs
[2025-11-25T12:40:31.828+0000] {taskinstance.py:1206} INFO - Marking task as SUCCESS. dag_id=streaming_pipeline_monitoring, task_id=generate_health_report, run_id=scheduled__2025-11-25T12:30:00+00:00, execution_date=20251125T123000, start_date=20251125T124031, end_date=20251125T124031
[2025-11-25T12:40:31.919+0000] {local_task_job_runner.py:240} INFO - Task exited with return code 0
[2025-11-25T12:40:31.952+0000] {taskinstance.py:3498} INFO - 0 downstream tasks scheduled from follow-on schedule check
[2025-11-25T12:40:31.955+0000] {local_task_job_runner.py:222} INFO - ::endgroup::
