[2025-11-26T23:00:22.651+0000] {local_task_job_runner.py:120} INFO - ::group::Pre task execution logs
[2025-11-26T23:00:22.704+0000] {taskinstance.py:2076} INFO - Dependencies all met for dep_context=non-requeueable deps ti=<TaskInstance: streaming_pipeline_monitoring.check_spark_streaming scheduled__2025-11-26T22:50:00+00:00 [queued]>
[2025-11-26T23:00:22.736+0000] {taskinstance.py:2076} INFO - Dependencies all met for dep_context=requeueable deps ti=<TaskInstance: streaming_pipeline_monitoring.check_spark_streaming scheduled__2025-11-26T22:50:00+00:00 [queued]>
[2025-11-26T23:00:22.737+0000] {taskinstance.py:2306} INFO - Starting attempt 1 of 3
[2025-11-26T23:00:22.810+0000] {taskinstance.py:2330} INFO - Executing <Task(BashOperator): check_spark_streaming> on 2025-11-26 22:50:00+00:00
[2025-11-26T23:00:22.817+0000] {standard_task_runner.py:63} INFO - Started process 949 to run task
[2025-11-26T23:00:22.821+0000] {standard_task_runner.py:90} INFO - Running: ['airflow', 'tasks', 'run', 'streaming_pipeline_monitoring', 'check_spark_streaming', 'scheduled__2025-11-26T22:50:00+00:00', '--job-id', '903', '--raw', '--subdir', 'DAGS_FOLDER/streaming_pipeline_dag.py', '--cfg-path', '/tmp/tmpr57ay581']
[2025-11-26T23:00:22.823+0000] {standard_task_runner.py:91} INFO - Job 903: Subtask check_spark_streaming
[2025-11-26T23:00:22.972+0000] {task_command.py:426} INFO - Running <TaskInstance: streaming_pipeline_monitoring.check_spark_streaming scheduled__2025-11-26T22:50:00+00:00 [running]> on host ac78ca89de1e
[2025-11-26T23:00:23.269+0000] {taskinstance.py:2648} INFO - Exporting env vars: AIRFLOW_CTX_DAG_OWNER='airflow' AIRFLOW_CTX_DAG_ID='streaming_pipeline_monitoring' AIRFLOW_CTX_TASK_ID='check_spark_streaming' AIRFLOW_CTX_EXECUTION_DATE='2025-11-26T22:50:00+00:00' AIRFLOW_CTX_TRY_NUMBER='1' AIRFLOW_CTX_DAG_RUN_ID='scheduled__2025-11-26T22:50:00+00:00'
[2025-11-26T23:00:23.270+0000] {taskinstance.py:430} INFO - ::endgroup::
[2025-11-26T23:00:23.286+0000] {subprocess.py:63} INFO - Tmp dir root location: /tmp
[2025-11-26T23:00:23.288+0000] {subprocess.py:75} INFO - Running command: ['/usr/bin/bash', '-c', '\n        echo "✓ Vérification indirecte de Spark (via données PostgreSQL dans la prochaine tâche)"\n        echo "  Si PostgreSQL reçoit des prédictions récentes, c\'est que Spark fonctionne"\n        exit 0\n        ']
[2025-11-26T23:00:23.299+0000] {subprocess.py:86} INFO - Output:
[2025-11-26T23:00:23.300+0000] {subprocess.py:93} INFO - ✓ Vérification indirecte de Spark (via données PostgreSQL dans la prochaine tâche)
[2025-11-26T23:00:23.301+0000] {subprocess.py:93} INFO -   Si PostgreSQL reçoit des prédictions récentes, c'est que Spark fonctionne
[2025-11-26T23:00:23.302+0000] {subprocess.py:97} INFO - Command exited with return code 0
[2025-11-26T23:00:23.303+0000] {taskinstance.py:441} INFO - ::group::Post task execution logs
[2025-11-26T23:00:23.396+0000] {taskinstance.py:1206} INFO - Marking task as SUCCESS. dag_id=streaming_pipeline_monitoring, task_id=check_spark_streaming, run_id=scheduled__2025-11-26T22:50:00+00:00, execution_date=20251126T225000, start_date=20251126T230022, end_date=20251126T230023
[2025-11-26T23:00:23.488+0000] {local_task_job_runner.py:240} INFO - Task exited with return code 0
[2025-11-26T23:00:23.563+0000] {taskinstance.py:3498} INFO - 2 downstream tasks scheduled from follow-on schedule check
[2025-11-26T23:00:23.587+0000] {local_task_job_runner.py:222} INFO - ::endgroup::
