[2025-12-02T04:20:29.952+0000] {local_task_job_runner.py:120} INFO - ::group::Pre task execution logs
[2025-12-02T04:20:29.997+0000] {taskinstance.py:2076} INFO - Dependencies all met for dep_context=non-requeueable deps ti=<TaskInstance: streaming_pipeline_monitoring.generate_health_report scheduled__2025-12-02T04:10:00+00:00 [queued]>
[2025-12-02T04:20:30.024+0000] {taskinstance.py:2076} INFO - Dependencies all met for dep_context=requeueable deps ti=<TaskInstance: streaming_pipeline_monitoring.generate_health_report scheduled__2025-12-02T04:10:00+00:00 [queued]>
[2025-12-02T04:20:30.024+0000] {taskinstance.py:2306} INFO - Starting attempt 1 of 3
[2025-12-02T04:20:30.071+0000] {taskinstance.py:2330} INFO - Executing <Task(PythonOperator): generate_health_report> on 2025-12-02 04:10:00+00:00
[2025-12-02T04:20:30.076+0000] {standard_task_runner.py:63} INFO - Started process 2206 to run task
[2025-12-02T04:20:30.079+0000] {standard_task_runner.py:90} INFO - Running: ['airflow', 'tasks', 'run', 'streaming_pipeline_monitoring', 'generate_health_report', 'scheduled__2025-12-02T04:10:00+00:00', '--job-id', '1870', '--raw', '--subdir', 'DAGS_FOLDER/streaming_pipeline_dag.py', '--cfg-path', '/tmp/tmp_oi1k_49']
[2025-12-02T04:20:30.081+0000] {standard_task_runner.py:91} INFO - Job 1870: Subtask generate_health_report
[2025-12-02T04:20:30.195+0000] {task_command.py:426} INFO - Running <TaskInstance: streaming_pipeline_monitoring.generate_health_report scheduled__2025-12-02T04:10:00+00:00 [running]> on host 3ad5ba232e74
[2025-12-02T04:20:30.409+0000] {taskinstance.py:2648} INFO - Exporting env vars: AIRFLOW_CTX_DAG_OWNER='airflow' AIRFLOW_CTX_DAG_ID='streaming_pipeline_monitoring' AIRFLOW_CTX_TASK_ID='generate_health_report' AIRFLOW_CTX_EXECUTION_DATE='2025-12-02T04:10:00+00:00' AIRFLOW_CTX_TRY_NUMBER='1' AIRFLOW_CTX_DAG_RUN_ID='scheduled__2025-12-02T04:10:00+00:00'
[2025-12-02T04:20:30.411+0000] {taskinstance.py:430} INFO - ::endgroup::
[2025-12-02T04:20:30.479+0000] {logging_mixin.py:188} INFO - 
============================================================
[2025-12-02T04:20:30.479+0000] {logging_mixin.py:188} INFO - RAPPORT DE SANTÉ DU PIPELINE
[2025-12-02T04:20:30.480+0000] {logging_mixin.py:188} INFO - ============================================================
[2025-12-02T04:20:30.480+0000] {logging_mixin.py:188} INFO - {
  "timestamp": "2025-12-02T04:20:30.479113",
  "status": "DEGRADED",
  "postgres": {
    "recent_predictions": 0,
    "latest_timestamp": "None"
  },
  "mongodb": {
    "total_aggregates": 18784,
    "recent_aggregates": 0
  }
}
[2025-12-02T04:20:30.481+0000] {logging_mixin.py:188} INFO - ============================================================
[2025-12-02T04:20:30.524+0000] {python.py:237} INFO - Done. Returned value was: DEGRADED
[2025-12-02T04:20:30.525+0000] {taskinstance.py:441} INFO - ::group::Post task execution logs
[2025-12-02T04:20:30.578+0000] {taskinstance.py:1206} INFO - Marking task as SUCCESS. dag_id=streaming_pipeline_monitoring, task_id=generate_health_report, run_id=scheduled__2025-12-02T04:10:00+00:00, execution_date=20251202T041000, start_date=20251202T042029, end_date=20251202T042030
[2025-12-02T04:20:30.654+0000] {local_task_job_runner.py:240} INFO - Task exited with return code 0
[2025-12-02T04:20:30.681+0000] {taskinstance.py:3498} INFO - 0 downstream tasks scheduled from follow-on schedule check
[2025-12-02T04:20:30.683+0000] {local_task_job_runner.py:222} INFO - ::endgroup::
