[2025-11-28T14:30:45.489+0000] {local_task_job_runner.py:120} INFO - ::group::Pre task execution logs
[2025-11-28T14:30:45.554+0000] {taskinstance.py:2076} INFO - Dependencies all met for dep_context=non-requeueable deps ti=<TaskInstance: streaming_pipeline_monitoring.generate_health_report scheduled__2025-11-28T14:20:00+00:00 [queued]>
[2025-11-28T14:30:45.597+0000] {taskinstance.py:2076} INFO - Dependencies all met for dep_context=requeueable deps ti=<TaskInstance: streaming_pipeline_monitoring.generate_health_report scheduled__2025-11-28T14:20:00+00:00 [queued]>
[2025-11-28T14:30:45.598+0000] {taskinstance.py:2306} INFO - Starting attempt 1 of 3
[2025-11-28T14:30:45.695+0000] {taskinstance.py:2330} INFO - Executing <Task(PythonOperator): generate_health_report> on 2025-11-28 14:20:00+00:00
[2025-11-28T14:30:45.703+0000] {standard_task_runner.py:63} INFO - Started process 130 to run task
[2025-11-28T14:30:45.709+0000] {standard_task_runner.py:90} INFO - Running: ['airflow', 'tasks', 'run', 'streaming_pipeline_monitoring', 'generate_health_report', 'scheduled__2025-11-28T14:20:00+00:00', '--job-id', '1551', '--raw', '--subdir', 'DAGS_FOLDER/streaming_pipeline_dag.py', '--cfg-path', '/tmp/tmpzrna74z8']
[2025-11-28T14:30:45.713+0000] {standard_task_runner.py:91} INFO - Job 1551: Subtask generate_health_report
[2025-11-28T14:30:45.972+0000] {task_command.py:426} INFO - Running <TaskInstance: streaming_pipeline_monitoring.generate_health_report scheduled__2025-11-28T14:20:00+00:00 [running]> on host 3ad5ba232e74
[2025-11-28T14:30:46.516+0000] {taskinstance.py:2648} INFO - Exporting env vars: AIRFLOW_CTX_DAG_OWNER='airflow' AIRFLOW_CTX_DAG_ID='streaming_pipeline_monitoring' AIRFLOW_CTX_TASK_ID='generate_health_report' AIRFLOW_CTX_EXECUTION_DATE='2025-11-28T14:20:00+00:00' AIRFLOW_CTX_TRY_NUMBER='1' AIRFLOW_CTX_DAG_RUN_ID='scheduled__2025-11-28T14:20:00+00:00'
[2025-11-28T14:30:46.518+0000] {taskinstance.py:430} INFO - ::endgroup::
[2025-11-28T14:30:46.708+0000] {logging_mixin.py:188} INFO - 
============================================================
[2025-11-28T14:30:46.709+0000] {logging_mixin.py:188} INFO - RAPPORT DE SANTÉ DU PIPELINE
[2025-11-28T14:30:46.710+0000] {logging_mixin.py:188} INFO - ============================================================
[2025-11-28T14:30:46.711+0000] {logging_mixin.py:188} INFO - {
  "timestamp": "2025-11-28T14:30:46.707997",
  "status": "DEGRADED",
  "postgres": {
    "recent_predictions": 0,
    "latest_timestamp": "None"
  },
  "mongodb": {
    "total_aggregates": 18784,
    "recent_aggregates": 0
  }
}
[2025-11-28T14:30:46.712+0000] {logging_mixin.py:188} INFO - ============================================================
[2025-11-28T14:30:46.836+0000] {python.py:237} INFO - Done. Returned value was: DEGRADED
[2025-11-28T14:30:46.837+0000] {taskinstance.py:441} INFO - ::group::Post task execution logs
[2025-11-28T14:30:46.955+0000] {taskinstance.py:1206} INFO - Marking task as SUCCESS. dag_id=streaming_pipeline_monitoring, task_id=generate_health_report, run_id=scheduled__2025-11-28T14:20:00+00:00, execution_date=20251128T142000, start_date=20251128T143045, end_date=20251128T143046
[2025-11-28T14:30:47.171+0000] {local_task_job_runner.py:240} INFO - Task exited with return code 0
[2025-11-28T14:30:47.206+0000] {taskinstance.py:3498} INFO - 0 downstream tasks scheduled from follow-on schedule check
[2025-11-28T14:30:47.210+0000] {local_task_job_runner.py:222} INFO - ::endgroup::
