[2025-11-25T18:11:02.782+0000] {local_task_job_runner.py:120} INFO - ::group::Pre task execution logs
[2025-11-25T18:11:02.941+0000] {taskinstance.py:2076} INFO - Dependencies all met for dep_context=non-requeueable deps ti=<TaskInstance: streaming_pipeline_monitoring.generate_health_report scheduled__2025-11-25T18:00:00+00:00 [queued]>
[2025-11-25T18:11:02.978+0000] {taskinstance.py:2076} INFO - Dependencies all met for dep_context=requeueable deps ti=<TaskInstance: streaming_pipeline_monitoring.generate_health_report scheduled__2025-11-25T18:00:00+00:00 [queued]>
[2025-11-25T18:11:02.978+0000] {taskinstance.py:2306} INFO - Starting attempt 1 of 3
[2025-11-25T18:11:03.084+0000] {taskinstance.py:2330} INFO - Executing <Task(PythonOperator): generate_health_report> on 2025-11-25 18:00:00+00:00
[2025-11-25T18:11:03.094+0000] {standard_task_runner.py:63} INFO - Started process 505 to run task
[2025-11-25T18:11:03.101+0000] {standard_task_runner.py:90} INFO - Running: ['airflow', 'tasks', 'run', 'streaming_pipeline_monitoring', 'generate_health_report', 'scheduled__2025-11-25T18:00:00+00:00', '--job-id', '587', '--raw', '--subdir', 'DAGS_FOLDER/streaming_pipeline_dag.py', '--cfg-path', '/tmp/tmpabdazq8y']
[2025-11-25T18:11:03.104+0000] {standard_task_runner.py:91} INFO - Job 587: Subtask generate_health_report
[2025-11-25T18:11:03.363+0000] {task_command.py:426} INFO - Running <TaskInstance: streaming_pipeline_monitoring.generate_health_report scheduled__2025-11-25T18:00:00+00:00 [running]> on host ac78ca89de1e
[2025-11-25T18:11:03.684+0000] {taskinstance.py:2648} INFO - Exporting env vars: AIRFLOW_CTX_DAG_OWNER='airflow' AIRFLOW_CTX_DAG_ID='streaming_pipeline_monitoring' AIRFLOW_CTX_TASK_ID='generate_health_report' AIRFLOW_CTX_EXECUTION_DATE='2025-11-25T18:00:00+00:00' AIRFLOW_CTX_TRY_NUMBER='1' AIRFLOW_CTX_DAG_RUN_ID='scheduled__2025-11-25T18:00:00+00:00'
[2025-11-25T18:11:03.686+0000] {taskinstance.py:430} INFO - ::endgroup::
[2025-11-25T18:11:03.855+0000] {logging_mixin.py:188} INFO - 
============================================================
[2025-11-25T18:11:03.856+0000] {logging_mixin.py:188} INFO - RAPPORT DE SANTÉ DU PIPELINE
[2025-11-25T18:11:03.857+0000] {logging_mixin.py:188} INFO - ============================================================
[2025-11-25T18:11:03.858+0000] {logging_mixin.py:188} INFO - {
  "timestamp": "2025-11-25T18:11:03.855452",
  "status": "HEALTHY",
  "postgres": {
    "recent_predictions": 312,
    "latest_timestamp": "2025-11-25T18:10:40.373254"
  },
  "mongodb": {
    "total_aggregates": 9164,
    "recent_aggregates": 551
  }
}
[2025-11-25T18:11:03.858+0000] {logging_mixin.py:188} INFO - ============================================================
[2025-11-25T18:11:03.944+0000] {python.py:237} INFO - Done. Returned value was: HEALTHY
[2025-11-25T18:11:03.945+0000] {taskinstance.py:441} INFO - ::group::Post task execution logs
[2025-11-25T18:11:04.046+0000] {taskinstance.py:1206} INFO - Marking task as SUCCESS. dag_id=streaming_pipeline_monitoring, task_id=generate_health_report, run_id=scheduled__2025-11-25T18:00:00+00:00, execution_date=20251125T180000, start_date=20251125T181102, end_date=20251125T181104
[2025-11-25T18:11:04.178+0000] {local_task_job_runner.py:240} INFO - Task exited with return code 0
[2025-11-25T18:11:04.231+0000] {taskinstance.py:3498} INFO - 0 downstream tasks scheduled from follow-on schedule check
[2025-11-25T18:11:04.235+0000] {local_task_job_runner.py:222} INFO - ::endgroup::
