[2025-11-24T08:37:16.306+0000] {local_task_job_runner.py:120} INFO - ::group::Pre task execution logs
[2025-11-24T08:37:16.364+0000] {taskinstance.py:2076} INFO - Dependencies all met for dep_context=non-requeueable deps ti=<TaskInstance: streaming_pipeline_monitoring.check_fastapi_health scheduled__2025-11-24T08:20:00+00:00 [queued]>
[2025-11-24T08:37:16.381+0000] {taskinstance.py:2076} INFO - Dependencies all met for dep_context=requeueable deps ti=<TaskInstance: streaming_pipeline_monitoring.check_fastapi_health scheduled__2025-11-24T08:20:00+00:00 [queued]>
[2025-11-24T08:37:16.381+0000] {taskinstance.py:2306} INFO - Starting attempt 1 of 3
[2025-11-24T08:37:16.469+0000] {taskinstance.py:2330} INFO - Executing <Task(BashOperator): check_fastapi_health> on 2025-11-24 08:20:00+00:00
[2025-11-24T08:37:16.474+0000] {standard_task_runner.py:63} INFO - Started process 27 to run task
[2025-11-24T08:37:16.479+0000] {standard_task_runner.py:90} INFO - Running: ['airflow', 'tasks', 'run', 'streaming_pipeline_monitoring', 'check_fastapi_health', 'scheduled__2025-11-24T08:20:00+00:00', '--job-id', '80', '--raw', '--subdir', 'DAGS_FOLDER/streaming_pipeline_dag.py', '--cfg-path', '/tmp/tmpnxqmlpow']
[2025-11-24T08:37:16.482+0000] {standard_task_runner.py:91} INFO - Job 80: Subtask check_fastapi_health
[2025-11-24T08:37:16.611+0000] {task_command.py:426} INFO - Running <TaskInstance: streaming_pipeline_monitoring.check_fastapi_health scheduled__2025-11-24T08:20:00+00:00 [running]> on host 44ce18cdf754
[2025-11-24T08:37:16.852+0000] {taskinstance.py:2648} INFO - Exporting env vars: AIRFLOW_CTX_DAG_OWNER='airflow' AIRFLOW_CTX_DAG_ID='streaming_pipeline_monitoring' AIRFLOW_CTX_TASK_ID='check_fastapi_health' AIRFLOW_CTX_EXECUTION_DATE='2025-11-24T08:20:00+00:00' AIRFLOW_CTX_TRY_NUMBER='1' AIRFLOW_CTX_DAG_RUN_ID='scheduled__2025-11-24T08:20:00+00:00'
[2025-11-24T08:37:16.854+0000] {taskinstance.py:430} INFO - ::endgroup::
[2025-11-24T08:37:16.878+0000] {subprocess.py:63} INFO - Tmp dir root location: /tmp
[2025-11-24T08:37:16.880+0000] {subprocess.py:75} INFO - Running command: ['/usr/bin/bash', '-c', '\n        echo "Vérification de FastAPI..."\n        response=$(curl -s -o /dev/null -w "%{http_code}" http://fastapi:8000)\n        if [ "$response" = "200" ]; then\n            echo "✓ FastAPI est actif (HTTP $response)"\n            exit 0\n        else\n            echo "✗ FastAPI ne répond pas (HTTP $response)"\n            exit 1\n        fi\n        ']
[2025-11-24T08:37:16.889+0000] {subprocess.py:86} INFO - Output:
[2025-11-24T08:37:16.890+0000] {subprocess.py:93} INFO - Vérification de FastAPI...
[2025-11-24T08:37:16.968+0000] {subprocess.py:93} INFO - ✓ FastAPI est actif (HTTP 200)
[2025-11-24T08:37:16.969+0000] {subprocess.py:97} INFO - Command exited with return code 0
[2025-11-24T08:37:16.970+0000] {taskinstance.py:441} INFO - ::group::Post task execution logs
[2025-11-24T08:37:17.102+0000] {taskinstance.py:1206} INFO - Marking task as SUCCESS. dag_id=streaming_pipeline_monitoring, task_id=check_fastapi_health, run_id=scheduled__2025-11-24T08:20:00+00:00, execution_date=20251124T082000, start_date=20251124T083716, end_date=20251124T083717
[2025-11-24T08:37:17.229+0000] {local_task_job_runner.py:240} INFO - Task exited with return code 0
[2025-11-24T08:37:17.310+0000] {taskinstance.py:3498} INFO - 1 downstream tasks scheduled from follow-on schedule check
[2025-11-24T08:37:17.340+0000] {local_task_job_runner.py:222} INFO - ::endgroup::
