[2025-11-23T16:40:27.445+0000] {local_task_job_runner.py:120} INFO - ::group::Pre task execution logs
[2025-11-23T16:40:27.496+0000] {taskinstance.py:2076} INFO - Dependencies all met for dep_context=non-requeueable deps ti=<TaskInstance: streaming_pipeline_monitoring.generate_health_report scheduled__2025-11-23T16:20:00+00:00 [queued]>
[2025-11-23T16:40:27.525+0000] {taskinstance.py:2076} INFO - Dependencies all met for dep_context=requeueable deps ti=<TaskInstance: streaming_pipeline_monitoring.generate_health_report scheduled__2025-11-23T16:20:00+00:00 [queued]>
[2025-11-23T16:40:27.526+0000] {taskinstance.py:2306} INFO - Starting attempt 1 of 3
[2025-11-23T16:40:27.751+0000] {taskinstance.py:2330} INFO - Executing <Task(PythonOperator): generate_health_report> on 2025-11-23 16:20:00+00:00
[2025-11-23T16:40:27.773+0000] {standard_task_runner.py:63} INFO - Started process 107 to run task
[2025-11-23T16:40:27.780+0000] {standard_task_runner.py:90} INFO - Running: ['airflow', 'tasks', 'run', 'streaming_pipeline_monitoring', 'generate_health_report', 'scheduled__2025-11-23T16:20:00+00:00', '--job-id', '43', '--raw', '--subdir', 'DAGS_FOLDER/streaming_pipeline_dag.py', '--cfg-path', '/tmp/tmpp9gr_i5q']
[2025-11-23T16:40:27.793+0000] {standard_task_runner.py:91} INFO - Job 43: Subtask generate_health_report
[2025-11-23T16:40:28.120+0000] {task_command.py:426} INFO - Running <TaskInstance: streaming_pipeline_monitoring.generate_health_report scheduled__2025-11-23T16:20:00+00:00 [running]> on host 44ce18cdf754
[2025-11-23T16:40:28.526+0000] {taskinstance.py:2648} INFO - Exporting env vars: AIRFLOW_CTX_DAG_OWNER='airflow' AIRFLOW_CTX_DAG_ID='streaming_pipeline_monitoring' AIRFLOW_CTX_TASK_ID='generate_health_report' AIRFLOW_CTX_EXECUTION_DATE='2025-11-23T16:20:00+00:00' AIRFLOW_CTX_TRY_NUMBER='1' AIRFLOW_CTX_DAG_RUN_ID='scheduled__2025-11-23T16:20:00+00:00'
[2025-11-23T16:40:28.528+0000] {taskinstance.py:430} INFO - ::endgroup::
[2025-11-23T16:40:28.651+0000] {logging_mixin.py:188} INFO - 
============================================================
[2025-11-23T16:40:28.651+0000] {logging_mixin.py:188} INFO - RAPPORT DE SANTÉ DU PIPELINE
[2025-11-23T16:40:28.652+0000] {logging_mixin.py:188} INFO - ============================================================
[2025-11-23T16:40:28.653+0000] {logging_mixin.py:188} INFO - {
  "timestamp": "2025-11-23T16:40:28.650756",
  "status": "HEALTHY",
  "postgres": {
    "recent_predictions": 48,
    "latest_timestamp": "2025-11-23T16:39:53.912656"
  },
  "mongodb": {
    "total_aggregates": 623,
    "recent_aggregates": 49
  }
}
[2025-11-23T16:40:28.654+0000] {logging_mixin.py:188} INFO - ============================================================
[2025-11-23T16:40:28.725+0000] {python.py:237} INFO - Done. Returned value was: HEALTHY
[2025-11-23T16:40:28.726+0000] {taskinstance.py:441} INFO - ::group::Post task execution logs
[2025-11-23T16:40:28.852+0000] {taskinstance.py:1206} INFO - Marking task as SUCCESS. dag_id=streaming_pipeline_monitoring, task_id=generate_health_report, run_id=scheduled__2025-11-23T16:20:00+00:00, execution_date=20251123T162000, start_date=20251123T164027, end_date=20251123T164028
[2025-11-23T16:40:28.969+0000] {local_task_job_runner.py:240} INFO - Task exited with return code 0
[2025-11-23T16:40:29.026+0000] {taskinstance.py:3498} INFO - 0 downstream tasks scheduled from follow-on schedule check
[2025-11-23T16:40:29.031+0000] {local_task_job_runner.py:222} INFO - ::endgroup::
