[2025-11-25T14:00:48.886+0000] {local_task_job_runner.py:120} INFO - ::group::Pre task execution logs
[2025-11-25T14:00:48.968+0000] {taskinstance.py:2076} INFO - Dependencies all met for dep_context=non-requeueable deps ti=<TaskInstance: streaming_pipeline_monitoring.generate_health_report scheduled__2025-11-25T13:50:00+00:00 [queued]>
[2025-11-25T14:00:49.016+0000] {taskinstance.py:2076} INFO - Dependencies all met for dep_context=requeueable deps ti=<TaskInstance: streaming_pipeline_monitoring.generate_health_report scheduled__2025-11-25T13:50:00+00:00 [queued]>
[2025-11-25T14:00:49.017+0000] {taskinstance.py:2306} INFO - Starting attempt 1 of 3
[2025-11-25T14:00:49.144+0000] {taskinstance.py:2330} INFO - Executing <Task(PythonOperator): generate_health_report> on 2025-11-25 13:50:00+00:00
[2025-11-25T14:00:49.152+0000] {standard_task_runner.py:63} INFO - Started process 1322 to run task
[2025-11-25T14:00:49.157+0000] {standard_task_runner.py:90} INFO - Running: ['airflow', 'tasks', 'run', 'streaming_pipeline_monitoring', 'generate_health_report', 'scheduled__2025-11-25T13:50:00+00:00', '--job-id', '472', '--raw', '--subdir', 'DAGS_FOLDER/streaming_pipeline_dag.py', '--cfg-path', '/tmp/tmp9n83skww']
[2025-11-25T14:00:49.161+0000] {standard_task_runner.py:91} INFO - Job 472: Subtask generate_health_report
[2025-11-25T14:00:49.445+0000] {task_command.py:426} INFO - Running <TaskInstance: streaming_pipeline_monitoring.generate_health_report scheduled__2025-11-25T13:50:00+00:00 [running]> on host f385b52f68af
[2025-11-25T14:00:49.949+0000] {taskinstance.py:2648} INFO - Exporting env vars: AIRFLOW_CTX_DAG_OWNER='airflow' AIRFLOW_CTX_DAG_ID='streaming_pipeline_monitoring' AIRFLOW_CTX_TASK_ID='generate_health_report' AIRFLOW_CTX_EXECUTION_DATE='2025-11-25T13:50:00+00:00' AIRFLOW_CTX_TRY_NUMBER='1' AIRFLOW_CTX_DAG_RUN_ID='scheduled__2025-11-25T13:50:00+00:00'
[2025-11-25T14:00:49.952+0000] {taskinstance.py:430} INFO - ::endgroup::
[2025-11-25T14:00:50.159+0000] {logging_mixin.py:188} INFO - 
============================================================
[2025-11-25T14:00:50.160+0000] {logging_mixin.py:188} INFO - RAPPORT DE SANTÉ DU PIPELINE
[2025-11-25T14:00:50.161+0000] {logging_mixin.py:188} INFO - ============================================================
[2025-11-25T14:00:50.162+0000] {logging_mixin.py:188} INFO - {
  "timestamp": "2025-11-25T14:00:50.158438",
  "status": "DEGRADED",
  "postgres": {
    "recent_predictions": 0,
    "latest_timestamp": "None"
  },
  "mongodb": {
    "total_aggregates": 3790,
    "recent_aggregates": 0
  }
}
[2025-11-25T14:00:50.162+0000] {logging_mixin.py:188} INFO - ============================================================
[2025-11-25T14:00:50.287+0000] {python.py:237} INFO - Done. Returned value was: DEGRADED
[2025-11-25T14:00:50.288+0000] {taskinstance.py:441} INFO - ::group::Post task execution logs
[2025-11-25T14:00:50.461+0000] {taskinstance.py:1206} INFO - Marking task as SUCCESS. dag_id=streaming_pipeline_monitoring, task_id=generate_health_report, run_id=scheduled__2025-11-25T13:50:00+00:00, execution_date=20251125T135000, start_date=20251125T140048, end_date=20251125T140050
[2025-11-25T14:00:50.592+0000] {local_task_job_runner.py:240} INFO - Task exited with return code 0
[2025-11-25T14:00:50.650+0000] {taskinstance.py:3498} INFO - 0 downstream tasks scheduled from follow-on schedule check
[2025-11-25T14:00:50.656+0000] {local_task_job_runner.py:222} INFO - ::endgroup::
