[2025-11-27T08:20:06.229+0000] {local_task_job_runner.py:120} INFO - ::group::Pre task execution logs
[2025-11-27T08:20:06.265+0000] {taskinstance.py:2076} INFO - Dependencies all met for dep_context=non-requeueable deps ti=<TaskInstance: streaming_pipeline_monitoring.check_fastapi_health scheduled__2025-11-27T08:10:00+00:00 [queued]>
[2025-11-27T08:20:06.283+0000] {taskinstance.py:2076} INFO - Dependencies all met for dep_context=requeueable deps ti=<TaskInstance: streaming_pipeline_monitoring.check_fastapi_health scheduled__2025-11-27T08:10:00+00:00 [queued]>
[2025-11-27T08:20:06.284+0000] {taskinstance.py:2306} INFO - Starting attempt 1 of 3
[2025-11-27T08:20:06.338+0000] {taskinstance.py:2330} INFO - Executing <Task(BashOperator): check_fastapi_health> on 2025-11-27 08:10:00+00:00
[2025-11-27T08:20:06.343+0000] {standard_task_runner.py:63} INFO - Started process 2404 to run task
[2025-11-27T08:20:06.349+0000] {standard_task_runner.py:90} INFO - Running: ['airflow', 'tasks', 'run', 'streaming_pipeline_monitoring', 'check_fastapi_health', 'scheduled__2025-11-27T08:10:00+00:00', '--job-id', '1099', '--raw', '--subdir', 'DAGS_FOLDER/streaming_pipeline_dag.py', '--cfg-path', '/tmp/tmp6xut6k6c']
[2025-11-27T08:20:06.352+0000] {standard_task_runner.py:91} INFO - Job 1099: Subtask check_fastapi_health
[2025-11-27T08:20:06.475+0000] {task_command.py:426} INFO - Running <TaskInstance: streaming_pipeline_monitoring.check_fastapi_health scheduled__2025-11-27T08:10:00+00:00 [running]> on host ac78ca89de1e
[2025-11-27T08:20:06.687+0000] {taskinstance.py:2648} INFO - Exporting env vars: AIRFLOW_CTX_DAG_OWNER='airflow' AIRFLOW_CTX_DAG_ID='streaming_pipeline_monitoring' AIRFLOW_CTX_TASK_ID='check_fastapi_health' AIRFLOW_CTX_EXECUTION_DATE='2025-11-27T08:10:00+00:00' AIRFLOW_CTX_TRY_NUMBER='1' AIRFLOW_CTX_DAG_RUN_ID='scheduled__2025-11-27T08:10:00+00:00'
[2025-11-27T08:20:06.688+0000] {taskinstance.py:430} INFO - ::endgroup::
[2025-11-27T08:20:06.710+0000] {subprocess.py:63} INFO - Tmp dir root location: /tmp
[2025-11-27T08:20:06.712+0000] {subprocess.py:75} INFO - Running command: ['/usr/bin/bash', '-c', '\n        echo "Vérification de FastAPI..."\n        response=$(curl -s -o /dev/null -w "%{http_code}" http://fastapi:8000)\n        if [ "$response" = "200" ]; then\n            echo "✓ FastAPI est actif (HTTP $response)"\n            exit 0\n        else\n            echo "✗ FastAPI ne répond pas (HTTP $response)"\n            exit 1\n        fi\n        ']
[2025-11-27T08:20:06.720+0000] {subprocess.py:86} INFO - Output:
[2025-11-27T08:20:06.722+0000] {subprocess.py:93} INFO - Vérification de FastAPI...
[2025-11-27T08:20:06.771+0000] {subprocess.py:93} INFO - ✓ FastAPI est actif (HTTP 200)
[2025-11-27T08:20:06.773+0000] {subprocess.py:97} INFO - Command exited with return code 0
[2025-11-27T08:20:06.775+0000] {taskinstance.py:441} INFO - ::group::Post task execution logs
[2025-11-27T08:20:06.895+0000] {taskinstance.py:1206} INFO - Marking task as SUCCESS. dag_id=streaming_pipeline_monitoring, task_id=check_fastapi_health, run_id=scheduled__2025-11-27T08:10:00+00:00, execution_date=20251127T081000, start_date=20251127T082006, end_date=20251127T082006
[2025-11-27T08:20:06.986+0000] {local_task_job_runner.py:240} INFO - Task exited with return code 0
[2025-11-27T08:20:07.126+0000] {taskinstance.py:3498} INFO - 1 downstream tasks scheduled from follow-on schedule check
[2025-11-27T08:20:07.167+0000] {local_task_job_runner.py:222} INFO - ::endgroup::
