[2025-11-27T20:30:11.230+0000] {local_task_job_runner.py:120} INFO - ::group::Pre task execution logs
[2025-11-27T20:30:11.274+0000] {taskinstance.py:2076} INFO - Dependencies all met for dep_context=non-requeueable deps ti=<TaskInstance: streaming_pipeline_monitoring.check_bridge_tcp scheduled__2025-11-27T20:20:00+00:00 [queued]>
[2025-11-27T20:30:11.308+0000] {taskinstance.py:2076} INFO - Dependencies all met for dep_context=requeueable deps ti=<TaskInstance: streaming_pipeline_monitoring.check_bridge_tcp scheduled__2025-11-27T20:20:00+00:00 [queued]>
[2025-11-27T20:30:11.309+0000] {taskinstance.py:2306} INFO - Starting attempt 1 of 3
[2025-11-27T20:30:11.374+0000] {taskinstance.py:2330} INFO - Executing <Task(BashOperator): check_bridge_tcp> on 2025-11-27 20:20:00+00:00
[2025-11-27T20:30:11.380+0000] {standard_task_runner.py:63} INFO - Started process 1280 to run task
[2025-11-27T20:30:11.384+0000] {standard_task_runner.py:90} INFO - Running: ['airflow', 'tasks', 'run', 'streaming_pipeline_monitoring', 'check_bridge_tcp', 'scheduled__2025-11-27T20:20:00+00:00', '--job-id', '1468', '--raw', '--subdir', 'DAGS_FOLDER/streaming_pipeline_dag.py', '--cfg-path', '/tmp/tmp9r3qvz_p']
[2025-11-27T20:30:11.387+0000] {standard_task_runner.py:91} INFO - Job 1468: Subtask check_bridge_tcp
[2025-11-27T20:30:11.535+0000] {task_command.py:426} INFO - Running <TaskInstance: streaming_pipeline_monitoring.check_bridge_tcp scheduled__2025-11-27T20:20:00+00:00 [running]> on host 3ad5ba232e74
[2025-11-27T20:30:11.777+0000] {taskinstance.py:2648} INFO - Exporting env vars: AIRFLOW_CTX_DAG_OWNER='airflow' AIRFLOW_CTX_DAG_ID='streaming_pipeline_monitoring' AIRFLOW_CTX_TASK_ID='check_bridge_tcp' AIRFLOW_CTX_EXECUTION_DATE='2025-11-27T20:20:00+00:00' AIRFLOW_CTX_TRY_NUMBER='1' AIRFLOW_CTX_DAG_RUN_ID='scheduled__2025-11-27T20:20:00+00:00'
[2025-11-27T20:30:11.779+0000] {taskinstance.py:430} INFO - ::endgroup::
[2025-11-27T20:30:11.793+0000] {subprocess.py:63} INFO - Tmp dir root location: /tmp
[2025-11-27T20:30:11.795+0000] {subprocess.py:75} INFO - Running command: ['/usr/bin/bash', '-c', '\n        echo "Vérification du Bridge TCP..."\n        if nc -z -w 5 bridge 9999; then\n            echo "✓ Bridge TCP actif sur port 9999"\n            exit 0\n        else\n            echo "✗ Bridge TCP ne répond pas"\n            exit 1\n        fi\n        ']
[2025-11-27T20:30:11.805+0000] {subprocess.py:86} INFO - Output:
[2025-11-27T20:30:11.806+0000] {subprocess.py:93} INFO - Vérification du Bridge TCP...
[2025-11-27T20:30:11.810+0000] {subprocess.py:93} INFO - ✓ Bridge TCP actif sur port 9999
[2025-11-27T20:30:11.811+0000] {subprocess.py:97} INFO - Command exited with return code 0
[2025-11-27T20:30:11.812+0000] {taskinstance.py:441} INFO - ::group::Post task execution logs
[2025-11-27T20:30:11.893+0000] {taskinstance.py:1206} INFO - Marking task as SUCCESS. dag_id=streaming_pipeline_monitoring, task_id=check_bridge_tcp, run_id=scheduled__2025-11-27T20:20:00+00:00, execution_date=20251127T202000, start_date=20251127T203011, end_date=20251127T203011
[2025-11-27T20:30:11.981+0000] {local_task_job_runner.py:240} INFO - Task exited with return code 0
[2025-11-27T20:30:12.046+0000] {taskinstance.py:3498} INFO - 1 downstream tasks scheduled from follow-on schedule check
[2025-11-27T20:30:12.066+0000] {local_task_job_runner.py:222} INFO - ::endgroup::
