[2025-11-27T15:00:47.060+0000] {local_task_job_runner.py:120} INFO - ::group::Pre task execution logs
[2025-11-27T15:00:47.117+0000] {taskinstance.py:2076} INFO - Dependencies all met for dep_context=non-requeueable deps ti=<TaskInstance: streaming_pipeline_monitoring.generate_health_report scheduled__2025-11-27T14:50:00+00:00 [queued]>
[2025-11-27T15:00:47.177+0000] {taskinstance.py:2076} INFO - Dependencies all met for dep_context=requeueable deps ti=<TaskInstance: streaming_pipeline_monitoring.generate_health_report scheduled__2025-11-27T14:50:00+00:00 [queued]>
[2025-11-27T15:00:47.178+0000] {taskinstance.py:2306} INFO - Starting attempt 1 of 3
[2025-11-27T15:00:47.337+0000] {taskinstance.py:2330} INFO - Executing <Task(PythonOperator): generate_health_report> on 2025-11-27 14:50:00+00:00
[2025-11-27T15:00:47.349+0000] {standard_task_runner.py:63} INFO - Started process 263 to run task
[2025-11-27T15:00:47.354+0000] {standard_task_runner.py:90} INFO - Running: ['airflow', 'tasks', 'run', 'streaming_pipeline_monitoring', 'generate_health_report', 'scheduled__2025-11-27T14:50:00+00:00', '--job-id', '1328', '--raw', '--subdir', 'DAGS_FOLDER/streaming_pipeline_dag.py', '--cfg-path', '/tmp/tmpstx7yp_s']
[2025-11-27T15:00:47.358+0000] {standard_task_runner.py:91} INFO - Job 1328: Subtask generate_health_report
[2025-11-27T15:00:47.640+0000] {task_command.py:426} INFO - Running <TaskInstance: streaming_pipeline_monitoring.generate_health_report scheduled__2025-11-27T14:50:00+00:00 [running]> on host 3ad5ba232e74
[2025-11-27T15:00:47.968+0000] {taskinstance.py:2648} INFO - Exporting env vars: AIRFLOW_CTX_DAG_OWNER='airflow' AIRFLOW_CTX_DAG_ID='streaming_pipeline_monitoring' AIRFLOW_CTX_TASK_ID='generate_health_report' AIRFLOW_CTX_EXECUTION_DATE='2025-11-27T14:50:00+00:00' AIRFLOW_CTX_TRY_NUMBER='1' AIRFLOW_CTX_DAG_RUN_ID='scheduled__2025-11-27T14:50:00+00:00'
[2025-11-27T15:00:47.970+0000] {taskinstance.py:430} INFO - ::endgroup::
[2025-11-27T15:00:48.102+0000] {logging_mixin.py:188} INFO - 
============================================================
[2025-11-27T15:00:48.103+0000] {logging_mixin.py:188} INFO - RAPPORT DE SANTÉ DU PIPELINE
[2025-11-27T15:00:48.104+0000] {logging_mixin.py:188} INFO - ============================================================
[2025-11-27T15:00:48.106+0000] {logging_mixin.py:188} INFO - {
  "timestamp": "2025-11-27T15:00:48.102017",
  "status": "HEALTHY",
  "postgres": {
    "recent_predictions": 27,
    "latest_timestamp": "2025-11-27T14:55:58.329681"
  },
  "mongodb": {
    "total_aggregates": 18784,
    "recent_aggregates": 258
  }
}
[2025-11-27T15:00:48.107+0000] {logging_mixin.py:188} INFO - ============================================================
[2025-11-27T15:00:48.221+0000] {python.py:237} INFO - Done. Returned value was: HEALTHY
[2025-11-27T15:00:48.222+0000] {taskinstance.py:441} INFO - ::group::Post task execution logs
[2025-11-27T15:00:48.372+0000] {taskinstance.py:1206} INFO - Marking task as SUCCESS. dag_id=streaming_pipeline_monitoring, task_id=generate_health_report, run_id=scheduled__2025-11-27T14:50:00+00:00, execution_date=20251127T145000, start_date=20251127T150047, end_date=20251127T150048
[2025-11-27T15:00:48.517+0000] {local_task_job_runner.py:240} INFO - Task exited with return code 0
[2025-11-27T15:00:48.576+0000] {taskinstance.py:3498} INFO - 0 downstream tasks scheduled from follow-on schedule check
[2025-11-27T15:00:48.581+0000] {local_task_job_runner.py:222} INFO - ::endgroup::
