[2025-11-27T00:50:14.800+0000] {local_task_job_runner.py:120} INFO - ::group::Pre task execution logs
[2025-11-27T00:50:14.855+0000] {taskinstance.py:2076} INFO - Dependencies all met for dep_context=non-requeueable deps ti=<TaskInstance: streaming_pipeline_monitoring.check_spark_streaming scheduled__2025-11-27T00:40:00+00:00 [queued]>
[2025-11-27T00:50:14.889+0000] {taskinstance.py:2076} INFO - Dependencies all met for dep_context=requeueable deps ti=<TaskInstance: streaming_pipeline_monitoring.check_spark_streaming scheduled__2025-11-27T00:40:00+00:00 [queued]>
[2025-11-27T00:50:14.889+0000] {taskinstance.py:2306} INFO - Starting attempt 1 of 3
[2025-11-27T00:50:14.962+0000] {taskinstance.py:2330} INFO - Executing <Task(BashOperator): check_spark_streaming> on 2025-11-27 00:40:00+00:00
[2025-11-27T00:50:14.967+0000] {standard_task_runner.py:63} INFO - Started process 1433 to run task
[2025-11-27T00:50:14.973+0000] {standard_task_runner.py:90} INFO - Running: ['airflow', 'tasks', 'run', 'streaming_pipeline_monitoring', 'check_spark_streaming', 'scheduled__2025-11-27T00:40:00+00:00', '--job-id', '969', '--raw', '--subdir', 'DAGS_FOLDER/streaming_pipeline_dag.py', '--cfg-path', '/tmp/tmp8ci6jsfj']
[2025-11-27T00:50:14.976+0000] {standard_task_runner.py:91} INFO - Job 969: Subtask check_spark_streaming
[2025-11-27T00:50:15.134+0000] {task_command.py:426} INFO - Running <TaskInstance: streaming_pipeline_monitoring.check_spark_streaming scheduled__2025-11-27T00:40:00+00:00 [running]> on host ac78ca89de1e
[2025-11-27T00:50:15.379+0000] {taskinstance.py:2648} INFO - Exporting env vars: AIRFLOW_CTX_DAG_OWNER='airflow' AIRFLOW_CTX_DAG_ID='streaming_pipeline_monitoring' AIRFLOW_CTX_TASK_ID='check_spark_streaming' AIRFLOW_CTX_EXECUTION_DATE='2025-11-27T00:40:00+00:00' AIRFLOW_CTX_TRY_NUMBER='1' AIRFLOW_CTX_DAG_RUN_ID='scheduled__2025-11-27T00:40:00+00:00'
[2025-11-27T00:50:15.381+0000] {taskinstance.py:430} INFO - ::endgroup::
[2025-11-27T00:50:15.393+0000] {subprocess.py:63} INFO - Tmp dir root location: /tmp
[2025-11-27T00:50:15.396+0000] {subprocess.py:75} INFO - Running command: ['/usr/bin/bash', '-c', '\n        echo "✓ Vérification indirecte de Spark (via données PostgreSQL dans la prochaine tâche)"\n        echo "  Si PostgreSQL reçoit des prédictions récentes, c\'est que Spark fonctionne"\n        exit 0\n        ']
[2025-11-27T00:50:15.403+0000] {subprocess.py:86} INFO - Output:
[2025-11-27T00:50:15.403+0000] {subprocess.py:93} INFO - ✓ Vérification indirecte de Spark (via données PostgreSQL dans la prochaine tâche)
[2025-11-27T00:50:15.404+0000] {subprocess.py:93} INFO -   Si PostgreSQL reçoit des prédictions récentes, c'est que Spark fonctionne
[2025-11-27T00:50:15.404+0000] {subprocess.py:97} INFO - Command exited with return code 0
[2025-11-27T00:50:15.405+0000] {taskinstance.py:441} INFO - ::group::Post task execution logs
[2025-11-27T00:50:15.474+0000] {taskinstance.py:1206} INFO - Marking task as SUCCESS. dag_id=streaming_pipeline_monitoring, task_id=check_spark_streaming, run_id=scheduled__2025-11-27T00:40:00+00:00, execution_date=20251127T004000, start_date=20251127T005014, end_date=20251127T005015
[2025-11-27T00:50:15.564+0000] {local_task_job_runner.py:240} INFO - Task exited with return code 0
[2025-11-27T00:50:15.670+0000] {taskinstance.py:3498} INFO - 2 downstream tasks scheduled from follow-on schedule check
[2025-11-27T00:50:15.691+0000] {local_task_job_runner.py:222} INFO - ::endgroup::
