[2025-11-24T16:01:02.596+0000] {local_task_job_runner.py:120} INFO - ::group::Pre task execution logs
[2025-11-24T16:01:02.643+0000] {taskinstance.py:2076} INFO - Dependencies all met for dep_context=non-requeueable deps ti=<TaskInstance: streaming_pipeline_monitoring.generate_health_report scheduled__2025-11-24T15:50:00+00:00 [queued]>
[2025-11-24T16:01:02.672+0000] {taskinstance.py:2076} INFO - Dependencies all met for dep_context=requeueable deps ti=<TaskInstance: streaming_pipeline_monitoring.generate_health_report scheduled__2025-11-24T15:50:00+00:00 [queued]>
[2025-11-24T16:01:02.673+0000] {taskinstance.py:2306} INFO - Starting attempt 1 of 3
[2025-11-24T16:01:02.829+0000] {taskinstance.py:2330} INFO - Executing <Task(PythonOperator): generate_health_report> on 2025-11-24 15:50:00+00:00
[2025-11-24T16:01:02.850+0000] {standard_task_runner.py:63} INFO - Started process 62 to run task
[2025-11-24T16:01:02.854+0000] {standard_task_runner.py:90} INFO - Running: ['airflow', 'tasks', 'run', 'streaming_pipeline_monitoring', 'generate_health_report', 'scheduled__2025-11-24T15:50:00+00:00', '--job-id', '272', '--raw', '--subdir', 'DAGS_FOLDER/streaming_pipeline_dag.py', '--cfg-path', '/tmp/tmpxa61vnmt']
[2025-11-24T16:01:02.870+0000] {standard_task_runner.py:91} INFO - Job 272: Subtask generate_health_report
[2025-11-24T16:01:03.174+0000] {task_command.py:426} INFO - Running <TaskInstance: streaming_pipeline_monitoring.generate_health_report scheduled__2025-11-24T15:50:00+00:00 [running]> on host f385b52f68af
[2025-11-24T16:01:03.659+0000] {taskinstance.py:2648} INFO - Exporting env vars: AIRFLOW_CTX_DAG_OWNER='airflow' AIRFLOW_CTX_DAG_ID='streaming_pipeline_monitoring' AIRFLOW_CTX_TASK_ID='generate_health_report' AIRFLOW_CTX_EXECUTION_DATE='2025-11-24T15:50:00+00:00' AIRFLOW_CTX_TRY_NUMBER='1' AIRFLOW_CTX_DAG_RUN_ID='scheduled__2025-11-24T15:50:00+00:00'
[2025-11-24T16:01:03.661+0000] {taskinstance.py:430} INFO - ::endgroup::
[2025-11-24T16:01:03.798+0000] {logging_mixin.py:188} INFO - 
============================================================
[2025-11-24T16:01:03.799+0000] {logging_mixin.py:188} INFO - RAPPORT DE SANTÉ DU PIPELINE
[2025-11-24T16:01:03.801+0000] {logging_mixin.py:188} INFO - ============================================================
[2025-11-24T16:01:03.802+0000] {logging_mixin.py:188} INFO - {
  "timestamp": "2025-11-24T16:01:03.798137",
  "status": "HEALTHY",
  "postgres": {
    "recent_predictions": 203,
    "latest_timestamp": "2025-11-24T16:00:39.814142"
  },
  "mongodb": {
    "total_aggregates": 3575,
    "recent_aggregates": 185
  }
}
[2025-11-24T16:01:03.802+0000] {logging_mixin.py:188} INFO - ============================================================
[2025-11-24T16:01:03.877+0000] {python.py:237} INFO - Done. Returned value was: HEALTHY
[2025-11-24T16:01:03.879+0000] {taskinstance.py:441} INFO - ::group::Post task execution logs
[2025-11-24T16:01:03.960+0000] {taskinstance.py:1206} INFO - Marking task as SUCCESS. dag_id=streaming_pipeline_monitoring, task_id=generate_health_report, run_id=scheduled__2025-11-24T15:50:00+00:00, execution_date=20251124T155000, start_date=20251124T160102, end_date=20251124T160103
[2025-11-24T16:01:04.075+0000] {local_task_job_runner.py:240} INFO - Task exited with return code 0
[2025-11-24T16:01:04.116+0000] {taskinstance.py:3498} INFO - 0 downstream tasks scheduled from follow-on schedule check
[2025-11-24T16:01:04.121+0000] {local_task_job_runner.py:222} INFO - ::endgroup::
