[2025-11-25T09:47:24.978+0000] {local_task_job_runner.py:120} INFO - ::group::Pre task execution logs
[2025-11-25T09:47:25.061+0000] {taskinstance.py:2076} INFO - Dependencies all met for dep_context=non-requeueable deps ti=<TaskInstance: streaming_pipeline_monitoring.check_bridge_tcp scheduled__2025-11-25T09:30:00+00:00 [queued]>
[2025-11-25T09:47:25.105+0000] {taskinstance.py:2076} INFO - Dependencies all met for dep_context=requeueable deps ti=<TaskInstance: streaming_pipeline_monitoring.check_bridge_tcp scheduled__2025-11-25T09:30:00+00:00 [queued]>
[2025-11-25T09:47:25.106+0000] {taskinstance.py:2306} INFO - Starting attempt 1 of 3
[2025-11-25T09:47:25.226+0000] {taskinstance.py:2330} INFO - Executing <Task(BashOperator): check_bridge_tcp> on 2025-11-25 09:30:00+00:00
[2025-11-25T09:47:25.233+0000] {standard_task_runner.py:63} INFO - Started process 197 to run task
[2025-11-25T09:47:25.239+0000] {standard_task_runner.py:90} INFO - Running: ['airflow', 'tasks', 'run', 'streaming_pipeline_monitoring', 'check_bridge_tcp', 'scheduled__2025-11-25T09:30:00+00:00', '--job-id', '318', '--raw', '--subdir', 'DAGS_FOLDER/streaming_pipeline_dag.py', '--cfg-path', '/tmp/tmpzsiibiaw']
[2025-11-25T09:47:25.244+0000] {standard_task_runner.py:91} INFO - Job 318: Subtask check_bridge_tcp
[2025-11-25T09:47:25.512+0000] {task_command.py:426} INFO - Running <TaskInstance: streaming_pipeline_monitoring.check_bridge_tcp scheduled__2025-11-25T09:30:00+00:00 [running]> on host f385b52f68af
[2025-11-25T09:47:25.941+0000] {taskinstance.py:2648} INFO - Exporting env vars: AIRFLOW_CTX_DAG_OWNER='airflow' AIRFLOW_CTX_DAG_ID='streaming_pipeline_monitoring' AIRFLOW_CTX_TASK_ID='check_bridge_tcp' AIRFLOW_CTX_EXECUTION_DATE='2025-11-25T09:30:00+00:00' AIRFLOW_CTX_TRY_NUMBER='1' AIRFLOW_CTX_DAG_RUN_ID='scheduled__2025-11-25T09:30:00+00:00'
[2025-11-25T09:47:25.943+0000] {taskinstance.py:430} INFO - ::endgroup::
[2025-11-25T09:47:25.967+0000] {subprocess.py:63} INFO - Tmp dir root location: /tmp
[2025-11-25T09:47:25.969+0000] {subprocess.py:75} INFO - Running command: ['/usr/bin/bash', '-c', '\n        echo "Vérification du Bridge TCP..."\n        if nc -z -w 5 bridge 9999; then\n            echo "✓ Bridge TCP actif sur port 9999"\n            exit 0\n        else\n            echo "✗ Bridge TCP ne répond pas"\n            exit 1\n        fi\n        ']
[2025-11-25T09:47:25.980+0000] {subprocess.py:86} INFO - Output:
[2025-11-25T09:47:25.981+0000] {subprocess.py:93} INFO - Vérification du Bridge TCP...
[2025-11-25T09:47:25.985+0000] {subprocess.py:93} INFO - ✓ Bridge TCP actif sur port 9999
[2025-11-25T09:47:25.986+0000] {subprocess.py:97} INFO - Command exited with return code 0
[2025-11-25T09:47:25.987+0000] {taskinstance.py:441} INFO - ::group::Post task execution logs
[2025-11-25T09:47:26.130+0000] {taskinstance.py:1206} INFO - Marking task as SUCCESS. dag_id=streaming_pipeline_monitoring, task_id=check_bridge_tcp, run_id=scheduled__2025-11-25T09:30:00+00:00, execution_date=20251125T093000, start_date=20251125T094725, end_date=20251125T094726
[2025-11-25T09:47:26.247+0000] {local_task_job_runner.py:240} INFO - Task exited with return code 0
[2025-11-25T09:47:26.324+0000] {taskinstance.py:3498} INFO - 1 downstream tasks scheduled from follow-on schedule check
[2025-11-25T09:47:26.351+0000] {local_task_job_runner.py:222} INFO - ::endgroup::
