[2025-11-25T19:06:37.085+0000] {local_task_job_runner.py:120} INFO - ::group::Pre task execution logs
[2025-11-25T19:06:37.190+0000] {taskinstance.py:2076} INFO - Dependencies all met for dep_context=non-requeueable deps ti=<TaskInstance: streaming_pipeline_monitoring.generate_health_report scheduled__2025-11-25T18:50:00+00:00 [queued]>
[2025-11-25T19:06:37.219+0000] {taskinstance.py:2076} INFO - Dependencies all met for dep_context=requeueable deps ti=<TaskInstance: streaming_pipeline_monitoring.generate_health_report scheduled__2025-11-25T18:50:00+00:00 [queued]>
[2025-11-25T19:06:37.220+0000] {taskinstance.py:2306} INFO - Starting attempt 1 of 3
[2025-11-25T19:06:37.309+0000] {taskinstance.py:2330} INFO - Executing <Task(PythonOperator): generate_health_report> on 2025-11-25 18:50:00+00:00
[2025-11-25T19:06:37.321+0000] {standard_task_runner.py:63} INFO - Started process 678 to run task
[2025-11-25T19:06:37.326+0000] {standard_task_runner.py:90} INFO - Running: ['airflow', 'tasks', 'run', 'streaming_pipeline_monitoring', 'generate_health_report', 'scheduled__2025-11-25T18:50:00+00:00', '--job-id', '611', '--raw', '--subdir', 'DAGS_FOLDER/streaming_pipeline_dag.py', '--cfg-path', '/tmp/tmpj8g2bc3x']
[2025-11-25T19:06:37.328+0000] {standard_task_runner.py:91} INFO - Job 611: Subtask generate_health_report
[2025-11-25T19:06:37.599+0000] {task_command.py:426} INFO - Running <TaskInstance: streaming_pipeline_monitoring.generate_health_report scheduled__2025-11-25T18:50:00+00:00 [running]> on host ac78ca89de1e
[2025-11-25T19:06:38.070+0000] {taskinstance.py:2648} INFO - Exporting env vars: AIRFLOW_CTX_DAG_OWNER='airflow' AIRFLOW_CTX_DAG_ID='streaming_pipeline_monitoring' AIRFLOW_CTX_TASK_ID='generate_health_report' AIRFLOW_CTX_EXECUTION_DATE='2025-11-25T18:50:00+00:00' AIRFLOW_CTX_TRY_NUMBER='1' AIRFLOW_CTX_DAG_RUN_ID='scheduled__2025-11-25T18:50:00+00:00'
[2025-11-25T19:06:38.075+0000] {taskinstance.py:430} INFO - ::endgroup::
[2025-11-25T19:06:38.282+0000] {logging_mixin.py:188} INFO - 
============================================================
[2025-11-25T19:06:38.283+0000] {logging_mixin.py:188} INFO - RAPPORT DE SANTÉ DU PIPELINE
[2025-11-25T19:06:38.284+0000] {logging_mixin.py:188} INFO - ============================================================
[2025-11-25T19:06:38.284+0000] {logging_mixin.py:188} INFO - {
  "timestamp": "2025-11-25T19:06:38.281821",
  "status": "HEALTHY",
  "postgres": {
    "recent_predictions": 48,
    "latest_timestamp": "2025-11-25T19:06:14.008078"
  },
  "mongodb": {
    "total_aggregates": 11099,
    "recent_aggregates": 47
  }
}
[2025-11-25T19:06:38.285+0000] {logging_mixin.py:188} INFO - ============================================================
[2025-11-25T19:06:38.446+0000] {python.py:237} INFO - Done. Returned value was: HEALTHY
[2025-11-25T19:06:38.447+0000] {taskinstance.py:441} INFO - ::group::Post task execution logs
[2025-11-25T19:06:38.011+0000] {taskinstance.py:1206} INFO - Marking task as SUCCESS. dag_id=streaming_pipeline_monitoring, task_id=generate_health_report, run_id=scheduled__2025-11-25T18:50:00+00:00, execution_date=20251125T185000, start_date=20251125T190637, end_date=20251125T190638
[2025-11-25T19:06:37.411+0000] {local_task_job_runner.py:240} INFO - Task exited with return code 0
[2025-11-25T19:06:37.460+0000] {taskinstance.py:3498} INFO - 0 downstream tasks scheduled from follow-on schedule check
[2025-11-25T19:06:37.469+0000] {local_task_job_runner.py:222} INFO - ::endgroup::
