[2025-11-26T09:50:46.646+0000] {local_task_job_runner.py:120} INFO - ::group::Pre task execution logs
[2025-11-26T09:50:46.730+0000] {taskinstance.py:2076} INFO - Dependencies all met for dep_context=non-requeueable deps ti=<TaskInstance: streaming_pipeline_monitoring.generate_health_report scheduled__2025-11-26T09:40:00+00:00 [queued]>
[2025-11-26T09:50:46.788+0000] {taskinstance.py:2076} INFO - Dependencies all met for dep_context=requeueable deps ti=<TaskInstance: streaming_pipeline_monitoring.generate_health_report scheduled__2025-11-26T09:40:00+00:00 [queued]>
[2025-11-26T09:50:46.789+0000] {taskinstance.py:2306} INFO - Starting attempt 1 of 3
[2025-11-26T09:50:46.926+0000] {taskinstance.py:2330} INFO - Executing <Task(PythonOperator): generate_health_report> on 2025-11-26 09:40:00+00:00
[2025-11-26T09:50:46.935+0000] {standard_task_runner.py:63} INFO - Started process 1429 to run task
[2025-11-26T09:50:46.941+0000] {standard_task_runner.py:90} INFO - Running: ['airflow', 'tasks', 'run', 'streaming_pipeline_monitoring', 'generate_health_report', 'scheduled__2025-11-26T09:40:00+00:00', '--job-id', '725', '--raw', '--subdir', 'DAGS_FOLDER/streaming_pipeline_dag.py', '--cfg-path', '/tmp/tmpo1vdg39r']
[2025-11-26T09:50:46.944+0000] {standard_task_runner.py:91} INFO - Job 725: Subtask generate_health_report
[2025-11-26T09:50:47.186+0000] {task_command.py:426} INFO - Running <TaskInstance: streaming_pipeline_monitoring.generate_health_report scheduled__2025-11-26T09:40:00+00:00 [running]> on host ac78ca89de1e
[2025-11-26T09:50:47.598+0000] {taskinstance.py:2648} INFO - Exporting env vars: AIRFLOW_CTX_DAG_OWNER='airflow' AIRFLOW_CTX_DAG_ID='streaming_pipeline_monitoring' AIRFLOW_CTX_TASK_ID='generate_health_report' AIRFLOW_CTX_EXECUTION_DATE='2025-11-26T09:40:00+00:00' AIRFLOW_CTX_TRY_NUMBER='1' AIRFLOW_CTX_DAG_RUN_ID='scheduled__2025-11-26T09:40:00+00:00'
[2025-11-26T09:50:47.601+0000] {taskinstance.py:430} INFO - ::endgroup::
[2025-11-26T09:50:47.811+0000] {logging_mixin.py:188} INFO - 
============================================================
[2025-11-26T09:50:47.812+0000] {logging_mixin.py:188} INFO - RAPPORT DE SANTÉ DU PIPELINE
[2025-11-26T09:50:47.814+0000] {logging_mixin.py:188} INFO - ============================================================
[2025-11-26T09:50:47.815+0000] {logging_mixin.py:188} INFO - {
  "timestamp": "2025-11-26T09:50:47.810660",
  "status": "DEGRADED",
  "postgres": {
    "recent_predictions": 0,
    "latest_timestamp": "None"
  },
  "mongodb": {
    "total_aggregates": 13552,
    "recent_aggregates": 0
  }
}
[2025-11-26T09:50:47.816+0000] {logging_mixin.py:188} INFO - ============================================================
[2025-11-26T09:50:47.961+0000] {python.py:237} INFO - Done. Returned value was: DEGRADED
[2025-11-26T09:50:47.962+0000] {taskinstance.py:441} INFO - ::group::Post task execution logs
[2025-11-26T09:50:48.141+0000] {taskinstance.py:1206} INFO - Marking task as SUCCESS. dag_id=streaming_pipeline_monitoring, task_id=generate_health_report, run_id=scheduled__2025-11-26T09:40:00+00:00, execution_date=20251126T094000, start_date=20251126T095046, end_date=20251126T095048
[2025-11-26T09:50:48.290+0000] {local_task_job_runner.py:240} INFO - Task exited with return code 0
[2025-11-26T09:50:48.356+0000] {taskinstance.py:3498} INFO - 0 downstream tasks scheduled from follow-on schedule check
[2025-11-26T09:50:48.364+0000] {local_task_job_runner.py:222} INFO - ::endgroup::
