[2025-12-01T21:50:05.474+0000] {local_task_job_runner.py:120} INFO - ::group::Pre task execution logs
[2025-12-01T21:50:05.512+0000] {taskinstance.py:2076} INFO - Dependencies all met for dep_context=non-requeueable deps ti=<TaskInstance: streaming_pipeline_monitoring.check_fastapi_health scheduled__2025-12-01T21:40:00+00:00 [queued]>
[2025-12-01T21:50:05.546+0000] {taskinstance.py:2076} INFO - Dependencies all met for dep_context=requeueable deps ti=<TaskInstance: streaming_pipeline_monitoring.check_fastapi_health scheduled__2025-12-01T21:40:00+00:00 [queued]>
[2025-12-01T21:50:05.547+0000] {taskinstance.py:2306} INFO - Starting attempt 1 of 3
[2025-12-01T21:50:05.612+0000] {taskinstance.py:2330} INFO - Executing <Task(BashOperator): check_fastapi_health> on 2025-12-01 21:40:00+00:00
[2025-12-01T21:50:05.616+0000] {standard_task_runner.py:63} INFO - Started process 758 to run task
[2025-12-01T21:50:05.620+0000] {standard_task_runner.py:90} INFO - Running: ['airflow', 'tasks', 'run', 'streaming_pipeline_monitoring', 'check_fastapi_health', 'scheduled__2025-12-01T21:40:00+00:00', '--job-id', '1679', '--raw', '--subdir', 'DAGS_FOLDER/streaming_pipeline_dag.py', '--cfg-path', '/tmp/tmpl5yb2_m1']
[2025-12-01T21:50:05.624+0000] {standard_task_runner.py:91} INFO - Job 1679: Subtask check_fastapi_health
[2025-12-01T21:50:05.763+0000] {task_command.py:426} INFO - Running <TaskInstance: streaming_pipeline_monitoring.check_fastapi_health scheduled__2025-12-01T21:40:00+00:00 [running]> on host 3ad5ba232e74
[2025-12-01T21:50:06.006+0000] {taskinstance.py:2648} INFO - Exporting env vars: AIRFLOW_CTX_DAG_OWNER='airflow' AIRFLOW_CTX_DAG_ID='streaming_pipeline_monitoring' AIRFLOW_CTX_TASK_ID='check_fastapi_health' AIRFLOW_CTX_EXECUTION_DATE='2025-12-01T21:40:00+00:00' AIRFLOW_CTX_TRY_NUMBER='1' AIRFLOW_CTX_DAG_RUN_ID='scheduled__2025-12-01T21:40:00+00:00'
[2025-12-01T21:50:06.008+0000] {taskinstance.py:430} INFO - ::endgroup::
[2025-12-01T21:50:06.022+0000] {subprocess.py:63} INFO - Tmp dir root location: /tmp
[2025-12-01T21:50:06.024+0000] {subprocess.py:75} INFO - Running command: ['/usr/bin/bash', '-c', '\n        echo "Vérification de FastAPI..."\n        response=$(curl -s -o /dev/null -w "%{http_code}" http://fastapi:8000)\n        if [ "$response" = "200" ]; then\n            echo "✓ FastAPI est actif (HTTP $response)"\n            exit 0\n        else\n            echo "✗ FastAPI ne répond pas (HTTP $response)"\n            exit 1\n        fi\n        ']
[2025-12-01T21:50:06.033+0000] {subprocess.py:86} INFO - Output:
[2025-12-01T21:50:06.034+0000] {subprocess.py:93} INFO - Vérification de FastAPI...
[2025-12-01T21:50:06.047+0000] {subprocess.py:93} INFO - ✓ FastAPI est actif (HTTP 200)
[2025-12-01T21:50:06.048+0000] {subprocess.py:97} INFO - Command exited with return code 0
[2025-12-01T21:50:06.049+0000] {taskinstance.py:441} INFO - ::group::Post task execution logs
[2025-12-01T21:50:06.127+0000] {taskinstance.py:1206} INFO - Marking task as SUCCESS. dag_id=streaming_pipeline_monitoring, task_id=check_fastapi_health, run_id=scheduled__2025-12-01T21:40:00+00:00, execution_date=20251201T214000, start_date=20251201T215005, end_date=20251201T215006
[2025-12-01T21:50:06.219+0000] {local_task_job_runner.py:240} INFO - Task exited with return code 0
[2025-12-01T21:50:06.279+0000] {taskinstance.py:3498} INFO - 1 downstream tasks scheduled from follow-on schedule check
[2025-12-01T21:50:06.297+0000] {local_task_job_runner.py:222} INFO - ::endgroup::
