[2025-11-27T20:10:05.253+0000] {local_task_job_runner.py:120} INFO - ::group::Pre task execution logs
[2025-11-27T20:10:05.296+0000] {taskinstance.py:2076} INFO - Dependencies all met for dep_context=non-requeueable deps ti=<TaskInstance: streaming_pipeline_monitoring.check_fastapi_health scheduled__2025-11-27T20:00:00+00:00 [queued]>
[2025-11-27T20:10:05.329+0000] {taskinstance.py:2076} INFO - Dependencies all met for dep_context=requeueable deps ti=<TaskInstance: streaming_pipeline_monitoring.check_fastapi_health scheduled__2025-11-27T20:00:00+00:00 [queued]>
[2025-11-27T20:10:05.330+0000] {taskinstance.py:2306} INFO - Starting attempt 1 of 3
[2025-11-27T20:10:05.398+0000] {taskinstance.py:2330} INFO - Executing <Task(BashOperator): check_fastapi_health> on 2025-11-27 20:00:00+00:00
[2025-11-27T20:10:05.404+0000] {standard_task_runner.py:63} INFO - Started process 1181 to run task
[2025-11-27T20:10:05.407+0000] {standard_task_runner.py:90} INFO - Running: ['airflow', 'tasks', 'run', 'streaming_pipeline_monitoring', 'check_fastapi_health', 'scheduled__2025-11-27T20:00:00+00:00', '--job-id', '1455', '--raw', '--subdir', 'DAGS_FOLDER/streaming_pipeline_dag.py', '--cfg-path', '/tmp/tmpcnl94c_9']
[2025-11-27T20:10:05.409+0000] {standard_task_runner.py:91} INFO - Job 1455: Subtask check_fastapi_health
[2025-11-27T20:10:05.539+0000] {task_command.py:426} INFO - Running <TaskInstance: streaming_pipeline_monitoring.check_fastapi_health scheduled__2025-11-27T20:00:00+00:00 [running]> on host 3ad5ba232e74
[2025-11-27T20:10:05.771+0000] {taskinstance.py:2648} INFO - Exporting env vars: AIRFLOW_CTX_DAG_OWNER='airflow' AIRFLOW_CTX_DAG_ID='streaming_pipeline_monitoring' AIRFLOW_CTX_TASK_ID='check_fastapi_health' AIRFLOW_CTX_EXECUTION_DATE='2025-11-27T20:00:00+00:00' AIRFLOW_CTX_TRY_NUMBER='1' AIRFLOW_CTX_DAG_RUN_ID='scheduled__2025-11-27T20:00:00+00:00'
[2025-11-27T20:10:05.773+0000] {taskinstance.py:430} INFO - ::endgroup::
[2025-11-27T20:10:05.785+0000] {subprocess.py:63} INFO - Tmp dir root location: /tmp
[2025-11-27T20:10:05.787+0000] {subprocess.py:75} INFO - Running command: ['/usr/bin/bash', '-c', '\n        echo "Vérification de FastAPI..."\n        response=$(curl -s -o /dev/null -w "%{http_code}" http://fastapi:8000)\n        if [ "$response" = "200" ]; then\n            echo "✓ FastAPI est actif (HTTP $response)"\n            exit 0\n        else\n            echo "✗ FastAPI ne répond pas (HTTP $response)"\n            exit 1\n        fi\n        ']
[2025-11-27T20:10:05.796+0000] {subprocess.py:86} INFO - Output:
[2025-11-27T20:10:05.797+0000] {subprocess.py:93} INFO - Vérification de FastAPI...
[2025-11-27T20:10:05.809+0000] {subprocess.py:93} INFO - ✓ FastAPI est actif (HTTP 200)
[2025-11-27T20:10:05.811+0000] {subprocess.py:97} INFO - Command exited with return code 0
[2025-11-27T20:10:05.812+0000] {taskinstance.py:441} INFO - ::group::Post task execution logs
[2025-11-27T20:10:05.889+0000] {taskinstance.py:1206} INFO - Marking task as SUCCESS. dag_id=streaming_pipeline_monitoring, task_id=check_fastapi_health, run_id=scheduled__2025-11-27T20:00:00+00:00, execution_date=20251127T200000, start_date=20251127T201005, end_date=20251127T201005
[2025-11-27T20:10:05.961+0000] {local_task_job_runner.py:240} INFO - Task exited with return code 0
[2025-11-27T20:10:06.018+0000] {taskinstance.py:3498} INFO - 1 downstream tasks scheduled from follow-on schedule check
[2025-11-27T20:10:06.037+0000] {local_task_job_runner.py:222} INFO - ::endgroup::
