[2025-11-25T16:10:55.020+0000] {local_task_job_runner.py:120} INFO - ::group::Pre task execution logs
[2025-11-25T16:10:55.136+0000] {taskinstance.py:2076} INFO - Dependencies all met for dep_context=non-requeueable deps ti=<TaskInstance: streaming_pipeline_monitoring.generate_health_report scheduled__2025-11-25T16:00:00+00:00 [queued]>
[2025-11-25T16:10:55.188+0000] {taskinstance.py:2076} INFO - Dependencies all met for dep_context=requeueable deps ti=<TaskInstance: streaming_pipeline_monitoring.generate_health_report scheduled__2025-11-25T16:00:00+00:00 [queued]>
[2025-11-25T16:10:55.189+0000] {taskinstance.py:2306} INFO - Starting attempt 1 of 3
[2025-11-25T16:10:55.321+0000] {taskinstance.py:2330} INFO - Executing <Task(PythonOperator): generate_health_report> on 2025-11-25 16:00:00+00:00
[2025-11-25T16:10:55.332+0000] {standard_task_runner.py:63} INFO - Started process 241 to run task
[2025-11-25T16:10:55.339+0000] {standard_task_runner.py:90} INFO - Running: ['airflow', 'tasks', 'run', 'streaming_pipeline_monitoring', 'generate_health_report', 'scheduled__2025-11-25T16:00:00+00:00', '--job-id', '551', '--raw', '--subdir', 'DAGS_FOLDER/streaming_pipeline_dag.py', '--cfg-path', '/tmp/tmpk_bexuiw']
[2025-11-25T16:10:55.341+0000] {standard_task_runner.py:91} INFO - Job 551: Subtask generate_health_report
[2025-11-25T16:10:55.568+0000] {task_command.py:426} INFO - Running <TaskInstance: streaming_pipeline_monitoring.generate_health_report scheduled__2025-11-25T16:00:00+00:00 [running]> on host ac78ca89de1e
[2025-11-25T16:10:55.866+0000] {taskinstance.py:2648} INFO - Exporting env vars: AIRFLOW_CTX_DAG_OWNER='airflow' AIRFLOW_CTX_DAG_ID='streaming_pipeline_monitoring' AIRFLOW_CTX_TASK_ID='generate_health_report' AIRFLOW_CTX_EXECUTION_DATE='2025-11-25T16:00:00+00:00' AIRFLOW_CTX_TRY_NUMBER='1' AIRFLOW_CTX_DAG_RUN_ID='scheduled__2025-11-25T16:00:00+00:00'
[2025-11-25T16:10:55.868+0000] {taskinstance.py:430} INFO - ::endgroup::
[2025-11-25T16:10:55.994+0000] {logging_mixin.py:188} INFO - 
============================================================
[2025-11-25T16:10:55.995+0000] {logging_mixin.py:188} INFO - RAPPORT DE SANTÉ DU PIPELINE
[2025-11-25T16:10:55.995+0000] {logging_mixin.py:188} INFO - ============================================================
[2025-11-25T16:10:55.996+0000] {logging_mixin.py:188} INFO - {
  "timestamp": "2025-11-25T16:10:55.994195",
  "status": "HEALTHY",
  "postgres": {
    "recent_predictions": 313,
    "latest_timestamp": "2025-11-25T16:10:35.039476"
  },
  "mongodb": {
    "total_aggregates": 6152,
    "recent_aggregates": 556
  }
}
[2025-11-25T16:10:55.997+0000] {logging_mixin.py:188} INFO - ============================================================
[2025-11-25T16:10:56.112+0000] {python.py:237} INFO - Done. Returned value was: HEALTHY
[2025-11-25T16:10:56.113+0000] {taskinstance.py:441} INFO - ::group::Post task execution logs
[2025-11-25T16:10:56.209+0000] {taskinstance.py:1206} INFO - Marking task as SUCCESS. dag_id=streaming_pipeline_monitoring, task_id=generate_health_report, run_id=scheduled__2025-11-25T16:00:00+00:00, execution_date=20251125T160000, start_date=20251125T161055, end_date=20251125T161056
[2025-11-25T16:10:56.319+0000] {local_task_job_runner.py:240} INFO - Task exited with return code 0
[2025-11-25T16:10:56.373+0000] {taskinstance.py:3498} INFO - 0 downstream tasks scheduled from follow-on schedule check
[2025-11-25T16:10:56.378+0000] {local_task_job_runner.py:222} INFO - ::endgroup::
