[2025-12-08T15:40:24.382+0000] {local_task_job_runner.py:120} INFO - ::group::Pre task execution logs
[2025-12-08T15:40:24.437+0000] {taskinstance.py:2076} INFO - Dependencies all met for dep_context=non-requeueable deps ti=<TaskInstance: streaming_pipeline_monitoring.check_spark_streaming scheduled__2025-12-08T15:30:00+00:00 [queued]>
[2025-12-08T15:40:24.473+0000] {taskinstance.py:2076} INFO - Dependencies all met for dep_context=requeueable deps ti=<TaskInstance: streaming_pipeline_monitoring.check_spark_streaming scheduled__2025-12-08T15:30:00+00:00 [queued]>
[2025-12-08T15:40:24.474+0000] {taskinstance.py:2306} INFO - Starting attempt 1 of 3
[2025-12-08T15:40:24.538+0000] {taskinstance.py:2330} INFO - Executing <Task(BashOperator): check_spark_streaming> on 2025-12-08 15:30:00+00:00
[2025-12-08T15:40:24.546+0000] {standard_task_runner.py:63} INFO - Started process 928 to run task
[2025-12-08T15:40:24.550+0000] {standard_task_runner.py:90} INFO - Running: ['airflow', 'tasks', 'run', 'streaming_pipeline_monitoring', 'check_spark_streaming', 'scheduled__2025-12-08T15:30:00+00:00', '--job-id', '2049', '--raw', '--subdir', 'DAGS_FOLDER/streaming_pipeline_dag.py', '--cfg-path', '/tmp/tmp037f24qp']
[2025-12-08T15:40:24.552+0000] {standard_task_runner.py:91} INFO - Job 2049: Subtask check_spark_streaming
[2025-12-08T15:40:24.740+0000] {task_command.py:426} INFO - Running <TaskInstance: streaming_pipeline_monitoring.check_spark_streaming scheduled__2025-12-08T15:30:00+00:00 [running]> on host 5d2fd13967cf
[2025-12-08T15:40:25.157+0000] {taskinstance.py:2648} INFO - Exporting env vars: AIRFLOW_CTX_DAG_OWNER='airflow' AIRFLOW_CTX_DAG_ID='streaming_pipeline_monitoring' AIRFLOW_CTX_TASK_ID='check_spark_streaming' AIRFLOW_CTX_EXECUTION_DATE='2025-12-08T15:30:00+00:00' AIRFLOW_CTX_TRY_NUMBER='1' AIRFLOW_CTX_DAG_RUN_ID='scheduled__2025-12-08T15:30:00+00:00'
[2025-12-08T15:40:25.159+0000] {taskinstance.py:430} INFO - ::endgroup::
[2025-12-08T15:40:25.208+0000] {subprocess.py:63} INFO - Tmp dir root location: /tmp
[2025-12-08T15:40:25.212+0000] {subprocess.py:75} INFO - Running command: ['/usr/bin/bash', '-c', '\n        echo "✓ Vérification indirecte de Spark (via données PostgreSQL dans la prochaine tâche)"\n        echo "  Si PostgreSQL reçoit des prédictions récentes, c\'est que Spark fonctionne"\n        exit 0\n        ']
[2025-12-08T15:40:25.232+0000] {subprocess.py:86} INFO - Output:
[2025-12-08T15:40:25.233+0000] {subprocess.py:93} INFO - ✓ Vérification indirecte de Spark (via données PostgreSQL dans la prochaine tâche)
[2025-12-08T15:40:25.234+0000] {subprocess.py:93} INFO -   Si PostgreSQL reçoit des prédictions récentes, c'est que Spark fonctionne
[2025-12-08T15:40:25.235+0000] {subprocess.py:97} INFO - Command exited with return code 0
[2025-12-08T15:40:25.238+0000] {taskinstance.py:441} INFO - ::group::Post task execution logs
[2025-12-08T15:40:25.411+0000] {taskinstance.py:1206} INFO - Marking task as SUCCESS. dag_id=streaming_pipeline_monitoring, task_id=check_spark_streaming, run_id=scheduled__2025-12-08T15:30:00+00:00, execution_date=20251208T153000, start_date=20251208T154024, end_date=20251208T154025
[2025-12-08T15:40:25.542+0000] {local_task_job_runner.py:240} INFO - Task exited with return code 0
[2025-12-08T15:40:25.638+0000] {taskinstance.py:3498} INFO - 2 downstream tasks scheduled from follow-on schedule check
[2025-12-08T15:40:25.666+0000] {local_task_job_runner.py:222} INFO - ::endgroup::
