[2025-11-27T12:23:12.235+0000] {local_task_job_runner.py:120} INFO - ::group::Pre task execution logs
[2025-11-27T12:23:12.267+0000] {taskinstance.py:2076} INFO - Dependencies all met for dep_context=non-requeueable deps ti=<TaskInstance: streaming_pipeline_monitoring.check_bridge_tcp scheduled__2025-11-27T12:10:00+00:00 [queued]>
[2025-11-27T12:23:12.290+0000] {taskinstance.py:2076} INFO - Dependencies all met for dep_context=requeueable deps ti=<TaskInstance: streaming_pipeline_monitoring.check_bridge_tcp scheduled__2025-11-27T12:10:00+00:00 [queued]>
[2025-11-27T12:23:12.291+0000] {taskinstance.py:2306} INFO - Starting attempt 1 of 3
[2025-11-27T12:23:12.357+0000] {taskinstance.py:2330} INFO - Executing <Task(BashOperator): check_bridge_tcp> on 2025-11-27 12:10:00+00:00
[2025-11-27T12:23:12.363+0000] {standard_task_runner.py:63} INFO - Started process 3247 to run task
[2025-11-27T12:23:12.368+0000] {standard_task_runner.py:90} INFO - Running: ['airflow', 'tasks', 'run', 'streaming_pipeline_monitoring', 'check_bridge_tcp', 'scheduled__2025-11-27T12:10:00+00:00', '--job-id', '1212', '--raw', '--subdir', 'DAGS_FOLDER/streaming_pipeline_dag.py', '--cfg-path', '/tmp/tmpj5fvknl9']
[2025-11-27T12:23:12.372+0000] {standard_task_runner.py:91} INFO - Job 1212: Subtask check_bridge_tcp
[2025-11-27T12:23:12.499+0000] {task_command.py:426} INFO - Running <TaskInstance: streaming_pipeline_monitoring.check_bridge_tcp scheduled__2025-11-27T12:10:00+00:00 [running]> on host ac78ca89de1e
[2025-11-27T12:23:12.792+0000] {taskinstance.py:2648} INFO - Exporting env vars: AIRFLOW_CTX_DAG_OWNER='airflow' AIRFLOW_CTX_DAG_ID='streaming_pipeline_monitoring' AIRFLOW_CTX_TASK_ID='check_bridge_tcp' AIRFLOW_CTX_EXECUTION_DATE='2025-11-27T12:10:00+00:00' AIRFLOW_CTX_TRY_NUMBER='1' AIRFLOW_CTX_DAG_RUN_ID='scheduled__2025-11-27T12:10:00+00:00'
[2025-11-27T12:23:12.794+0000] {taskinstance.py:430} INFO - ::endgroup::
[2025-11-27T12:23:12.806+0000] {subprocess.py:63} INFO - Tmp dir root location: /tmp
[2025-11-27T12:23:12.807+0000] {subprocess.py:75} INFO - Running command: ['/usr/bin/bash', '-c', '\n        echo "Vérification du Bridge TCP..."\n        if nc -z -w 5 bridge 9999; then\n            echo "✓ Bridge TCP actif sur port 9999"\n            exit 0\n        else\n            echo "✗ Bridge TCP ne répond pas"\n            exit 1\n        fi\n        ']
[2025-11-27T12:23:12.815+0000] {subprocess.py:86} INFO - Output:
[2025-11-27T12:23:12.816+0000] {subprocess.py:93} INFO - Vérification du Bridge TCP...
[2025-11-27T12:23:12.818+0000] {subprocess.py:93} INFO - ✓ Bridge TCP actif sur port 9999
[2025-11-27T12:23:12.819+0000] {subprocess.py:97} INFO - Command exited with return code 0
[2025-11-27T12:23:12.819+0000] {taskinstance.py:441} INFO - ::group::Post task execution logs
[2025-11-27T12:23:12.894+0000] {taskinstance.py:1206} INFO - Marking task as SUCCESS. dag_id=streaming_pipeline_monitoring, task_id=check_bridge_tcp, run_id=scheduled__2025-11-27T12:10:00+00:00, execution_date=20251127T121000, start_date=20251127T122312, end_date=20251127T122312
[2025-11-27T12:23:12.962+0000] {local_task_job_runner.py:240} INFO - Task exited with return code 0
[2025-11-27T12:23:13.064+0000] {taskinstance.py:3498} INFO - 1 downstream tasks scheduled from follow-on schedule check
[2025-11-27T12:23:13.079+0000] {local_task_job_runner.py:222} INFO - ::endgroup::
