[2025-11-28T08:00:26.769+0000] {local_task_job_runner.py:120} INFO - ::group::Pre task execution logs
[2025-11-28T08:00:26.792+0000] {taskinstance.py:2076} INFO - Dependencies all met for dep_context=non-requeueable deps ti=<TaskInstance: streaming_pipeline_monitoring.generate_health_report scheduled__2025-11-28T07:50:00+00:00 [queued]>
[2025-11-28T08:00:26.818+0000] {taskinstance.py:2076} INFO - Dependencies all met for dep_context=requeueable deps ti=<TaskInstance: streaming_pipeline_monitoring.generate_health_report scheduled__2025-11-28T07:50:00+00:00 [queued]>
[2025-11-28T08:00:26.819+0000] {taskinstance.py:2306} INFO - Starting attempt 1 of 3
[2025-11-28T08:00:26.865+0000] {taskinstance.py:2330} INFO - Executing <Task(PythonOperator): generate_health_report> on 2025-11-28 07:50:00+00:00
[2025-11-28T08:00:26.869+0000] {standard_task_runner.py:63} INFO - Started process 1639 to run task
[2025-11-28T08:00:26.872+0000] {standard_task_runner.py:90} INFO - Running: ['airflow', 'tasks', 'run', 'streaming_pipeline_monitoring', 'generate_health_report', 'scheduled__2025-11-28T07:50:00+00:00', '--job-id', '1520', '--raw', '--subdir', 'DAGS_FOLDER/streaming_pipeline_dag.py', '--cfg-path', '/tmp/tmpje7jdiyd']
[2025-11-28T08:00:26.873+0000] {standard_task_runner.py:91} INFO - Job 1520: Subtask generate_health_report
[2025-11-28T08:00:26.964+0000] {task_command.py:426} INFO - Running <TaskInstance: streaming_pipeline_monitoring.generate_health_report scheduled__2025-11-28T07:50:00+00:00 [running]> on host 3ad5ba232e74
[2025-11-28T08:00:27.153+0000] {taskinstance.py:2648} INFO - Exporting env vars: AIRFLOW_CTX_DAG_OWNER='airflow' AIRFLOW_CTX_DAG_ID='streaming_pipeline_monitoring' AIRFLOW_CTX_TASK_ID='generate_health_report' AIRFLOW_CTX_EXECUTION_DATE='2025-11-28T07:50:00+00:00' AIRFLOW_CTX_TRY_NUMBER='1' AIRFLOW_CTX_DAG_RUN_ID='scheduled__2025-11-28T07:50:00+00:00'
[2025-11-28T08:00:27.154+0000] {taskinstance.py:430} INFO - ::endgroup::
[2025-11-28T08:00:27.221+0000] {logging_mixin.py:188} INFO - 
============================================================
[2025-11-28T08:00:27.222+0000] {logging_mixin.py:188} INFO - RAPPORT DE SANTÉ DU PIPELINE
[2025-11-28T08:00:27.223+0000] {logging_mixin.py:188} INFO - ============================================================
[2025-11-28T08:00:27.223+0000] {logging_mixin.py:188} INFO - {
  "timestamp": "2025-11-28T08:00:27.221782",
  "status": "DEGRADED",
  "postgres": {
    "recent_predictions": 0,
    "latest_timestamp": "None"
  },
  "mongodb": {
    "total_aggregates": 18784,
    "recent_aggregates": 0
  }
}
[2025-11-28T08:00:27.223+0000] {logging_mixin.py:188} INFO - ============================================================
[2025-11-28T08:00:27.275+0000] {python.py:237} INFO - Done. Returned value was: DEGRADED
[2025-11-28T08:00:27.276+0000] {taskinstance.py:441} INFO - ::group::Post task execution logs
[2025-11-28T08:00:27.348+0000] {taskinstance.py:1206} INFO - Marking task as SUCCESS. dag_id=streaming_pipeline_monitoring, task_id=generate_health_report, run_id=scheduled__2025-11-28T07:50:00+00:00, execution_date=20251128T075000, start_date=20251128T080026, end_date=20251128T080027
[2025-11-28T08:00:27.425+0000] {local_task_job_runner.py:240} INFO - Task exited with return code 0
[2025-11-28T08:00:27.445+0000] {taskinstance.py:3498} INFO - 0 downstream tasks scheduled from follow-on schedule check
[2025-11-28T08:00:27.446+0000] {local_task_job_runner.py:222} INFO - ::endgroup::
