[2025-12-01T20:50:32.331+0000] {local_task_job_runner.py:120} INFO - ::group::Pre task execution logs
[2025-12-01T20:50:32.365+0000] {taskinstance.py:2076} INFO - Dependencies all met for dep_context=non-requeueable deps ti=<TaskInstance: streaming_pipeline_monitoring.generate_health_report scheduled__2025-12-01T20:40:00+00:00 [queued]>
[2025-12-01T20:50:32.393+0000] {taskinstance.py:2076} INFO - Dependencies all met for dep_context=requeueable deps ti=<TaskInstance: streaming_pipeline_monitoring.generate_health_report scheduled__2025-12-01T20:40:00+00:00 [queued]>
[2025-12-01T20:50:32.394+0000] {taskinstance.py:2306} INFO - Starting attempt 1 of 3
[2025-12-01T20:50:32.449+0000] {taskinstance.py:2330} INFO - Executing <Task(PythonOperator): generate_health_report> on 2025-12-01 20:40:00+00:00
[2025-12-01T20:50:32.456+0000] {standard_task_runner.py:63} INFO - Started process 503 to run task
[2025-12-01T20:50:32.463+0000] {standard_task_runner.py:90} INFO - Running: ['airflow', 'tasks', 'run', 'streaming_pipeline_monitoring', 'generate_health_report', 'scheduled__2025-12-01T20:40:00+00:00', '--job-id', '1648', '--raw', '--subdir', 'DAGS_FOLDER/streaming_pipeline_dag.py', '--cfg-path', '/tmp/tmp7wmkuz3l']
[2025-12-01T20:50:32.465+0000] {standard_task_runner.py:91} INFO - Job 1648: Subtask generate_health_report
[2025-12-01T20:50:32.579+0000] {task_command.py:426} INFO - Running <TaskInstance: streaming_pipeline_monitoring.generate_health_report scheduled__2025-12-01T20:40:00+00:00 [running]> on host 3ad5ba232e74
[2025-12-01T20:50:32.772+0000] {taskinstance.py:2648} INFO - Exporting env vars: AIRFLOW_CTX_DAG_OWNER='airflow' AIRFLOW_CTX_DAG_ID='streaming_pipeline_monitoring' AIRFLOW_CTX_TASK_ID='generate_health_report' AIRFLOW_CTX_EXECUTION_DATE='2025-12-01T20:40:00+00:00' AIRFLOW_CTX_TRY_NUMBER='1' AIRFLOW_CTX_DAG_RUN_ID='scheduled__2025-12-01T20:40:00+00:00'
[2025-12-01T20:50:32.773+0000] {taskinstance.py:430} INFO - ::endgroup::
[2025-12-01T20:50:32.848+0000] {logging_mixin.py:188} INFO - 
============================================================
[2025-12-01T20:50:32.849+0000] {logging_mixin.py:188} INFO - RAPPORT DE SANTÉ DU PIPELINE
[2025-12-01T20:50:32.849+0000] {logging_mixin.py:188} INFO - ============================================================
[2025-12-01T20:50:32.850+0000] {logging_mixin.py:188} INFO - {
  "timestamp": "2025-12-01T20:50:32.848705",
  "status": "HEALTHY",
  "postgres": {
    "recent_predictions": 291,
    "latest_timestamp": "2025-12-01T20:50:02.329941"
  },
  "mongodb": {
    "total_aggregates": 18784,
    "recent_aggregates": 0
  }
}
[2025-12-01T20:50:32.850+0000] {logging_mixin.py:188} INFO - ============================================================
[2025-12-01T20:50:32.893+0000] {python.py:237} INFO - Done. Returned value was: HEALTHY
[2025-12-01T20:50:32.894+0000] {taskinstance.py:441} INFO - ::group::Post task execution logs
[2025-12-01T20:50:32.949+0000] {taskinstance.py:1206} INFO - Marking task as SUCCESS. dag_id=streaming_pipeline_monitoring, task_id=generate_health_report, run_id=scheduled__2025-12-01T20:40:00+00:00, execution_date=20251201T204000, start_date=20251201T205032, end_date=20251201T205032
[2025-12-01T20:50:33.006+0000] {local_task_job_runner.py:240} INFO - Task exited with return code 0
[2025-12-01T20:50:33.034+0000] {taskinstance.py:3498} INFO - 0 downstream tasks scheduled from follow-on schedule check
[2025-12-01T20:50:33.037+0000] {local_task_job_runner.py:222} INFO - ::endgroup::
