[2025-11-23T17:20:07.293+0000] {local_task_job_runner.py:120} INFO - ::group::Pre task execution logs
[2025-11-23T17:20:07.356+0000] {taskinstance.py:2076} INFO - Dependencies all met for dep_context=non-requeueable deps ti=<TaskInstance: streaming_pipeline_monitoring.check_fastapi_health scheduled__2025-11-23T17:10:00+00:00 [queued]>
[2025-11-23T17:20:07.382+0000] {taskinstance.py:2076} INFO - Dependencies all met for dep_context=requeueable deps ti=<TaskInstance: streaming_pipeline_monitoring.check_fastapi_health scheduled__2025-11-23T17:10:00+00:00 [queued]>
[2025-11-23T17:20:07.383+0000] {taskinstance.py:2306} INFO - Starting attempt 1 of 3
[2025-11-23T17:20:07.457+0000] {taskinstance.py:2330} INFO - Executing <Task(BashOperator): check_fastapi_health> on 2025-11-23 17:10:00+00:00
[2025-11-23T17:20:07.469+0000] {standard_task_runner.py:63} INFO - Started process 287 to run task
[2025-11-23T17:20:07.476+0000] {standard_task_runner.py:90} INFO - Running: ['airflow', 'tasks', 'run', 'streaming_pipeline_monitoring', 'check_fastapi_health', 'scheduled__2025-11-23T17:10:00+00:00', '--job-id', '67', '--raw', '--subdir', 'DAGS_FOLDER/streaming_pipeline_dag.py', '--cfg-path', '/tmp/tmpeioh0bcn']
[2025-11-23T17:20:07.487+0000] {standard_task_runner.py:91} INFO - Job 67: Subtask check_fastapi_health
[2025-11-23T17:20:07.670+0000] {task_command.py:426} INFO - Running <TaskInstance: streaming_pipeline_monitoring.check_fastapi_health scheduled__2025-11-23T17:10:00+00:00 [running]> on host 44ce18cdf754
[2025-11-23T17:20:07.979+0000] {taskinstance.py:2648} INFO - Exporting env vars: AIRFLOW_CTX_DAG_OWNER='airflow' AIRFLOW_CTX_DAG_ID='streaming_pipeline_monitoring' AIRFLOW_CTX_TASK_ID='check_fastapi_health' AIRFLOW_CTX_EXECUTION_DATE='2025-11-23T17:10:00+00:00' AIRFLOW_CTX_TRY_NUMBER='1' AIRFLOW_CTX_DAG_RUN_ID='scheduled__2025-11-23T17:10:00+00:00'
[2025-11-23T17:20:07.980+0000] {taskinstance.py:430} INFO - ::endgroup::
[2025-11-23T17:20:07.999+0000] {subprocess.py:63} INFO - Tmp dir root location: /tmp
[2025-11-23T17:20:08.001+0000] {subprocess.py:75} INFO - Running command: ['/usr/bin/bash', '-c', '\n        echo "Vérification de FastAPI..."\n        response=$(curl -s -o /dev/null -w "%{http_code}" http://fastapi:8000)\n        if [ "$response" = "200" ]; then\n            echo "✓ FastAPI est actif (HTTP $response)"\n            exit 0\n        else\n            echo "✗ FastAPI ne répond pas (HTTP $response)"\n            exit 1\n        fi\n        ']
[2025-11-23T17:20:08.016+0000] {subprocess.py:86} INFO - Output:
[2025-11-23T17:20:08.020+0000] {subprocess.py:93} INFO - Vérification de FastAPI...
[2025-11-23T17:20:08.038+0000] {subprocess.py:93} INFO - ✓ FastAPI est actif (HTTP 200)
[2025-11-23T17:20:08.039+0000] {subprocess.py:97} INFO - Command exited with return code 0
[2025-11-23T17:20:08.040+0000] {taskinstance.py:441} INFO - ::group::Post task execution logs
[2025-11-23T17:20:08.132+0000] {taskinstance.py:1206} INFO - Marking task as SUCCESS. dag_id=streaming_pipeline_monitoring, task_id=check_fastapi_health, run_id=scheduled__2025-11-23T17:10:00+00:00, execution_date=20251123T171000, start_date=20251123T172007, end_date=20251123T172008
[2025-11-23T17:20:08.215+0000] {local_task_job_runner.py:240} INFO - Task exited with return code 0
[2025-11-23T17:20:08.294+0000] {taskinstance.py:3498} INFO - 1 downstream tasks scheduled from follow-on schedule check
[2025-11-23T17:20:08.316+0000] {local_task_job_runner.py:222} INFO - ::endgroup::
