[2025-11-26T23:30:29.542+0000] {local_task_job_runner.py:120} INFO - ::group::Pre task execution logs
[2025-11-26T23:30:29.583+0000] {taskinstance.py:2076} INFO - Dependencies all met for dep_context=non-requeueable deps ti=<TaskInstance: streaming_pipeline_monitoring.generate_health_report scheduled__2025-11-26T23:20:00+00:00 [queued]>
[2025-11-26T23:30:29.609+0000] {taskinstance.py:2076} INFO - Dependencies all met for dep_context=requeueable deps ti=<TaskInstance: streaming_pipeline_monitoring.generate_health_report scheduled__2025-11-26T23:20:00+00:00 [queued]>
[2025-11-26T23:30:29.610+0000] {taskinstance.py:2306} INFO - Starting attempt 1 of 3
[2025-11-26T23:30:29.687+0000] {taskinstance.py:2330} INFO - Executing <Task(PythonOperator): generate_health_report> on 2025-11-26 23:20:00+00:00
[2025-11-26T23:30:29.693+0000] {standard_task_runner.py:63} INFO - Started process 1099 to run task
[2025-11-26T23:30:29.699+0000] {standard_task_runner.py:90} INFO - Running: ['airflow', 'tasks', 'run', 'streaming_pipeline_monitoring', 'generate_health_report', 'scheduled__2025-11-26T23:20:00+00:00', '--job-id', '924', '--raw', '--subdir', 'DAGS_FOLDER/streaming_pipeline_dag.py', '--cfg-path', '/tmp/tmppzwgovwa']
[2025-11-26T23:30:29.702+0000] {standard_task_runner.py:91} INFO - Job 924: Subtask generate_health_report
[2025-11-26T23:30:29.864+0000] {task_command.py:426} INFO - Running <TaskInstance: streaming_pipeline_monitoring.generate_health_report scheduled__2025-11-26T23:20:00+00:00 [running]> on host ac78ca89de1e
[2025-11-26T23:30:30.350+0000] {taskinstance.py:2648} INFO - Exporting env vars: AIRFLOW_CTX_DAG_OWNER='airflow' AIRFLOW_CTX_DAG_ID='streaming_pipeline_monitoring' AIRFLOW_CTX_TASK_ID='generate_health_report' AIRFLOW_CTX_EXECUTION_DATE='2025-11-26T23:20:00+00:00' AIRFLOW_CTX_TRY_NUMBER='1' AIRFLOW_CTX_DAG_RUN_ID='scheduled__2025-11-26T23:20:00+00:00'
[2025-11-26T23:30:30.352+0000] {taskinstance.py:430} INFO - ::endgroup::
[2025-11-26T23:30:30.444+0000] {logging_mixin.py:188} INFO - 
============================================================
[2025-11-26T23:30:30.445+0000] {logging_mixin.py:188} INFO - RAPPORT DE SANTÉ DU PIPELINE
[2025-11-26T23:30:30.445+0000] {logging_mixin.py:188} INFO - ============================================================
[2025-11-26T23:30:30.446+0000] {logging_mixin.py:188} INFO - {
  "timestamp": "2025-11-26T23:30:30.444767",
  "status": "DEGRADED",
  "postgres": {
    "recent_predictions": 0,
    "latest_timestamp": "None"
  },
  "mongodb": {
    "total_aggregates": 13552,
    "recent_aggregates": 0
  }
}
[2025-11-26T23:30:30.446+0000] {logging_mixin.py:188} INFO - ============================================================
[2025-11-26T23:30:30.496+0000] {python.py:237} INFO - Done. Returned value was: DEGRADED
[2025-11-26T23:30:30.496+0000] {taskinstance.py:441} INFO - ::group::Post task execution logs
[2025-11-26T23:30:30.576+0000] {taskinstance.py:1206} INFO - Marking task as SUCCESS. dag_id=streaming_pipeline_monitoring, task_id=generate_health_report, run_id=scheduled__2025-11-26T23:20:00+00:00, execution_date=20251126T232000, start_date=20251126T233029, end_date=20251126T233030
[2025-11-26T23:30:30.655+0000] {local_task_job_runner.py:240} INFO - Task exited with return code 0
[2025-11-26T23:30:30.689+0000] {taskinstance.py:3498} INFO - 0 downstream tasks scheduled from follow-on schedule check
[2025-11-26T23:30:30.691+0000] {local_task_job_runner.py:222} INFO - ::endgroup::
