[2025-11-25T10:00:20.626+0000] {local_task_job_runner.py:120} INFO - ::group::Pre task execution logs
[2025-11-25T10:00:20.685+0000] {taskinstance.py:2076} INFO - Dependencies all met for dep_context=non-requeueable deps ti=<TaskInstance: streaming_pipeline_monitoring.check_spark_streaming scheduled__2025-11-25T09:50:00+00:00 [queued]>
[2025-11-25T10:00:20.721+0000] {taskinstance.py:2076} INFO - Dependencies all met for dep_context=requeueable deps ti=<TaskInstance: streaming_pipeline_monitoring.check_spark_streaming scheduled__2025-11-25T09:50:00+00:00 [queued]>
[2025-11-25T10:00:20.722+0000] {taskinstance.py:2306} INFO - Starting attempt 1 of 3
[2025-11-25T10:00:20.851+0000] {taskinstance.py:2330} INFO - Executing <Task(BashOperator): check_spark_streaming> on 2025-11-25 09:50:00+00:00
[2025-11-25T10:00:20.859+0000] {standard_task_runner.py:63} INFO - Started process 280 to run task
[2025-11-25T10:00:20.867+0000] {standard_task_runner.py:90} INFO - Running: ['airflow', 'tasks', 'run', 'streaming_pipeline_monitoring', 'check_spark_streaming', 'scheduled__2025-11-25T09:50:00+00:00', '--job-id', '331', '--raw', '--subdir', 'DAGS_FOLDER/streaming_pipeline_dag.py', '--cfg-path', '/tmp/tmptqczkfwi']
[2025-11-25T10:00:20.870+0000] {standard_task_runner.py:91} INFO - Job 331: Subtask check_spark_streaming
[2025-11-25T10:00:21.063+0000] {task_command.py:426} INFO - Running <TaskInstance: streaming_pipeline_monitoring.check_spark_streaming scheduled__2025-11-25T09:50:00+00:00 [running]> on host f385b52f68af
[2025-11-25T10:00:21.402+0000] {taskinstance.py:2648} INFO - Exporting env vars: AIRFLOW_CTX_DAG_OWNER='airflow' AIRFLOW_CTX_DAG_ID='streaming_pipeline_monitoring' AIRFLOW_CTX_TASK_ID='check_spark_streaming' AIRFLOW_CTX_EXECUTION_DATE='2025-11-25T09:50:00+00:00' AIRFLOW_CTX_TRY_NUMBER='1' AIRFLOW_CTX_DAG_RUN_ID='scheduled__2025-11-25T09:50:00+00:00'
[2025-11-25T10:00:21.404+0000] {taskinstance.py:430} INFO - ::endgroup::
[2025-11-25T10:00:21.419+0000] {subprocess.py:63} INFO - Tmp dir root location: /tmp
[2025-11-25T10:00:21.420+0000] {subprocess.py:75} INFO - Running command: ['/usr/bin/bash', '-c', '\n        echo "✓ Vérification indirecte de Spark (via données PostgreSQL dans la prochaine tâche)"\n        echo "  Si PostgreSQL reçoit des prédictions récentes, c\'est que Spark fonctionne"\n        exit 0\n        ']
[2025-11-25T10:00:21.431+0000] {subprocess.py:86} INFO - Output:
[2025-11-25T10:00:21.432+0000] {subprocess.py:93} INFO - ✓ Vérification indirecte de Spark (via données PostgreSQL dans la prochaine tâche)
[2025-11-25T10:00:21.433+0000] {subprocess.py:93} INFO -   Si PostgreSQL reçoit des prédictions récentes, c'est que Spark fonctionne
[2025-11-25T10:00:21.434+0000] {subprocess.py:97} INFO - Command exited with return code 0
[2025-11-25T10:00:21.435+0000] {taskinstance.py:441} INFO - ::group::Post task execution logs
[2025-11-25T10:00:21.545+0000] {taskinstance.py:1206} INFO - Marking task as SUCCESS. dag_id=streaming_pipeline_monitoring, task_id=check_spark_streaming, run_id=scheduled__2025-11-25T09:50:00+00:00, execution_date=20251125T095000, start_date=20251125T100020, end_date=20251125T100021
[2025-11-25T10:00:21.628+0000] {local_task_job_runner.py:240} INFO - Task exited with return code 0
[2025-11-25T10:00:21.736+0000] {taskinstance.py:3498} INFO - 2 downstream tasks scheduled from follow-on schedule check
[2025-11-25T10:00:21.767+0000] {local_task_job_runner.py:222} INFO - ::endgroup::
