[2025-11-25T15:50:18.745+0000] {local_task_job_runner.py:120} INFO - ::group::Pre task execution logs
[2025-11-25T15:50:18.826+0000] {taskinstance.py:2076} INFO - Dependencies all met for dep_context=non-requeueable deps ti=<TaskInstance: streaming_pipeline_monitoring.check_bridge_tcp scheduled__2025-11-25T15:40:00+00:00 [queued]>
[2025-11-25T15:50:18.858+0000] {taskinstance.py:2076} INFO - Dependencies all met for dep_context=requeueable deps ti=<TaskInstance: streaming_pipeline_monitoring.check_bridge_tcp scheduled__2025-11-25T15:40:00+00:00 [queued]>
[2025-11-25T15:50:18.859+0000] {taskinstance.py:2306} INFO - Starting attempt 1 of 3
[2025-11-25T15:50:18.961+0000] {taskinstance.py:2330} INFO - Executing <Task(BashOperator): check_bridge_tcp> on 2025-11-25 15:40:00+00:00
[2025-11-25T15:50:18.971+0000] {standard_task_runner.py:63} INFO - Started process 130 to run task
[2025-11-25T15:50:18.976+0000] {standard_task_runner.py:90} INFO - Running: ['airflow', 'tasks', 'run', 'streaming_pipeline_monitoring', 'check_bridge_tcp', 'scheduled__2025-11-25T15:40:00+00:00', '--job-id', '535', '--raw', '--subdir', 'DAGS_FOLDER/streaming_pipeline_dag.py', '--cfg-path', '/tmp/tmpo27pv0fd']
[2025-11-25T15:50:18.978+0000] {standard_task_runner.py:91} INFO - Job 535: Subtask check_bridge_tcp
[2025-11-25T15:50:19.171+0000] {task_command.py:426} INFO - Running <TaskInstance: streaming_pipeline_monitoring.check_bridge_tcp scheduled__2025-11-25T15:40:00+00:00 [running]> on host ac78ca89de1e
[2025-11-25T15:50:19.582+0000] {taskinstance.py:2648} INFO - Exporting env vars: AIRFLOW_CTX_DAG_OWNER='airflow' AIRFLOW_CTX_DAG_ID='streaming_pipeline_monitoring' AIRFLOW_CTX_TASK_ID='check_bridge_tcp' AIRFLOW_CTX_EXECUTION_DATE='2025-11-25T15:40:00+00:00' AIRFLOW_CTX_TRY_NUMBER='1' AIRFLOW_CTX_DAG_RUN_ID='scheduled__2025-11-25T15:40:00+00:00'
[2025-11-25T15:50:19.584+0000] {taskinstance.py:430} INFO - ::endgroup::
[2025-11-25T15:50:19.620+0000] {subprocess.py:63} INFO - Tmp dir root location: /tmp
[2025-11-25T15:50:19.622+0000] {subprocess.py:75} INFO - Running command: ['/usr/bin/bash', '-c', '\n        echo "Vérification du Bridge TCP..."\n        if nc -z -w 5 bridge 9999; then\n            echo "✓ Bridge TCP actif sur port 9999"\n            exit 0\n        else\n            echo "✗ Bridge TCP ne répond pas"\n            exit 1\n        fi\n        ']
[2025-11-25T15:50:19.647+0000] {subprocess.py:86} INFO - Output:
[2025-11-25T15:50:19.649+0000] {subprocess.py:93} INFO - Vérification du Bridge TCP...
[2025-11-25T15:50:19.657+0000] {subprocess.py:93} INFO - ✓ Bridge TCP actif sur port 9999
[2025-11-25T15:50:19.659+0000] {subprocess.py:97} INFO - Command exited with return code 0
[2025-11-25T15:50:19.661+0000] {taskinstance.py:441} INFO - ::group::Post task execution logs
[2025-11-25T15:50:19.847+0000] {taskinstance.py:1206} INFO - Marking task as SUCCESS. dag_id=streaming_pipeline_monitoring, task_id=check_bridge_tcp, run_id=scheduled__2025-11-25T15:40:00+00:00, execution_date=20251125T154000, start_date=20251125T155018, end_date=20251125T155019
[2025-11-25T15:50:20.005+0000] {local_task_job_runner.py:240} INFO - Task exited with return code 0
[2025-11-25T15:50:20.122+0000] {taskinstance.py:3498} INFO - 1 downstream tasks scheduled from follow-on schedule check
[2025-11-25T15:50:20.159+0000] {local_task_job_runner.py:222} INFO - ::endgroup::
