[2025-11-23T16:51:03.869+0000] {local_task_job_runner.py:120} INFO - ::group::Pre task execution logs
[2025-11-23T16:51:03.955+0000] {taskinstance.py:2076} INFO - Dependencies all met for dep_context=non-requeueable deps ti=<TaskInstance: streaming_pipeline_monitoring.generate_health_report scheduled__2025-11-23T16:40:00+00:00 [queued]>
[2025-11-23T16:51:03.991+0000] {taskinstance.py:2076} INFO - Dependencies all met for dep_context=requeueable deps ti=<TaskInstance: streaming_pipeline_monitoring.generate_health_report scheduled__2025-11-23T16:40:00+00:00 [queued]>
[2025-11-23T16:51:03.992+0000] {taskinstance.py:2306} INFO - Starting attempt 1 of 3
[2025-11-23T16:51:04.104+0000] {taskinstance.py:2330} INFO - Executing <Task(PythonOperator): generate_health_report> on 2025-11-23 16:40:00+00:00
[2025-11-23T16:51:04.116+0000] {standard_task_runner.py:63} INFO - Started process 175 to run task
[2025-11-23T16:51:04.120+0000] {standard_task_runner.py:90} INFO - Running: ['airflow', 'tasks', 'run', 'streaming_pipeline_monitoring', 'generate_health_report', 'scheduled__2025-11-23T16:40:00+00:00', '--job-id', '54', '--raw', '--subdir', 'DAGS_FOLDER/streaming_pipeline_dag.py', '--cfg-path', '/tmp/tmpsjbzyl4s']
[2025-11-23T16:51:04.123+0000] {standard_task_runner.py:91} INFO - Job 54: Subtask generate_health_report
[2025-11-23T16:51:04.533+0000] {task_command.py:426} INFO - Running <TaskInstance: streaming_pipeline_monitoring.generate_health_report scheduled__2025-11-23T16:40:00+00:00 [running]> on host 44ce18cdf754
[2025-11-23T16:51:04.935+0000] {taskinstance.py:2648} INFO - Exporting env vars: AIRFLOW_CTX_DAG_OWNER='airflow' AIRFLOW_CTX_DAG_ID='streaming_pipeline_monitoring' AIRFLOW_CTX_TASK_ID='generate_health_report' AIRFLOW_CTX_EXECUTION_DATE='2025-11-23T16:40:00+00:00' AIRFLOW_CTX_TRY_NUMBER='1' AIRFLOW_CTX_DAG_RUN_ID='scheduled__2025-11-23T16:40:00+00:00'
[2025-11-23T16:51:04.936+0000] {taskinstance.py:430} INFO - ::endgroup::
[2025-11-23T16:51:05.040+0000] {logging_mixin.py:188} INFO - 
============================================================
[2025-11-23T16:51:05.041+0000] {logging_mixin.py:188} INFO - RAPPORT DE SANTÉ DU PIPELINE
[2025-11-23T16:51:05.042+0000] {logging_mixin.py:188} INFO - ============================================================
[2025-11-23T16:51:05.044+0000] {logging_mixin.py:188} INFO - {
  "timestamp": "2025-11-23T16:51:05.040324",
  "status": "HEALTHY",
  "postgres": {
    "recent_predictions": 297,
    "latest_timestamp": "2025-11-23T16:50:39.762413"
  },
  "mongodb": {
    "total_aggregates": 1173,
    "recent_aggregates": 501
  }
}
[2025-11-23T16:51:05.045+0000] {logging_mixin.py:188} INFO - ============================================================
[2025-11-23T16:51:05.117+0000] {python.py:237} INFO - Done. Returned value was: HEALTHY
[2025-11-23T16:51:05.118+0000] {taskinstance.py:441} INFO - ::group::Post task execution logs
[2025-11-23T16:51:05.481+0000] {taskinstance.py:1206} INFO - Marking task as SUCCESS. dag_id=streaming_pipeline_monitoring, task_id=generate_health_report, run_id=scheduled__2025-11-23T16:40:00+00:00, execution_date=20251123T164000, start_date=20251123T165103, end_date=20251123T165105
[2025-11-23T16:51:05.692+0000] {local_task_job_runner.py:240} INFO - Task exited with return code 0
[2025-11-23T16:51:05.899+0000] {taskinstance.py:3498} INFO - 0 downstream tasks scheduled from follow-on schedule check
[2025-11-23T16:51:05.913+0000] {local_task_job_runner.py:222} INFO - ::endgroup::
