[2025-11-27T13:41:13.897+0000] {local_task_job_runner.py:120} INFO - ::group::Pre task execution logs
[2025-11-27T13:41:13.953+0000] {taskinstance.py:2076} INFO - Dependencies all met for dep_context=non-requeueable deps ti=<TaskInstance: streaming_pipeline_monitoring.generate_health_report scheduled__2025-11-27T13:30:00+00:00 [queued]>
[2025-11-27T13:41:13.997+0000] {taskinstance.py:2076} INFO - Dependencies all met for dep_context=requeueable deps ti=<TaskInstance: streaming_pipeline_monitoring.generate_health_report scheduled__2025-11-27T13:30:00+00:00 [queued]>
[2025-11-27T13:41:13.998+0000] {taskinstance.py:2306} INFO - Starting attempt 1 of 3
[2025-11-27T13:41:14.085+0000] {taskinstance.py:2330} INFO - Executing <Task(PythonOperator): generate_health_report> on 2025-11-27 13:30:00+00:00
[2025-11-27T13:41:14.101+0000] {standard_task_runner.py:63} INFO - Started process 241 to run task
[2025-11-27T13:41:14.106+0000] {standard_task_runner.py:90} INFO - Running: ['airflow', 'tasks', 'run', 'streaming_pipeline_monitoring', 'generate_health_report', 'scheduled__2025-11-27T13:30:00+00:00', '--job-id', '1279', '--raw', '--subdir', 'DAGS_FOLDER/streaming_pipeline_dag.py', '--cfg-path', '/tmp/tmp_qdeva05']
[2025-11-27T13:41:14.110+0000] {standard_task_runner.py:91} INFO - Job 1279: Subtask generate_health_report
[2025-11-27T13:41:14.547+0000] {task_command.py:426} INFO - Running <TaskInstance: streaming_pipeline_monitoring.generate_health_report scheduled__2025-11-27T13:30:00+00:00 [running]> on host aa34447916d9
[2025-11-27T13:41:15.393+0000] {taskinstance.py:2648} INFO - Exporting env vars: AIRFLOW_CTX_DAG_OWNER='airflow' AIRFLOW_CTX_DAG_ID='streaming_pipeline_monitoring' AIRFLOW_CTX_TASK_ID='generate_health_report' AIRFLOW_CTX_EXECUTION_DATE='2025-11-27T13:30:00+00:00' AIRFLOW_CTX_TRY_NUMBER='1' AIRFLOW_CTX_DAG_RUN_ID='scheduled__2025-11-27T13:30:00+00:00'
[2025-11-27T13:41:15.396+0000] {taskinstance.py:430} INFO - ::endgroup::
[2025-11-27T13:41:15.713+0000] {logging_mixin.py:188} INFO - 
============================================================
[2025-11-27T13:41:15.715+0000] {logging_mixin.py:188} INFO - RAPPORT DE SANTÉ DU PIPELINE
[2025-11-27T13:41:15.716+0000] {logging_mixin.py:188} INFO - ============================================================
[2025-11-27T13:41:15.718+0000] {logging_mixin.py:188} INFO - {
  "timestamp": "2025-11-27T13:41:15.713565",
  "status": "HEALTHY",
  "postgres": {
    "recent_predictions": 309,
    "latest_timestamp": "2025-11-27T13:40:45.636134"
  },
  "mongodb": {
    "total_aggregates": 15819,
    "recent_aggregates": 495
  }
}
[2025-11-27T13:41:15.719+0000] {logging_mixin.py:188} INFO - ============================================================
[2025-11-27T13:41:15.959+0000] {python.py:237} INFO - Done. Returned value was: HEALTHY
[2025-11-27T13:41:15.961+0000] {taskinstance.py:441} INFO - ::group::Post task execution logs
[2025-11-27T13:41:16.227+0000] {taskinstance.py:1206} INFO - Marking task as SUCCESS. dag_id=streaming_pipeline_monitoring, task_id=generate_health_report, run_id=scheduled__2025-11-27T13:30:00+00:00, execution_date=20251127T133000, start_date=20251127T134113, end_date=20251127T134116
[2025-11-27T13:41:16.385+0000] {local_task_job_runner.py:240} INFO - Task exited with return code 0
[2025-11-27T13:41:16.444+0000] {taskinstance.py:3498} INFO - 0 downstream tasks scheduled from follow-on schedule check
[2025-11-27T13:41:16.450+0000] {local_task_job_runner.py:222} INFO - ::endgroup::
