[2025-11-27T13:40:22.919+0000] {local_task_job_runner.py:120} INFO - ::group::Pre task execution logs
[2025-11-27T13:40:22.538+0000] {taskinstance.py:2076} INFO - Dependencies all met for dep_context=non-requeueable deps ti=<TaskInstance: streaming_pipeline_monitoring.check_bridge_tcp scheduled__2025-11-27T13:30:00+00:00 [queued]>
[2025-11-27T13:40:22.604+0000] {taskinstance.py:2076} INFO - Dependencies all met for dep_context=requeueable deps ti=<TaskInstance: streaming_pipeline_monitoring.check_bridge_tcp scheduled__2025-11-27T13:30:00+00:00 [queued]>
[2025-11-27T13:40:22.607+0000] {taskinstance.py:2306} INFO - Starting attempt 1 of 3
[2025-11-27T13:40:22.144+0000] {taskinstance.py:2330} INFO - Executing <Task(BashOperator): check_bridge_tcp> on 2025-11-27 13:30:00+00:00
[2025-11-27T13:40:22.159+0000] {standard_task_runner.py:63} INFO - Started process 221 to run task
[2025-11-27T13:40:22.172+0000] {standard_task_runner.py:90} INFO - Running: ['airflow', 'tasks', 'run', 'streaming_pipeline_monitoring', 'check_bridge_tcp', 'scheduled__2025-11-27T13:30:00+00:00', '--job-id', '1275', '--raw', '--subdir', 'DAGS_FOLDER/streaming_pipeline_dag.py', '--cfg-path', '/tmp/tmpbew85n60']
[2025-11-27T13:40:22.182+0000] {standard_task_runner.py:91} INFO - Job 1275: Subtask check_bridge_tcp
[2025-11-27T13:40:22.496+0000] {task_command.py:426} INFO - Running <TaskInstance: streaming_pipeline_monitoring.check_bridge_tcp scheduled__2025-11-27T13:30:00+00:00 [running]> on host aa34447916d9
[2025-11-27T13:40:22.864+0000] {taskinstance.py:2648} INFO - Exporting env vars: AIRFLOW_CTX_DAG_OWNER='airflow' AIRFLOW_CTX_DAG_ID='streaming_pipeline_monitoring' AIRFLOW_CTX_TASK_ID='check_bridge_tcp' AIRFLOW_CTX_EXECUTION_DATE='2025-11-27T13:30:00+00:00' AIRFLOW_CTX_TRY_NUMBER='1' AIRFLOW_CTX_DAG_RUN_ID='scheduled__2025-11-27T13:30:00+00:00'
[2025-11-27T13:40:22.867+0000] {taskinstance.py:430} INFO - ::endgroup::
[2025-11-27T13:40:22.894+0000] {subprocess.py:63} INFO - Tmp dir root location: /tmp
[2025-11-27T13:40:22.897+0000] {subprocess.py:75} INFO - Running command: ['/usr/bin/bash', '-c', '\n        echo "Vérification du Bridge TCP..."\n        if nc -z -w 5 bridge 9999; then\n            echo "✓ Bridge TCP actif sur port 9999"\n            exit 0\n        else\n            echo "✗ Bridge TCP ne répond pas"\n            exit 1\n        fi\n        ']
[2025-11-27T13:40:22.917+0000] {subprocess.py:86} INFO - Output:
[2025-11-27T13:40:22.919+0000] {subprocess.py:93} INFO - Vérification du Bridge TCP...
[2025-11-27T13:40:22.923+0000] {subprocess.py:93} INFO - ✓ Bridge TCP actif sur port 9999
[2025-11-27T13:40:22.925+0000] {subprocess.py:97} INFO - Command exited with return code 0
[2025-11-27T13:40:22.926+0000] {taskinstance.py:441} INFO - ::group::Post task execution logs
[2025-11-27T13:40:23.082+0000] {taskinstance.py:1206} INFO - Marking task as SUCCESS. dag_id=streaming_pipeline_monitoring, task_id=check_bridge_tcp, run_id=scheduled__2025-11-27T13:30:00+00:00, execution_date=20251127T133000, start_date=20251127T134022, end_date=20251127T134023
[2025-11-27T13:40:23.248+0000] {local_task_job_runner.py:240} INFO - Task exited with return code 0
[2025-11-27T13:40:23.447+0000] {taskinstance.py:3498} INFO - 1 downstream tasks scheduled from follow-on schedule check
[2025-11-27T13:40:23.474+0000] {local_task_job_runner.py:222} INFO - ::endgroup::
