[2025-11-25T13:49:10.343+0000] {local_task_job_runner.py:120} INFO - ::group::Pre task execution logs
[2025-11-25T13:49:10.419+0000] {taskinstance.py:2076} INFO - Dependencies all met for dep_context=non-requeueable deps ti=<TaskInstance: streaming_pipeline_monitoring.generate_health_report scheduled__2025-11-25T13:30:00+00:00 [queued]>
[2025-11-25T13:49:10.456+0000] {taskinstance.py:2076} INFO - Dependencies all met for dep_context=requeueable deps ti=<TaskInstance: streaming_pipeline_monitoring.generate_health_report scheduled__2025-11-25T13:30:00+00:00 [queued]>
[2025-11-25T13:49:10.457+0000] {taskinstance.py:2306} INFO - Starting attempt 1 of 3
[2025-11-25T13:49:10.553+0000] {taskinstance.py:2330} INFO - Executing <Task(PythonOperator): generate_health_report> on 2025-11-25 13:30:00+00:00
[2025-11-25T13:49:10.561+0000] {standard_task_runner.py:63} INFO - Started process 1246 to run task
[2025-11-25T13:49:10.568+0000] {standard_task_runner.py:90} INFO - Running: ['airflow', 'tasks', 'run', 'streaming_pipeline_monitoring', 'generate_health_report', 'scheduled__2025-11-25T13:30:00+00:00', '--job-id', '460', '--raw', '--subdir', 'DAGS_FOLDER/streaming_pipeline_dag.py', '--cfg-path', '/tmp/tmpa04egd6y']
[2025-11-25T13:49:10.571+0000] {standard_task_runner.py:91} INFO - Job 460: Subtask generate_health_report
[2025-11-25T13:49:10.770+0000] {task_command.py:426} INFO - Running <TaskInstance: streaming_pipeline_monitoring.generate_health_report scheduled__2025-11-25T13:30:00+00:00 [running]> on host f385b52f68af
[2025-11-25T13:49:11.164+0000] {taskinstance.py:2648} INFO - Exporting env vars: AIRFLOW_CTX_DAG_OWNER='airflow' AIRFLOW_CTX_DAG_ID='streaming_pipeline_monitoring' AIRFLOW_CTX_TASK_ID='generate_health_report' AIRFLOW_CTX_EXECUTION_DATE='2025-11-25T13:30:00+00:00' AIRFLOW_CTX_TRY_NUMBER='1' AIRFLOW_CTX_DAG_RUN_ID='scheduled__2025-11-25T13:30:00+00:00'
[2025-11-25T13:49:11.166+0000] {taskinstance.py:430} INFO - ::endgroup::
[2025-11-25T13:49:11.338+0000] {logging_mixin.py:188} INFO - 
============================================================
[2025-11-25T13:49:11.339+0000] {logging_mixin.py:188} INFO - RAPPORT DE SANTÉ DU PIPELINE
[2025-11-25T13:49:11.340+0000] {logging_mixin.py:188} INFO - ============================================================
[2025-11-25T13:49:11.341+0000] {logging_mixin.py:188} INFO - {
  "timestamp": "2025-11-25T13:49:11.338287",
  "status": "DEGRADED",
  "postgres": {
    "recent_predictions": 0,
    "latest_timestamp": "None"
  },
  "mongodb": {
    "total_aggregates": 3790,
    "recent_aggregates": 0
  }
}
[2025-11-25T13:49:11.341+0000] {logging_mixin.py:188} INFO - ============================================================
[2025-11-25T13:49:11.465+0000] {python.py:237} INFO - Done. Returned value was: DEGRADED
[2025-11-25T13:49:11.466+0000] {taskinstance.py:441} INFO - ::group::Post task execution logs
[2025-11-25T13:49:11.601+0000] {taskinstance.py:1206} INFO - Marking task as SUCCESS. dag_id=streaming_pipeline_monitoring, task_id=generate_health_report, run_id=scheduled__2025-11-25T13:30:00+00:00, execution_date=20251125T133000, start_date=20251125T134910, end_date=20251125T134911
[2025-11-25T13:49:11.718+0000] {local_task_job_runner.py:240} INFO - Task exited with return code 0
[2025-11-25T13:49:11.762+0000] {taskinstance.py:3498} INFO - 0 downstream tasks scheduled from follow-on schedule check
[2025-11-25T13:49:11.767+0000] {local_task_job_runner.py:222} INFO - ::endgroup::
