[2025-11-24T08:50:44.278+0000] {local_task_job_runner.py:120} INFO - ::group::Pre task execution logs
[2025-11-24T08:50:44.360+0000] {taskinstance.py:2076} INFO - Dependencies all met for dep_context=non-requeueable deps ti=<TaskInstance: streaming_pipeline_monitoring.generate_health_report scheduled__2025-11-24T08:40:00+00:00 [queued]>
[2025-11-24T08:50:44.439+0000] {taskinstance.py:2076} INFO - Dependencies all met for dep_context=requeueable deps ti=<TaskInstance: streaming_pipeline_monitoring.generate_health_report scheduled__2025-11-24T08:40:00+00:00 [queued]>
[2025-11-24T08:50:44.440+0000] {taskinstance.py:2306} INFO - Starting attempt 1 of 3
[2025-11-24T08:50:44.604+0000] {taskinstance.py:2330} INFO - Executing <Task(PythonOperator): generate_health_report> on 2025-11-24 08:40:00+00:00
[2025-11-24T08:50:44.613+0000] {standard_task_runner.py:63} INFO - Started process 134 to run task
[2025-11-24T08:50:44.620+0000] {standard_task_runner.py:90} INFO - Running: ['airflow', 'tasks', 'run', 'streaming_pipeline_monitoring', 'generate_health_report', 'scheduled__2025-11-24T08:40:00+00:00', '--job-id', '97', '--raw', '--subdir', 'DAGS_FOLDER/streaming_pipeline_dag.py', '--cfg-path', '/tmp/tmp8y1t4adp']
[2025-11-24T08:50:44.625+0000] {standard_task_runner.py:91} INFO - Job 97: Subtask generate_health_report
[2025-11-24T08:50:45.019+0000] {task_command.py:426} INFO - Running <TaskInstance: streaming_pipeline_monitoring.generate_health_report scheduled__2025-11-24T08:40:00+00:00 [running]> on host 44ce18cdf754
[2025-11-24T08:50:45.618+0000] {taskinstance.py:2648} INFO - Exporting env vars: AIRFLOW_CTX_DAG_OWNER='airflow' AIRFLOW_CTX_DAG_ID='streaming_pipeline_monitoring' AIRFLOW_CTX_TASK_ID='generate_health_report' AIRFLOW_CTX_EXECUTION_DATE='2025-11-24T08:40:00+00:00' AIRFLOW_CTX_TRY_NUMBER='1' AIRFLOW_CTX_DAG_RUN_ID='scheduled__2025-11-24T08:40:00+00:00'
[2025-11-24T08:50:45.620+0000] {taskinstance.py:430} INFO - ::endgroup::
[2025-11-24T08:50:45.755+0000] {logging_mixin.py:188} INFO - 
============================================================
[2025-11-24T08:50:45.756+0000] {logging_mixin.py:188} INFO - RAPPORT DE SANTÉ DU PIPELINE
[2025-11-24T08:50:45.757+0000] {logging_mixin.py:188} INFO - ============================================================
[2025-11-24T08:50:45.757+0000] {logging_mixin.py:188} INFO - {
  "timestamp": "2025-11-24T08:50:45.755192",
  "status": "DEGRADED",
  "postgres": {
    "recent_predictions": 0,
    "latest_timestamp": "None"
  },
  "mongodb": {
    "total_aggregates": 3390,
    "recent_aggregates": 0
  }
}
[2025-11-24T08:50:45.758+0000] {logging_mixin.py:188} INFO - ============================================================
[2025-11-24T08:50:45.877+0000] {python.py:237} INFO - Done. Returned value was: DEGRADED
[2025-11-24T08:50:45.878+0000] {taskinstance.py:441} INFO - ::group::Post task execution logs
[2025-11-24T08:50:46.101+0000] {taskinstance.py:1206} INFO - Marking task as SUCCESS. dag_id=streaming_pipeline_monitoring, task_id=generate_health_report, run_id=scheduled__2025-11-24T08:40:00+00:00, execution_date=20251124T084000, start_date=20251124T085044, end_date=20251124T085046
[2025-11-24T08:50:46.253+0000] {local_task_job_runner.py:240} INFO - Task exited with return code 0
[2025-11-24T08:50:46.325+0000] {taskinstance.py:3498} INFO - 0 downstream tasks scheduled from follow-on schedule check
[2025-11-24T08:50:46.330+0000] {local_task_job_runner.py:222} INFO - ::endgroup::
