[2025-11-27T08:00:12.879+0000] {local_task_job_runner.py:120} INFO - ::group::Pre task execution logs
[2025-11-27T08:00:12.916+0000] {taskinstance.py:2076} INFO - Dependencies all met for dep_context=non-requeueable deps ti=<TaskInstance: streaming_pipeline_monitoring.check_spark_streaming scheduled__2025-11-27T07:50:00+00:00 [queued]>
[2025-11-27T08:00:12.932+0000] {taskinstance.py:2076} INFO - Dependencies all met for dep_context=requeueable deps ti=<TaskInstance: streaming_pipeline_monitoring.check_spark_streaming scheduled__2025-11-27T07:50:00+00:00 [queued]>
[2025-11-27T08:00:12.933+0000] {taskinstance.py:2306} INFO - Starting attempt 1 of 3
[2025-11-27T08:00:12.977+0000] {taskinstance.py:2330} INFO - Executing <Task(BashOperator): check_spark_streaming> on 2025-11-27 07:50:00+00:00
[2025-11-27T08:00:12.981+0000] {standard_task_runner.py:63} INFO - Started process 2323 to run task
[2025-11-27T08:00:12.989+0000] {standard_task_runner.py:90} INFO - Running: ['airflow', 'tasks', 'run', 'streaming_pipeline_monitoring', 'check_spark_streaming', 'scheduled__2025-11-27T07:50:00+00:00', '--job-id', '1089', '--raw', '--subdir', 'DAGS_FOLDER/streaming_pipeline_dag.py', '--cfg-path', '/tmp/tmp6uvzbr9j']
[2025-11-27T08:00:12.992+0000] {standard_task_runner.py:91} INFO - Job 1089: Subtask check_spark_streaming
[2025-11-27T08:00:13.091+0000] {task_command.py:426} INFO - Running <TaskInstance: streaming_pipeline_monitoring.check_spark_streaming scheduled__2025-11-27T07:50:00+00:00 [running]> on host ac78ca89de1e
[2025-11-27T08:00:13.267+0000] {taskinstance.py:2648} INFO - Exporting env vars: AIRFLOW_CTX_DAG_OWNER='airflow' AIRFLOW_CTX_DAG_ID='streaming_pipeline_monitoring' AIRFLOW_CTX_TASK_ID='check_spark_streaming' AIRFLOW_CTX_EXECUTION_DATE='2025-11-27T07:50:00+00:00' AIRFLOW_CTX_TRY_NUMBER='1' AIRFLOW_CTX_DAG_RUN_ID='scheduled__2025-11-27T07:50:00+00:00'
[2025-11-27T08:00:13.268+0000] {taskinstance.py:430} INFO - ::endgroup::
[2025-11-27T08:00:13.283+0000] {subprocess.py:63} INFO - Tmp dir root location: /tmp
[2025-11-27T08:00:13.285+0000] {subprocess.py:75} INFO - Running command: ['/usr/bin/bash', '-c', '\n        echo "✓ Vérification indirecte de Spark (via données PostgreSQL dans la prochaine tâche)"\n        echo "  Si PostgreSQL reçoit des prédictions récentes, c\'est que Spark fonctionne"\n        exit 0\n        ']
[2025-11-27T08:00:13.294+0000] {subprocess.py:86} INFO - Output:
[2025-11-27T08:00:13.295+0000] {subprocess.py:93} INFO - ✓ Vérification indirecte de Spark (via données PostgreSQL dans la prochaine tâche)
[2025-11-27T08:00:13.296+0000] {subprocess.py:93} INFO -   Si PostgreSQL reçoit des prédictions récentes, c'est que Spark fonctionne
[2025-11-27T08:00:13.296+0000] {subprocess.py:97} INFO - Command exited with return code 0
[2025-11-27T08:00:13.297+0000] {taskinstance.py:441} INFO - ::group::Post task execution logs
[2025-11-27T08:00:13.354+0000] {taskinstance.py:1206} INFO - Marking task as SUCCESS. dag_id=streaming_pipeline_monitoring, task_id=check_spark_streaming, run_id=scheduled__2025-11-27T07:50:00+00:00, execution_date=20251127T075000, start_date=20251127T080012, end_date=20251127T080013
[2025-11-27T08:00:13.451+0000] {local_task_job_runner.py:240} INFO - Task exited with return code 0
[2025-11-27T08:00:13.556+0000] {taskinstance.py:3498} INFO - 2 downstream tasks scheduled from follow-on schedule check
[2025-11-27T08:00:13.571+0000] {local_task_job_runner.py:222} INFO - ::endgroup::
