[2025-11-26T08:50:45.361+0000] {local_task_job_runner.py:120} INFO - ::group::Pre task execution logs
[2025-11-26T08:50:45.449+0000] {taskinstance.py:2076} INFO - Dependencies all met for dep_context=non-requeueable deps ti=<TaskInstance: streaming_pipeline_monitoring.generate_health_report scheduled__2025-11-26T08:40:00+00:00 [queued]>
[2025-11-26T08:50:45.508+0000] {taskinstance.py:2076} INFO - Dependencies all met for dep_context=requeueable deps ti=<TaskInstance: streaming_pipeline_monitoring.generate_health_report scheduled__2025-11-26T08:40:00+00:00 [queued]>
[2025-11-26T08:50:45.509+0000] {taskinstance.py:2306} INFO - Starting attempt 1 of 3
[2025-11-26T08:50:45.638+0000] {taskinstance.py:2330} INFO - Executing <Task(PythonOperator): generate_health_report> on 2025-11-26 08:40:00+00:00
[2025-11-26T08:50:45.650+0000] {standard_task_runner.py:63} INFO - Started process 1187 to run task
[2025-11-26T08:50:45.659+0000] {standard_task_runner.py:90} INFO - Running: ['airflow', 'tasks', 'run', 'streaming_pipeline_monitoring', 'generate_health_report', 'scheduled__2025-11-26T08:40:00+00:00', '--job-id', '689', '--raw', '--subdir', 'DAGS_FOLDER/streaming_pipeline_dag.py', '--cfg-path', '/tmp/tmp0o3m45z0']
[2025-11-26T08:50:45.664+0000] {standard_task_runner.py:91} INFO - Job 689: Subtask generate_health_report
[2025-11-26T08:50:46.054+0000] {task_command.py:426} INFO - Running <TaskInstance: streaming_pipeline_monitoring.generate_health_report scheduled__2025-11-26T08:40:00+00:00 [running]> on host ac78ca89de1e
[2025-11-26T08:50:46.651+0000] {taskinstance.py:2648} INFO - Exporting env vars: AIRFLOW_CTX_DAG_OWNER='airflow' AIRFLOW_CTX_DAG_ID='streaming_pipeline_monitoring' AIRFLOW_CTX_TASK_ID='generate_health_report' AIRFLOW_CTX_EXECUTION_DATE='2025-11-26T08:40:00+00:00' AIRFLOW_CTX_TRY_NUMBER='1' AIRFLOW_CTX_DAG_RUN_ID='scheduled__2025-11-26T08:40:00+00:00'
[2025-11-26T08:50:46.654+0000] {taskinstance.py:430} INFO - ::endgroup::
[2025-11-26T08:50:46.822+0000] {logging_mixin.py:188} INFO - 
============================================================
[2025-11-26T08:50:46.824+0000] {logging_mixin.py:188} INFO - RAPPORT DE SANTÉ DU PIPELINE
[2025-11-26T08:50:46.825+0000] {logging_mixin.py:188} INFO - ============================================================
[2025-11-26T08:50:46.826+0000] {logging_mixin.py:188} INFO - {
  "timestamp": "2025-11-26T08:50:46.822543",
  "status": "DEGRADED",
  "postgres": {
    "recent_predictions": 0,
    "latest_timestamp": "None"
  },
  "mongodb": {
    "total_aggregates": 13552,
    "recent_aggregates": 0
  }
}
[2025-11-26T08:50:46.827+0000] {logging_mixin.py:188} INFO - ============================================================
[2025-11-26T08:50:46.928+0000] {python.py:237} INFO - Done. Returned value was: DEGRADED
[2025-11-26T08:50:46.929+0000] {taskinstance.py:441} INFO - ::group::Post task execution logs
[2025-11-26T08:50:47.059+0000] {taskinstance.py:1206} INFO - Marking task as SUCCESS. dag_id=streaming_pipeline_monitoring, task_id=generate_health_report, run_id=scheduled__2025-11-26T08:40:00+00:00, execution_date=20251126T084000, start_date=20251126T085045, end_date=20251126T085047
[2025-11-26T08:50:47.210+0000] {local_task_job_runner.py:240} INFO - Task exited with return code 0
[2025-11-26T08:50:47.377+0000] {taskinstance.py:3498} INFO - 0 downstream tasks scheduled from follow-on schedule check
[2025-11-26T08:50:47.387+0000] {local_task_job_runner.py:222} INFO - ::endgroup::
