[2025-11-23T15:37:46.836+0000] {local_task_job_runner.py:120} INFO - ::group::Pre task execution logs
[2025-11-23T15:37:46.897+0000] {taskinstance.py:2076} INFO - Dependencies all met for dep_context=non-requeueable deps ti=<TaskInstance: streaming_pipeline_monitoring.generate_health_report manual__2025-11-23T15:37:05+00:00 [queued]>
[2025-11-23T15:37:46.925+0000] {taskinstance.py:2076} INFO - Dependencies all met for dep_context=requeueable deps ti=<TaskInstance: streaming_pipeline_monitoring.generate_health_report manual__2025-11-23T15:37:05+00:00 [queued]>
[2025-11-23T15:37:46.926+0000] {taskinstance.py:2306} INFO - Starting attempt 1 of 3
[2025-11-23T15:37:46.998+0000] {taskinstance.py:2330} INFO - Executing <Task(PythonOperator): generate_health_report> on 2025-11-23 15:37:05+00:00
[2025-11-23T15:37:47.004+0000] {standard_task_runner.py:63} INFO - Started process 876 to run task
[2025-11-23T15:37:47.009+0000] {standard_task_runner.py:90} INFO - Running: ['airflow', 'tasks', 'run', 'streaming_pipeline_monitoring', 'generate_health_report', 'manual__2025-11-23T15:37:05+00:00', '--job-id', '19', '--raw', '--subdir', 'DAGS_FOLDER/streaming_pipeline_dag.py', '--cfg-path', '/tmp/tmpt8b452s3']
[2025-11-23T15:37:47.012+0000] {standard_task_runner.py:91} INFO - Job 19: Subtask generate_health_report
[2025-11-23T15:37:47.171+0000] {task_command.py:426} INFO - Running <TaskInstance: streaming_pipeline_monitoring.generate_health_report manual__2025-11-23T15:37:05+00:00 [running]> on host 53e08c058b38
[2025-11-23T15:37:47.394+0000] {taskinstance.py:2648} INFO - Exporting env vars: AIRFLOW_CTX_DAG_OWNER='airflow' AIRFLOW_CTX_DAG_ID='streaming_pipeline_monitoring' AIRFLOW_CTX_TASK_ID='generate_health_report' AIRFLOW_CTX_EXECUTION_DATE='2025-11-23T15:37:05+00:00' AIRFLOW_CTX_TRY_NUMBER='1' AIRFLOW_CTX_DAG_RUN_ID='manual__2025-11-23T15:37:05+00:00'
[2025-11-23T15:37:47.396+0000] {taskinstance.py:430} INFO - ::endgroup::
[2025-11-23T15:37:47.460+0000] {logging_mixin.py:188} INFO - 
============================================================
[2025-11-23T15:37:47.460+0000] {logging_mixin.py:188} INFO - RAPPORT DE SANTÉ DU PIPELINE
[2025-11-23T15:37:47.461+0000] {logging_mixin.py:188} INFO - ============================================================
[2025-11-23T15:37:47.461+0000] {logging_mixin.py:188} INFO - {
  "timestamp": "2025-11-23T15:37:47.459828",
  "status": "DEGRADED",
  "postgres": {
    "recent_predictions": 0,
    "latest_timestamp": "None"
  },
  "mongodb": {
    "total_aggregates": 83,
    "recent_aggregates": 0
  }
}
[2025-11-23T15:37:47.462+0000] {logging_mixin.py:188} INFO - ============================================================
[2025-11-23T15:37:47.504+0000] {python.py:237} INFO - Done. Returned value was: DEGRADED
[2025-11-23T15:37:47.505+0000] {taskinstance.py:441} INFO - ::group::Post task execution logs
[2025-11-23T15:37:47.562+0000] {taskinstance.py:1206} INFO - Marking task as SUCCESS. dag_id=streaming_pipeline_monitoring, task_id=generate_health_report, run_id=manual__2025-11-23T15:37:05+00:00, execution_date=20251123T153705, start_date=20251123T153746, end_date=20251123T153747
[2025-11-23T15:37:47.664+0000] {local_task_job_runner.py:240} INFO - Task exited with return code 0
[2025-11-23T15:37:47.696+0000] {taskinstance.py:3498} INFO - 0 downstream tasks scheduled from follow-on schedule check
[2025-11-23T15:37:47.700+0000] {local_task_job_runner.py:222} INFO - ::endgroup::
