[2025-11-24T09:20:45.636+0000] {local_task_job_runner.py:120} INFO - ::group::Pre task execution logs
[2025-11-24T09:20:45.706+0000] {taskinstance.py:2076} INFO - Dependencies all met for dep_context=non-requeueable deps ti=<TaskInstance: streaming_pipeline_monitoring.generate_health_report scheduled__2025-11-24T09:10:00+00:00 [queued]>
[2025-11-24T09:20:45.733+0000] {taskinstance.py:2076} INFO - Dependencies all met for dep_context=requeueable deps ti=<TaskInstance: streaming_pipeline_monitoring.generate_health_report scheduled__2025-11-24T09:10:00+00:00 [queued]>
[2025-11-24T09:20:45.733+0000] {taskinstance.py:2306} INFO - Starting attempt 1 of 3
[2025-11-24T09:20:45.826+0000] {taskinstance.py:2330} INFO - Executing <Task(PythonOperator): generate_health_report> on 2025-11-24 09:10:00+00:00
[2025-11-24T09:20:45.834+0000] {standard_task_runner.py:63} INFO - Started process 272 to run task
[2025-11-24T09:20:45.839+0000] {standard_task_runner.py:90} INFO - Running: ['airflow', 'tasks', 'run', 'streaming_pipeline_monitoring', 'generate_health_report', 'scheduled__2025-11-24T09:10:00+00:00', '--job-id', '115', '--raw', '--subdir', 'DAGS_FOLDER/streaming_pipeline_dag.py', '--cfg-path', '/tmp/tmpn5smfuu8']
[2025-11-24T09:20:45.843+0000] {standard_task_runner.py:91} INFO - Job 115: Subtask generate_health_report
[2025-11-24T09:20:46.032+0000] {task_command.py:426} INFO - Running <TaskInstance: streaming_pipeline_monitoring.generate_health_report scheduled__2025-11-24T09:10:00+00:00 [running]> on host 44ce18cdf754
[2025-11-24T09:20:46.305+0000] {taskinstance.py:2648} INFO - Exporting env vars: AIRFLOW_CTX_DAG_OWNER='airflow' AIRFLOW_CTX_DAG_ID='streaming_pipeline_monitoring' AIRFLOW_CTX_TASK_ID='generate_health_report' AIRFLOW_CTX_EXECUTION_DATE='2025-11-24T09:10:00+00:00' AIRFLOW_CTX_TRY_NUMBER='1' AIRFLOW_CTX_DAG_RUN_ID='scheduled__2025-11-24T09:10:00+00:00'
[2025-11-24T09:20:46.306+0000] {taskinstance.py:430} INFO - ::endgroup::
[2025-11-24T09:20:46.410+0000] {logging_mixin.py:188} INFO - 
============================================================
[2025-11-24T09:20:46.411+0000] {logging_mixin.py:188} INFO - RAPPORT DE SANTÉ DU PIPELINE
[2025-11-24T09:20:46.411+0000] {logging_mixin.py:188} INFO - ============================================================
[2025-11-24T09:20:46.412+0000] {logging_mixin.py:188} INFO - {
  "timestamp": "2025-11-24T09:20:46.410597",
  "status": "DEGRADED",
  "postgres": {
    "recent_predictions": 0,
    "latest_timestamp": "None"
  },
  "mongodb": {
    "total_aggregates": 3390,
    "recent_aggregates": 0
  }
}
[2025-11-24T09:20:46.414+0000] {logging_mixin.py:188} INFO - ============================================================
[2025-11-24T09:20:46.500+0000] {python.py:237} INFO - Done. Returned value was: DEGRADED
[2025-11-24T09:20:46.501+0000] {taskinstance.py:441} INFO - ::group::Post task execution logs
[2025-11-24T09:20:46.613+0000] {taskinstance.py:1206} INFO - Marking task as SUCCESS. dag_id=streaming_pipeline_monitoring, task_id=generate_health_report, run_id=scheduled__2025-11-24T09:10:00+00:00, execution_date=20251124T091000, start_date=20251124T092045, end_date=20251124T092046
[2025-11-24T09:20:46.745+0000] {local_task_job_runner.py:240} INFO - Task exited with return code 0
[2025-11-24T09:20:46.793+0000] {taskinstance.py:3498} INFO - 0 downstream tasks scheduled from follow-on schedule check
[2025-11-24T09:20:46.797+0000] {local_task_job_runner.py:222} INFO - ::endgroup::
