[2025-11-25T18:20:19.116+0000] {local_task_job_runner.py:120} INFO - ::group::Pre task execution logs
[2025-11-25T18:20:19.186+0000] {taskinstance.py:2076} INFO - Dependencies all met for dep_context=non-requeueable deps ti=<TaskInstance: streaming_pipeline_monitoring.check_bridge_tcp scheduled__2025-11-25T18:10:00+00:00 [queued]>
[2025-11-25T18:20:19.217+0000] {taskinstance.py:2076} INFO - Dependencies all met for dep_context=requeueable deps ti=<TaskInstance: streaming_pipeline_monitoring.check_bridge_tcp scheduled__2025-11-25T18:10:00+00:00 [queued]>
[2025-11-25T18:20:19.218+0000] {taskinstance.py:2306} INFO - Starting attempt 1 of 3
[2025-11-25T18:20:19.301+0000] {taskinstance.py:2330} INFO - Executing <Task(BashOperator): check_bridge_tcp> on 2025-11-25 18:10:00+00:00
[2025-11-25T18:20:19.313+0000] {standard_task_runner.py:63} INFO - Started process 532 to run task
[2025-11-25T18:20:19.318+0000] {standard_task_runner.py:90} INFO - Running: ['airflow', 'tasks', 'run', 'streaming_pipeline_monitoring', 'check_bridge_tcp', 'scheduled__2025-11-25T18:10:00+00:00', '--job-id', '589', '--raw', '--subdir', 'DAGS_FOLDER/streaming_pipeline_dag.py', '--cfg-path', '/tmp/tmphk6funpb']
[2025-11-25T18:20:19.321+0000] {standard_task_runner.py:91} INFO - Job 589: Subtask check_bridge_tcp
[2025-11-25T18:20:19.703+0000] {task_command.py:426} INFO - Running <TaskInstance: streaming_pipeline_monitoring.check_bridge_tcp scheduled__2025-11-25T18:10:00+00:00 [running]> on host ac78ca89de1e
[2025-11-25T18:20:20.174+0000] {taskinstance.py:2648} INFO - Exporting env vars: AIRFLOW_CTX_DAG_OWNER='airflow' AIRFLOW_CTX_DAG_ID='streaming_pipeline_monitoring' AIRFLOW_CTX_TASK_ID='check_bridge_tcp' AIRFLOW_CTX_EXECUTION_DATE='2025-11-25T18:10:00+00:00' AIRFLOW_CTX_TRY_NUMBER='1' AIRFLOW_CTX_DAG_RUN_ID='scheduled__2025-11-25T18:10:00+00:00'
[2025-11-25T18:20:20.181+0000] {taskinstance.py:430} INFO - ::endgroup::
[2025-11-25T18:20:20.202+0000] {subprocess.py:63} INFO - Tmp dir root location: /tmp
[2025-11-25T18:20:20.205+0000] {subprocess.py:75} INFO - Running command: ['/usr/bin/bash', '-c', '\n        echo "Vérification du Bridge TCP..."\n        if nc -z -w 5 bridge 9999; then\n            echo "✓ Bridge TCP actif sur port 9999"\n            exit 0\n        else\n            echo "✗ Bridge TCP ne répond pas"\n            exit 1\n        fi\n        ']
[2025-11-25T18:20:20.224+0000] {subprocess.py:86} INFO - Output:
[2025-11-25T18:20:20.226+0000] {subprocess.py:93} INFO - Vérification du Bridge TCP...
[2025-11-25T18:20:20.228+0000] {subprocess.py:93} INFO - ✓ Bridge TCP actif sur port 9999
[2025-11-25T18:20:20.230+0000] {subprocess.py:97} INFO - Command exited with return code 0
[2025-11-25T18:20:20.231+0000] {taskinstance.py:441} INFO - ::group::Post task execution logs
[2025-11-25T18:20:20.329+0000] {taskinstance.py:1206} INFO - Marking task as SUCCESS. dag_id=streaming_pipeline_monitoring, task_id=check_bridge_tcp, run_id=scheduled__2025-11-25T18:10:00+00:00, execution_date=20251125T181000, start_date=20251125T182019, end_date=20251125T182020
[2025-11-25T18:20:20.428+0000] {local_task_job_runner.py:240} INFO - Task exited with return code 0
[2025-11-25T18:20:20.532+0000] {taskinstance.py:3498} INFO - 1 downstream tasks scheduled from follow-on schedule check
[2025-11-25T18:20:20.564+0000] {local_task_job_runner.py:222} INFO - ::endgroup::
