[2025-11-25T15:50:54.740+0000] {local_task_job_runner.py:120} INFO - ::group::Pre task execution logs
[2025-11-25T15:50:54.912+0000] {taskinstance.py:2076} INFO - Dependencies all met for dep_context=non-requeueable deps ti=<TaskInstance: streaming_pipeline_monitoring.generate_health_report scheduled__2025-11-25T15:40:00+00:00 [queued]>
[2025-11-25T15:50:55.015+0000] {taskinstance.py:2076} INFO - Dependencies all met for dep_context=requeueable deps ti=<TaskInstance: streaming_pipeline_monitoring.generate_health_report scheduled__2025-11-25T15:40:00+00:00 [queued]>
[2025-11-25T15:50:55.016+0000] {taskinstance.py:2306} INFO - Starting attempt 1 of 3
[2025-11-25T15:50:55.140+0000] {taskinstance.py:2330} INFO - Executing <Task(PythonOperator): generate_health_report> on 2025-11-25 15:40:00+00:00
[2025-11-25T15:50:55.162+0000] {standard_task_runner.py:63} INFO - Started process 149 to run task
[2025-11-25T15:50:55.166+0000] {standard_task_runner.py:90} INFO - Running: ['airflow', 'tasks', 'run', 'streaming_pipeline_monitoring', 'generate_health_report', 'scheduled__2025-11-25T15:40:00+00:00', '--job-id', '539', '--raw', '--subdir', 'DAGS_FOLDER/streaming_pipeline_dag.py', '--cfg-path', '/tmp/tmpauee58zw']
[2025-11-25T15:50:55.174+0000] {standard_task_runner.py:91} INFO - Job 539: Subtask generate_health_report
[2025-11-25T15:50:55.459+0000] {task_command.py:426} INFO - Running <TaskInstance: streaming_pipeline_monitoring.generate_health_report scheduled__2025-11-25T15:40:00+00:00 [running]> on host ac78ca89de1e
[2025-11-25T15:50:55.857+0000] {taskinstance.py:2648} INFO - Exporting env vars: AIRFLOW_CTX_DAG_OWNER='airflow' AIRFLOW_CTX_DAG_ID='streaming_pipeline_monitoring' AIRFLOW_CTX_TASK_ID='generate_health_report' AIRFLOW_CTX_EXECUTION_DATE='2025-11-25T15:40:00+00:00' AIRFLOW_CTX_TRY_NUMBER='1' AIRFLOW_CTX_DAG_RUN_ID='scheduled__2025-11-25T15:40:00+00:00'
[2025-11-25T15:50:55.859+0000] {taskinstance.py:430} INFO - ::endgroup::
[2025-11-25T15:50:55.985+0000] {logging_mixin.py:188} INFO - 
============================================================
[2025-11-25T15:50:55.985+0000] {logging_mixin.py:188} INFO - RAPPORT DE SANTÉ DU PIPELINE
[2025-11-25T15:50:55.986+0000] {logging_mixin.py:188} INFO - ============================================================
[2025-11-25T15:50:55.986+0000] {logging_mixin.py:188} INFO - {
  "timestamp": "2025-11-25T15:50:55.984887",
  "status": "HEALTHY",
  "postgres": {
    "recent_predictions": 314,
    "latest_timestamp": "2025-11-25T15:50:36.915693"
  },
  "mongodb": {
    "total_aggregates": 5001,
    "recent_aggregates": 560
  }
}
[2025-11-25T15:50:55.987+0000] {logging_mixin.py:188} INFO - ============================================================
[2025-11-25T15:50:56.057+0000] {python.py:237} INFO - Done. Returned value was: HEALTHY
[2025-11-25T15:50:56.058+0000] {taskinstance.py:441} INFO - ::group::Post task execution logs
[2025-11-25T15:50:56.221+0000] {taskinstance.py:1206} INFO - Marking task as SUCCESS. dag_id=streaming_pipeline_monitoring, task_id=generate_health_report, run_id=scheduled__2025-11-25T15:40:00+00:00, execution_date=20251125T154000, start_date=20251125T155054, end_date=20251125T155056
[2025-11-25T15:50:56.337+0000] {local_task_job_runner.py:240} INFO - Task exited with return code 0
[2025-11-25T15:50:56.415+0000] {taskinstance.py:3498} INFO - 0 downstream tasks scheduled from follow-on schedule check
[2025-11-25T15:50:56.419+0000] {local_task_job_runner.py:222} INFO - ::endgroup::
