[2025-11-23T17:11:01.676+0000] {local_task_job_runner.py:120} INFO - ::group::Pre task execution logs
[2025-11-23T17:11:01.746+0000] {taskinstance.py:2076} INFO - Dependencies all met for dep_context=non-requeueable deps ti=<TaskInstance: streaming_pipeline_monitoring.generate_health_report scheduled__2025-11-23T17:00:00+00:00 [queued]>
[2025-11-23T17:11:01.782+0000] {taskinstance.py:2076} INFO - Dependencies all met for dep_context=requeueable deps ti=<TaskInstance: streaming_pipeline_monitoring.generate_health_report scheduled__2025-11-23T17:00:00+00:00 [queued]>
[2025-11-23T17:11:01.783+0000] {taskinstance.py:2306} INFO - Starting attempt 1 of 3
[2025-11-23T17:11:01.886+0000] {taskinstance.py:2330} INFO - Executing <Task(PythonOperator): generate_health_report> on 2025-11-23 17:00:00+00:00
[2025-11-23T17:11:01.896+0000] {standard_task_runner.py:63} INFO - Started process 267 to run task
[2025-11-23T17:11:01.902+0000] {standard_task_runner.py:90} INFO - Running: ['airflow', 'tasks', 'run', 'streaming_pipeline_monitoring', 'generate_health_report', 'scheduled__2025-11-23T17:00:00+00:00', '--job-id', '66', '--raw', '--subdir', 'DAGS_FOLDER/streaming_pipeline_dag.py', '--cfg-path', '/tmp/tmp4vax27ca']
[2025-11-23T17:11:01.904+0000] {standard_task_runner.py:91} INFO - Job 66: Subtask generate_health_report
[2025-11-23T17:11:02.171+0000] {task_command.py:426} INFO - Running <TaskInstance: streaming_pipeline_monitoring.generate_health_report scheduled__2025-11-23T17:00:00+00:00 [running]> on host 44ce18cdf754
[2025-11-23T17:11:02.412+0000] {taskinstance.py:2648} INFO - Exporting env vars: AIRFLOW_CTX_DAG_OWNER='airflow' AIRFLOW_CTX_DAG_ID='streaming_pipeline_monitoring' AIRFLOW_CTX_TASK_ID='generate_health_report' AIRFLOW_CTX_EXECUTION_DATE='2025-11-23T17:00:00+00:00' AIRFLOW_CTX_TRY_NUMBER='1' AIRFLOW_CTX_DAG_RUN_ID='scheduled__2025-11-23T17:00:00+00:00'
[2025-11-23T17:11:02.414+0000] {taskinstance.py:430} INFO - ::endgroup::
[2025-11-23T17:11:02.501+0000] {logging_mixin.py:188} INFO - 
============================================================
[2025-11-23T17:11:02.502+0000] {logging_mixin.py:188} INFO - RAPPORT DE SANTÉ DU PIPELINE
[2025-11-23T17:11:02.503+0000] {logging_mixin.py:188} INFO - ============================================================
[2025-11-23T17:11:02.503+0000] {logging_mixin.py:188} INFO - {
  "timestamp": "2025-11-23T17:11:02.501442",
  "status": "HEALTHY",
  "postgres": {
    "recent_predictions": 298,
    "latest_timestamp": "2025-11-23T17:10:39.171235"
  },
  "mongodb": {
    "total_aggregates": 2256,
    "recent_aggregates": 533
  }
}
[2025-11-23T17:11:02.504+0000] {logging_mixin.py:188} INFO - ============================================================
[2025-11-23T17:11:02.569+0000] {python.py:237} INFO - Done. Returned value was: HEALTHY
[2025-11-23T17:11:02.570+0000] {taskinstance.py:441} INFO - ::group::Post task execution logs
[2025-11-23T17:11:02.683+0000] {taskinstance.py:1206} INFO - Marking task as SUCCESS. dag_id=streaming_pipeline_monitoring, task_id=generate_health_report, run_id=scheduled__2025-11-23T17:00:00+00:00, execution_date=20251123T170000, start_date=20251123T171101, end_date=20251123T171102
[2025-11-23T17:11:02.762+0000] {local_task_job_runner.py:240} INFO - Task exited with return code 0
[2025-11-23T17:11:02.807+0000] {taskinstance.py:3498} INFO - 0 downstream tasks scheduled from follow-on schedule check
[2025-11-23T17:11:02.813+0000] {local_task_job_runner.py:222} INFO - ::endgroup::
