[2025-11-25T18:21:02.546+0000] {local_task_job_runner.py:120} INFO - ::group::Pre task execution logs
[2025-11-25T18:21:02.642+0000] {taskinstance.py:2076} INFO - Dependencies all met for dep_context=non-requeueable deps ti=<TaskInstance: streaming_pipeline_monitoring.generate_health_report scheduled__2025-11-25T18:10:00+00:00 [queued]>
[2025-11-25T18:21:02.686+0000] {taskinstance.py:2076} INFO - Dependencies all met for dep_context=requeueable deps ti=<TaskInstance: streaming_pipeline_monitoring.generate_health_report scheduled__2025-11-25T18:10:00+00:00 [queued]>
[2025-11-25T18:21:02.687+0000] {taskinstance.py:2306} INFO - Starting attempt 1 of 3
[2025-11-25T18:21:02.787+0000] {taskinstance.py:2330} INFO - Executing <Task(PythonOperator): generate_health_report> on 2025-11-25 18:10:00+00:00
[2025-11-25T18:21:02.796+0000] {standard_task_runner.py:63} INFO - Started process 552 to run task
[2025-11-25T18:21:02.801+0000] {standard_task_runner.py:90} INFO - Running: ['airflow', 'tasks', 'run', 'streaming_pipeline_monitoring', 'generate_health_report', 'scheduled__2025-11-25T18:10:00+00:00', '--job-id', '593', '--raw', '--subdir', 'DAGS_FOLDER/streaming_pipeline_dag.py', '--cfg-path', '/tmp/tmp4w1e5ukj']
[2025-11-25T18:21:02.805+0000] {standard_task_runner.py:91} INFO - Job 593: Subtask generate_health_report
[2025-11-25T18:21:03.184+0000] {task_command.py:426} INFO - Running <TaskInstance: streaming_pipeline_monitoring.generate_health_report scheduled__2025-11-25T18:10:00+00:00 [running]> on host ac78ca89de1e
[2025-11-25T18:21:03.738+0000] {taskinstance.py:2648} INFO - Exporting env vars: AIRFLOW_CTX_DAG_OWNER='airflow' AIRFLOW_CTX_DAG_ID='streaming_pipeline_monitoring' AIRFLOW_CTX_TASK_ID='generate_health_report' AIRFLOW_CTX_EXECUTION_DATE='2025-11-25T18:10:00+00:00' AIRFLOW_CTX_TRY_NUMBER='1' AIRFLOW_CTX_DAG_RUN_ID='scheduled__2025-11-25T18:10:00+00:00'
[2025-11-25T18:21:03.740+0000] {taskinstance.py:430} INFO - ::endgroup::
[2025-11-25T18:21:03.888+0000] {logging_mixin.py:188} INFO - 
============================================================
[2025-11-25T18:21:03.889+0000] {logging_mixin.py:188} INFO - RAPPORT DE SANTÉ DU PIPELINE
[2025-11-25T18:21:03.889+0000] {logging_mixin.py:188} INFO - ============================================================
[2025-11-25T18:21:03.890+0000] {logging_mixin.py:188} INFO - {
  "timestamp": "2025-11-25T18:21:03.887876",
  "status": "HEALTHY",
  "postgres": {
    "recent_predictions": 312,
    "latest_timestamp": "2025-11-25T18:20:38.485910"
  },
  "mongodb": {
    "total_aggregates": 9731,
    "recent_aggregates": 558
  }
}
[2025-11-25T18:21:03.891+0000] {logging_mixin.py:188} INFO - ============================================================
[2025-11-25T18:21:03.959+0000] {python.py:237} INFO - Done. Returned value was: HEALTHY
[2025-11-25T18:21:03.960+0000] {taskinstance.py:441} INFO - ::group::Post task execution logs
[2025-11-25T18:21:04.169+0000] {taskinstance.py:1206} INFO - Marking task as SUCCESS. dag_id=streaming_pipeline_monitoring, task_id=generate_health_report, run_id=scheduled__2025-11-25T18:10:00+00:00, execution_date=20251125T181000, start_date=20251125T182102, end_date=20251125T182104
[2025-11-25T18:21:04.310+0000] {local_task_job_runner.py:240} INFO - Task exited with return code 0
[2025-11-25T18:21:04.372+0000] {taskinstance.py:3498} INFO - 0 downstream tasks scheduled from follow-on schedule check
[2025-11-25T18:21:04.377+0000] {local_task_job_runner.py:222} INFO - ::endgroup::
