[2025-11-23T15:34:25.436+0000] {local_task_job_runner.py:120} INFO - ::group::Pre task execution logs
[2025-11-23T15:34:25.489+0000] {taskinstance.py:2076} INFO - Dependencies all met for dep_context=non-requeueable deps ti=<TaskInstance: streaming_pipeline_monitoring.check_spark_streaming manual__2025-11-23T15:34:05+00:00 [queued]>
[2025-11-23T15:34:25.513+0000] {taskinstance.py:2076} INFO - Dependencies all met for dep_context=requeueable deps ti=<TaskInstance: streaming_pipeline_monitoring.check_spark_streaming manual__2025-11-23T15:34:05+00:00 [queued]>
[2025-11-23T15:34:25.514+0000] {taskinstance.py:2306} INFO - Starting attempt 1 of 3
[2025-11-23T15:34:25.601+0000] {taskinstance.py:2330} INFO - Executing <Task(BashOperator): check_spark_streaming> on 2025-11-23 15:34:05+00:00
[2025-11-23T15:34:25.613+0000] {standard_task_runner.py:63} INFO - Started process 789 to run task
[2025-11-23T15:34:25.618+0000] {standard_task_runner.py:90} INFO - Running: ['airflow', 'tasks', 'run', 'streaming_pipeline_monitoring', 'check_spark_streaming', 'manual__2025-11-23T15:34:05+00:00', '--job-id', '8', '--raw', '--subdir', 'DAGS_FOLDER/streaming_pipeline_dag.py', '--cfg-path', '/tmp/tmpq_vykxfx']
[2025-11-23T15:34:25.621+0000] {standard_task_runner.py:91} INFO - Job 8: Subtask check_spark_streaming
[2025-11-23T15:34:25.766+0000] {task_command.py:426} INFO - Running <TaskInstance: streaming_pipeline_monitoring.check_spark_streaming manual__2025-11-23T15:34:05+00:00 [running]> on host 53e08c058b38
[2025-11-23T15:34:25.987+0000] {taskinstance.py:2648} INFO - Exporting env vars: AIRFLOW_CTX_DAG_OWNER='airflow' AIRFLOW_CTX_DAG_ID='streaming_pipeline_monitoring' AIRFLOW_CTX_TASK_ID='check_spark_streaming' AIRFLOW_CTX_EXECUTION_DATE='2025-11-23T15:34:05+00:00' AIRFLOW_CTX_TRY_NUMBER='1' AIRFLOW_CTX_DAG_RUN_ID='manual__2025-11-23T15:34:05+00:00'
[2025-11-23T15:34:25.989+0000] {taskinstance.py:430} INFO - ::endgroup::
[2025-11-23T15:34:26.004+0000] {subprocess.py:63} INFO - Tmp dir root location: /tmp
[2025-11-23T15:34:26.008+0000] {subprocess.py:75} INFO - Running command: ['/usr/bin/bash', '-c', '\n        echo "Vérification de Spark Streaming..."\n        # Vérifier que le conteneur spark-stream existe et tourne\n        if docker ps --filter "name=spark-stream" --filter "status=running" | grep -q spark-stream; then\n            echo "✓ Conteneur Spark Streaming actif"\n            # Vérifier les logs pour des erreurs récentes\n            error_count=$(docker logs spark-stream --since 5m 2>&1 | grep -c "ERROR" || true)\n            echo "  Nombre d\'erreurs dans les 5 dernières minutes: $error_count"\n            if [ "$error_count" -gt 50 ]; then\n                echo "⚠ Attention: Trop d\'erreurs détectées ($error_count)"\n            fi\n            exit 0\n        else\n            echo "✗ Conteneur Spark Streaming non actif"\n            exit 1\n        fi\n        ']
[2025-11-23T15:34:26.025+0000] {subprocess.py:86} INFO - Output:
[2025-11-23T15:34:26.026+0000] {subprocess.py:93} INFO - Vérification de Spark Streaming...
[2025-11-23T15:34:26.027+0000] {subprocess.py:93} INFO - /usr/bin/bash: line 4: docker: command not found
[2025-11-23T15:34:26.030+0000] {subprocess.py:93} INFO - ✗ Conteneur Spark Streaming non actif
[2025-11-23T15:34:26.030+0000] {subprocess.py:97} INFO - Command exited with return code 1
[2025-11-23T15:34:26.032+0000] {taskinstance.py:441} INFO - ::group::Post task execution logs
[2025-11-23T15:34:26.050+0000] {taskinstance.py:2905} ERROR - Task failed with exception
Traceback (most recent call last):
  File "/usr/local/lib/python3.11/site-packages/airflow/models/taskinstance.py", line 465, in _execute_task
    result = _execute_callable(context=context, **execute_callable_kwargs)
             ^^^^^^^^^^^^^^^^^^^^^^^^^^^^^^^^^^^^^^^^^^^^^^^^^^^^^^^^^^^^^
  File "/usr/local/lib/python3.11/site-packages/airflow/models/taskinstance.py", line 432, in _execute_callable
    return execute_callable(context=context, **execute_callable_kwargs)
           ^^^^^^^^^^^^^^^^^^^^^^^^^^^^^^^^^^^^^^^^^^^^^^^^^^^^^^^^^^^^
  File "/usr/local/lib/python3.11/site-packages/airflow/models/baseoperator.py", line 400, in wrapper
    return func(self, *args, **kwargs)
           ^^^^^^^^^^^^^^^^^^^^^^^^^^^
  File "/usr/local/lib/python3.11/site-packages/airflow/operators/bash.py", line 243, in execute
    raise AirflowException(
airflow.exceptions.AirflowException: Bash command failed. The command returned a non-zero exit code 1.
[2025-11-23T15:34:26.058+0000] {taskinstance.py:1206} INFO - Marking task as UP_FOR_RETRY. dag_id=streaming_pipeline_monitoring, task_id=check_spark_streaming, run_id=manual__2025-11-23T15:34:05+00:00, execution_date=20251123T153405, start_date=20251123T153425, end_date=20251123T153426
[2025-11-23T15:34:26.119+0000] {standard_task_runner.py:110} ERROR - Failed to execute job 8 for task check_spark_streaming (Bash command failed. The command returned a non-zero exit code 1.; 789)
[2025-11-23T15:34:26.155+0000] {local_task_job_runner.py:240} INFO - Task exited with return code 1
[2025-11-23T15:34:26.215+0000] {taskinstance.py:3498} INFO - 0 downstream tasks scheduled from follow-on schedule check
[2025-11-23T15:34:26.218+0000] {local_task_job_runner.py:222} INFO - ::endgroup::
