[2025-12-08T15:50:59.911+0000] {local_task_job_runner.py:120} INFO - ::group::Pre task execution logs
[2025-12-08T15:50:59.977+0000] {taskinstance.py:2076} INFO - Dependencies all met for dep_context=non-requeueable deps ti=<TaskInstance: streaming_pipeline_monitoring.generate_health_report scheduled__2025-12-08T15:40:00+00:00 [queued]>
[2025-12-08T15:51:00.061+0000] {taskinstance.py:2076} INFO - Dependencies all met for dep_context=requeueable deps ti=<TaskInstance: streaming_pipeline_monitoring.generate_health_report scheduled__2025-12-08T15:40:00+00:00 [queued]>
[2025-12-08T15:51:00.062+0000] {taskinstance.py:2306} INFO - Starting attempt 1 of 3
[2025-12-08T15:51:00.163+0000] {taskinstance.py:2330} INFO - Executing <Task(PythonOperator): generate_health_report> on 2025-12-08 15:40:00+00:00
[2025-12-08T15:51:00.172+0000] {standard_task_runner.py:63} INFO - Started process 988 to run task
[2025-12-08T15:51:00.179+0000] {standard_task_runner.py:90} INFO - Running: ['airflow', 'tasks', 'run', 'streaming_pipeline_monitoring', 'generate_health_report', 'scheduled__2025-12-08T15:40:00+00:00', '--job-id', '2058', '--raw', '--subdir', 'DAGS_FOLDER/streaming_pipeline_dag.py', '--cfg-path', '/tmp/tmpyqmtznot']
[2025-12-08T15:51:00.182+0000] {standard_task_runner.py:91} INFO - Job 2058: Subtask generate_health_report
[2025-12-08T15:51:00.449+0000] {task_command.py:426} INFO - Running <TaskInstance: streaming_pipeline_monitoring.generate_health_report scheduled__2025-12-08T15:40:00+00:00 [running]> on host 5d2fd13967cf
[2025-12-08T15:51:00.746+0000] {taskinstance.py:2648} INFO - Exporting env vars: AIRFLOW_CTX_DAG_OWNER='airflow' AIRFLOW_CTX_DAG_ID='streaming_pipeline_monitoring' AIRFLOW_CTX_TASK_ID='generate_health_report' AIRFLOW_CTX_EXECUTION_DATE='2025-12-08T15:40:00+00:00' AIRFLOW_CTX_TRY_NUMBER='1' AIRFLOW_CTX_DAG_RUN_ID='scheduled__2025-12-08T15:40:00+00:00'
[2025-12-08T15:51:00.747+0000] {taskinstance.py:430} INFO - ::endgroup::
[2025-12-08T15:51:00.841+0000] {logging_mixin.py:188} INFO - 
============================================================
[2025-12-08T15:51:00.842+0000] {logging_mixin.py:188} INFO - RAPPORT DE SANTÉ DU PIPELINE
[2025-12-08T15:51:00.842+0000] {logging_mixin.py:188} INFO - ============================================================
[2025-12-08T15:51:00.843+0000] {logging_mixin.py:188} INFO - {
  "timestamp": "2025-12-08T15:51:00.840689",
  "status": "HEALTHY",
  "postgres": {
    "recent_predictions": 315,
    "latest_timestamp": "2025-12-08T15:50:36.303026"
  },
  "mongodb": {
    "total_aggregates": 28972,
    "recent_aggregates": 568
  }
}
[2025-12-08T15:51:00.844+0000] {logging_mixin.py:188} INFO - ============================================================
[2025-12-08T15:51:01.001+0000] {python.py:237} INFO - Done. Returned value was: HEALTHY
[2025-12-08T15:51:01.004+0000] {taskinstance.py:441} INFO - ::group::Post task execution logs
[2025-12-08T15:51:01.197+0000] {taskinstance.py:1206} INFO - Marking task as SUCCESS. dag_id=streaming_pipeline_monitoring, task_id=generate_health_report, run_id=scheduled__2025-12-08T15:40:00+00:00, execution_date=20251208T154000, start_date=20251208T155059, end_date=20251208T155101
[2025-12-08T15:51:01.461+0000] {local_task_job_runner.py:240} INFO - Task exited with return code 0
[2025-12-08T15:51:01.531+0000] {taskinstance.py:3498} INFO - 0 downstream tasks scheduled from follow-on schedule check
[2025-12-08T15:51:01.538+0000] {local_task_job_runner.py:222} INFO - ::endgroup::
