[2025-12-01T19:20:26.370+0000] {local_task_job_runner.py:120} INFO - ::group::Pre task execution logs
[2025-12-01T19:20:26.559+0000] {taskinstance.py:2076} INFO - Dependencies all met for dep_context=non-requeueable deps ti=<TaskInstance: streaming_pipeline_monitoring.check_spark_streaming scheduled__2025-12-01T19:10:00+00:00 [queued]>
[2025-12-01T19:20:26.628+0000] {taskinstance.py:2076} INFO - Dependencies all met for dep_context=requeueable deps ti=<TaskInstance: streaming_pipeline_monitoring.check_spark_streaming scheduled__2025-12-01T19:10:00+00:00 [queued]>
[2025-12-01T19:20:26.629+0000] {taskinstance.py:2306} INFO - Starting attempt 1 of 3
[2025-12-01T19:20:26.697+0000] {taskinstance.py:2330} INFO - Executing <Task(BashOperator): check_spark_streaming> on 2025-12-01 19:10:00+00:00
[2025-12-01T19:20:26.707+0000] {standard_task_runner.py:63} INFO - Started process 227 to run task
[2025-12-01T19:20:26.713+0000] {standard_task_runner.py:90} INFO - Running: ['airflow', 'tasks', 'run', 'streaming_pipeline_monitoring', 'check_spark_streaming', 'scheduled__2025-12-01T19:10:00+00:00', '--job-id', '1609', '--raw', '--subdir', 'DAGS_FOLDER/streaming_pipeline_dag.py', '--cfg-path', '/tmp/tmpl1b6qb7a']
[2025-12-01T19:20:26.717+0000] {standard_task_runner.py:91} INFO - Job 1609: Subtask check_spark_streaming
[2025-12-01T19:20:26.854+0000] {task_command.py:426} INFO - Running <TaskInstance: streaming_pipeline_monitoring.check_spark_streaming scheduled__2025-12-01T19:10:00+00:00 [running]> on host 3ad5ba232e74
[2025-12-01T19:20:27.495+0000] {taskinstance.py:2648} INFO - Exporting env vars: AIRFLOW_CTX_DAG_OWNER='airflow' AIRFLOW_CTX_DAG_ID='streaming_pipeline_monitoring' AIRFLOW_CTX_TASK_ID='check_spark_streaming' AIRFLOW_CTX_EXECUTION_DATE='2025-12-01T19:10:00+00:00' AIRFLOW_CTX_TRY_NUMBER='1' AIRFLOW_CTX_DAG_RUN_ID='scheduled__2025-12-01T19:10:00+00:00'
[2025-12-01T19:20:27.497+0000] {taskinstance.py:430} INFO - ::endgroup::
[2025-12-01T19:20:27.552+0000] {subprocess.py:63} INFO - Tmp dir root location: /tmp
[2025-12-01T19:20:27.565+0000] {subprocess.py:75} INFO - Running command: ['/usr/bin/bash', '-c', '\n        echo "✓ Vérification indirecte de Spark (via données PostgreSQL dans la prochaine tâche)"\n        echo "  Si PostgreSQL reçoit des prédictions récentes, c\'est que Spark fonctionne"\n        exit 0\n        ']
[2025-12-01T19:20:27.585+0000] {subprocess.py:86} INFO - Output:
[2025-12-01T19:20:27.587+0000] {subprocess.py:93} INFO - ✓ Vérification indirecte de Spark (via données PostgreSQL dans la prochaine tâche)
[2025-12-01T19:20:27.588+0000] {subprocess.py:93} INFO -   Si PostgreSQL reçoit des prédictions récentes, c'est que Spark fonctionne
[2025-12-01T19:20:27.588+0000] {subprocess.py:97} INFO - Command exited with return code 0
[2025-12-01T19:20:27.592+0000] {taskinstance.py:441} INFO - ::group::Post task execution logs
[2025-12-01T19:20:27.940+0000] {taskinstance.py:1206} INFO - Marking task as SUCCESS. dag_id=streaming_pipeline_monitoring, task_id=check_spark_streaming, run_id=scheduled__2025-12-01T19:10:00+00:00, execution_date=20251201T191000, start_date=20251201T192026, end_date=20251201T192027
[2025-12-01T19:20:28.164+0000] {local_task_job_runner.py:240} INFO - Task exited with return code 0
[2025-12-01T19:20:28.352+0000] {taskinstance.py:3498} INFO - 2 downstream tasks scheduled from follow-on schedule check
[2025-12-01T19:20:28.383+0000] {local_task_job_runner.py:222} INFO - ::endgroup::
