[2025-11-27T14:26:28.239+0000] {local_task_job_runner.py:120} INFO - ::group::Pre task execution logs
[2025-11-27T14:26:28.354+0000] {taskinstance.py:2076} INFO - Dependencies all met for dep_context=non-requeueable deps ti=<TaskInstance: streaming_pipeline_monitoring.generate_health_report scheduled__2025-11-27T14:10:00+00:00 [queued]>
[2025-11-27T14:26:28.531+0000] {taskinstance.py:2076} INFO - Dependencies all met for dep_context=requeueable deps ti=<TaskInstance: streaming_pipeline_monitoring.generate_health_report scheduled__2025-11-27T14:10:00+00:00 [queued]>
[2025-11-27T14:26:28.532+0000] {taskinstance.py:2306} INFO - Starting attempt 1 of 3
[2025-11-27T14:26:28.747+0000] {taskinstance.py:2330} INFO - Executing <Task(PythonOperator): generate_health_report> on 2025-11-27 14:10:00+00:00
[2025-11-27T14:26:28.759+0000] {standard_task_runner.py:63} INFO - Started process 114 to run task
[2025-11-27T14:26:28.765+0000] {standard_task_runner.py:90} INFO - Running: ['airflow', 'tasks', 'run', 'streaming_pipeline_monitoring', 'generate_health_report', 'scheduled__2025-11-27T14:10:00+00:00', '--job-id', '1304', '--raw', '--subdir', 'DAGS_FOLDER/streaming_pipeline_dag.py', '--cfg-path', '/tmp/tmp68nnjieb']
[2025-11-27T14:26:28.769+0000] {standard_task_runner.py:91} INFO - Job 1304: Subtask generate_health_report
[2025-11-27T14:26:28.996+0000] {task_command.py:426} INFO - Running <TaskInstance: streaming_pipeline_monitoring.generate_health_report scheduled__2025-11-27T14:10:00+00:00 [running]> on host 3ad5ba232e74
[2025-11-27T14:26:29.386+0000] {taskinstance.py:2648} INFO - Exporting env vars: AIRFLOW_CTX_DAG_OWNER='airflow' AIRFLOW_CTX_DAG_ID='streaming_pipeline_monitoring' AIRFLOW_CTX_TASK_ID='generate_health_report' AIRFLOW_CTX_EXECUTION_DATE='2025-11-27T14:10:00+00:00' AIRFLOW_CTX_TRY_NUMBER='1' AIRFLOW_CTX_DAG_RUN_ID='scheduled__2025-11-27T14:10:00+00:00'
[2025-11-27T14:26:29.387+0000] {taskinstance.py:430} INFO - ::endgroup::
[2025-11-27T14:26:29.514+0000] {logging_mixin.py:188} INFO - 
============================================================
[2025-11-27T14:26:29.514+0000] {logging_mixin.py:188} INFO - RAPPORT DE SANTÉ DU PIPELINE
[2025-11-27T14:26:29.515+0000] {logging_mixin.py:188} INFO - ============================================================
[2025-11-27T14:26:29.515+0000] {logging_mixin.py:188} INFO - {
  "timestamp": "2025-11-27T14:26:29.513844",
  "status": "HEALTHY",
  "postgres": {
    "recent_predictions": 24,
    "latest_timestamp": "2025-11-27T14:26:06.787392"
  },
  "mongodb": {
    "total_aggregates": 17851,
    "recent_aggregates": 218
  }
}
[2025-11-27T14:26:29.516+0000] {logging_mixin.py:188} INFO - ============================================================
[2025-11-27T14:26:29.587+0000] {python.py:237} INFO - Done. Returned value was: HEALTHY
[2025-11-27T14:26:29.588+0000] {taskinstance.py:441} INFO - ::group::Post task execution logs
[2025-11-27T14:26:29.677+0000] {taskinstance.py:1206} INFO - Marking task as SUCCESS. dag_id=streaming_pipeline_monitoring, task_id=generate_health_report, run_id=scheduled__2025-11-27T14:10:00+00:00, execution_date=20251127T141000, start_date=20251127T142628, end_date=20251127T142629
[2025-11-27T14:26:29.790+0000] {local_task_job_runner.py:240} INFO - Task exited with return code 0
[2025-11-27T14:26:29.834+0000] {taskinstance.py:3498} INFO - 0 downstream tasks scheduled from follow-on schedule check
[2025-11-27T14:26:29.838+0000] {local_task_job_runner.py:222} INFO - ::endgroup::
