[2025-11-27T13:51:16.882+0000] {local_task_job_runner.py:120} INFO - ::group::Pre task execution logs
[2025-11-27T13:51:16.970+0000] {taskinstance.py:2076} INFO - Dependencies all met for dep_context=non-requeueable deps ti=<TaskInstance: streaming_pipeline_monitoring.generate_health_report scheduled__2025-11-27T13:40:00+00:00 [queued]>
[2025-11-27T13:51:17.047+0000] {taskinstance.py:2076} INFO - Dependencies all met for dep_context=requeueable deps ti=<TaskInstance: streaming_pipeline_monitoring.generate_health_report scheduled__2025-11-27T13:40:00+00:00 [queued]>
[2025-11-27T13:51:17.049+0000] {taskinstance.py:2306} INFO - Starting attempt 1 of 3
[2025-11-27T13:51:17.158+0000] {taskinstance.py:2330} INFO - Executing <Task(PythonOperator): generate_health_report> on 2025-11-27 13:40:00+00:00
[2025-11-27T13:51:17.176+0000] {standard_task_runner.py:63} INFO - Started process 286 to run task
[2025-11-27T13:51:17.181+0000] {standard_task_runner.py:90} INFO - Running: ['airflow', 'tasks', 'run', 'streaming_pipeline_monitoring', 'generate_health_report', 'scheduled__2025-11-27T13:40:00+00:00', '--job-id', '1285', '--raw', '--subdir', 'DAGS_FOLDER/streaming_pipeline_dag.py', '--cfg-path', '/tmp/tmpa07abwmh']
[2025-11-27T13:51:17.185+0000] {standard_task_runner.py:91} INFO - Job 1285: Subtask generate_health_report
[2025-11-27T13:51:17.434+0000] {task_command.py:426} INFO - Running <TaskInstance: streaming_pipeline_monitoring.generate_health_report scheduled__2025-11-27T13:40:00+00:00 [running]> on host aa34447916d9
[2025-11-27T13:51:18.002+0000] {taskinstance.py:2648} INFO - Exporting env vars: AIRFLOW_CTX_DAG_OWNER='airflow' AIRFLOW_CTX_DAG_ID='streaming_pipeline_monitoring' AIRFLOW_CTX_TASK_ID='generate_health_report' AIRFLOW_CTX_EXECUTION_DATE='2025-11-27T13:40:00+00:00' AIRFLOW_CTX_TRY_NUMBER='1' AIRFLOW_CTX_DAG_RUN_ID='scheduled__2025-11-27T13:40:00+00:00'
[2025-11-27T13:51:18.005+0000] {taskinstance.py:430} INFO - ::endgroup::
[2025-11-27T13:51:18.111+0000] {logging_mixin.py:188} INFO - 
============================================================
[2025-11-27T13:51:18.112+0000] {logging_mixin.py:188} INFO - RAPPORT DE SANTÉ DU PIPELINE
[2025-11-27T13:51:18.113+0000] {logging_mixin.py:188} INFO - ============================================================
[2025-11-27T13:51:18.113+0000] {logging_mixin.py:188} INFO - {
  "timestamp": "2025-11-27T13:51:18.111436",
  "status": "HEALTHY",
  "postgres": {
    "recent_predictions": 309,
    "latest_timestamp": "2025-11-27T13:50:51.506205"
  },
  "mongodb": {
    "total_aggregates": 16335,
    "recent_aggregates": 458
  }
}
[2025-11-27T13:51:18.114+0000] {logging_mixin.py:188} INFO - ============================================================
[2025-11-27T13:51:18.178+0000] {python.py:237} INFO - Done. Returned value was: HEALTHY
[2025-11-27T13:51:18.179+0000] {taskinstance.py:441} INFO - ::group::Post task execution logs
[2025-11-27T13:51:18.281+0000] {taskinstance.py:1206} INFO - Marking task as SUCCESS. dag_id=streaming_pipeline_monitoring, task_id=generate_health_report, run_id=scheduled__2025-11-27T13:40:00+00:00, execution_date=20251127T134000, start_date=20251127T135116, end_date=20251127T135118
[2025-11-27T13:51:18.450+0000] {local_task_job_runner.py:240} INFO - Task exited with return code 0
[2025-11-27T13:51:18.517+0000] {taskinstance.py:3498} INFO - 0 downstream tasks scheduled from follow-on schedule check
[2025-11-27T13:51:18.533+0000] {local_task_job_runner.py:222} INFO - ::endgroup::
