[2025-11-28T15:24:08.651+0000] {local_task_job_runner.py:120} INFO - ::group::Pre task execution logs
[2025-11-28T15:24:08.733+0000] {taskinstance.py:2076} INFO - Dependencies all met for dep_context=non-requeueable deps ti=<TaskInstance: streaming_pipeline_monitoring.check_spark_streaming scheduled__2025-11-28T15:10:00+00:00 [queued]>
[2025-11-28T15:24:08.785+0000] {taskinstance.py:2076} INFO - Dependencies all met for dep_context=requeueable deps ti=<TaskInstance: streaming_pipeline_monitoring.check_spark_streaming scheduled__2025-11-28T15:10:00+00:00 [queued]>
[2025-11-28T15:24:08.786+0000] {taskinstance.py:2306} INFO - Starting attempt 1 of 3
[2025-11-28T15:24:08.899+0000] {taskinstance.py:2330} INFO - Executing <Task(BashOperator): check_spark_streaming> on 2025-11-28 15:10:00+00:00
[2025-11-28T15:24:08.907+0000] {standard_task_runner.py:63} INFO - Started process 285 to run task
[2025-11-28T15:24:08.913+0000] {standard_task_runner.py:90} INFO - Running: ['airflow', 'tasks', 'run', 'streaming_pipeline_monitoring', 'check_spark_streaming', 'scheduled__2025-11-28T15:10:00+00:00', '--job-id', '1572', '--raw', '--subdir', 'DAGS_FOLDER/streaming_pipeline_dag.py', '--cfg-path', '/tmp/tmpnrv77h76']
[2025-11-28T15:24:08.917+0000] {standard_task_runner.py:91} INFO - Job 1572: Subtask check_spark_streaming
[2025-11-28T15:24:09.166+0000] {task_command.py:426} INFO - Running <TaskInstance: streaming_pipeline_monitoring.check_spark_streaming scheduled__2025-11-28T15:10:00+00:00 [running]> on host 3ad5ba232e74
[2025-11-28T15:24:09.550+0000] {taskinstance.py:2648} INFO - Exporting env vars: AIRFLOW_CTX_DAG_OWNER='airflow' AIRFLOW_CTX_DAG_ID='streaming_pipeline_monitoring' AIRFLOW_CTX_TASK_ID='check_spark_streaming' AIRFLOW_CTX_EXECUTION_DATE='2025-11-28T15:10:00+00:00' AIRFLOW_CTX_TRY_NUMBER='1' AIRFLOW_CTX_DAG_RUN_ID='scheduled__2025-11-28T15:10:00+00:00'
[2025-11-28T15:24:09.552+0000] {taskinstance.py:430} INFO - ::endgroup::
[2025-11-28T15:24:09.570+0000] {subprocess.py:63} INFO - Tmp dir root location: /tmp
[2025-11-28T15:24:09.572+0000] {subprocess.py:75} INFO - Running command: ['/usr/bin/bash', '-c', '\n        echo "✓ Vérification indirecte de Spark (via données PostgreSQL dans la prochaine tâche)"\n        echo "  Si PostgreSQL reçoit des prédictions récentes, c\'est que Spark fonctionne"\n        exit 0\n        ']
[2025-11-28T15:24:09.584+0000] {subprocess.py:86} INFO - Output:
[2025-11-28T15:24:09.585+0000] {subprocess.py:93} INFO - ✓ Vérification indirecte de Spark (via données PostgreSQL dans la prochaine tâche)
[2025-11-28T15:24:09.586+0000] {subprocess.py:93} INFO -   Si PostgreSQL reçoit des prédictions récentes, c'est que Spark fonctionne
[2025-11-28T15:24:09.587+0000] {subprocess.py:97} INFO - Command exited with return code 0
[2025-11-28T15:24:09.588+0000] {taskinstance.py:441} INFO - ::group::Post task execution logs
[2025-11-28T15:24:09.735+0000] {taskinstance.py:1206} INFO - Marking task as SUCCESS. dag_id=streaming_pipeline_monitoring, task_id=check_spark_streaming, run_id=scheduled__2025-11-28T15:10:00+00:00, execution_date=20251128T151000, start_date=20251128T152408, end_date=20251128T152409
[2025-11-28T15:24:09.851+0000] {local_task_job_runner.py:240} INFO - Task exited with return code 0
[2025-11-28T15:24:09.960+0000] {taskinstance.py:3498} INFO - 2 downstream tasks scheduled from follow-on schedule check
[2025-11-28T15:24:09.995+0000] {local_task_job_runner.py:222} INFO - ::endgroup::
