[2025-11-27T01:50:22.899+0000] {local_task_job_runner.py:120} INFO - ::group::Pre task execution logs
[2025-11-27T01:50:23.039+0000] {taskinstance.py:2076} INFO - Dependencies all met for dep_context=non-requeueable deps ti=<TaskInstance: streaming_pipeline_monitoring.check_spark_streaming scheduled__2025-11-27T01:40:00+00:00 [queued]>
[2025-11-27T01:50:23.137+0000] {taskinstance.py:2076} INFO - Dependencies all met for dep_context=requeueable deps ti=<TaskInstance: streaming_pipeline_monitoring.check_spark_streaming scheduled__2025-11-27T01:40:00+00:00 [queued]>
[2025-11-27T01:50:23.138+0000] {taskinstance.py:2306} INFO - Starting attempt 1 of 3
[2025-11-27T01:50:23.251+0000] {taskinstance.py:2330} INFO - Executing <Task(BashOperator): check_spark_streaming> on 2025-11-27 01:40:00+00:00
[2025-11-27T01:50:23.259+0000] {standard_task_runner.py:63} INFO - Started process 1711 to run task
[2025-11-27T01:50:23.266+0000] {standard_task_runner.py:90} INFO - Running: ['airflow', 'tasks', 'run', 'streaming_pipeline_monitoring', 'check_spark_streaming', 'scheduled__2025-11-27T01:40:00+00:00', '--job-id', '1005', '--raw', '--subdir', 'DAGS_FOLDER/streaming_pipeline_dag.py', '--cfg-path', '/tmp/tmpkyxhn1dd']
[2025-11-27T01:50:23.270+0000] {standard_task_runner.py:91} INFO - Job 1005: Subtask check_spark_streaming
[2025-11-27T01:50:23.498+0000] {task_command.py:426} INFO - Running <TaskInstance: streaming_pipeline_monitoring.check_spark_streaming scheduled__2025-11-27T01:40:00+00:00 [running]> on host ac78ca89de1e
[2025-11-27T01:50:23.808+0000] {taskinstance.py:2648} INFO - Exporting env vars: AIRFLOW_CTX_DAG_OWNER='airflow' AIRFLOW_CTX_DAG_ID='streaming_pipeline_monitoring' AIRFLOW_CTX_TASK_ID='check_spark_streaming' AIRFLOW_CTX_EXECUTION_DATE='2025-11-27T01:40:00+00:00' AIRFLOW_CTX_TRY_NUMBER='1' AIRFLOW_CTX_DAG_RUN_ID='scheduled__2025-11-27T01:40:00+00:00'
[2025-11-27T01:50:23.809+0000] {taskinstance.py:430} INFO - ::endgroup::
[2025-11-27T01:50:23.827+0000] {subprocess.py:63} INFO - Tmp dir root location: /tmp
[2025-11-27T01:50:23.829+0000] {subprocess.py:75} INFO - Running command: ['/usr/bin/bash', '-c', '\n        echo "✓ Vérification indirecte de Spark (via données PostgreSQL dans la prochaine tâche)"\n        echo "  Si PostgreSQL reçoit des prédictions récentes, c\'est que Spark fonctionne"\n        exit 0\n        ']
[2025-11-27T01:50:23.843+0000] {subprocess.py:86} INFO - Output:
[2025-11-27T01:50:23.844+0000] {subprocess.py:93} INFO - ✓ Vérification indirecte de Spark (via données PostgreSQL dans la prochaine tâche)
[2025-11-27T01:50:23.845+0000] {subprocess.py:93} INFO -   Si PostgreSQL reçoit des prédictions récentes, c'est que Spark fonctionne
[2025-11-27T01:50:23.846+0000] {subprocess.py:97} INFO - Command exited with return code 0
[2025-11-27T01:50:23.847+0000] {taskinstance.py:441} INFO - ::group::Post task execution logs
[2025-11-27T01:50:23.971+0000] {taskinstance.py:1206} INFO - Marking task as SUCCESS. dag_id=streaming_pipeline_monitoring, task_id=check_spark_streaming, run_id=scheduled__2025-11-27T01:40:00+00:00, execution_date=20251127T014000, start_date=20251127T015023, end_date=20251127T015023
[2025-11-27T01:50:24.142+0000] {local_task_job_runner.py:240} INFO - Task exited with return code 0
[2025-11-27T01:50:24.235+0000] {taskinstance.py:3498} INFO - 2 downstream tasks scheduled from follow-on schedule check
[2025-11-27T01:50:24.269+0000] {local_task_job_runner.py:222} INFO - ::endgroup::
