[2025-11-23T15:37:11.920+0000] {local_task_job_runner.py:120} INFO - ::group::Pre task execution logs
[2025-11-23T15:37:11.968+0000] {taskinstance.py:2076} INFO - Dependencies all met for dep_context=non-requeueable deps ti=<TaskInstance: streaming_pipeline_monitoring.check_fastapi_health manual__2025-11-23T15:37:05+00:00 [queued]>
[2025-11-23T15:37:11.984+0000] {taskinstance.py:2076} INFO - Dependencies all met for dep_context=requeueable deps ti=<TaskInstance: streaming_pipeline_monitoring.check_fastapi_health manual__2025-11-23T15:37:05+00:00 [queued]>
[2025-11-23T15:37:11.985+0000] {taskinstance.py:2306} INFO - Starting attempt 1 of 3
[2025-11-23T15:37:12.046+0000] {taskinstance.py:2330} INFO - Executing <Task(BashOperator): check_fastapi_health> on 2025-11-23 15:37:05+00:00
[2025-11-23T15:37:12.059+0000] {standard_task_runner.py:63} INFO - Started process 851 to run task
[2025-11-23T15:37:12.063+0000] {standard_task_runner.py:90} INFO - Running: ['airflow', 'tasks', 'run', 'streaming_pipeline_monitoring', 'check_fastapi_health', 'manual__2025-11-23T15:37:05+00:00', '--job-id', '14', '--raw', '--subdir', 'DAGS_FOLDER/streaming_pipeline_dag.py', '--cfg-path', '/tmp/tmpzldecrb4']
[2025-11-23T15:37:12.066+0000] {standard_task_runner.py:91} INFO - Job 14: Subtask check_fastapi_health
[2025-11-23T15:37:12.164+0000] {task_command.py:426} INFO - Running <TaskInstance: streaming_pipeline_monitoring.check_fastapi_health manual__2025-11-23T15:37:05+00:00 [running]> on host 53e08c058b38
[2025-11-23T15:37:12.407+0000] {taskinstance.py:2648} INFO - Exporting env vars: AIRFLOW_CTX_DAG_OWNER='airflow' AIRFLOW_CTX_DAG_ID='streaming_pipeline_monitoring' AIRFLOW_CTX_TASK_ID='check_fastapi_health' AIRFLOW_CTX_EXECUTION_DATE='2025-11-23T15:37:05+00:00' AIRFLOW_CTX_TRY_NUMBER='1' AIRFLOW_CTX_DAG_RUN_ID='manual__2025-11-23T15:37:05+00:00'
[2025-11-23T15:37:12.409+0000] {taskinstance.py:430} INFO - ::endgroup::
[2025-11-23T15:37:12.445+0000] {subprocess.py:63} INFO - Tmp dir root location: /tmp
[2025-11-23T15:37:12.448+0000] {subprocess.py:75} INFO - Running command: ['/usr/bin/bash', '-c', '\n        echo "Vérification de FastAPI..."\n        response=$(curl -s -o /dev/null -w "%{http_code}" http://fastapi:8000)\n        if [ "$response" = "200" ]; then\n            echo "✓ FastAPI est actif (HTTP $response)"\n            exit 0\n        else\n            echo "✗ FastAPI ne répond pas (HTTP $response)"\n            exit 1\n        fi\n        ']
[2025-11-23T15:37:12.471+0000] {subprocess.py:86} INFO - Output:
[2025-11-23T15:37:12.473+0000] {subprocess.py:93} INFO - Vérification de FastAPI...
[2025-11-23T15:37:12.498+0000] {subprocess.py:93} INFO - ✓ FastAPI est actif (HTTP 200)
[2025-11-23T15:37:12.499+0000] {subprocess.py:97} INFO - Command exited with return code 0
[2025-11-23T15:37:12.501+0000] {taskinstance.py:441} INFO - ::group::Post task execution logs
[2025-11-23T15:37:12.597+0000] {taskinstance.py:1206} INFO - Marking task as SUCCESS. dag_id=streaming_pipeline_monitoring, task_id=check_fastapi_health, run_id=manual__2025-11-23T15:37:05+00:00, execution_date=20251123T153705, start_date=20251123T153711, end_date=20251123T153712
[2025-11-23T15:37:12.678+0000] {local_task_job_runner.py:240} INFO - Task exited with return code 0
[2025-11-23T15:37:12.742+0000] {taskinstance.py:3498} INFO - 1 downstream tasks scheduled from follow-on schedule check
[2025-11-23T15:37:12.772+0000] {local_task_job_runner.py:222} INFO - ::endgroup::
