[2025-11-27T20:50:44.594+0000] {local_task_job_runner.py:120} INFO - ::group::Pre task execution logs
[2025-11-27T20:50:44.662+0000] {taskinstance.py:2076} INFO - Dependencies all met for dep_context=non-requeueable deps ti=<TaskInstance: streaming_pipeline_monitoring.generate_health_report scheduled__2025-11-27T20:40:00+00:00 [queued]>
[2025-11-27T20:50:44.730+0000] {taskinstance.py:2076} INFO - Dependencies all met for dep_context=requeueable deps ti=<TaskInstance: streaming_pipeline_monitoring.generate_health_report scheduled__2025-11-27T20:40:00+00:00 [queued]>
[2025-11-27T20:50:44.732+0000] {taskinstance.py:2306} INFO - Starting attempt 1 of 3
[2025-11-27T20:50:44.838+0000] {taskinstance.py:2330} INFO - Executing <Task(PythonOperator): generate_health_report> on 2025-11-27 20:40:00+00:00
[2025-11-27T20:50:44.848+0000] {standard_task_runner.py:63} INFO - Started process 1391 to run task
[2025-11-27T20:50:44.856+0000] {standard_task_runner.py:90} INFO - Running: ['airflow', 'tasks', 'run', 'streaming_pipeline_monitoring', 'generate_health_report', 'scheduled__2025-11-27T20:40:00+00:00', '--job-id', '1484', '--raw', '--subdir', 'DAGS_FOLDER/streaming_pipeline_dag.py', '--cfg-path', '/tmp/tmp5oww_ptl']
[2025-11-27T20:50:44.860+0000] {standard_task_runner.py:91} INFO - Job 1484: Subtask generate_health_report
[2025-11-27T20:50:45.110+0000] {task_command.py:426} INFO - Running <TaskInstance: streaming_pipeline_monitoring.generate_health_report scheduled__2025-11-27T20:40:00+00:00 [running]> on host 3ad5ba232e74
[2025-11-27T20:50:45.511+0000] {taskinstance.py:2648} INFO - Exporting env vars: AIRFLOW_CTX_DAG_OWNER='airflow' AIRFLOW_CTX_DAG_ID='streaming_pipeline_monitoring' AIRFLOW_CTX_TASK_ID='generate_health_report' AIRFLOW_CTX_EXECUTION_DATE='2025-11-27T20:40:00+00:00' AIRFLOW_CTX_TRY_NUMBER='1' AIRFLOW_CTX_DAG_RUN_ID='scheduled__2025-11-27T20:40:00+00:00'
[2025-11-27T20:50:45.513+0000] {taskinstance.py:430} INFO - ::endgroup::
[2025-11-27T20:50:45.705+0000] {logging_mixin.py:188} INFO - 
============================================================
[2025-11-27T20:50:45.706+0000] {logging_mixin.py:188} INFO - RAPPORT DE SANTÉ DU PIPELINE
[2025-11-27T20:50:45.707+0000] {logging_mixin.py:188} INFO - ============================================================
[2025-11-27T20:50:45.708+0000] {logging_mixin.py:188} INFO - {
  "timestamp": "2025-11-27T20:50:45.704528",
  "status": "DEGRADED",
  "postgres": {
    "recent_predictions": 0,
    "latest_timestamp": "None"
  },
  "mongodb": {
    "total_aggregates": 18784,
    "recent_aggregates": 0
  }
}
[2025-11-27T20:50:45.708+0000] {logging_mixin.py:188} INFO - ============================================================
[2025-11-27T20:50:45.812+0000] {python.py:237} INFO - Done. Returned value was: DEGRADED
[2025-11-27T20:50:45.813+0000] {taskinstance.py:441} INFO - ::group::Post task execution logs
[2025-11-27T20:50:45.925+0000] {taskinstance.py:1206} INFO - Marking task as SUCCESS. dag_id=streaming_pipeline_monitoring, task_id=generate_health_report, run_id=scheduled__2025-11-27T20:40:00+00:00, execution_date=20251127T204000, start_date=20251127T205044, end_date=20251127T205045
[2025-11-27T20:50:46.044+0000] {local_task_job_runner.py:240} INFO - Task exited with return code 0
[2025-11-27T20:50:46.084+0000] {taskinstance.py:3498} INFO - 0 downstream tasks scheduled from follow-on schedule check
[2025-11-27T20:50:46.088+0000] {local_task_job_runner.py:222} INFO - ::endgroup::
