[2025-11-24T09:10:42.492+0000] {local_task_job_runner.py:120} INFO - ::group::Pre task execution logs
[2025-11-24T09:10:42.557+0000] {taskinstance.py:2076} INFO - Dependencies all met for dep_context=non-requeueable deps ti=<TaskInstance: streaming_pipeline_monitoring.generate_health_report scheduled__2025-11-24T09:00:00+00:00 [queued]>
[2025-11-24T09:10:42.600+0000] {taskinstance.py:2076} INFO - Dependencies all met for dep_context=requeueable deps ti=<TaskInstance: streaming_pipeline_monitoring.generate_health_report scheduled__2025-11-24T09:00:00+00:00 [queued]>
[2025-11-24T09:10:42.602+0000] {taskinstance.py:2306} INFO - Starting attempt 1 of 3
[2025-11-24T09:10:42.702+0000] {taskinstance.py:2330} INFO - Executing <Task(PythonOperator): generate_health_report> on 2025-11-24 09:00:00+00:00
[2025-11-24T09:10:42.710+0000] {standard_task_runner.py:63} INFO - Started process 226 to run task
[2025-11-24T09:10:42.717+0000] {standard_task_runner.py:90} INFO - Running: ['airflow', 'tasks', 'run', 'streaming_pipeline_monitoring', 'generate_health_report', 'scheduled__2025-11-24T09:00:00+00:00', '--job-id', '109', '--raw', '--subdir', 'DAGS_FOLDER/streaming_pipeline_dag.py', '--cfg-path', '/tmp/tmp06of04mn']
[2025-11-24T09:10:42.723+0000] {standard_task_runner.py:91} INFO - Job 109: Subtask generate_health_report
[2025-11-24T09:10:42.986+0000] {task_command.py:426} INFO - Running <TaskInstance: streaming_pipeline_monitoring.generate_health_report scheduled__2025-11-24T09:00:00+00:00 [running]> on host 44ce18cdf754
[2025-11-24T09:10:43.448+0000] {taskinstance.py:2648} INFO - Exporting env vars: AIRFLOW_CTX_DAG_OWNER='airflow' AIRFLOW_CTX_DAG_ID='streaming_pipeline_monitoring' AIRFLOW_CTX_TASK_ID='generate_health_report' AIRFLOW_CTX_EXECUTION_DATE='2025-11-24T09:00:00+00:00' AIRFLOW_CTX_TRY_NUMBER='1' AIRFLOW_CTX_DAG_RUN_ID='scheduled__2025-11-24T09:00:00+00:00'
[2025-11-24T09:10:43.450+0000] {taskinstance.py:430} INFO - ::endgroup::
[2025-11-24T09:10:43.693+0000] {logging_mixin.py:188} INFO - 
============================================================
[2025-11-24T09:10:43.694+0000] {logging_mixin.py:188} INFO - RAPPORT DE SANTÉ DU PIPELINE
[2025-11-24T09:10:43.695+0000] {logging_mixin.py:188} INFO - ============================================================
[2025-11-24T09:10:43.696+0000] {logging_mixin.py:188} INFO - {
  "timestamp": "2025-11-24T09:10:43.692657",
  "status": "DEGRADED",
  "postgres": {
    "recent_predictions": 0,
    "latest_timestamp": "None"
  },
  "mongodb": {
    "total_aggregates": 3390,
    "recent_aggregates": 0
  }
}
[2025-11-24T09:10:43.697+0000] {logging_mixin.py:188} INFO - ============================================================
[2025-11-24T09:10:43.815+0000] {python.py:237} INFO - Done. Returned value was: DEGRADED
[2025-11-24T09:10:43.818+0000] {taskinstance.py:441} INFO - ::group::Post task execution logs
[2025-11-24T09:10:43.971+0000] {taskinstance.py:1206} INFO - Marking task as SUCCESS. dag_id=streaming_pipeline_monitoring, task_id=generate_health_report, run_id=scheduled__2025-11-24T09:00:00+00:00, execution_date=20251124T090000, start_date=20251124T091042, end_date=20251124T091043
[2025-11-24T09:10:44.141+0000] {local_task_job_runner.py:240} INFO - Task exited with return code 0
[2025-11-24T09:10:44.218+0000] {taskinstance.py:3498} INFO - 0 downstream tasks scheduled from follow-on schedule check
[2025-11-24T09:10:44.223+0000] {local_task_job_runner.py:222} INFO - ::endgroup::
