[2025-12-08T14:21:00.986+0000] {local_task_job_runner.py:120} INFO - ::group::Pre task execution logs
[2025-12-08T14:21:01.102+0000] {taskinstance.py:2076} INFO - Dependencies all met for dep_context=non-requeueable deps ti=<TaskInstance: streaming_pipeline_monitoring.generate_health_report scheduled__2025-12-08T14:10:00+00:00 [queued]>
[2025-12-08T14:21:01.162+0000] {taskinstance.py:2076} INFO - Dependencies all met for dep_context=requeueable deps ti=<TaskInstance: streaming_pipeline_monitoring.generate_health_report scheduled__2025-12-08T14:10:00+00:00 [queued]>
[2025-12-08T14:21:01.163+0000] {taskinstance.py:2306} INFO - Starting attempt 1 of 3
[2025-12-08T14:21:01.242+0000] {taskinstance.py:2330} INFO - Executing <Task(PythonOperator): generate_health_report> on 2025-12-08 14:10:00+00:00
[2025-12-08T14:21:01.255+0000] {standard_task_runner.py:63} INFO - Started process 596 to run task
[2025-12-08T14:21:01.261+0000] {standard_task_runner.py:90} INFO - Running: ['airflow', 'tasks', 'run', 'streaming_pipeline_monitoring', 'generate_health_report', 'scheduled__2025-12-08T14:10:00+00:00', '--job-id', '2004', '--raw', '--subdir', 'DAGS_FOLDER/streaming_pipeline_dag.py', '--cfg-path', '/tmp/tmp7mvpzgna']
[2025-12-08T14:21:01.265+0000] {standard_task_runner.py:91} INFO - Job 2004: Subtask generate_health_report
[2025-12-08T14:21:01.448+0000] {task_command.py:426} INFO - Running <TaskInstance: streaming_pipeline_monitoring.generate_health_report scheduled__2025-12-08T14:10:00+00:00 [running]> on host 5d2fd13967cf
[2025-12-08T14:21:01.829+0000] {taskinstance.py:2648} INFO - Exporting env vars: AIRFLOW_CTX_DAG_OWNER='airflow' AIRFLOW_CTX_DAG_ID='streaming_pipeline_monitoring' AIRFLOW_CTX_TASK_ID='generate_health_report' AIRFLOW_CTX_EXECUTION_DATE='2025-12-08T14:10:00+00:00' AIRFLOW_CTX_TRY_NUMBER='1' AIRFLOW_CTX_DAG_RUN_ID='scheduled__2025-12-08T14:10:00+00:00'
[2025-12-08T14:21:01.838+0000] {taskinstance.py:430} INFO - ::endgroup::
[2025-12-08T14:21:01.996+0000] {logging_mixin.py:188} INFO - 
============================================================
[2025-12-08T14:21:01.997+0000] {logging_mixin.py:188} INFO - RAPPORT DE SANTÉ DU PIPELINE
[2025-12-08T14:21:01.997+0000] {logging_mixin.py:188} INFO - ============================================================
[2025-12-08T14:21:01.998+0000] {logging_mixin.py:188} INFO - {
  "timestamp": "2025-12-08T14:21:01.996331",
  "status": "HEALTHY",
  "postgres": {
    "recent_predictions": 314,
    "latest_timestamp": "2025-12-08T14:20:39.130508"
  },
  "mongodb": {
    "total_aggregates": 24488,
    "recent_aggregates": 550
  }
}
[2025-12-08T14:21:01.999+0000] {logging_mixin.py:188} INFO - ============================================================
[2025-12-08T14:21:02.102+0000] {python.py:237} INFO - Done. Returned value was: HEALTHY
[2025-12-08T14:21:02.103+0000] {taskinstance.py:441} INFO - ::group::Post task execution logs
[2025-12-08T14:21:02.188+0000] {taskinstance.py:1206} INFO - Marking task as SUCCESS. dag_id=streaming_pipeline_monitoring, task_id=generate_health_report, run_id=scheduled__2025-12-08T14:10:00+00:00, execution_date=20251208T141000, start_date=20251208T142101, end_date=20251208T142102
[2025-12-08T14:21:02.301+0000] {local_task_job_runner.py:240} INFO - Task exited with return code 0
[2025-12-08T14:21:02.400+0000] {taskinstance.py:3498} INFO - 0 downstream tasks scheduled from follow-on schedule check
[2025-12-08T14:21:02.406+0000] {local_task_job_runner.py:222} INFO - ::endgroup::
