[2025-11-25T18:01:00.599+0000] {local_task_job_runner.py:120} INFO - ::group::Pre task execution logs
[2025-11-25T18:01:00.679+0000] {taskinstance.py:2076} INFO - Dependencies all met for dep_context=non-requeueable deps ti=<TaskInstance: streaming_pipeline_monitoring.generate_health_report scheduled__2025-11-25T17:50:00+00:00 [queued]>
[2025-11-25T18:01:00.716+0000] {taskinstance.py:2076} INFO - Dependencies all met for dep_context=requeueable deps ti=<TaskInstance: streaming_pipeline_monitoring.generate_health_report scheduled__2025-11-25T17:50:00+00:00 [queued]>
[2025-11-25T18:01:00.717+0000] {taskinstance.py:2306} INFO - Starting attempt 1 of 3
[2025-11-25T18:01:00.848+0000] {taskinstance.py:2330} INFO - Executing <Task(PythonOperator): generate_health_report> on 2025-11-25 17:50:00+00:00
[2025-11-25T18:01:00.871+0000] {standard_task_runner.py:63} INFO - Started process 459 to run task
[2025-11-25T18:01:00.878+0000] {standard_task_runner.py:90} INFO - Running: ['airflow', 'tasks', 'run', 'streaming_pipeline_monitoring', 'generate_health_report', 'scheduled__2025-11-25T17:50:00+00:00', '--job-id', '581', '--raw', '--subdir', 'DAGS_FOLDER/streaming_pipeline_dag.py', '--cfg-path', '/tmp/tmpu6cg1m1k']
[2025-11-25T18:01:00.889+0000] {standard_task_runner.py:91} INFO - Job 581: Subtask generate_health_report
[2025-11-25T18:01:01.098+0000] {task_command.py:426} INFO - Running <TaskInstance: streaming_pipeline_monitoring.generate_health_report scheduled__2025-11-25T17:50:00+00:00 [running]> on host ac78ca89de1e
[2025-11-25T18:01:01.389+0000] {taskinstance.py:2648} INFO - Exporting env vars: AIRFLOW_CTX_DAG_OWNER='airflow' AIRFLOW_CTX_DAG_ID='streaming_pipeline_monitoring' AIRFLOW_CTX_TASK_ID='generate_health_report' AIRFLOW_CTX_EXECUTION_DATE='2025-11-25T17:50:00+00:00' AIRFLOW_CTX_TRY_NUMBER='1' AIRFLOW_CTX_DAG_RUN_ID='scheduled__2025-11-25T17:50:00+00:00'
[2025-11-25T18:01:01.391+0000] {taskinstance.py:430} INFO - ::endgroup::
[2025-11-25T18:01:01.582+0000] {logging_mixin.py:188} INFO - 
============================================================
[2025-11-25T18:01:01.583+0000] {logging_mixin.py:188} INFO - RAPPORT DE SANTÉ DU PIPELINE
[2025-11-25T18:01:01.583+0000] {logging_mixin.py:188} INFO - ============================================================
[2025-11-25T18:01:01.584+0000] {logging_mixin.py:188} INFO - {
  "timestamp": "2025-11-25T18:01:01.581904",
  "status": "HEALTHY",
  "postgres": {
    "recent_predictions": 310,
    "latest_timestamp": "2025-11-25T18:00:39.246890"
  },
  "mongodb": {
    "total_aggregates": 8602,
    "recent_aggregates": 550
  }
}
[2025-11-25T18:01:01.585+0000] {logging_mixin.py:188} INFO - ============================================================
[2025-11-25T18:01:01.676+0000] {python.py:237} INFO - Done. Returned value was: HEALTHY
[2025-11-25T18:01:01.677+0000] {taskinstance.py:441} INFO - ::group::Post task execution logs
[2025-11-25T18:01:01.767+0000] {taskinstance.py:1206} INFO - Marking task as SUCCESS. dag_id=streaming_pipeline_monitoring, task_id=generate_health_report, run_id=scheduled__2025-11-25T17:50:00+00:00, execution_date=20251125T175000, start_date=20251125T180100, end_date=20251125T180101
[2025-11-25T18:01:01.872+0000] {local_task_job_runner.py:240} INFO - Task exited with return code 0
[2025-11-25T18:01:01.941+0000] {taskinstance.py:3498} INFO - 0 downstream tasks scheduled from follow-on schedule check
[2025-11-25T18:01:01.944+0000] {local_task_job_runner.py:222} INFO - ::endgroup::
