[2025-11-26T09:00:47.793+0000] {local_task_job_runner.py:120} INFO - ::group::Pre task execution logs
[2025-11-26T09:00:47.856+0000] {taskinstance.py:2076} INFO - Dependencies all met for dep_context=non-requeueable deps ti=<TaskInstance: streaming_pipeline_monitoring.generate_health_report scheduled__2025-11-26T08:50:00+00:00 [queued]>
[2025-11-26T09:00:47.892+0000] {taskinstance.py:2076} INFO - Dependencies all met for dep_context=requeueable deps ti=<TaskInstance: streaming_pipeline_monitoring.generate_health_report scheduled__2025-11-26T08:50:00+00:00 [queued]>
[2025-11-26T09:00:47.893+0000] {taskinstance.py:2306} INFO - Starting attempt 1 of 3
[2025-11-26T09:00:47.981+0000] {taskinstance.py:2330} INFO - Executing <Task(PythonOperator): generate_health_report> on 2025-11-26 08:50:00+00:00
[2025-11-26T09:00:47.989+0000] {standard_task_runner.py:63} INFO - Started process 1225 to run task
[2025-11-26T09:00:47.995+0000] {standard_task_runner.py:90} INFO - Running: ['airflow', 'tasks', 'run', 'streaming_pipeline_monitoring', 'generate_health_report', 'scheduled__2025-11-26T08:50:00+00:00', '--job-id', '695', '--raw', '--subdir', 'DAGS_FOLDER/streaming_pipeline_dag.py', '--cfg-path', '/tmp/tmp8eo9uqeh']
[2025-11-26T09:00:47.998+0000] {standard_task_runner.py:91} INFO - Job 695: Subtask generate_health_report
[2025-11-26T09:00:48.213+0000] {task_command.py:426} INFO - Running <TaskInstance: streaming_pipeline_monitoring.generate_health_report scheduled__2025-11-26T08:50:00+00:00 [running]> on host ac78ca89de1e
[2025-11-26T09:00:48.604+0000] {taskinstance.py:2648} INFO - Exporting env vars: AIRFLOW_CTX_DAG_OWNER='airflow' AIRFLOW_CTX_DAG_ID='streaming_pipeline_monitoring' AIRFLOW_CTX_TASK_ID='generate_health_report' AIRFLOW_CTX_EXECUTION_DATE='2025-11-26T08:50:00+00:00' AIRFLOW_CTX_TRY_NUMBER='1' AIRFLOW_CTX_DAG_RUN_ID='scheduled__2025-11-26T08:50:00+00:00'
[2025-11-26T09:00:48.606+0000] {taskinstance.py:430} INFO - ::endgroup::
[2025-11-26T09:00:48.735+0000] {logging_mixin.py:188} INFO - 
============================================================
[2025-11-26T09:00:48.740+0000] {logging_mixin.py:188} INFO - RAPPORT DE SANTÉ DU PIPELINE
[2025-11-26T09:00:48.741+0000] {logging_mixin.py:188} INFO - ============================================================
[2025-11-26T09:00:48.742+0000] {logging_mixin.py:188} INFO - {
  "timestamp": "2025-11-26T09:00:48.735286",
  "status": "DEGRADED",
  "postgres": {
    "recent_predictions": 0,
    "latest_timestamp": "None"
  },
  "mongodb": {
    "total_aggregates": 13552,
    "recent_aggregates": 0
  }
}
[2025-11-26T09:00:48.742+0000] {logging_mixin.py:188} INFO - ============================================================
[2025-11-26T09:00:48.821+0000] {python.py:237} INFO - Done. Returned value was: DEGRADED
[2025-11-26T09:00:48.822+0000] {taskinstance.py:441} INFO - ::group::Post task execution logs
[2025-11-26T09:00:48.922+0000] {taskinstance.py:1206} INFO - Marking task as SUCCESS. dag_id=streaming_pipeline_monitoring, task_id=generate_health_report, run_id=scheduled__2025-11-26T08:50:00+00:00, execution_date=20251126T085000, start_date=20251126T090047, end_date=20251126T090048
[2025-11-26T09:00:49.058+0000] {local_task_job_runner.py:240} INFO - Task exited with return code 0
[2025-11-26T09:00:49.115+0000] {taskinstance.py:3498} INFO - 0 downstream tasks scheduled from follow-on schedule check
[2025-11-26T09:00:49.121+0000] {local_task_job_runner.py:222} INFO - ::endgroup::
