[2025-11-25T15:30:56.502+0000] {local_task_job_runner.py:120} INFO - ::group::Pre task execution logs
[2025-11-25T15:30:56.562+0000] {taskinstance.py:2076} INFO - Dependencies all met for dep_context=non-requeueable deps ti=<TaskInstance: streaming_pipeline_monitoring.generate_health_report scheduled__2025-11-25T15:20:00+00:00 [queued]>
[2025-11-25T15:30:56.593+0000] {taskinstance.py:2076} INFO - Dependencies all met for dep_context=requeueable deps ti=<TaskInstance: streaming_pipeline_monitoring.generate_health_report scheduled__2025-11-25T15:20:00+00:00 [queued]>
[2025-11-25T15:30:56.594+0000] {taskinstance.py:2306} INFO - Starting attempt 1 of 3
[2025-11-25T15:30:56.658+0000] {taskinstance.py:2330} INFO - Executing <Task(PythonOperator): generate_health_report> on 2025-11-25 15:20:00+00:00
[2025-11-25T15:30:56.664+0000] {standard_task_runner.py:63} INFO - Started process 57 to run task
[2025-11-25T15:30:56.668+0000] {standard_task_runner.py:90} INFO - Running: ['airflow', 'tasks', 'run', 'streaming_pipeline_monitoring', 'generate_health_report', 'scheduled__2025-11-25T15:20:00+00:00', '--job-id', '527', '--raw', '--subdir', 'DAGS_FOLDER/streaming_pipeline_dag.py', '--cfg-path', '/tmp/tmp_8dcne3p']
[2025-11-25T15:30:56.670+0000] {standard_task_runner.py:91} INFO - Job 527: Subtask generate_health_report
[2025-11-25T15:30:56.903+0000] {task_command.py:426} INFO - Running <TaskInstance: streaming_pipeline_monitoring.generate_health_report scheduled__2025-11-25T15:20:00+00:00 [running]> on host ac78ca89de1e
[2025-11-25T15:30:57.394+0000] {taskinstance.py:2648} INFO - Exporting env vars: AIRFLOW_CTX_DAG_OWNER='airflow' AIRFLOW_CTX_DAG_ID='streaming_pipeline_monitoring' AIRFLOW_CTX_TASK_ID='generate_health_report' AIRFLOW_CTX_EXECUTION_DATE='2025-11-25T15:20:00+00:00' AIRFLOW_CTX_TRY_NUMBER='1' AIRFLOW_CTX_DAG_RUN_ID='scheduled__2025-11-25T15:20:00+00:00'
[2025-11-25T15:30:57.398+0000] {taskinstance.py:430} INFO - ::endgroup::
[2025-11-25T15:30:57.535+0000] {logging_mixin.py:188} INFO - 
============================================================
[2025-11-25T15:30:57.536+0000] {logging_mixin.py:188} INFO - RAPPORT DE SANTÉ DU PIPELINE
[2025-11-25T15:30:57.537+0000] {logging_mixin.py:188} INFO - ============================================================
[2025-11-25T15:30:57.537+0000] {logging_mixin.py:188} INFO - {
  "timestamp": "2025-11-25T15:30:57.535608",
  "status": "HEALTHY",
  "postgres": {
    "recent_predictions": 55,
    "latest_timestamp": "2025-11-25T15:30:37.565319"
  },
  "mongodb": {
    "total_aggregates": 3842,
    "recent_aggregates": 52
  }
}
[2025-11-25T15:30:57.538+0000] {logging_mixin.py:188} INFO - ============================================================
[2025-11-25T15:30:57.616+0000] {python.py:237} INFO - Done. Returned value was: HEALTHY
[2025-11-25T15:30:57.617+0000] {taskinstance.py:441} INFO - ::group::Post task execution logs
[2025-11-25T15:30:57.725+0000] {taskinstance.py:1206} INFO - Marking task as SUCCESS. dag_id=streaming_pipeline_monitoring, task_id=generate_health_report, run_id=scheduled__2025-11-25T15:20:00+00:00, execution_date=20251125T152000, start_date=20251125T153056, end_date=20251125T153057
[2025-11-25T15:30:57.854+0000] {local_task_job_runner.py:240} INFO - Task exited with return code 0
[2025-11-25T15:30:57.907+0000] {taskinstance.py:3498} INFO - 0 downstream tasks scheduled from follow-on schedule check
[2025-11-25T15:30:57.912+0000] {local_task_job_runner.py:222} INFO - ::endgroup::
