[2025-11-27T02:30:48.596+0000] {local_task_job_runner.py:120} INFO - ::group::Pre task execution logs
[2025-11-27T02:30:48.684+0000] {taskinstance.py:2076} INFO - Dependencies all met for dep_context=non-requeueable deps ti=<TaskInstance: streaming_pipeline_monitoring.generate_health_report scheduled__2025-11-27T02:20:00+00:00 [queued]>
[2025-11-27T02:30:48.737+0000] {taskinstance.py:2076} INFO - Dependencies all met for dep_context=requeueable deps ti=<TaskInstance: streaming_pipeline_monitoring.generate_health_report scheduled__2025-11-27T02:20:00+00:00 [queued]>
[2025-11-27T02:30:48.739+0000] {taskinstance.py:2306} INFO - Starting attempt 1 of 3
[2025-11-27T02:30:48.850+0000] {taskinstance.py:2330} INFO - Executing <Task(PythonOperator): generate_health_report> on 2025-11-27 02:20:00+00:00
[2025-11-27T02:30:48.859+0000] {standard_task_runner.py:63} INFO - Started process 1909 to run task
[2025-11-27T02:30:48.866+0000] {standard_task_runner.py:90} INFO - Running: ['airflow', 'tasks', 'run', 'streaming_pipeline_monitoring', 'generate_health_report', 'scheduled__2025-11-27T02:20:00+00:00', '--job-id', '1032', '--raw', '--subdir', 'DAGS_FOLDER/streaming_pipeline_dag.py', '--cfg-path', '/tmp/tmpgj5w2rvd']
[2025-11-27T02:30:48.870+0000] {standard_task_runner.py:91} INFO - Job 1032: Subtask generate_health_report
[2025-11-27T02:30:49.103+0000] {task_command.py:426} INFO - Running <TaskInstance: streaming_pipeline_monitoring.generate_health_report scheduled__2025-11-27T02:20:00+00:00 [running]> on host ac78ca89de1e
[2025-11-27T02:30:49.490+0000] {taskinstance.py:2648} INFO - Exporting env vars: AIRFLOW_CTX_DAG_OWNER='airflow' AIRFLOW_CTX_DAG_ID='streaming_pipeline_monitoring' AIRFLOW_CTX_TASK_ID='generate_health_report' AIRFLOW_CTX_EXECUTION_DATE='2025-11-27T02:20:00+00:00' AIRFLOW_CTX_TRY_NUMBER='1' AIRFLOW_CTX_DAG_RUN_ID='scheduled__2025-11-27T02:20:00+00:00'
[2025-11-27T02:30:49.492+0000] {taskinstance.py:430} INFO - ::endgroup::
[2025-11-27T02:30:49.680+0000] {logging_mixin.py:188} INFO - 
============================================================
[2025-11-27T02:30:49.681+0000] {logging_mixin.py:188} INFO - RAPPORT DE SANTÉ DU PIPELINE
[2025-11-27T02:30:49.682+0000] {logging_mixin.py:188} INFO - ============================================================
[2025-11-27T02:30:49.685+0000] {logging_mixin.py:188} INFO - {
  "timestamp": "2025-11-27T02:30:49.680339",
  "status": "DEGRADED",
  "postgres": {
    "recent_predictions": 0,
    "latest_timestamp": "None"
  },
  "mongodb": {
    "total_aggregates": 13552,
    "recent_aggregates": 0
  }
}
[2025-11-27T02:30:49.687+0000] {logging_mixin.py:188} INFO - ============================================================
[2025-11-27T02:30:49.814+0000] {python.py:237} INFO - Done. Returned value was: DEGRADED
[2025-11-27T02:30:49.816+0000] {taskinstance.py:441} INFO - ::group::Post task execution logs
[2025-11-27T02:30:49.949+0000] {taskinstance.py:1206} INFO - Marking task as SUCCESS. dag_id=streaming_pipeline_monitoring, task_id=generate_health_report, run_id=scheduled__2025-11-27T02:20:00+00:00, execution_date=20251127T022000, start_date=20251127T023048, end_date=20251127T023049
[2025-11-27T02:30:50.079+0000] {local_task_job_runner.py:240} INFO - Task exited with return code 0
[2025-11-27T02:30:50.133+0000] {taskinstance.py:3498} INFO - 0 downstream tasks scheduled from follow-on schedule check
[2025-11-27T02:30:50.138+0000] {local_task_job_runner.py:222} INFO - ::endgroup::
