[2025-11-26T15:50:43.608+0000] {local_task_job_runner.py:120} INFO - ::group::Pre task execution logs
[2025-11-26T15:50:43.694+0000] {taskinstance.py:2076} INFO - Dependencies all met for dep_context=non-requeueable deps ti=<TaskInstance: streaming_pipeline_monitoring.generate_health_report scheduled__2025-11-26T15:40:00+00:00 [queued]>
[2025-11-26T15:50:43.759+0000] {taskinstance.py:2076} INFO - Dependencies all met for dep_context=requeueable deps ti=<TaskInstance: streaming_pipeline_monitoring.generate_health_report scheduled__2025-11-26T15:40:00+00:00 [queued]>
[2025-11-26T15:50:43.760+0000] {taskinstance.py:2306} INFO - Starting attempt 1 of 3
[2025-11-26T15:50:43.892+0000] {taskinstance.py:2330} INFO - Executing <Task(PythonOperator): generate_health_report> on 2025-11-26 15:40:00+00:00
[2025-11-26T15:50:43.908+0000] {standard_task_runner.py:63} INFO - Started process 532 to run task
[2025-11-26T15:50:43.914+0000] {standard_task_runner.py:90} INFO - Running: ['airflow', 'tasks', 'run', 'streaming_pipeline_monitoring', 'generate_health_report', 'scheduled__2025-11-26T15:40:00+00:00', '--job-id', '840', '--raw', '--subdir', 'DAGS_FOLDER/streaming_pipeline_dag.py', '--cfg-path', '/tmp/tmp0h_tcmhd']
[2025-11-26T15:50:43.920+0000] {standard_task_runner.py:91} INFO - Job 840: Subtask generate_health_report
[2025-11-26T15:50:44.167+0000] {task_command.py:426} INFO - Running <TaskInstance: streaming_pipeline_monitoring.generate_health_report scheduled__2025-11-26T15:40:00+00:00 [running]> on host ac78ca89de1e
[2025-11-26T15:50:44.644+0000] {taskinstance.py:2648} INFO - Exporting env vars: AIRFLOW_CTX_DAG_OWNER='airflow' AIRFLOW_CTX_DAG_ID='streaming_pipeline_monitoring' AIRFLOW_CTX_TASK_ID='generate_health_report' AIRFLOW_CTX_EXECUTION_DATE='2025-11-26T15:40:00+00:00' AIRFLOW_CTX_TRY_NUMBER='1' AIRFLOW_CTX_DAG_RUN_ID='scheduled__2025-11-26T15:40:00+00:00'
[2025-11-26T15:50:44.646+0000] {taskinstance.py:430} INFO - ::endgroup::
[2025-11-26T15:50:44.812+0000] {logging_mixin.py:188} INFO - 
============================================================
[2025-11-26T15:50:44.813+0000] {logging_mixin.py:188} INFO - RAPPORT DE SANTÉ DU PIPELINE
[2025-11-26T15:50:44.814+0000] {logging_mixin.py:188} INFO - ============================================================
[2025-11-26T15:50:44.815+0000] {logging_mixin.py:188} INFO - {
  "timestamp": "2025-11-26T15:50:44.812025",
  "status": "DEGRADED",
  "postgres": {
    "recent_predictions": 0,
    "latest_timestamp": "None"
  },
  "mongodb": {
    "total_aggregates": 13552,
    "recent_aggregates": 0
  }
}
[2025-11-26T15:50:44.815+0000] {logging_mixin.py:188} INFO - ============================================================
[2025-11-26T15:50:44.902+0000] {python.py:237} INFO - Done. Returned value was: DEGRADED
[2025-11-26T15:50:44.903+0000] {taskinstance.py:441} INFO - ::group::Post task execution logs
[2025-11-26T15:50:44.993+0000] {taskinstance.py:1206} INFO - Marking task as SUCCESS. dag_id=streaming_pipeline_monitoring, task_id=generate_health_report, run_id=scheduled__2025-11-26T15:40:00+00:00, execution_date=20251126T154000, start_date=20251126T155043, end_date=20251126T155044
[2025-11-26T15:50:45.100+0000] {local_task_job_runner.py:240} INFO - Task exited with return code 0
[2025-11-26T15:50:45.164+0000] {taskinstance.py:3498} INFO - 0 downstream tasks scheduled from follow-on schedule check
[2025-11-26T15:50:45.169+0000] {local_task_job_runner.py:222} INFO - ::endgroup::
