[2025-11-23T17:00:19.706+0000] {local_task_job_runner.py:120} INFO - ::group::Pre task execution logs
[2025-11-23T17:00:19.773+0000] {taskinstance.py:2076} INFO - Dependencies all met for dep_context=non-requeueable deps ti=<TaskInstance: streaming_pipeline_monitoring.check_bridge_tcp scheduled__2025-11-23T16:50:00+00:00 [queued]>
[2025-11-23T17:00:19.802+0000] {taskinstance.py:2076} INFO - Dependencies all met for dep_context=requeueable deps ti=<TaskInstance: streaming_pipeline_monitoring.check_bridge_tcp scheduled__2025-11-23T16:50:00+00:00 [queued]>
[2025-11-23T17:00:19.803+0000] {taskinstance.py:2306} INFO - Starting attempt 1 of 3
[2025-11-23T17:00:19.874+0000] {taskinstance.py:2330} INFO - Executing <Task(BashOperator): check_bridge_tcp> on 2025-11-23 16:50:00+00:00
[2025-11-23T17:00:19.884+0000] {standard_task_runner.py:63} INFO - Started process 201 to run task
[2025-11-23T17:00:19.892+0000] {standard_task_runner.py:90} INFO - Running: ['airflow', 'tasks', 'run', 'streaming_pipeline_monitoring', 'check_bridge_tcp', 'scheduled__2025-11-23T16:50:00+00:00', '--job-id', '56', '--raw', '--subdir', 'DAGS_FOLDER/streaming_pipeline_dag.py', '--cfg-path', '/tmp/tmprfn_uk7r']
[2025-11-23T17:00:19.896+0000] {standard_task_runner.py:91} INFO - Job 56: Subtask check_bridge_tcp
[2025-11-23T17:00:20.190+0000] {task_command.py:426} INFO - Running <TaskInstance: streaming_pipeline_monitoring.check_bridge_tcp scheduled__2025-11-23T16:50:00+00:00 [running]> on host 44ce18cdf754
[2025-11-23T17:00:20.473+0000] {taskinstance.py:2648} INFO - Exporting env vars: AIRFLOW_CTX_DAG_OWNER='airflow' AIRFLOW_CTX_DAG_ID='streaming_pipeline_monitoring' AIRFLOW_CTX_TASK_ID='check_bridge_tcp' AIRFLOW_CTX_EXECUTION_DATE='2025-11-23T16:50:00+00:00' AIRFLOW_CTX_TRY_NUMBER='1' AIRFLOW_CTX_DAG_RUN_ID='scheduled__2025-11-23T16:50:00+00:00'
[2025-11-23T17:00:20.475+0000] {taskinstance.py:430} INFO - ::endgroup::
[2025-11-23T17:00:20.493+0000] {subprocess.py:63} INFO - Tmp dir root location: /tmp
[2025-11-23T17:00:20.495+0000] {subprocess.py:75} INFO - Running command: ['/usr/bin/bash', '-c', '\n        echo "Vérification du Bridge TCP..."\n        if nc -z -w 5 bridge 9999; then\n            echo "✓ Bridge TCP actif sur port 9999"\n            exit 0\n        else\n            echo "✗ Bridge TCP ne répond pas"\n            exit 1\n        fi\n        ']
[2025-11-23T17:00:20.511+0000] {subprocess.py:86} INFO - Output:
[2025-11-23T17:00:20.512+0000] {subprocess.py:93} INFO - Vérification du Bridge TCP...
[2025-11-23T17:00:20.515+0000] {subprocess.py:93} INFO - ✓ Bridge TCP actif sur port 9999
[2025-11-23T17:00:20.516+0000] {subprocess.py:97} INFO - Command exited with return code 0
[2025-11-23T17:00:20.517+0000] {taskinstance.py:441} INFO - ::group::Post task execution logs
[2025-11-23T17:00:20.610+0000] {taskinstance.py:1206} INFO - Marking task as SUCCESS. dag_id=streaming_pipeline_monitoring, task_id=check_bridge_tcp, run_id=scheduled__2025-11-23T16:50:00+00:00, execution_date=20251123T165000, start_date=20251123T170019, end_date=20251123T170020
[2025-11-23T17:00:20.674+0000] {local_task_job_runner.py:240} INFO - Task exited with return code 0
[2025-11-23T17:00:20.731+0000] {taskinstance.py:3498} INFO - 1 downstream tasks scheduled from follow-on schedule check
[2025-11-23T17:00:20.780+0000] {local_task_job_runner.py:222} INFO - ::endgroup::
