[2025-12-02T02:20:16.777+0000] {local_task_job_runner.py:120} INFO - ::group::Pre task execution logs
[2025-12-02T02:20:16.825+0000] {taskinstance.py:2076} INFO - Dependencies all met for dep_context=non-requeueable deps ti=<TaskInstance: streaming_pipeline_monitoring.check_spark_streaming scheduled__2025-12-02T02:10:00+00:00 [queued]>
[2025-12-02T02:20:16.873+0000] {taskinstance.py:2076} INFO - Dependencies all met for dep_context=requeueable deps ti=<TaskInstance: streaming_pipeline_monitoring.check_spark_streaming scheduled__2025-12-02T02:10:00+00:00 [queued]>
[2025-12-02T02:20:16.874+0000] {taskinstance.py:2306} INFO - Starting attempt 1 of 3
[2025-12-02T02:20:16.951+0000] {taskinstance.py:2330} INFO - Executing <Task(BashOperator): check_spark_streaming> on 2025-12-02 02:10:00+00:00
[2025-12-02T02:20:16.955+0000] {standard_task_runner.py:63} INFO - Started process 1635 to run task
[2025-12-02T02:20:16.960+0000] {standard_task_runner.py:90} INFO - Running: ['airflow', 'tasks', 'run', 'streaming_pipeline_monitoring', 'check_spark_streaming', 'scheduled__2025-12-02T02:10:00+00:00', '--job-id', '1795', '--raw', '--subdir', 'DAGS_FOLDER/streaming_pipeline_dag.py', '--cfg-path', '/tmp/tmpcli7fe12']
[2025-12-02T02:20:16.963+0000] {standard_task_runner.py:91} INFO - Job 1795: Subtask check_spark_streaming
[2025-12-02T02:20:17.114+0000] {task_command.py:426} INFO - Running <TaskInstance: streaming_pipeline_monitoring.check_spark_streaming scheduled__2025-12-02T02:10:00+00:00 [running]> on host 3ad5ba232e74
[2025-12-02T02:20:17.437+0000] {taskinstance.py:2648} INFO - Exporting env vars: AIRFLOW_CTX_DAG_OWNER='airflow' AIRFLOW_CTX_DAG_ID='streaming_pipeline_monitoring' AIRFLOW_CTX_TASK_ID='check_spark_streaming' AIRFLOW_CTX_EXECUTION_DATE='2025-12-02T02:10:00+00:00' AIRFLOW_CTX_TRY_NUMBER='1' AIRFLOW_CTX_DAG_RUN_ID='scheduled__2025-12-02T02:10:00+00:00'
[2025-12-02T02:20:17.438+0000] {taskinstance.py:430} INFO - ::endgroup::
[2025-12-02T02:20:17.457+0000] {subprocess.py:63} INFO - Tmp dir root location: /tmp
[2025-12-02T02:20:17.460+0000] {subprocess.py:75} INFO - Running command: ['/usr/bin/bash', '-c', '\n        echo "✓ Vérification indirecte de Spark (via données PostgreSQL dans la prochaine tâche)"\n        echo "  Si PostgreSQL reçoit des prédictions récentes, c\'est que Spark fonctionne"\n        exit 0\n        ']
[2025-12-02T02:20:17.473+0000] {subprocess.py:86} INFO - Output:
[2025-12-02T02:20:17.474+0000] {subprocess.py:93} INFO - ✓ Vérification indirecte de Spark (via données PostgreSQL dans la prochaine tâche)
[2025-12-02T02:20:17.475+0000] {subprocess.py:93} INFO -   Si PostgreSQL reçoit des prédictions récentes, c'est que Spark fonctionne
[2025-12-02T02:20:17.476+0000] {subprocess.py:97} INFO - Command exited with return code 0
[2025-12-02T02:20:17.478+0000] {taskinstance.py:441} INFO - ::group::Post task execution logs
[2025-12-02T02:20:17.556+0000] {taskinstance.py:1206} INFO - Marking task as SUCCESS. dag_id=streaming_pipeline_monitoring, task_id=check_spark_streaming, run_id=scheduled__2025-12-02T02:10:00+00:00, execution_date=20251202T021000, start_date=20251202T022016, end_date=20251202T022017
[2025-12-02T02:20:17.616+0000] {local_task_job_runner.py:240} INFO - Task exited with return code 0
[2025-12-02T02:20:17.673+0000] {taskinstance.py:3498} INFO - 2 downstream tasks scheduled from follow-on schedule check
[2025-12-02T02:20:17.693+0000] {local_task_job_runner.py:222} INFO - ::endgroup::
