[2025-11-24T15:50:42.929+0000] {local_task_job_runner.py:120} INFO - ::group::Pre task execution logs
[2025-11-24T15:50:42.986+0000] {taskinstance.py:2076} INFO - Dependencies all met for dep_context=non-requeueable deps ti=<TaskInstance: streaming_pipeline_monitoring.generate_health_report scheduled__2025-11-24T15:40:00+00:00 [queued]>
[2025-11-24T15:50:43.015+0000] {taskinstance.py:2076} INFO - Dependencies all met for dep_context=requeueable deps ti=<TaskInstance: streaming_pipeline_monitoring.generate_health_report scheduled__2025-11-24T15:40:00+00:00 [queued]>
[2025-11-24T15:50:43.016+0000] {taskinstance.py:2306} INFO - Starting attempt 1 of 3
[2025-11-24T15:50:43.080+0000] {taskinstance.py:2330} INFO - Executing <Task(PythonOperator): generate_health_report> on 2025-11-24 15:40:00+00:00
[2025-11-24T15:50:43.087+0000] {standard_task_runner.py:63} INFO - Started process 1351 to run task
[2025-11-24T15:50:43.091+0000] {standard_task_runner.py:90} INFO - Running: ['airflow', 'tasks', 'run', 'streaming_pipeline_monitoring', 'generate_health_report', 'scheduled__2025-11-24T15:40:00+00:00', '--job-id', '265', '--raw', '--subdir', 'DAGS_FOLDER/streaming_pipeline_dag.py', '--cfg-path', '/tmp/tmp6oyxrob7']
[2025-11-24T15:50:43.094+0000] {standard_task_runner.py:91} INFO - Job 265: Subtask generate_health_report
[2025-11-24T15:50:43.148+0000] {cli_action_loggers.py:137} WARNING - Failed to log action (sqlite3.OperationalError) disk I/O error
(Background on this error at: https://sqlalche.me/e/14/e3q8)
[2025-11-24T15:50:43.275+0000] {task_command.py:426} INFO - Running <TaskInstance: streaming_pipeline_monitoring.generate_health_report scheduled__2025-11-24T15:40:00+00:00 [running]> on host 44ce18cdf754
[2025-11-24T15:50:43.486+0000] {taskinstance.py:2648} INFO - Exporting env vars: AIRFLOW_CTX_DAG_OWNER='airflow' AIRFLOW_CTX_DAG_ID='streaming_pipeline_monitoring' AIRFLOW_CTX_TASK_ID='generate_health_report' AIRFLOW_CTX_EXECUTION_DATE='2025-11-24T15:40:00+00:00' AIRFLOW_CTX_TRY_NUMBER='1' AIRFLOW_CTX_DAG_RUN_ID='scheduled__2025-11-24T15:40:00+00:00'
[2025-11-24T15:50:43.488+0000] {taskinstance.py:430} INFO - ::endgroup::
[2025-11-24T15:50:43.579+0000] {logging_mixin.py:188} INFO - 
============================================================
[2025-11-24T15:50:43.580+0000] {logging_mixin.py:188} INFO - RAPPORT DE SANTÉ DU PIPELINE
[2025-11-24T15:50:43.580+0000] {logging_mixin.py:188} INFO - ============================================================
[2025-11-24T15:50:43.581+0000] {logging_mixin.py:188} INFO - {
  "timestamp": "2025-11-24T15:50:43.578870",
  "status": "DEGRADED",
  "postgres": {
    "recent_predictions": 0,
    "latest_timestamp": "None"
  },
  "mongodb": {
    "total_aggregates": 3390,
    "recent_aggregates": 0
  }
}
[2025-11-24T15:50:43.581+0000] {logging_mixin.py:188} INFO - ============================================================
[2025-11-24T15:50:43.626+0000] {python.py:237} INFO - Done. Returned value was: DEGRADED
[2025-11-24T15:50:43.626+0000] {taskinstance.py:441} INFO - ::group::Post task execution logs
[2025-11-24T15:50:43.683+0000] {taskinstance.py:1206} INFO - Marking task as SUCCESS. dag_id=streaming_pipeline_monitoring, task_id=generate_health_report, run_id=scheduled__2025-11-24T15:40:00+00:00, execution_date=20251124T154000, start_date=20251124T155042, end_date=20251124T155043
[2025-11-24T15:50:43.747+0000] {local_task_job_runner.py:240} INFO - Task exited with return code 0
[2025-11-24T15:50:43.775+0000] {taskinstance.py:3498} INFO - 0 downstream tasks scheduled from follow-on schedule check
[2025-11-24T15:50:43.777+0000] {local_task_job_runner.py:222} INFO - ::endgroup::
