[2025-11-27T14:01:24.384+0000] {local_task_job_runner.py:120} INFO - ::group::Pre task execution logs
[2025-11-27T14:01:24.479+0000] {taskinstance.py:2076} INFO - Dependencies all met for dep_context=non-requeueable deps ti=<TaskInstance: streaming_pipeline_monitoring.generate_health_report scheduled__2025-11-27T13:50:00+00:00 [queued]>
[2025-11-27T14:01:24.610+0000] {taskinstance.py:2076} INFO - Dependencies all met for dep_context=requeueable deps ti=<TaskInstance: streaming_pipeline_monitoring.generate_health_report scheduled__2025-11-27T13:50:00+00:00 [queued]>
[2025-11-27T14:01:24.615+0000] {taskinstance.py:2306} INFO - Starting attempt 1 of 3
[2025-11-27T14:01:24.808+0000] {taskinstance.py:2330} INFO - Executing <Task(PythonOperator): generate_health_report> on 2025-11-27 13:50:00+00:00
[2025-11-27T14:01:24.818+0000] {standard_task_runner.py:63} INFO - Started process 331 to run task
[2025-11-27T14:01:24.825+0000] {standard_task_runner.py:90} INFO - Running: ['airflow', 'tasks', 'run', 'streaming_pipeline_monitoring', 'generate_health_report', 'scheduled__2025-11-27T13:50:00+00:00', '--job-id', '1291', '--raw', '--subdir', 'DAGS_FOLDER/streaming_pipeline_dag.py', '--cfg-path', '/tmp/tmp8h55nypa']
[2025-11-27T14:01:24.829+0000] {standard_task_runner.py:91} INFO - Job 1291: Subtask generate_health_report
[2025-11-27T14:01:25.058+0000] {task_command.py:426} INFO - Running <TaskInstance: streaming_pipeline_monitoring.generate_health_report scheduled__2025-11-27T13:50:00+00:00 [running]> on host aa34447916d9
[2025-11-27T14:01:25.799+0000] {taskinstance.py:2648} INFO - Exporting env vars: AIRFLOW_CTX_DAG_OWNER='airflow' AIRFLOW_CTX_DAG_ID='streaming_pipeline_monitoring' AIRFLOW_CTX_TASK_ID='generate_health_report' AIRFLOW_CTX_EXECUTION_DATE='2025-11-27T13:50:00+00:00' AIRFLOW_CTX_TRY_NUMBER='1' AIRFLOW_CTX_DAG_RUN_ID='scheduled__2025-11-27T13:50:00+00:00'
[2025-11-27T14:01:25.803+0000] {taskinstance.py:430} INFO - ::endgroup::
[2025-11-27T14:01:26.167+0000] {logging_mixin.py:188} INFO - 
============================================================
[2025-11-27T14:01:26.179+0000] {logging_mixin.py:188} INFO - RAPPORT DE SANTÉ DU PIPELINE
[2025-11-27T14:01:26.181+0000] {logging_mixin.py:188} INFO - ============================================================
[2025-11-27T14:01:26.182+0000] {logging_mixin.py:188} INFO - {
  "timestamp": "2025-11-27T14:01:26.166875",
  "status": "HEALTHY",
  "postgres": {
    "recent_predictions": 309,
    "latest_timestamp": "2025-11-27T14:00:44.939807"
  },
  "mongodb": {
    "total_aggregates": 16857,
    "recent_aggregates": 478
  }
}
[2025-11-27T14:01:26.183+0000] {logging_mixin.py:188} INFO - ============================================================
[2025-11-27T14:01:26.497+0000] {python.py:237} INFO - Done. Returned value was: HEALTHY
[2025-11-27T14:01:26.501+0000] {taskinstance.py:441} INFO - ::group::Post task execution logs
[2025-11-27T14:01:26.721+0000] {taskinstance.py:1206} INFO - Marking task as SUCCESS. dag_id=streaming_pipeline_monitoring, task_id=generate_health_report, run_id=scheduled__2025-11-27T13:50:00+00:00, execution_date=20251127T135000, start_date=20251127T140124, end_date=20251127T140126
[2025-11-27T14:01:26.864+0000] {local_task_job_runner.py:240} INFO - Task exited with return code 0
[2025-11-27T14:01:26.949+0000] {taskinstance.py:3498} INFO - 0 downstream tasks scheduled from follow-on schedule check
[2025-11-27T14:01:26.960+0000] {local_task_job_runner.py:222} INFO - ::endgroup::
