[2025-12-09T05:42:44.333+0000] {local_task_job_runner.py:120} INFO - ::group::Pre task execution logs
[2025-12-09T05:42:44.393+0000] {taskinstance.py:2076} INFO - Dependencies all met for dep_context=non-requeueable deps ti=<TaskInstance: streaming_pipeline_monitoring.generate_health_report scheduled__2025-12-09T03:50:00+00:00 [queued]>
[2025-12-09T05:42:44.482+0000] {taskinstance.py:2076} INFO - Dependencies all met for dep_context=requeueable deps ti=<TaskInstance: streaming_pipeline_monitoring.generate_health_report scheduled__2025-12-09T03:50:00+00:00 [queued]>
[2025-12-09T05:42:44.483+0000] {taskinstance.py:2306} INFO - Starting attempt 1 of 3
[2025-12-09T05:42:44.633+0000] {taskinstance.py:2330} INFO - Executing <Task(PythonOperator): generate_health_report> on 2025-12-09 03:50:00+00:00
[2025-12-09T05:42:44.646+0000] {standard_task_runner.py:63} INFO - Started process 1269 to run task
[2025-12-09T05:42:44.653+0000] {standard_task_runner.py:90} INFO - Running: ['airflow', 'tasks', 'run', 'streaming_pipeline_monitoring', 'generate_health_report', 'scheduled__2025-12-09T03:50:00+00:00', '--job-id', '2105', '--raw', '--subdir', 'DAGS_FOLDER/streaming_pipeline_dag.py', '--cfg-path', '/tmp/tmpnih_3_od']
[2025-12-09T05:42:44.669+0000] {standard_task_runner.py:91} INFO - Job 2105: Subtask generate_health_report
[2025-12-09T05:42:45.160+0000] {task_command.py:426} INFO - Running <TaskInstance: streaming_pipeline_monitoring.generate_health_report scheduled__2025-12-09T03:50:00+00:00 [running]> on host 5d2fd13967cf
[2025-12-09T05:42:45.810+0000] {taskinstance.py:2648} INFO - Exporting env vars: AIRFLOW_CTX_DAG_OWNER='airflow' AIRFLOW_CTX_DAG_ID='streaming_pipeline_monitoring' AIRFLOW_CTX_TASK_ID='generate_health_report' AIRFLOW_CTX_EXECUTION_DATE='2025-12-09T03:50:00+00:00' AIRFLOW_CTX_TRY_NUMBER='1' AIRFLOW_CTX_DAG_RUN_ID='scheduled__2025-12-09T03:50:00+00:00'
[2025-12-09T05:42:45.819+0000] {taskinstance.py:430} INFO - ::endgroup::
[2025-12-09T05:42:45.973+0000] {logging_mixin.py:188} INFO - 
============================================================
[2025-12-09T05:42:45.974+0000] {logging_mixin.py:188} INFO - RAPPORT DE SANTÉ DU PIPELINE
[2025-12-09T05:42:45.975+0000] {logging_mixin.py:188} INFO - ============================================================
[2025-12-09T05:42:45.976+0000] {logging_mixin.py:188} INFO - {
  "timestamp": "2025-12-09T05:42:45.973690",
  "status": "HEALTHY",
  "postgres": {
    "recent_predictions": 90,
    "latest_timestamp": "2025-12-09T05:42:01.507100"
  },
  "mongodb": {
    "total_aggregates": 31015,
    "recent_aggregates": 83
  }
}
[2025-12-09T05:42:45.977+0000] {logging_mixin.py:188} INFO - ============================================================
[2025-12-09T05:42:46.147+0000] {python.py:237} INFO - Done. Returned value was: HEALTHY
[2025-12-09T05:42:46.148+0000] {taskinstance.py:441} INFO - ::group::Post task execution logs
[2025-12-09T05:42:46.361+0000] {taskinstance.py:1206} INFO - Marking task as SUCCESS. dag_id=streaming_pipeline_monitoring, task_id=generate_health_report, run_id=scheduled__2025-12-09T03:50:00+00:00, execution_date=20251209T035000, start_date=20251209T054244, end_date=20251209T054246
[2025-12-09T05:42:46.768+0000] {local_task_job_runner.py:240} INFO - Task exited with return code 0
[2025-12-09T05:42:46.910+0000] {taskinstance.py:3498} INFO - 0 downstream tasks scheduled from follow-on schedule check
[2025-12-09T05:42:46.916+0000] {local_task_job_runner.py:222} INFO - ::endgroup::
