[2025-11-26T08:00:49.628+0000] {local_task_job_runner.py:120} INFO - ::group::Pre task execution logs
[2025-11-26T08:00:49.721+0000] {taskinstance.py:2076} INFO - Dependencies all met for dep_context=non-requeueable deps ti=<TaskInstance: streaming_pipeline_monitoring.generate_health_report scheduled__2025-11-26T07:50:00+00:00 [queued]>
[2025-11-26T08:00:49.787+0000] {taskinstance.py:2076} INFO - Dependencies all met for dep_context=requeueable deps ti=<TaskInstance: streaming_pipeline_monitoring.generate_health_report scheduled__2025-11-26T07:50:00+00:00 [queued]>
[2025-11-26T08:00:49.788+0000] {taskinstance.py:2306} INFO - Starting attempt 1 of 3
[2025-11-26T08:00:49.872+0000] {taskinstance.py:2330} INFO - Executing <Task(PythonOperator): generate_health_report> on 2025-11-26 07:50:00+00:00
[2025-11-26T08:00:49.882+0000] {standard_task_runner.py:63} INFO - Started process 966 to run task
[2025-11-26T08:00:49.886+0000] {standard_task_runner.py:90} INFO - Running: ['airflow', 'tasks', 'run', 'streaming_pipeline_monitoring', 'generate_health_report', 'scheduled__2025-11-26T07:50:00+00:00', '--job-id', '659', '--raw', '--subdir', 'DAGS_FOLDER/streaming_pipeline_dag.py', '--cfg-path', '/tmp/tmpe_4jpc48']
[2025-11-26T08:00:49.889+0000] {standard_task_runner.py:91} INFO - Job 659: Subtask generate_health_report
[2025-11-26T08:00:50.062+0000] {task_command.py:426} INFO - Running <TaskInstance: streaming_pipeline_monitoring.generate_health_report scheduled__2025-11-26T07:50:00+00:00 [running]> on host ac78ca89de1e
[2025-11-26T08:00:50.348+0000] {taskinstance.py:2648} INFO - Exporting env vars: AIRFLOW_CTX_DAG_OWNER='airflow' AIRFLOW_CTX_DAG_ID='streaming_pipeline_monitoring' AIRFLOW_CTX_TASK_ID='generate_health_report' AIRFLOW_CTX_EXECUTION_DATE='2025-11-26T07:50:00+00:00' AIRFLOW_CTX_TRY_NUMBER='1' AIRFLOW_CTX_DAG_RUN_ID='scheduled__2025-11-26T07:50:00+00:00'
[2025-11-26T08:00:50.350+0000] {taskinstance.py:430} INFO - ::endgroup::
[2025-11-26T08:00:50.461+0000] {logging_mixin.py:188} INFO - 
============================================================
[2025-11-26T08:00:50.461+0000] {logging_mixin.py:188} INFO - RAPPORT DE SANTÉ DU PIPELINE
[2025-11-26T08:00:50.462+0000] {logging_mixin.py:188} INFO - ============================================================
[2025-11-26T08:00:50.462+0000] {logging_mixin.py:188} INFO - {
  "timestamp": "2025-11-26T08:00:50.461247",
  "status": "HEALTHY",
  "postgres": {
    "recent_predictions": 316,
    "latest_timestamp": "2025-11-26T08:00:33.870822"
  },
  "mongodb": {
    "total_aggregates": 13313,
    "recent_aggregates": 301
  }
}
[2025-11-26T08:00:50.463+0000] {logging_mixin.py:188} INFO - ============================================================
[2025-11-26T08:00:50.536+0000] {python.py:237} INFO - Done. Returned value was: HEALTHY
[2025-11-26T08:00:50.537+0000] {taskinstance.py:441} INFO - ::group::Post task execution logs
[2025-11-26T08:00:50.645+0000] {taskinstance.py:1206} INFO - Marking task as SUCCESS. dag_id=streaming_pipeline_monitoring, task_id=generate_health_report, run_id=scheduled__2025-11-26T07:50:00+00:00, execution_date=20251126T075000, start_date=20251126T080049, end_date=20251126T080050
[2025-11-26T08:00:50.751+0000] {local_task_job_runner.py:240} INFO - Task exited with return code 0
[2025-11-26T08:00:50.811+0000] {taskinstance.py:3498} INFO - 0 downstream tasks scheduled from follow-on schedule check
[2025-11-26T08:00:50.815+0000] {local_task_job_runner.py:222} INFO - ::endgroup::
