[2025-11-25T09:30:41.894+0000] {local_task_job_runner.py:120} INFO - ::group::Pre task execution logs
[2025-11-25T09:30:41.967+0000] {taskinstance.py:2076} INFO - Dependencies all met for dep_context=non-requeueable deps ti=<TaskInstance: streaming_pipeline_monitoring.generate_health_report scheduled__2025-11-25T09:20:00+00:00 [queued]>
[2025-11-25T09:30:42.005+0000] {taskinstance.py:2076} INFO - Dependencies all met for dep_context=requeueable deps ti=<TaskInstance: streaming_pipeline_monitoring.generate_health_report scheduled__2025-11-25T09:20:00+00:00 [queued]>
[2025-11-25T09:30:42.006+0000] {taskinstance.py:2306} INFO - Starting attempt 1 of 3
[2025-11-25T09:30:42.142+0000] {taskinstance.py:2330} INFO - Executing <Task(PythonOperator): generate_health_report> on 2025-11-25 09:20:00+00:00
[2025-11-25T09:30:42.149+0000] {standard_task_runner.py:63} INFO - Started process 182 to run task
[2025-11-25T09:30:42.155+0000] {standard_task_runner.py:90} INFO - Running: ['airflow', 'tasks', 'run', 'streaming_pipeline_monitoring', 'generate_health_report', 'scheduled__2025-11-25T09:20:00+00:00', '--job-id', '316', '--raw', '--subdir', 'DAGS_FOLDER/streaming_pipeline_dag.py', '--cfg-path', '/tmp/tmpgj4ahkvh']
[2025-11-25T09:30:42.158+0000] {standard_task_runner.py:91} INFO - Job 316: Subtask generate_health_report
[2025-11-25T09:30:42.426+0000] {task_command.py:426} INFO - Running <TaskInstance: streaming_pipeline_monitoring.generate_health_report scheduled__2025-11-25T09:20:00+00:00 [running]> on host f385b52f68af
[2025-11-25T09:30:42.850+0000] {taskinstance.py:2648} INFO - Exporting env vars: AIRFLOW_CTX_DAG_OWNER='airflow' AIRFLOW_CTX_DAG_ID='streaming_pipeline_monitoring' AIRFLOW_CTX_TASK_ID='generate_health_report' AIRFLOW_CTX_EXECUTION_DATE='2025-11-25T09:20:00+00:00' AIRFLOW_CTX_TRY_NUMBER='1' AIRFLOW_CTX_DAG_RUN_ID='scheduled__2025-11-25T09:20:00+00:00'
[2025-11-25T09:30:42.852+0000] {taskinstance.py:430} INFO - ::endgroup::
[2025-11-25T09:30:43.039+0000] {logging_mixin.py:188} INFO - 
============================================================
[2025-11-25T09:30:43.041+0000] {logging_mixin.py:188} INFO - RAPPORT DE SANTÉ DU PIPELINE
[2025-11-25T09:30:43.042+0000] {logging_mixin.py:188} INFO - ============================================================
[2025-11-25T09:30:43.043+0000] {logging_mixin.py:188} INFO - {
  "timestamp": "2025-11-25T09:30:43.039341",
  "status": "DEGRADED",
  "postgres": {
    "recent_predictions": 0,
    "latest_timestamp": "None"
  },
  "mongodb": {
    "total_aggregates": 3790,
    "recent_aggregates": 0
  }
}
[2025-11-25T09:30:43.044+0000] {logging_mixin.py:188} INFO - ============================================================
[2025-11-25T09:30:43.155+0000] {python.py:237} INFO - Done. Returned value was: DEGRADED
[2025-11-25T09:30:43.156+0000] {taskinstance.py:441} INFO - ::group::Post task execution logs
[2025-11-25T09:30:43.273+0000] {taskinstance.py:1206} INFO - Marking task as SUCCESS. dag_id=streaming_pipeline_monitoring, task_id=generate_health_report, run_id=scheduled__2025-11-25T09:20:00+00:00, execution_date=20251125T092000, start_date=20251125T093041, end_date=20251125T093043
[2025-11-25T09:30:43.413+0000] {local_task_job_runner.py:240} INFO - Task exited with return code 0
[2025-11-25T09:30:43.480+0000] {taskinstance.py:3498} INFO - 0 downstream tasks scheduled from follow-on schedule check
[2025-11-25T09:30:43.485+0000] {local_task_job_runner.py:222} INFO - ::endgroup::
