[2025-11-27T09:20:30.215+0000] {local_task_job_runner.py:120} INFO - ::group::Pre task execution logs
[2025-11-27T09:20:30.250+0000] {taskinstance.py:2076} INFO - Dependencies all met for dep_context=non-requeueable deps ti=<TaskInstance: streaming_pipeline_monitoring.generate_health_report scheduled__2025-11-27T09:10:00+00:00 [queued]>
[2025-11-27T09:20:30.273+0000] {taskinstance.py:2076} INFO - Dependencies all met for dep_context=requeueable deps ti=<TaskInstance: streaming_pipeline_monitoring.generate_health_report scheduled__2025-11-27T09:10:00+00:00 [queued]>
[2025-11-27T09:20:30.274+0000] {taskinstance.py:2306} INFO - Starting attempt 1 of 3
[2025-11-27T09:20:30.328+0000] {taskinstance.py:2330} INFO - Executing <Task(PythonOperator): generate_health_report> on 2025-11-27 09:10:00+00:00
[2025-11-27T09:20:30.333+0000] {standard_task_runner.py:63} INFO - Started process 2708 to run task
[2025-11-27T09:20:30.337+0000] {standard_task_runner.py:90} INFO - Running: ['airflow', 'tasks', 'run', 'streaming_pipeline_monitoring', 'generate_health_report', 'scheduled__2025-11-27T09:10:00+00:00', '--job-id', '1140', '--raw', '--subdir', 'DAGS_FOLDER/streaming_pipeline_dag.py', '--cfg-path', '/tmp/tmpftsv04en']
[2025-11-27T09:20:30.339+0000] {standard_task_runner.py:91} INFO - Job 1140: Subtask generate_health_report
[2025-11-27T09:20:30.507+0000] {task_command.py:426} INFO - Running <TaskInstance: streaming_pipeline_monitoring.generate_health_report scheduled__2025-11-27T09:10:00+00:00 [running]> on host ac78ca89de1e
[2025-11-27T09:20:30.713+0000] {taskinstance.py:2648} INFO - Exporting env vars: AIRFLOW_CTX_DAG_OWNER='airflow' AIRFLOW_CTX_DAG_ID='streaming_pipeline_monitoring' AIRFLOW_CTX_TASK_ID='generate_health_report' AIRFLOW_CTX_EXECUTION_DATE='2025-11-27T09:10:00+00:00' AIRFLOW_CTX_TRY_NUMBER='1' AIRFLOW_CTX_DAG_RUN_ID='scheduled__2025-11-27T09:10:00+00:00'
[2025-11-27T09:20:30.714+0000] {taskinstance.py:430} INFO - ::endgroup::
[2025-11-27T09:20:30.768+0000] {logging_mixin.py:188} INFO - 
============================================================
[2025-11-27T09:20:30.769+0000] {logging_mixin.py:188} INFO - RAPPORT DE SANTÉ DU PIPELINE
[2025-11-27T09:20:30.769+0000] {logging_mixin.py:188} INFO - ============================================================
[2025-11-27T09:20:30.770+0000] {logging_mixin.py:188} INFO - {
  "timestamp": "2025-11-27T09:20:30.768702",
  "status": "DEGRADED",
  "postgres": {
    "recent_predictions": 0,
    "latest_timestamp": "None"
  },
  "mongodb": {
    "total_aggregates": 13552,
    "recent_aggregates": 0
  }
}
[2025-11-27T09:20:30.770+0000] {logging_mixin.py:188} INFO - ============================================================
[2025-11-27T09:20:30.808+0000] {python.py:237} INFO - Done. Returned value was: DEGRADED
[2025-11-27T09:20:30.808+0000] {taskinstance.py:441} INFO - ::group::Post task execution logs
[2025-11-27T09:20:30.851+0000] {taskinstance.py:1206} INFO - Marking task as SUCCESS. dag_id=streaming_pipeline_monitoring, task_id=generate_health_report, run_id=scheduled__2025-11-27T09:10:00+00:00, execution_date=20251127T091000, start_date=20251127T092030, end_date=20251127T092030
[2025-11-27T09:20:30.928+0000] {local_task_job_runner.py:240} INFO - Task exited with return code 0
[2025-11-27T09:20:30.957+0000] {taskinstance.py:3498} INFO - 0 downstream tasks scheduled from follow-on schedule check
[2025-11-27T09:20:30.959+0000] {local_task_job_runner.py:222} INFO - ::endgroup::
