[2025-12-08T17:07:16.123+0000] {local_task_job_runner.py:120} INFO - ::group::Pre task execution logs
[2025-12-08T17:07:16.198+0000] {taskinstance.py:2076} INFO - Dependencies all met for dep_context=non-requeueable deps ti=<TaskInstance: streaming_pipeline_monitoring.generate_health_report scheduled__2025-12-08T16:50:00+00:00 [queued]>
[2025-12-08T17:07:16.285+0000] {taskinstance.py:2076} INFO - Dependencies all met for dep_context=requeueable deps ti=<TaskInstance: streaming_pipeline_monitoring.generate_health_report scheduled__2025-12-08T16:50:00+00:00 [queued]>
[2025-12-08T17:07:16.286+0000] {taskinstance.py:2306} INFO - Starting attempt 1 of 3
[2025-12-08T17:07:16.393+0000] {taskinstance.py:2330} INFO - Executing <Task(PythonOperator): generate_health_report> on 2025-12-08 16:50:00+00:00
[2025-12-08T17:07:16.402+0000] {standard_task_runner.py:63} INFO - Started process 1095 to run task
[2025-12-08T17:07:16.408+0000] {standard_task_runner.py:90} INFO - Running: ['airflow', 'tasks', 'run', 'streaming_pipeline_monitoring', 'generate_health_report', 'scheduled__2025-12-08T16:50:00+00:00', '--job-id', '2076', '--raw', '--subdir', 'DAGS_FOLDER/streaming_pipeline_dag.py', '--cfg-path', '/tmp/tmpzc94ggis']
[2025-12-08T17:07:16.411+0000] {standard_task_runner.py:91} INFO - Job 2076: Subtask generate_health_report
[2025-12-08T17:07:16.605+0000] {task_command.py:426} INFO - Running <TaskInstance: streaming_pipeline_monitoring.generate_health_report scheduled__2025-12-08T16:50:00+00:00 [running]> on host 5d2fd13967cf
[2025-12-08T17:07:16.927+0000] {taskinstance.py:2648} INFO - Exporting env vars: AIRFLOW_CTX_DAG_OWNER='airflow' AIRFLOW_CTX_DAG_ID='streaming_pipeline_monitoring' AIRFLOW_CTX_TASK_ID='generate_health_report' AIRFLOW_CTX_EXECUTION_DATE='2025-12-08T16:50:00+00:00' AIRFLOW_CTX_TRY_NUMBER='1' AIRFLOW_CTX_DAG_RUN_ID='scheduled__2025-12-08T16:50:00+00:00'
[2025-12-08T17:07:16.928+0000] {taskinstance.py:430} INFO - ::endgroup::
[2025-12-08T17:07:17.049+0000] {logging_mixin.py:188} INFO - 
============================================================
[2025-12-08T17:07:17.050+0000] {logging_mixin.py:188} INFO - RAPPORT DE SANTÉ DU PIPELINE
[2025-12-08T17:07:17.051+0000] {logging_mixin.py:188} INFO - ============================================================
[2025-12-08T17:07:17.052+0000] {logging_mixin.py:188} INFO - {
  "timestamp": "2025-12-08T17:07:17.049162",
  "status": "HEALTHY",
  "postgres": {
    "recent_predictions": 126,
    "latest_timestamp": "2025-12-08T17:06:55.476846"
  },
  "mongodb": {
    "total_aggregates": 29776,
    "recent_aggregates": 119
  }
}
[2025-12-08T17:07:17.052+0000] {logging_mixin.py:188} INFO - ============================================================
[2025-12-08T17:07:17.171+0000] {python.py:237} INFO - Done. Returned value was: HEALTHY
[2025-12-08T17:07:17.172+0000] {taskinstance.py:441} INFO - ::group::Post task execution logs
[2025-12-08T17:07:17.285+0000] {taskinstance.py:1206} INFO - Marking task as SUCCESS. dag_id=streaming_pipeline_monitoring, task_id=generate_health_report, run_id=scheduled__2025-12-08T16:50:00+00:00, execution_date=20251208T165000, start_date=20251208T170716, end_date=20251208T170717
[2025-12-08T17:07:17.401+0000] {local_task_job_runner.py:240} INFO - Task exited with return code 0
[2025-12-08T17:07:17.497+0000] {taskinstance.py:3498} INFO - 0 downstream tasks scheduled from follow-on schedule check
[2025-12-08T17:07:17.500+0000] {local_task_job_runner.py:222} INFO - ::endgroup::
