[2025-12-08T13:50:50.476+0000] {local_task_job_runner.py:120} INFO - ::group::Pre task execution logs
[2025-12-08T13:50:50.544+0000] {taskinstance.py:2076} INFO - Dependencies all met for dep_context=non-requeueable deps ti=<TaskInstance: streaming_pipeline_monitoring.generate_health_report scheduled__2025-12-08T13:40:00+00:00 [queued]>
[2025-12-08T13:50:50.595+0000] {taskinstance.py:2076} INFO - Dependencies all met for dep_context=requeueable deps ti=<TaskInstance: streaming_pipeline_monitoring.generate_health_report scheduled__2025-12-08T13:40:00+00:00 [queued]>
[2025-12-08T13:50:50.596+0000] {taskinstance.py:2306} INFO - Starting attempt 1 of 3
[2025-12-08T13:50:50.687+0000] {taskinstance.py:2330} INFO - Executing <Task(PythonOperator): generate_health_report> on 2025-12-08 13:40:00+00:00
[2025-12-08T13:50:50.697+0000] {standard_task_runner.py:63} INFO - Started process 460 to run task
[2025-12-08T13:50:50.701+0000] {standard_task_runner.py:90} INFO - Running: ['airflow', 'tasks', 'run', 'streaming_pipeline_monitoring', 'generate_health_report', 'scheduled__2025-12-08T13:40:00+00:00', '--job-id', '1986', '--raw', '--subdir', 'DAGS_FOLDER/streaming_pipeline_dag.py', '--cfg-path', '/tmp/tmpcv7ve9yt']
[2025-12-08T13:50:50.704+0000] {standard_task_runner.py:91} INFO - Job 1986: Subtask generate_health_report
[2025-12-08T13:50:50.838+0000] {task_command.py:426} INFO - Running <TaskInstance: streaming_pipeline_monitoring.generate_health_report scheduled__2025-12-08T13:40:00+00:00 [running]> on host 5d2fd13967cf
[2025-12-08T13:50:51.167+0000] {taskinstance.py:2648} INFO - Exporting env vars: AIRFLOW_CTX_DAG_OWNER='airflow' AIRFLOW_CTX_DAG_ID='streaming_pipeline_monitoring' AIRFLOW_CTX_TASK_ID='generate_health_report' AIRFLOW_CTX_EXECUTION_DATE='2025-12-08T13:40:00+00:00' AIRFLOW_CTX_TRY_NUMBER='1' AIRFLOW_CTX_DAG_RUN_ID='scheduled__2025-12-08T13:40:00+00:00'
[2025-12-08T13:50:51.170+0000] {taskinstance.py:430} INFO - ::endgroup::
[2025-12-08T13:50:51.332+0000] {logging_mixin.py:188} INFO - 
============================================================
[2025-12-08T13:50:51.333+0000] {logging_mixin.py:188} INFO - RAPPORT DE SANTÉ DU PIPELINE
[2025-12-08T13:50:51.334+0000] {logging_mixin.py:188} INFO - ============================================================
[2025-12-08T13:50:51.335+0000] {logging_mixin.py:188} INFO - {
  "timestamp": "2025-12-08T13:50:51.332047",
  "status": "HEALTHY",
  "postgres": {
    "recent_predictions": 314,
    "latest_timestamp": "2025-12-08T13:50:33.611745"
  },
  "mongodb": {
    "total_aggregates": 22863,
    "recent_aggregates": 565
  }
}
[2025-12-08T13:50:51.337+0000] {logging_mixin.py:188} INFO - ============================================================
[2025-12-08T13:50:51.406+0000] {python.py:237} INFO - Done. Returned value was: HEALTHY
[2025-12-08T13:50:51.407+0000] {taskinstance.py:441} INFO - ::group::Post task execution logs
[2025-12-08T13:50:51.505+0000] {taskinstance.py:1206} INFO - Marking task as SUCCESS. dag_id=streaming_pipeline_monitoring, task_id=generate_health_report, run_id=scheduled__2025-12-08T13:40:00+00:00, execution_date=20251208T134000, start_date=20251208T135050, end_date=20251208T135051
[2025-12-08T13:50:51.604+0000] {local_task_job_runner.py:240} INFO - Task exited with return code 0
[2025-12-08T13:50:51.647+0000] {taskinstance.py:3498} INFO - 0 downstream tasks scheduled from follow-on schedule check
[2025-12-08T13:50:51.650+0000] {local_task_job_runner.py:222} INFO - ::endgroup::
