[2025-11-27T02:00:21.865+0000] {local_task_job_runner.py:120} INFO - ::group::Pre task execution logs
[2025-11-27T02:00:21.932+0000] {taskinstance.py:2076} INFO - Dependencies all met for dep_context=non-requeueable deps ti=<TaskInstance: streaming_pipeline_monitoring.check_spark_streaming scheduled__2025-11-27T01:50:00+00:00 [queued]>
[2025-11-27T02:00:21.989+0000] {taskinstance.py:2076} INFO - Dependencies all met for dep_context=requeueable deps ti=<TaskInstance: streaming_pipeline_monitoring.check_spark_streaming scheduled__2025-11-27T01:50:00+00:00 [queued]>
[2025-11-27T02:00:21.990+0000] {taskinstance.py:2306} INFO - Starting attempt 1 of 3
[2025-11-27T02:00:22.119+0000] {taskinstance.py:2330} INFO - Executing <Task(BashOperator): check_spark_streaming> on 2025-11-27 01:50:00+00:00
[2025-11-27T02:00:22.129+0000] {standard_task_runner.py:63} INFO - Started process 1757 to run task
[2025-11-27T02:00:22.140+0000] {standard_task_runner.py:90} INFO - Running: ['airflow', 'tasks', 'run', 'streaming_pipeline_monitoring', 'check_spark_streaming', 'scheduled__2025-11-27T01:50:00+00:00', '--job-id', '1011', '--raw', '--subdir', 'DAGS_FOLDER/streaming_pipeline_dag.py', '--cfg-path', '/tmp/tmprtzlvh9i']
[2025-11-27T02:00:22.149+0000] {standard_task_runner.py:91} INFO - Job 1011: Subtask check_spark_streaming
[2025-11-27T02:00:22.400+0000] {task_command.py:426} INFO - Running <TaskInstance: streaming_pipeline_monitoring.check_spark_streaming scheduled__2025-11-27T01:50:00+00:00 [running]> on host ac78ca89de1e
[2025-11-27T02:00:22.732+0000] {taskinstance.py:2648} INFO - Exporting env vars: AIRFLOW_CTX_DAG_OWNER='airflow' AIRFLOW_CTX_DAG_ID='streaming_pipeline_monitoring' AIRFLOW_CTX_TASK_ID='check_spark_streaming' AIRFLOW_CTX_EXECUTION_DATE='2025-11-27T01:50:00+00:00' AIRFLOW_CTX_TRY_NUMBER='1' AIRFLOW_CTX_DAG_RUN_ID='scheduled__2025-11-27T01:50:00+00:00'
[2025-11-27T02:00:22.734+0000] {taskinstance.py:430} INFO - ::endgroup::
[2025-11-27T02:00:22.750+0000] {subprocess.py:63} INFO - Tmp dir root location: /tmp
[2025-11-27T02:00:22.752+0000] {subprocess.py:75} INFO - Running command: ['/usr/bin/bash', '-c', '\n        echo "✓ Vérification indirecte de Spark (via données PostgreSQL dans la prochaine tâche)"\n        echo "  Si PostgreSQL reçoit des prédictions récentes, c\'est que Spark fonctionne"\n        exit 0\n        ']
[2025-11-27T02:00:22.766+0000] {subprocess.py:86} INFO - Output:
[2025-11-27T02:00:22.767+0000] {subprocess.py:93} INFO - ✓ Vérification indirecte de Spark (via données PostgreSQL dans la prochaine tâche)
[2025-11-27T02:00:22.768+0000] {subprocess.py:93} INFO -   Si PostgreSQL reçoit des prédictions récentes, c'est que Spark fonctionne
[2025-11-27T02:00:22.769+0000] {subprocess.py:97} INFO - Command exited with return code 0
[2025-11-27T02:00:22.771+0000] {taskinstance.py:441} INFO - ::group::Post task execution logs
[2025-11-27T02:00:22.888+0000] {taskinstance.py:1206} INFO - Marking task as SUCCESS. dag_id=streaming_pipeline_monitoring, task_id=check_spark_streaming, run_id=scheduled__2025-11-27T01:50:00+00:00, execution_date=20251127T015000, start_date=20251127T020021, end_date=20251127T020022
[2025-11-27T02:00:23.014+0000] {local_task_job_runner.py:240} INFO - Task exited with return code 0
[2025-11-27T02:00:23.115+0000] {taskinstance.py:3498} INFO - 2 downstream tasks scheduled from follow-on schedule check
[2025-11-27T02:00:23.151+0000] {local_task_job_runner.py:222} INFO - ::endgroup::
