[2025-12-01T19:30:11.182+0000] {local_task_job_runner.py:120} INFO - ::group::Pre task execution logs
[2025-12-01T19:30:11.263+0000] {taskinstance.py:2076} INFO - Dependencies all met for dep_context=non-requeueable deps ti=<TaskInstance: streaming_pipeline_monitoring.check_fastapi_health scheduled__2025-12-01T19:20:00+00:00 [queued]>
[2025-12-01T19:30:11.329+0000] {taskinstance.py:2076} INFO - Dependencies all met for dep_context=requeueable deps ti=<TaskInstance: streaming_pipeline_monitoring.check_fastapi_health scheduled__2025-12-01T19:20:00+00:00 [queued]>
[2025-12-01T19:30:11.330+0000] {taskinstance.py:2306} INFO - Starting attempt 1 of 3
[2025-12-01T19:30:11.441+0000] {taskinstance.py:2330} INFO - Executing <Task(BashOperator): check_fastapi_health> on 2025-12-01 19:20:00+00:00
[2025-12-01T19:30:11.448+0000] {standard_task_runner.py:63} INFO - Started process 260 to run task
[2025-12-01T19:30:11.455+0000] {standard_task_runner.py:90} INFO - Running: ['airflow', 'tasks', 'run', 'streaming_pipeline_monitoring', 'check_fastapi_health', 'scheduled__2025-12-01T19:20:00+00:00', '--job-id', '1613', '--raw', '--subdir', 'DAGS_FOLDER/streaming_pipeline_dag.py', '--cfg-path', '/tmp/tmpa6r99ipr']
[2025-12-01T19:30:11.464+0000] {standard_task_runner.py:91} INFO - Job 1613: Subtask check_fastapi_health
[2025-12-01T19:30:11.713+0000] {task_command.py:426} INFO - Running <TaskInstance: streaming_pipeline_monitoring.check_fastapi_health scheduled__2025-12-01T19:20:00+00:00 [running]> on host 3ad5ba232e74
[2025-12-01T19:30:12.326+0000] {taskinstance.py:2648} INFO - Exporting env vars: AIRFLOW_CTX_DAG_OWNER='airflow' AIRFLOW_CTX_DAG_ID='streaming_pipeline_monitoring' AIRFLOW_CTX_TASK_ID='check_fastapi_health' AIRFLOW_CTX_EXECUTION_DATE='2025-12-01T19:20:00+00:00' AIRFLOW_CTX_TRY_NUMBER='1' AIRFLOW_CTX_DAG_RUN_ID='scheduled__2025-12-01T19:20:00+00:00'
[2025-12-01T19:30:12.329+0000] {taskinstance.py:430} INFO - ::endgroup::
[2025-12-01T19:30:12.376+0000] {subprocess.py:63} INFO - Tmp dir root location: /tmp
[2025-12-01T19:30:12.379+0000] {subprocess.py:75} INFO - Running command: ['/usr/bin/bash', '-c', '\n        echo "Vérification de FastAPI..."\n        response=$(curl -s -o /dev/null -w "%{http_code}" http://fastapi:8000)\n        if [ "$response" = "200" ]; then\n            echo "✓ FastAPI est actif (HTTP $response)"\n            exit 0\n        else\n            echo "✗ FastAPI ne répond pas (HTTP $response)"\n            exit 1\n        fi\n        ']
[2025-12-01T19:30:12.404+0000] {subprocess.py:86} INFO - Output:
[2025-12-01T19:30:12.407+0000] {subprocess.py:93} INFO - Vérification de FastAPI...
[2025-12-01T19:30:12.445+0000] {subprocess.py:93} INFO - ✓ FastAPI est actif (HTTP 200)
[2025-12-01T19:30:12.447+0000] {subprocess.py:97} INFO - Command exited with return code 0
[2025-12-01T19:30:12.451+0000] {taskinstance.py:441} INFO - ::group::Post task execution logs
[2025-12-01T19:30:12.620+0000] {taskinstance.py:1206} INFO - Marking task as SUCCESS. dag_id=streaming_pipeline_monitoring, task_id=check_fastapi_health, run_id=scheduled__2025-12-01T19:20:00+00:00, execution_date=20251201T192000, start_date=20251201T193011, end_date=20251201T193012
[2025-12-01T19:30:12.943+0000] {local_task_job_runner.py:240} INFO - Task exited with return code 0
[2025-12-01T19:30:11.565+0000] {taskinstance.py:3498} INFO - 1 downstream tasks scheduled from follow-on schedule check
[2025-12-01T19:30:11.603+0000] {local_task_job_runner.py:222} INFO - ::endgroup::
