[2025-11-27T14:31:05.530+0000] {local_task_job_runner.py:120} INFO - ::group::Pre task execution logs
[2025-11-27T14:31:05.585+0000] {taskinstance.py:2076} INFO - Dependencies all met for dep_context=non-requeueable deps ti=<TaskInstance: streaming_pipeline_monitoring.generate_health_report scheduled__2025-11-27T14:20:00+00:00 [queued]>
[2025-11-27T14:31:05.662+0000] {taskinstance.py:2076} INFO - Dependencies all met for dep_context=requeueable deps ti=<TaskInstance: streaming_pipeline_monitoring.generate_health_report scheduled__2025-11-27T14:20:00+00:00 [queued]>
[2025-11-27T14:31:05.664+0000] {taskinstance.py:2306} INFO - Starting attempt 1 of 3
[2025-11-27T14:31:05.849+0000] {taskinstance.py:2330} INFO - Executing <Task(PythonOperator): generate_health_report> on 2025-11-27 14:20:00+00:00
[2025-11-27T14:31:05.874+0000] {standard_task_runner.py:63} INFO - Started process 150 to run task
[2025-11-27T14:31:05.880+0000] {standard_task_runner.py:90} INFO - Running: ['airflow', 'tasks', 'run', 'streaming_pipeline_monitoring', 'generate_health_report', 'scheduled__2025-11-27T14:20:00+00:00', '--job-id', '1310', '--raw', '--subdir', 'DAGS_FOLDER/streaming_pipeline_dag.py', '--cfg-path', '/tmp/tmpiy80g21_']
[2025-11-27T14:31:05.887+0000] {standard_task_runner.py:91} INFO - Job 1310: Subtask generate_health_report
[2025-11-27T14:31:06.309+0000] {task_command.py:426} INFO - Running <TaskInstance: streaming_pipeline_monitoring.generate_health_report scheduled__2025-11-27T14:20:00+00:00 [running]> on host 3ad5ba232e74
[2025-11-27T14:31:06.758+0000] {taskinstance.py:2648} INFO - Exporting env vars: AIRFLOW_CTX_DAG_OWNER='airflow' AIRFLOW_CTX_DAG_ID='streaming_pipeline_monitoring' AIRFLOW_CTX_TASK_ID='generate_health_report' AIRFLOW_CTX_EXECUTION_DATE='2025-11-27T14:20:00+00:00' AIRFLOW_CTX_TRY_NUMBER='1' AIRFLOW_CTX_DAG_RUN_ID='scheduled__2025-11-27T14:20:00+00:00'
[2025-11-27T14:31:06.760+0000] {taskinstance.py:430} INFO - ::endgroup::
[2025-11-27T14:31:06.910+0000] {logging_mixin.py:188} INFO - 
============================================================
[2025-11-27T14:31:06.911+0000] {logging_mixin.py:188} INFO - RAPPORT DE SANTÉ DU PIPELINE
[2025-11-27T14:31:06.912+0000] {logging_mixin.py:188} INFO - ============================================================
[2025-11-27T14:31:06.913+0000] {logging_mixin.py:188} INFO - {
  "timestamp": "2025-11-27T14:31:06.910327",
  "status": "HEALTHY",
  "postgres": {
    "recent_predictions": 301,
    "latest_timestamp": "2025-11-27T14:30:41.915096"
  },
  "mongodb": {
    "total_aggregates": 18105,
    "recent_aggregates": 284
  }
}
[2025-11-27T14:31:06.913+0000] {logging_mixin.py:188} INFO - ============================================================
[2025-11-27T14:31:06.985+0000] {python.py:237} INFO - Done. Returned value was: HEALTHY
[2025-11-27T14:31:06.986+0000] {taskinstance.py:441} INFO - ::group::Post task execution logs
[2025-11-27T14:31:07.095+0000] {taskinstance.py:1206} INFO - Marking task as SUCCESS. dag_id=streaming_pipeline_monitoring, task_id=generate_health_report, run_id=scheduled__2025-11-27T14:20:00+00:00, execution_date=20251127T142000, start_date=20251127T143105, end_date=20251127T143107
[2025-11-27T14:31:07.200+0000] {local_task_job_runner.py:240} INFO - Task exited with return code 0
[2025-11-27T14:31:07.232+0000] {taskinstance.py:3498} INFO - 0 downstream tasks scheduled from follow-on schedule check
[2025-11-27T14:31:07.235+0000] {local_task_job_runner.py:222} INFO - ::endgroup::
