[2025-12-08T11:01:07.684+0000] {local_task_job_runner.py:120} INFO - ::group::Pre task execution logs
[2025-12-08T11:01:07.761+0000] {taskinstance.py:2076} INFO - Dependencies all met for dep_context=non-requeueable deps ti=<TaskInstance: streaming_pipeline_monitoring.generate_health_report scheduled__2025-12-08T10:50:00+00:00 [queued]>
[2025-12-08T11:01:07.869+0000] {taskinstance.py:2076} INFO - Dependencies all met for dep_context=requeueable deps ti=<TaskInstance: streaming_pipeline_monitoring.generate_health_report scheduled__2025-12-08T10:50:00+00:00 [queued]>
[2025-12-08T11:01:07.870+0000] {taskinstance.py:2306} INFO - Starting attempt 1 of 3
[2025-12-08T11:01:08.075+0000] {taskinstance.py:2330} INFO - Executing <Task(PythonOperator): generate_health_report> on 2025-12-08 10:50:00+00:00
[2025-12-08T11:01:08.096+0000] {standard_task_runner.py:63} INFO - Started process 87 to run task
[2025-12-08T11:01:08.114+0000] {standard_task_runner.py:90} INFO - Running: ['airflow', 'tasks', 'run', 'streaming_pipeline_monitoring', 'generate_health_report', 'scheduled__2025-12-08T10:50:00+00:00', '--job-id', '1932', '--raw', '--subdir', 'DAGS_FOLDER/streaming_pipeline_dag.py', '--cfg-path', '/tmp/tmphcnc2ukw']
[2025-12-08T11:01:08.119+0000] {standard_task_runner.py:91} INFO - Job 1932: Subtask generate_health_report
[2025-12-08T11:01:08.430+0000] {task_command.py:426} INFO - Running <TaskInstance: streaming_pipeline_monitoring.generate_health_report scheduled__2025-12-08T10:50:00+00:00 [running]> on host 5d2fd13967cf
[2025-12-08T11:01:08.805+0000] {taskinstance.py:2648} INFO - Exporting env vars: AIRFLOW_CTX_DAG_OWNER='airflow' AIRFLOW_CTX_DAG_ID='streaming_pipeline_monitoring' AIRFLOW_CTX_TASK_ID='generate_health_report' AIRFLOW_CTX_EXECUTION_DATE='2025-12-08T10:50:00+00:00' AIRFLOW_CTX_TRY_NUMBER='1' AIRFLOW_CTX_DAG_RUN_ID='scheduled__2025-12-08T10:50:00+00:00'
[2025-12-08T11:01:08.807+0000] {taskinstance.py:430} INFO - ::endgroup::
[2025-12-08T11:01:09.141+0000] {logging_mixin.py:188} INFO - 
============================================================
[2025-12-08T11:01:09.142+0000] {logging_mixin.py:188} INFO - RAPPORT DE SANTÉ DU PIPELINE
[2025-12-08T11:01:09.143+0000] {logging_mixin.py:188} INFO - ============================================================
[2025-12-08T11:01:09.144+0000] {logging_mixin.py:188} INFO - {
  "timestamp": "2025-12-08T11:01:09.141180",
  "status": "HEALTHY",
  "postgres": {
    "recent_predictions": 151,
    "latest_timestamp": "2025-12-08T11:00:44.001991"
  },
  "mongodb": {
    "total_aggregates": 18917,
    "recent_aggregates": 133
  }
}
[2025-12-08T11:01:09.144+0000] {logging_mixin.py:188} INFO - ============================================================
[2025-12-08T11:01:09.276+0000] {python.py:237} INFO - Done. Returned value was: HEALTHY
[2025-12-08T11:01:09.277+0000] {taskinstance.py:441} INFO - ::group::Post task execution logs
[2025-12-08T11:01:09.416+0000] {taskinstance.py:1206} INFO - Marking task as SUCCESS. dag_id=streaming_pipeline_monitoring, task_id=generate_health_report, run_id=scheduled__2025-12-08T10:50:00+00:00, execution_date=20251208T105000, start_date=20251208T110107, end_date=20251208T110109
[2025-12-08T11:01:09.570+0000] {local_task_job_runner.py:240} INFO - Task exited with return code 0
[2025-12-08T11:01:09.618+0000] {taskinstance.py:3498} INFO - 0 downstream tasks scheduled from follow-on schedule check
[2025-12-08T11:01:09.621+0000] {local_task_job_runner.py:222} INFO - ::endgroup::
