[2025-12-02T04:50:26.818+0000] {local_task_job_runner.py:120} INFO - ::group::Pre task execution logs
[2025-12-02T04:50:26.848+0000] {taskinstance.py:2076} INFO - Dependencies all met for dep_context=non-requeueable deps ti=<TaskInstance: streaming_pipeline_monitoring.generate_health_report scheduled__2025-12-02T04:40:00+00:00 [queued]>
[2025-12-02T04:50:26.862+0000] {taskinstance.py:2076} INFO - Dependencies all met for dep_context=requeueable deps ti=<TaskInstance: streaming_pipeline_monitoring.generate_health_report scheduled__2025-12-02T04:40:00+00:00 [queued]>
[2025-12-02T04:50:26.862+0000] {taskinstance.py:2306} INFO - Starting attempt 1 of 3
[2025-12-02T04:50:26.892+0000] {taskinstance.py:2330} INFO - Executing <Task(PythonOperator): generate_health_report> on 2025-12-02 04:40:00+00:00
[2025-12-02T04:50:26.895+0000] {standard_task_runner.py:63} INFO - Started process 2346 to run task
[2025-12-02T04:50:26.898+0000] {standard_task_runner.py:90} INFO - Running: ['airflow', 'tasks', 'run', 'streaming_pipeline_monitoring', 'generate_health_report', 'scheduled__2025-12-02T04:40:00+00:00', '--job-id', '1888', '--raw', '--subdir', 'DAGS_FOLDER/streaming_pipeline_dag.py', '--cfg-path', '/tmp/tmps4hgajg3']
[2025-12-02T04:50:26.900+0000] {standard_task_runner.py:91} INFO - Job 1888: Subtask generate_health_report
[2025-12-02T04:50:27.017+0000] {task_command.py:426} INFO - Running <TaskInstance: streaming_pipeline_monitoring.generate_health_report scheduled__2025-12-02T04:40:00+00:00 [running]> on host 3ad5ba232e74
[2025-12-02T04:50:27.228+0000] {taskinstance.py:2648} INFO - Exporting env vars: AIRFLOW_CTX_DAG_OWNER='airflow' AIRFLOW_CTX_DAG_ID='streaming_pipeline_monitoring' AIRFLOW_CTX_TASK_ID='generate_health_report' AIRFLOW_CTX_EXECUTION_DATE='2025-12-02T04:40:00+00:00' AIRFLOW_CTX_TRY_NUMBER='1' AIRFLOW_CTX_DAG_RUN_ID='scheduled__2025-12-02T04:40:00+00:00'
[2025-12-02T04:50:27.229+0000] {taskinstance.py:430} INFO - ::endgroup::
[2025-12-02T04:50:27.307+0000] {logging_mixin.py:188} INFO - 
============================================================
[2025-12-02T04:50:27.308+0000] {logging_mixin.py:188} INFO - RAPPORT DE SANTÉ DU PIPELINE
[2025-12-02T04:50:27.308+0000] {logging_mixin.py:188} INFO - ============================================================
[2025-12-02T04:50:27.308+0000] {logging_mixin.py:188} INFO - {
  "timestamp": "2025-12-02T04:50:27.307353",
  "status": "DEGRADED",
  "postgres": {
    "recent_predictions": 0,
    "latest_timestamp": "None"
  },
  "mongodb": {
    "total_aggregates": 18784,
    "recent_aggregates": 0
  }
}
[2025-12-02T04:50:27.309+0000] {logging_mixin.py:188} INFO - ============================================================
[2025-12-02T04:50:27.344+0000] {python.py:237} INFO - Done. Returned value was: DEGRADED
[2025-12-02T04:50:27.345+0000] {taskinstance.py:441} INFO - ::group::Post task execution logs
[2025-12-02T04:50:27.379+0000] {taskinstance.py:1206} INFO - Marking task as SUCCESS. dag_id=streaming_pipeline_monitoring, task_id=generate_health_report, run_id=scheduled__2025-12-02T04:40:00+00:00, execution_date=20251202T044000, start_date=20251202T045026, end_date=20251202T045027
[2025-12-02T04:50:27.431+0000] {local_task_job_runner.py:240} INFO - Task exited with return code 0
[2025-12-02T04:50:27.456+0000] {taskinstance.py:3498} INFO - 0 downstream tasks scheduled from follow-on schedule check
[2025-12-02T04:50:27.457+0000] {local_task_job_runner.py:222} INFO - ::endgroup::
