[2025-12-01T18:50:55.904+0000] {local_task_job_runner.py:120} INFO - ::group::Pre task execution logs
[2025-12-01T18:50:55.975+0000] {taskinstance.py:2076} INFO - Dependencies all met for dep_context=non-requeueable deps ti=<TaskInstance: streaming_pipeline_monitoring.generate_health_report scheduled__2025-12-01T18:40:00+00:00 [queued]>
[2025-12-01T18:50:56.027+0000] {taskinstance.py:2076} INFO - Dependencies all met for dep_context=requeueable deps ti=<TaskInstance: streaming_pipeline_monitoring.generate_health_report scheduled__2025-12-01T18:40:00+00:00 [queued]>
[2025-12-01T18:50:56.029+0000] {taskinstance.py:2306} INFO - Starting attempt 1 of 3
[2025-12-01T18:50:56.125+0000] {taskinstance.py:2330} INFO - Executing <Task(PythonOperator): generate_health_report> on 2025-12-01 18:40:00+00:00
[2025-12-01T18:50:56.132+0000] {standard_task_runner.py:63} INFO - Started process 106 to run task
[2025-12-01T18:50:56.138+0000] {standard_task_runner.py:90} INFO - Running: ['airflow', 'tasks', 'run', 'streaming_pipeline_monitoring', 'generate_health_report', 'scheduled__2025-12-01T18:40:00+00:00', '--job-id', '1594', '--raw', '--subdir', 'DAGS_FOLDER/streaming_pipeline_dag.py', '--cfg-path', '/tmp/tmpq8sozide']
[2025-12-01T18:50:56.141+0000] {standard_task_runner.py:91} INFO - Job 1594: Subtask generate_health_report
[2025-12-01T18:50:56.338+0000] {task_command.py:426} INFO - Running <TaskInstance: streaming_pipeline_monitoring.generate_health_report scheduled__2025-12-01T18:40:00+00:00 [running]> on host 3ad5ba232e74
[2025-12-01T18:50:56.683+0000] {taskinstance.py:2648} INFO - Exporting env vars: AIRFLOW_CTX_DAG_OWNER='airflow' AIRFLOW_CTX_DAG_ID='streaming_pipeline_monitoring' AIRFLOW_CTX_TASK_ID='generate_health_report' AIRFLOW_CTX_EXECUTION_DATE='2025-12-01T18:40:00+00:00' AIRFLOW_CTX_TRY_NUMBER='1' AIRFLOW_CTX_DAG_RUN_ID='scheduled__2025-12-01T18:40:00+00:00'
[2025-12-01T18:50:56.686+0000] {taskinstance.py:430} INFO - ::endgroup::
[2025-12-01T18:50:56.845+0000] {logging_mixin.py:188} INFO - 
============================================================
[2025-12-01T18:50:56.846+0000] {logging_mixin.py:188} INFO - RAPPORT DE SANTÉ DU PIPELINE
[2025-12-01T18:50:56.847+0000] {logging_mixin.py:188} INFO - ============================================================
[2025-12-01T18:50:56.848+0000] {logging_mixin.py:188} INFO - {
  "timestamp": "2025-12-01T18:50:56.844451",
  "status": "HEALTHY",
  "postgres": {
    "recent_predictions": 119,
    "latest_timestamp": "2025-12-01T18:47:34.197841"
  },
  "mongodb": {
    "total_aggregates": 18784,
    "recent_aggregates": 0
  }
}
[2025-12-01T18:50:56.849+0000] {logging_mixin.py:188} INFO - ============================================================
[2025-12-01T18:50:56.949+0000] {python.py:237} INFO - Done. Returned value was: HEALTHY
[2025-12-01T18:50:56.950+0000] {taskinstance.py:441} INFO - ::group::Post task execution logs
[2025-12-01T18:50:57.062+0000] {taskinstance.py:1206} INFO - Marking task as SUCCESS. dag_id=streaming_pipeline_monitoring, task_id=generate_health_report, run_id=scheduled__2025-12-01T18:40:00+00:00, execution_date=20251201T184000, start_date=20251201T185055, end_date=20251201T185057
[2025-12-01T18:50:57.190+0000] {local_task_job_runner.py:240} INFO - Task exited with return code 0
[2025-12-01T18:50:57.233+0000] {taskinstance.py:3498} INFO - 0 downstream tasks scheduled from follow-on schedule check
[2025-12-01T18:50:57.237+0000] {local_task_job_runner.py:222} INFO - ::endgroup::
