[2025-12-08T15:11:00.841+0000] {local_task_job_runner.py:120} INFO - ::group::Pre task execution logs
[2025-12-08T15:11:00.931+0000] {taskinstance.py:2076} INFO - Dependencies all met for dep_context=non-requeueable deps ti=<TaskInstance: streaming_pipeline_monitoring.generate_health_report scheduled__2025-12-08T15:00:00+00:00 [queued]>
[2025-12-08T15:11:01.083+0000] {taskinstance.py:2076} INFO - Dependencies all met for dep_context=requeueable deps ti=<TaskInstance: streaming_pipeline_monitoring.generate_health_report scheduled__2025-12-08T15:00:00+00:00 [queued]>
[2025-12-08T15:11:01.086+0000] {taskinstance.py:2306} INFO - Starting attempt 1 of 3
[2025-12-08T15:11:01.223+0000] {taskinstance.py:2330} INFO - Executing <Task(PythonOperator): generate_health_report> on 2025-12-08 15:00:00+00:00
[2025-12-08T15:11:01.236+0000] {standard_task_runner.py:63} INFO - Started process 811 to run task
[2025-12-08T15:11:01.243+0000] {standard_task_runner.py:90} INFO - Running: ['airflow', 'tasks', 'run', 'streaming_pipeline_monitoring', 'generate_health_report', 'scheduled__2025-12-08T15:00:00+00:00', '--job-id', '2034', '--raw', '--subdir', 'DAGS_FOLDER/streaming_pipeline_dag.py', '--cfg-path', '/tmp/tmpe52wa0ue']
[2025-12-08T15:11:01.246+0000] {standard_task_runner.py:91} INFO - Job 2034: Subtask generate_health_report
[2025-12-08T15:11:01.524+0000] {task_command.py:426} INFO - Running <TaskInstance: streaming_pipeline_monitoring.generate_health_report scheduled__2025-12-08T15:00:00+00:00 [running]> on host 5d2fd13967cf
[2025-12-08T15:11:01.873+0000] {taskinstance.py:2648} INFO - Exporting env vars: AIRFLOW_CTX_DAG_OWNER='airflow' AIRFLOW_CTX_DAG_ID='streaming_pipeline_monitoring' AIRFLOW_CTX_TASK_ID='generate_health_report' AIRFLOW_CTX_EXECUTION_DATE='2025-12-08T15:00:00+00:00' AIRFLOW_CTX_TRY_NUMBER='1' AIRFLOW_CTX_DAG_RUN_ID='scheduled__2025-12-08T15:00:00+00:00'
[2025-12-08T15:11:01.875+0000] {taskinstance.py:430} INFO - ::endgroup::
[2025-12-08T15:11:01.992+0000] {logging_mixin.py:188} INFO - 
============================================================
[2025-12-08T15:11:01.993+0000] {logging_mixin.py:188} INFO - RAPPORT DE SANTÉ DU PIPELINE
[2025-12-08T15:11:01.994+0000] {logging_mixin.py:188} INFO - ============================================================
[2025-12-08T15:11:01.995+0000] {logging_mixin.py:188} INFO - {
  "timestamp": "2025-12-08T15:11:01.992655",
  "status": "HEALTHY",
  "postgres": {
    "recent_predictions": 312,
    "latest_timestamp": "2025-12-08T15:10:39.370505"
  },
  "mongodb": {
    "total_aggregates": 26861,
    "recent_aggregates": 555
  }
}
[2025-12-08T15:11:01.995+0000] {logging_mixin.py:188} INFO - ============================================================
[2025-12-08T15:11:02.057+0000] {python.py:237} INFO - Done. Returned value was: HEALTHY
[2025-12-08T15:11:02.058+0000] {taskinstance.py:441} INFO - ::group::Post task execution logs
[2025-12-08T15:11:02.159+0000] {taskinstance.py:1206} INFO - Marking task as SUCCESS. dag_id=streaming_pipeline_monitoring, task_id=generate_health_report, run_id=scheduled__2025-12-08T15:00:00+00:00, execution_date=20251208T150000, start_date=20251208T151100, end_date=20251208T151102
[2025-12-08T15:11:02.313+0000] {local_task_job_runner.py:240} INFO - Task exited with return code 0
[2025-12-08T15:11:02.360+0000] {taskinstance.py:3498} INFO - 0 downstream tasks scheduled from follow-on schedule check
[2025-12-08T15:11:02.370+0000] {local_task_job_runner.py:222} INFO - ::endgroup::
